# JRE version: OpenJDK Runtime Environment (8.0_91-b14) (build 1.8.0_91-8u91-b14-3ubuntu1~16.04.1-b14)
# Java VM: OpenJDK 64-Bit Server VM (25.91-b14 mixed mode linux-amd64 compressed oops)
Heap:
 PSYoungGen      total 31744K, used 23032K [0x00000000edc00000, 0x00000000f2b00000, 0x0000000100000000)
  eden space 29696K, 77% used [0x00000000edc00000,0x00000000ef27e130,0x00000000ef900000)
  from space 2048K, 0% used [0x00000000ef900000,0x00000000ef900000,0x00000000efb00000)
  to   space 10752K, 0% used [0x00000000f2080000,0x00000000f2080000,0x00000000f2b00000)
 ParOldGen       total 49664K, used 17780K [0x00000000c9400000, 0x00000000cc480000, 0x00000000edc00000)
  object space 49664K, 35% used [0x00000000c9400000,0x00000000ca55d060,0x00000000cc480000)
 Metaspace       used 21284K, capacity 21481K, committed 21760K, reserved 1069056K
  class space    used 1959K, capacity 2024K, committed 2048K, reserved 1048576K
GC Heap History (10 events):
Event: 3,379 GC heap before
{Heap before GC invocations=2 (full 0):
 PSYoungGen      total 16896K, used 16882K [0x00000000edc00000, 0x00000000eee80000, 0x0000000100000000)
  eden space 14848K, 100% used [0x00000000edc00000,0x00000000eea80000,0x00000000eea80000)
  from space 2048K, 99% used [0x00000000eea80000,0x00000000eec7c840,0x00000000eec80000)
  to   space 2048K, 0% used [0x00000000eec80000,0x00000000eec80000,0x00000000eee80000)
 ParOldGen       total 38400K, used 964K [0x00000000c9400000, 0x00000000cb980000, 0x00000000edc00000)
  object space 38400K, 2% used [0x00000000c9400000,0x00000000c94f11c8,0x00000000cb980000)
 Metaspace       used 16491K, capacity 16687K, committed 17024K, reserved 1064960K
  class space    used 1562K, capacity 1631K, committed 1664K, reserved 1048576K
Event: 3,395 GC heap after
Heap after GC invocations=2 (full 0):
 PSYoungGen      total 16896K, used 2034K [0x00000000edc00000, 0x00000000eee80000, 0x0000000100000000)
  eden space 14848K, 0% used [0x00000000edc00000,0x00000000edc00000,0x00000000eea80000)
  from space 2048K, 99% used [0x00000000eec80000,0x00000000eee7c860,0x00000000eee80000)
  to   space 2048K, 0% used [0x00000000eea80000,0x00000000eea80000,0x00000000eec80000)
 ParOldGen       total 38400K, used 3063K [0x00000000c9400000, 0x00000000cb980000, 0x00000000edc00000)
  object space 38400K, 7% used [0x00000000c9400000,0x00000000c96fdd60,0x00000000cb980000)
 Metaspace       used 16491K, capacity 16687K, committed 17024K, reserved 1064960K
  class space    used 1562K, capacity 1631K, committed 1664K, reserved 1048576K
}
Event: 4,939 GC heap before
{Heap before GC invocations=3 (full 0):
 PSYoungGen      total 16896K, used 16882K [0x00000000edc00000, 0x00000000eee80000, 0x0000000100000000)
  eden space 14848K, 100% used [0x00000000edc00000,0x00000000eea80000,0x00000000eea80000)
  from space 2048K, 99% used [0x00000000eec80000,0x00000000eee7c860,0x00000000eee80000)
  to   space 2048K, 0% used [0x00000000eea80000,0x00000000eea80000,0x00000000eec80000)
 ParOldGen       total 38400K, used 3063K [0x00000000c9400000, 0x00000000cb980000, 0x00000000edc00000)
  object space 38400K, 7% used [0x00000000c9400000,0x00000000c96fdd60,0x00000000cb980000)
 Metaspace       used 17983K, capacity 18197K, committed 18432K, reserved 1067008K
  class space    used 1708K, capacity 1792K, committed 1792K, reserved 1048576K
Event: 4,966 GC heap after
Heap after GC invocations=3 (full 0):
 PSYoungGen      total 16896K, used 2034K [0x00000000edc00000, 0x00000000efd00000, 0x0000000100000000)
  eden space 14848K, 0% used [0x00000000edc00000,0x00000000edc00000,0x00000000eea80000)
  from space 2048K, 99% used [0x00000000eea80000,0x00000000eec7c880,0x00000000eec80000)
  to   space 2048K, 0% used [0x00000000efb00000,0x00000000efb00000,0x00000000efd00000)
 ParOldGen       total 38400K, used 7463K [0x00000000c9400000, 0x00000000cb980000, 0x00000000edc00000)
  object space 38400K, 19% used [0x00000000c9400000,0x00000000c9b49d60,0x00000000cb980000)
 Metaspace       used 17983K, capacity 18197K, committed 18432K, reserved 1067008K
  class space    used 1708K, capacity 1792K, committed 1792K, reserved 1048576K
}
Event: 6,939 GC heap before
{Heap before GC invocations=4 (full 0):
 PSYoungGen      total 16896K, used 16843K [0x00000000edc00000, 0x00000000efd00000, 0x0000000100000000)
  eden space 14848K, 99% used [0x00000000edc00000,0x00000000eea76670,0x00000000eea80000)
  from space 2048K, 99% used [0x00000000eea80000,0x00000000eec7c880,0x00000000eec80000)
  to   space 2048K, 0% used [0x00000000efb00000,0x00000000efb00000,0x00000000efd00000)
 ParOldGen       total 38400K, used 7463K [0x00000000c9400000, 0x00000000cb980000, 0x00000000edc00000)
  object space 38400K, 19% used [0x00000000c9400000,0x00000000c9b49d60,0x00000000cb980000)
 Metaspace       used 20284K, capacity 20481K, committed 20736K, reserved 1069056K
  class space    used 1936K, capacity 2018K, committed 2048K, reserved 1048576K
Event: 6,967 GC heap after
Heap after GC invocations=4 (full 0):
 PSYoungGen      total 31744K, used 2016K [0x00000000edc00000, 0x00000000efd00000, 0x0000000100000000)
  eden space 29696K, 0% used [0x00000000edc00000,0x00000000edc00000,0x00000000ef900000)
  from space 2048K, 98% used [0x00000000efb00000,0x00000000efcf8080,0x00000000efd00000)
  to   space 2048K, 0% used [0x00000000ef900000,0x00000000ef900000,0x00000000efb00000)
 ParOldGen       total 38400K, used 14638K [0x00000000c9400000, 0x00000000cb980000, 0x00000000edc00000)
  object space 38400K, 38% used [0x00000000c9400000,0x00000000ca24bb00,0x00000000cb980000)
 Metaspace       used 20284K, capacity 20481K, committed 20736K, reserved 1069056K
  class space    used 1936K, capacity 2018K, committed 2048K, reserved 1048576K
}
Event: 9,210 GC heap before
{Heap before GC invocations=5 (full 0):
 PSYoungGen      total 31744K, used 29719K [0x00000000edc00000, 0x00000000efd00000, 0x0000000100000000)
  eden space 29696K, 93% used [0x00000000edc00000,0x00000000ef70de60,0x00000000ef900000)
  from space 2048K, 98% used [0x00000000efb00000,0x00000000efcf8080,0x00000000efd00000)
  to   space 2048K, 0% used [0x00000000ef900000,0x00000000ef900000,0x00000000efb00000)
 ParOldGen       total 38400K, used 14638K [0x00000000c9400000, 0x00000000cb980000, 0x00000000edc00000)
  object space 38400K, 38% used [0x00000000c9400000,0x00000000ca24bb00,0x00000000cb980000)
 Metaspace       used 20810K, capacity 21009K, committed 21248K, reserved 1069056K
  class space    used 1953K, capacity 2020K, committed 2048K, reserved 1048576K
Event: 9,247 GC heap after
Heap after GC invocations=5 (full 0):
 PSYoungGen      total 31744K, used 2034K [0x00000000edc00000, 0x00000000f2b00000, 0x0000000100000000)
  eden space 29696K, 0% used [0x00000000edc00000,0x00000000edc00000,0x00000000ef900000)
  from space 2048K, 99% used [0x00000000ef900000,0x00000000efafc890,0x00000000efb00000)
  to   space 10752K, 0% used [0x00000000f2080000,0x00000000f2080000,0x00000000f2b00000)
 ParOldGen       total 38400K, used 20154K [0x00000000c9400000, 0x00000000cb980000, 0x00000000edc00000)
  object space 38400K, 52% used [0x00000000c9400000,0x00000000ca7aeb98,0x00000000cb980000)
 Metaspace       used 20810K, capacity 21009K, committed 21248K, reserved 1069056K
  class space    used 1953K, capacity 2020K, committed 2048K, reserved 1048576K
}
Event: 9,247 GC heap before
{Heap before GC invocations=6 (full 1):
 PSYoungGen      total 31744K, used 2034K [0x00000000edc00000, 0x00000000f2b00000, 0x0000000100000000)
  eden space 29696K, 0% used [0x00000000edc00000,0x00000000edc00000,0x00000000ef900000)
  from space 2048K, 99% used [0x00000000ef900000,0x00000000efafc890,0x00000000efb00000)
  to   space 10752K, 0% used [0x00000000f2080000,0x00000000f2080000,0x00000000f2b00000)
 ParOldGen       total 38400K, used 20154K [0x00000000c9400000, 0x00000000cb980000, 0x00000000edc00000)
  object space 38400K, 52% used [0x00000000c9400000,0x00000000ca7aeb98,0x00000000cb980000)
 Metaspace       used 20810K, capacity 21009K, committed 21248K, reserved 1069056K
  class space    used 1953K, capacity 2020K, committed 2048K, reserved 1048576K
Event: 9,380 GC heap after
Heap after GC invocations=6 (full 1):
 PSYoungGen      total 31744K, used 0K [0x00000000edc00000, 0x00000000f2b00000, 0x0000000100000000)
  eden space 29696K, 0% used [0x00000000edc00000,0x00000000edc00000,0x00000000ef900000)
  from space 2048K, 0% used [0x00000000ef900000,0x00000000ef900000,0x00000000efb00000)
  to   space 10752K, 0% used [0x00000000f2080000,0x00000000f2080000,0x00000000f2b00000)
 ParOldGen       total 49664K, used 17780K [0x00000000c9400000, 0x00000000cc480000, 0x00000000edc00000)
  object space 49664K, 35% used [0x00000000c9400000,0x00000000ca55d060,0x00000000cc480000)
 Metaspace       used 20810K, capacity 21009K, committed 21248K, reserved 1069056K
  class space    used 1953K, capacity 2020K, committed 2048K, reserved 1048576K
}

