# JRE version: OpenJDK Runtime Environment (8.0_91-b14) (build 1.8.0_91-8u91-b14-3ubuntu1~16.04.1-b14)
# Java VM: OpenJDK 64-Bit Server VM (25.91-b14 mixed mode linux-amd64 compressed oops)
Heap:
 PSYoungGen      total 116736K, used 41945K [0x00000000edc00000, 0x00000000f6100000, 0x0000000100000000)
  eden space 103424K, 31% used [0x00000000edc00000,0x00000000efbee298,0x00000000f4100000)
  from space 13312K, 69% used [0x00000000f4100000,0x00000000f4a08230,0x00000000f4e00000)
  to   space 13312K, 0% used [0x00000000f5400000,0x00000000f5400000,0x00000000f6100000)
 ParOldGen       total 43520K, used 14398K [0x00000000c9400000, 0x00000000cbe80000, 0x00000000edc00000)
  object space 43520K, 33% used [0x00000000c9400000,0x00000000ca20fbb0,0x00000000cbe80000)
 Metaspace       used 21655K, capacity 21865K, committed 22272K, reserved 1069056K
  class space    used 1963K, capacity 2024K, committed 2048K, reserved 1048576K
GC Heap History (10 events):
Event: 84,247 GC heap before
{Heap before GC invocations=14 (full 1):
 PSYoungGen      total 96256K, used 92672K [0x00000000edc00000, 0x00000000f4880000, 0x0000000100000000)
  eden space 83456K, 100% used [0x00000000edc00000,0x00000000f2d80000,0x00000000f2d80000)
  from space 12800K, 72% used [0x00000000f3a80000,0x00000000f4380230,0x00000000f4700000)
  to   space 13312K, 0% used [0x00000000f2d80000,0x00000000f2d80000,0x00000000f3a80000)
 ParOldGen       total 43520K, used 14374K [0x00000000c9400000, 0x00000000cbe80000, 0x00000000edc00000)
  object space 43520K, 33% used [0x00000000c9400000,0x00000000ca209bb0,0x00000000cbe80000)
 Metaspace       used 21583K, capacity 21801K, committed 22016K, reserved 1069056K
  class space    used 1961K, capacity 2024K, committed 2048K, reserved 1048576K
Event: 84,265 GC heap after
Heap after GC invocations=14 (full 1):
 PSYoungGen      total 96768K, used 9216K [0x00000000edc00000, 0x00000000f5280000, 0x0000000100000000)
  eden space 83456K, 0% used [0x00000000edc00000,0x00000000edc00000,0x00000000f2d80000)
  from space 13312K, 69% used [0x00000000f2d80000,0x00000000f3680230,0x00000000f3a80000)
  to   space 13312K, 0% used [0x00000000f4580000,0x00000000f4580000,0x00000000f5280000)
 ParOldGen       total 43520K, used 14374K [0x00000000c9400000, 0x00000000cbe80000, 0x00000000edc00000)
  object space 43520K, 33% used [0x00000000c9400000,0x00000000ca209bb0,0x00000000cbe80000)
 Metaspace       used 21583K, capacity 21801K, committed 22016K, reserved 1069056K
  class space    used 1961K, capacity 2024K, committed 2048K, reserved 1048576K
}
Event: 97,485 GC heap before
{Heap before GC invocations=15 (full 1):
 PSYoungGen      total 96768K, used 92672K [0x00000000edc00000, 0x00000000f5280000, 0x0000000100000000)
  eden space 83456K, 100% used [0x00000000edc00000,0x00000000f2d80000,0x00000000f2d80000)
  from space 13312K, 69% used [0x00000000f2d80000,0x00000000f3680230,0x00000000f3a80000)
  to   space 13312K, 0% used [0x00000000f4580000,0x00000000f4580000,0x00000000f5280000)
 ParOldGen       total 43520K, used 14374K [0x00000000c9400000, 0x00000000cbe80000, 0x00000000edc00000)
  object space 43520K, 33% used [0x00000000c9400000,0x00000000ca209bb0,0x00000000cbe80000)
 Metaspace       used 21583K, capacity 21801K, committed 22016K, reserved 1069056K
  class space    used 1961K, capacity 2024K, committed 2048K, reserved 1048576K
Event: 97,523 GC heap after
Heap after GC invocations=15 (full 1):
 PSYoungGen      total 107008K, used 9216K [0x00000000edc00000, 0x00000000f5200000, 0x0000000100000000)
  eden space 94208K, 0% used [0x00000000edc00000,0x00000000edc00000,0x00000000f3800000)
  from space 12800K, 72% used [0x00000000f4580000,0x00000000f4e80230,0x00000000f5200000)
  to   space 13312K, 0% used [0x00000000f3800000,0x00000000f3800000,0x00000000f4500000)
 ParOldGen       total 43520K, used 14374K [0x00000000c9400000, 0x00000000cbe80000, 0x00000000edc00000)
  object space 43520K, 33% used [0x00000000c9400000,0x00000000ca209bb0,0x00000000cbe80000)
 Metaspace       used 21583K, capacity 21801K, committed 22016K, reserved 1069056K
  class space    used 1961K, capacity 2024K, committed 2048K, reserved 1048576K
}
Event: 113,405 GC heap before
{Heap before GC invocations=16 (full 1):
 PSYoungGen      total 107008K, used 103424K [0x00000000edc00000, 0x00000000f5200000, 0x0000000100000000)
  eden space 94208K, 100% used [0x00000000edc00000,0x00000000f3800000,0x00000000f3800000)
  from space 12800K, 72% used [0x00000000f4580000,0x00000000f4e80230,0x00000000f5200000)
  to   space 13312K, 0% used [0x00000000f3800000,0x00000000f3800000,0x00000000f4500000)
 ParOldGen       total 43520K, used 14374K [0x00000000c9400000, 0x00000000cbe80000, 0x00000000edc00000)
  object space 43520K, 33% used [0x00000000c9400000,0x00000000ca209bb0,0x00000000cbe80000)
 Metaspace       used 21583K, capacity 21801K, committed 22016K, reserved 1069056K
  class space    used 1961K, capacity 2024K, committed 2048K, reserved 1048576K
Event: 113,421 GC heap after
Heap after GC invocations=16 (full 1):
 PSYoungGen      total 107520K, used 9216K [0x00000000edc00000, 0x00000000f5c00000, 0x0000000100000000)
  eden space 94208K, 0% used [0x00000000edc00000,0x00000000edc00000,0x00000000f3800000)
  from space 13312K, 69% used [0x00000000f3800000,0x00000000f4100230,0x00000000f4500000)
  to   space 13312K, 0% used [0x00000000f4f00000,0x00000000f4f00000,0x00000000f5c00000)
 ParOldGen       total 43520K, used 14382K [0x00000000c9400000, 0x00000000cbe80000, 0x00000000edc00000)
  object space 43520K, 33% used [0x00000000c9400000,0x00000000ca20bbb0,0x00000000cbe80000)
 Metaspace       used 21583K, capacity 21801K, committed 22016K, reserved 1069056K
  class space    used 1961K, capacity 2024K, committed 2048K, reserved 1048576K
}
Event: 129,449 GC heap before
{Heap before GC invocations=17 (full 1):
 PSYoungGen      total 107520K, used 103424K [0x00000000edc00000, 0x00000000f5c00000, 0x0000000100000000)
  eden space 94208K, 100% used [0x00000000edc00000,0x00000000f3800000,0x00000000f3800000)
  from space 13312K, 69% used [0x00000000f3800000,0x00000000f4100230,0x00000000f4500000)
  to   space 13312K, 0% used [0x00000000f4f00000,0x00000000f4f00000,0x00000000f5c00000)
 ParOldGen       total 43520K, used 14382K [0x00000000c9400000, 0x00000000cbe80000, 0x00000000edc00000)
  object space 43520K, 33% used [0x00000000c9400000,0x00000000ca20bbb0,0x00000000cbe80000)
 Metaspace       used 21583K, capacity 21801K, committed 22016K, reserved 1069056K
  class space    used 1961K, capacity 2024K, committed 2048K, reserved 1048576K
Event: 129,475 GC heap after
Heap after GC invocations=17 (full 1):
 PSYoungGen      total 115712K, used 9216K [0x00000000edc00000, 0x00000000f5b00000, 0x0000000100000000)
  eden space 103424K, 0% used [0x00000000edc00000,0x00000000edc00000,0x00000000f4100000)
  from space 12288K, 75% used [0x00000000f4f00000,0x00000000f5800230,0x00000000f5b00000)
  to   space 13312K, 0% used [0x00000000f4100000,0x00000000f4100000,0x00000000f4e00000)
 ParOldGen       total 43520K, used 14390K [0x00000000c9400000, 0x00000000cbe80000, 0x00000000edc00000)
  object space 43520K, 33% used [0x00000000c9400000,0x00000000ca20dbb0,0x00000000cbe80000)
 Metaspace       used 21583K, capacity 21801K, committed 22016K, reserved 1069056K
  class space    used 1961K, capacity 2024K, committed 2048K, reserved 1048576K
}
Event: 145,838 GC heap before
{Heap before GC invocations=18 (full 1):
 PSYoungGen      total 115712K, used 112640K [0x00000000edc00000, 0x00000000f5b00000, 0x0000000100000000)
  eden space 103424K, 100% used [0x00000000edc00000,0x00000000f4100000,0x00000000f4100000)
  from space 12288K, 75% used [0x00000000f4f00000,0x00000000f5800230,0x00000000f5b00000)
  to   space 13312K, 0% used [0x00000000f4100000,0x00000000f4100000,0x00000000f4e00000)
 ParOldGen       total 43520K, used 14390K [0x00000000c9400000, 0x00000000cbe80000, 0x00000000edc00000)
  object space 43520K, 33% used [0x00000000c9400000,0x00000000ca20dbb0,0x00000000cbe80000)
 Metaspace       used 21584K, capacity 21801K, committed 22016K, reserved 1069056K
  class space    used 1961K, capacity 2024K, committed 2048K, reserved 1048576K
Event: 145,850 GC heap after
Heap after GC invocations=18 (full 1):
 PSYoungGen      total 116736K, used 9248K [0x00000000edc00000, 0x00000000f6100000, 0x0000000100000000)
  eden space 103424K, 0% used [0x00000000edc00000,0x00000000edc00000,0x00000000f4100000)
  from space 13312K, 69% used [0x00000000f4100000,0x00000000f4a08230,0x00000000f4e00000)
  to   space 13312K, 0% used [0x00000000f5400000,0x00000000f5400000,0x00000000f6100000)
 ParOldGen       total 43520K, used 14398K [0x00000000c9400000, 0x00000000cbe80000, 0x00000000edc00000)
  object space 43520K, 33% used [0x00000000c9400000,0x00000000ca20fbb0,0x00000000cbe80000)
 Metaspace       used 21584K, capacity 21801K, committed 22016K, reserved 1069056K
  class space    used 1961K, capacity 2024K, committed 2048K, reserved 1048576K
}

