# JRE version: OpenJDK Runtime Environment (8.0_91-b14) (build 1.8.0_91-8u91-b14-3ubuntu1~16.04.1-b14)
# Java VM: OpenJDK 64-Bit Server VM (25.91-b14 mixed mode linux-amd64 compressed oops)
Heap:
 PSYoungGen      total 58880K, used 24730K [0x00000000edc00000, 0x00000000f2880000, 0x0000000100000000)
  eden space 47616K, 51% used [0x00000000edc00000,0x00000000ef3f6b38,0x00000000f0a80000)
  from space 11264K, 1% used [0x00000000f0a80000,0x00000000f0ab0000,0x00000000f1580000)
  to   space 11264K, 0% used [0x00000000f1d80000,0x00000000f1d80000,0x00000000f2880000)
 ParOldGen       total 49152K, used 18083K [0x00000000c9400000, 0x00000000cc400000, 0x00000000edc00000)
  object space 49152K, 36% used [0x00000000c9400000,0x00000000ca5a8d20,0x00000000cc400000)
 Metaspace       used 21450K, capacity 21661K, committed 22016K, reserved 1069056K
  class space    used 1959K, capacity 2024K, committed 2048K, reserved 1048576K
GC Heap History (10 events):
Event: 11,240 GC heap before
{Heap before GC invocations=4 (full 0):
 PSYoungGen      total 16896K, used 16876K [0x00000000edc00000, 0x00000000efd00000, 0x0000000100000000)
  eden space 14848K, 99% used [0x00000000edc00000,0x00000000eea7e9b0,0x00000000eea80000)
  from space 2048K, 99% used [0x00000000eea80000,0x00000000eec7c880,0x00000000eec80000)
  to   space 2048K, 0% used [0x00000000efb00000,0x00000000efb00000,0x00000000efd00000)
 ParOldGen       total 38400K, used 7279K [0x00000000c9400000, 0x00000000cb980000, 0x00000000edc00000)
  object space 38400K, 18% used [0x00000000c9400000,0x00000000c9b1bf70,0x00000000cb980000)
 Metaspace       used 20152K, capacity 20373K, committed 20736K, reserved 1069056K
  class space    used 1926K, capacity 1986K, committed 2048K, reserved 1048576K
Event: 11,291 GC heap after
Heap after GC invocations=4 (full 0):
 PSYoungGen      total 31744K, used 2034K [0x00000000edc00000, 0x00000000efd00000, 0x0000000100000000)
  eden space 29696K, 0% used [0x00000000edc00000,0x00000000edc00000,0x00000000ef900000)
  from space 2048K, 99% used [0x00000000efb00000,0x00000000efcfc880,0x00000000efd00000)
  to   space 2048K, 0% used [0x00000000ef900000,0x00000000ef900000,0x00000000efb00000)
 ParOldGen       total 38400K, used 14329K [0x00000000c9400000, 0x00000000cb980000, 0x00000000edc00000)
  object space 38400K, 37% used [0x00000000c9400000,0x00000000ca1fe420,0x00000000cb980000)
 Metaspace       used 20152K, capacity 20373K, committed 20736K, reserved 1069056K
  class space    used 1926K, capacity 1986K, committed 2048K, reserved 1048576K
}
Event: 15,333 GC heap before
{Heap before GC invocations=5 (full 0):
 PSYoungGen      total 31744K, used 30328K [0x00000000edc00000, 0x00000000efd00000, 0x0000000100000000)
  eden space 29696K, 95% used [0x00000000edc00000,0x00000000ef7a1808,0x00000000ef900000)
  from space 2048K, 99% used [0x00000000efb00000,0x00000000efcfc880,0x00000000efd00000)
  to   space 2048K, 0% used [0x00000000ef900000,0x00000000ef900000,0x00000000efb00000)
 ParOldGen       total 38400K, used 14329K [0x00000000c9400000, 0x00000000cb980000, 0x00000000edc00000)
  object space 38400K, 37% used [0x00000000c9400000,0x00000000ca1fe420,0x00000000cb980000)
 Metaspace       used 20793K, capacity 20997K, committed 21248K, reserved 1069056K
  class space    used 1952K, capacity 2020K, committed 2048K, reserved 1048576K
Event: 15,421 GC heap after
Heap after GC invocations=5 (full 0):
 PSYoungGen      total 31744K, used 2034K [0x00000000edc00000, 0x00000000f2a00000, 0x0000000100000000)
  eden space 29696K, 0% used [0x00000000edc00000,0x00000000edc00000,0x00000000ef900000)
  from space 2048K, 99% used [0x00000000ef900000,0x00000000efafc870,0x00000000efb00000)
  to   space 10240K, 0% used [0x00000000f2000000,0x00000000f2000000,0x00000000f2a00000)
 ParOldGen       total 38400K, used 19385K [0x00000000c9400000, 0x00000000cb980000, 0x00000000edc00000)
  object space 38400K, 50% used [0x00000000c9400000,0x00000000ca6ee4c0,0x00000000cb980000)
 Metaspace       used 20793K, capacity 20997K, committed 21248K, reserved 1069056K
  class space    used 1952K, capacity 2020K, committed 2048K, reserved 1048576K
}
Event: 15,421 GC heap before
{Heap before GC invocations=6 (full 1):
 PSYoungGen      total 31744K, used 2034K [0x00000000edc00000, 0x00000000f2a00000, 0x0000000100000000)
  eden space 29696K, 0% used [0x00000000edc00000,0x00000000edc00000,0x00000000ef900000)
  from space 2048K, 99% used [0x00000000ef900000,0x00000000efafc870,0x00000000efb00000)
  to   space 10240K, 0% used [0x00000000f2000000,0x00000000f2000000,0x00000000f2a00000)
 ParOldGen       total 38400K, used 19385K [0x00000000c9400000, 0x00000000cb980000, 0x00000000edc00000)
  object space 38400K, 50% used [0x00000000c9400000,0x00000000ca6ee4c0,0x00000000cb980000)
 Metaspace       used 20793K, capacity 20997K, committed 21248K, reserved 1069056K
  class space    used 1952K, capacity 2020K, committed 2048K, reserved 1048576K
Event: 15,737 GC heap after
Heap after GC invocations=6 (full 1):
 PSYoungGen      total 31744K, used 0K [0x00000000edc00000, 0x00000000f2a00000, 0x0000000100000000)
  eden space 29696K, 0% used [0x00000000edc00000,0x00000000edc00000,0x00000000ef900000)
  from space 2048K, 0% used [0x00000000ef900000,0x00000000ef900000,0x00000000efb00000)
  to   space 10240K, 0% used [0x00000000f2000000,0x00000000f2000000,0x00000000f2a00000)
 ParOldGen       total 49152K, used 18067K [0x00000000c9400000, 0x00000000cc400000, 0x00000000edc00000)
  object space 49152K, 36% used [0x00000000c9400000,0x00000000ca5a4d20,0x00000000cc400000)
 Metaspace       used 20793K, capacity 20997K, committed 21248K, reserved 1069056K
  class space    used 1952K, capacity 2020K, committed 2048K, reserved 1048576K
}
Event: 26,243 GC heap before
{Heap before GC invocations=7 (full 1):
 PSYoungGen      total 31744K, used 29696K [0x00000000edc00000, 0x00000000f2a00000, 0x0000000100000000)
  eden space 29696K, 100% used [0x00000000edc00000,0x00000000ef900000,0x00000000ef900000)
  from space 2048K, 0% used [0x00000000ef900000,0x00000000ef900000,0x00000000efb00000)
  to   space 10240K, 0% used [0x00000000f2000000,0x00000000f2000000,0x00000000f2a00000)
 ParOldGen       total 49152K, used 18067K [0x00000000c9400000, 0x00000000cc400000, 0x00000000edc00000)
  object space 49152K, 36% used [0x00000000c9400000,0x00000000ca5a4d20,0x00000000cc400000)
 Metaspace       used 21297K, capacity 21527K, committed 21760K, reserved 1069056K
  class space    used 1955K, capacity 2023K, committed 2048K, reserved 1048576K
Event: 26,259 GC heap after
Heap after GC invocations=7 (full 1):
 PSYoungGen      total 41984K, used 224K [0x00000000edc00000, 0x00000000f2080000, 0x0000000100000000)
  eden space 41472K, 0% used [0x00000000edc00000,0x00000000edc00000,0x00000000f0480000)
  from space 512K, 43% used [0x00000000f2000000,0x00000000f2038000,0x00000000f2080000)
  to   space 11264K, 0% used [0x00000000f0a80000,0x00000000f0a80000,0x00000000f1580000)
 ParOldGen       total 49152K, used 18075K [0x00000000c9400000, 0x00000000cc400000, 0x00000000edc00000)
  object space 49152K, 36% used [0x00000000c9400000,0x00000000ca5a6d20,0x00000000cc400000)
 Metaspace       used 21297K, capacity 21527K, committed 21760K, reserved 1069056K
  class space    used 1955K, capacity 2023K, committed 2048K, reserved 1048576K
}
Event: 40,777 GC heap before
{Heap before GC invocations=8 (full 1):
 PSYoungGen      total 41984K, used 41696K [0x00000000edc00000, 0x00000000f2080000, 0x0000000100000000)
  eden space 41472K, 100% used [0x00000000edc00000,0x00000000f0480000,0x00000000f0480000)
  from space 512K, 43% used [0x00000000f2000000,0x00000000f2038000,0x00000000f2080000)
  to   space 11264K, 0% used [0x00000000f0a80000,0x00000000f0a80000,0x00000000f1580000)
 ParOldGen       total 49152K, used 18075K [0x00000000c9400000, 0x00000000cc400000, 0x00000000edc00000)
  object space 49152K, 36% used [0x00000000c9400000,0x00000000ca5a6d20,0x00000000cc400000)
 Metaspace       used 21414K, capacity 21591K, committed 22016K, reserved 1069056K
  class space    used 1955K, capacity 2023K, committed 2048K, reserved 1048576K
Event: 40,805 GC heap after
Heap after GC invocations=8 (full 1):
 PSYoungGen      total 58880K, used 192K [0x00000000edc00000, 0x00000000f2880000, 0x0000000100000000)
  eden space 47616K, 0% used [0x00000000edc00000,0x00000000edc00000,0x00000000f0a80000)
  from space 11264K, 1% used [0x00000000f0a80000,0x00000000f0ab0000,0x00000000f1580000)
  to   space 11264K, 0% used [0x00000000f1d80000,0x00000000f1d80000,0x00000000f2880000)
 ParOldGen       total 49152K, used 18083K [0x00000000c9400000, 0x00000000cc400000, 0x00000000edc00000)
  object space 49152K, 36% used [0x00000000c9400000,0x00000000ca5a8d20,0x00000000cc400000)
 Metaspace       used 21414K, capacity 21591K, committed 22016K, reserved 1069056K
  class space    used 1955K, capacity 2023K, committed 2048K, reserved 1048576K
}

