# JRE version: Java(TM) SE Runtime Environment (8.0_92-b14) (build 1.8.0_92-b14)
# Java VM: Java HotSpot(TM) 64-Bit Server VM (25.92-b14 mixed mode linux-amd64 compressed oops)
Heap:
 PSYoungGen      total 28160K, used 23547K [0x00000000e0f80000, 0x00000000e4680000, 0x0000000100000000)
  eden space 24576K, 81% used [0x00000000e0f80000,0x00000000e2305bb8,0x00000000e2780000)
  from space 3584K, 99% used [0x00000000e2780000,0x00000000e2af92a0,0x00000000e2b00000)
  to   space 3584K, 0% used [0x00000000e4300000,0x00000000e4300000,0x00000000e4680000)
 ParOldGen       total 64512K, used 13655K [0x00000000a2e00000, 0x00000000a6d00000, 0x00000000e0f80000)
  object space 64512K, 21% used [0x00000000a2e00000,0x00000000a3b55ea0,0x00000000a6d00000)
 Metaspace       used 20487K, capacity 20749K, committed 20992K, reserved 1069056K
  class space    used 1956K, capacity 2024K, committed 2048K, reserved 1048576K
GC Heap History (6 events):
Event: 0,753 GC heap before
{Heap before GC invocations=1 (full 0):
 PSYoungGen      total 28160K, used 24520K [0x00000000e0f80000, 0x00000000e2e80000, 0x0000000100000000)
  eden space 24576K, 99% used [0x00000000e0f80000,0x00000000e27721a0,0x00000000e2780000)
  from space 3584K, 0% used [0x00000000e2b00000,0x00000000e2b00000,0x00000000e2e80000)
  to   space 3584K, 0% used [0x00000000e2780000,0x00000000e2780000,0x00000000e2b00000)
 ParOldGen       total 64512K, used 0K [0x00000000a2e00000, 0x00000000a6d00000, 0x00000000e0f80000)
  object space 64512K, 0% used [0x00000000a2e00000,0x00000000a2e00000,0x00000000a6d00000)
 Metaspace       used 13454K, capacity 13724K, committed 13952K, reserved 1060864K
  class space    used 1465K, capacity 1545K, committed 1664K, reserved 1048576K
Event: 0,760 GC heap after
Heap after GC invocations=1 (full 0):
 PSYoungGen      total 28160K, used 3565K [0x00000000e0f80000, 0x00000000e2e80000, 0x0000000100000000)
  eden space 24576K, 0% used [0x00000000e0f80000,0x00000000e0f80000,0x00000000e2780000)
  from space 3584K, 99% used [0x00000000e2780000,0x00000000e2afb408,0x00000000e2b00000)
  to   space 3584K, 0% used [0x00000000e2b00000,0x00000000e2b00000,0x00000000e2e80000)
 ParOldGen       total 64512K, used 696K [0x00000000a2e00000, 0x00000000a6d00000, 0x00000000e0f80000)
  object space 64512K, 1% used [0x00000000a2e00000,0x00000000a2eae368,0x00000000a6d00000)
 Metaspace       used 13454K, capacity 13724K, committed 13952K, reserved 1060864K
  class space    used 1465K, capacity 1545K, committed 1664K, reserved 1048576K
}
Event: 2,081 GC heap before
{Heap before GC invocations=2 (full 0):
 PSYoungGen      total 28160K, used 27929K [0x00000000e0f80000, 0x00000000e2e80000, 0x0000000100000000)
  eden space 24576K, 99% used [0x00000000e0f80000,0x00000000e274b100,0x00000000e2780000)
  from space 3584K, 99% used [0x00000000e2780000,0x00000000e2afb408,0x00000000e2b00000)
  to   space 3584K, 0% used [0x00000000e2b00000,0x00000000e2b00000,0x00000000e2e80000)
 ParOldGen       total 64512K, used 696K [0x00000000a2e00000, 0x00000000a6d00000, 0x00000000e0f80000)
  object space 64512K, 1% used [0x00000000a2e00000,0x00000000a2eae368,0x00000000a6d00000)
 Metaspace       used 19766K, capacity 19989K, committed 20224K, reserved 1067008K
  class space    used 1932K, capacity 1988K, committed 2048K, reserved 1048576K
Event: 2,095 GC heap after
Heap after GC invocations=2 (full 0):
 PSYoungGen      total 28160K, used 3556K [0x00000000e0f80000, 0x00000000e2e80000, 0x0000000100000000)
  eden space 24576K, 0% used [0x00000000e0f80000,0x00000000e0f80000,0x00000000e2780000)
  from space 3584K, 99% used [0x00000000e2b00000,0x00000000e2e792b0,0x00000000e2e80000)
  to   space 3584K, 0% used [0x00000000e2780000,0x00000000e2780000,0x00000000e2b00000)
 ParOldGen       total 64512K, used 7843K [0x00000000a2e00000, 0x00000000a6d00000, 0x00000000e0f80000)
  object space 64512K, 12% used [0x00000000a2e00000,0x00000000a35a8d80,0x00000000a6d00000)
 Metaspace       used 19766K, capacity 19989K, committed 20224K, reserved 1067008K
  class space    used 1932K, capacity 1988K, committed 2048K, reserved 1048576K
}
Event: 2,503 GC heap before
{Heap before GC invocations=3 (full 0):
 PSYoungGen      total 28160K, used 28132K [0x00000000e0f80000, 0x00000000e2e80000, 0x0000000100000000)
  eden space 24576K, 100% used [0x00000000e0f80000,0x00000000e2780000,0x00000000e2780000)
  from space 3584K, 99% used [0x00000000e2b00000,0x00000000e2e792b0,0x00000000e2e80000)
  to   space 3584K, 0% used [0x00000000e2780000,0x00000000e2780000,0x00000000e2b00000)
 ParOldGen       total 64512K, used 7843K [0x00000000a2e00000, 0x00000000a6d00000, 0x00000000e0f80000)
  object space 64512K, 12% used [0x00000000a2e00000,0x00000000a35a8d80,0x00000000a6d00000)
 Metaspace       used 20183K, capacity 20411K, committed 20736K, reserved 1069056K
  class space    used 1952K, capacity 2021K, committed 2048K, reserved 1048576K
Event: 2,515 GC heap after
Heap after GC invocations=3 (full 0):
 PSYoungGen      total 28160K, used 3556K [0x00000000e0f80000, 0x00000000e4680000, 0x0000000100000000)
  eden space 24576K, 0% used [0x00000000e0f80000,0x00000000e0f80000,0x00000000e2780000)
  from space 3584K, 99% used [0x00000000e2780000,0x00000000e2af92a0,0x00000000e2b00000)
  to   space 3584K, 0% used [0x00000000e4300000,0x00000000e4300000,0x00000000e4680000)
 ParOldGen       total 64512K, used 13655K [0x00000000a2e00000, 0x00000000a6d00000, 0x00000000e0f80000)
  object space 64512K, 21% used [0x00000000a2e00000,0x00000000a3b55ea0,0x00000000a6d00000)
 Metaspace       used 20183K, capacity 20411K, committed 20736K, reserved 1069056K
  class space    used 1952K, capacity 2021K, committed 2048K, reserved 1048576K
}

