# JRE version: Java(TM) SE Runtime Environment (8.0_92-b14) (build 1.8.0_92-b14)
# Java VM: Java HotSpot(TM) 64-Bit Server VM (25.92-b14 mixed mode linux-amd64 compressed oops)
Heap:
 PSYoungGen      total 28160K, used 15384K [0x00000000e0f80000, 0x00000000e2e80000, 0x0000000100000000)
  eden space 24576K, 62% used [0x00000000e0f80000,0x00000000e1e86210,0x00000000e2780000)
  from space 3584K, 0% used [0x00000000e2b00000,0x00000000e2b00000,0x00000000e2e80000)
  to   space 3584K, 0% used [0x00000000e2780000,0x00000000e2780000,0x00000000e2b00000)
 ParOldGen       total 62464K, used 16309K [0x00000000a2e00000, 0x00000000a6b00000, 0x00000000e0f80000)
  object space 62464K, 26% used [0x00000000a2e00000,0x00000000a3ded7a8,0x00000000a6b00000)
 Metaspace       used 21019K, capacity 21333K, committed 21808K, reserved 1069056K
  class space    used 1985K, capacity 2060K, committed 2176K, reserved 1048576K
GC Heap History (10 events):
Event: 0,772 GC heap before
{Heap before GC invocations=1 (full 0):
 PSYoungGen      total 28160K, used 24416K [0x00000000e0f80000, 0x00000000e2e80000, 0x0000000100000000)
  eden space 24576K, 99% used [0x00000000e0f80000,0x00000000e27583b0,0x00000000e2780000)
  from space 3584K, 0% used [0x00000000e2b00000,0x00000000e2b00000,0x00000000e2e80000)
  to   space 3584K, 0% used [0x00000000e2780000,0x00000000e2780000,0x00000000e2b00000)
 ParOldGen       total 64512K, used 0K [0x00000000a2e00000, 0x00000000a6d00000, 0x00000000e0f80000)
  object space 64512K, 0% used [0x00000000a2e00000,0x00000000a2e00000,0x00000000a6d00000)
 Metaspace       used 13445K, capacity 13736K, committed 13952K, reserved 1060864K
  class space    used 1462K, capacity 1545K, committed 1664K, reserved 1048576K
Event: 0,779 GC heap after
Heap after GC invocations=1 (full 0):
 PSYoungGen      total 28160K, used 3578K [0x00000000e0f80000, 0x00000000e2e80000, 0x0000000100000000)
  eden space 24576K, 0% used [0x00000000e0f80000,0x00000000e0f80000,0x00000000e2780000)
  from space 3584K, 99% used [0x00000000e2780000,0x00000000e2afeae8,0x00000000e2b00000)
  to   space 3584K, 0% used [0x00000000e2b00000,0x00000000e2b00000,0x00000000e2e80000)
 ParOldGen       total 64512K, used 697K [0x00000000a2e00000, 0x00000000a6d00000, 0x00000000e0f80000)
  object space 64512K, 1% used [0x00000000a2e00000,0x00000000a2eae710,0x00000000a6d00000)
 Metaspace       used 13445K, capacity 13736K, committed 13952K, reserved 1060864K
  class space    used 1462K, capacity 1545K, committed 1664K, reserved 1048576K
}
Event: 1,604 GC heap before
{Heap before GC invocations=2 (full 0):
 PSYoungGen      total 28160K, used 28154K [0x00000000e0f80000, 0x00000000e2e80000, 0x0000000100000000)
  eden space 24576K, 100% used [0x00000000e0f80000,0x00000000e2780000,0x00000000e2780000)
  from space 3584K, 99% used [0x00000000e2780000,0x00000000e2afeae8,0x00000000e2b00000)
  to   space 3584K, 0% used [0x00000000e2b00000,0x00000000e2b00000,0x00000000e2e80000)
 ParOldGen       total 64512K, used 697K [0x00000000a2e00000, 0x00000000a6d00000, 0x00000000e0f80000)
  object space 64512K, 1% used [0x00000000a2e00000,0x00000000a2eae710,0x00000000a6d00000)
 Metaspace       used 18005K, capacity 18241K, committed 18560K, reserved 1067008K
  class space    used 1760K, capacity 1828K, committed 1920K, reserved 1048576K
Event: 1,614 GC heap after
Heap after GC invocations=2 (full 0):
 PSYoungGen      total 28160K, used 3567K [0x00000000e0f80000, 0x00000000e4680000, 0x0000000100000000)
  eden space 24576K, 0% used [0x00000000e0f80000,0x00000000e0f80000,0x00000000e2780000)
  from space 3584K, 99% used [0x00000000e2b00000,0x00000000e2e7bcc8,0x00000000e2e80000)
  to   space 3584K, 0% used [0x00000000e2780000,0x00000000e2780000,0x00000000e2b00000)
 ParOldGen       total 64512K, used 4898K [0x00000000a2e00000, 0x00000000a6d00000, 0x00000000e0f80000)
  object space 64512K, 7% used [0x00000000a2e00000,0x00000000a32c8978,0x00000000a6d00000)
 Metaspace       used 18005K, capacity 18241K, committed 18560K, reserved 1067008K
  class space    used 1760K, capacity 1828K, committed 1920K, reserved 1048576K
}
Event: 3,996 GC heap before
{Heap before GC invocations=3 (full 0):
 PSYoungGen      total 28160K, used 27958K [0x00000000e0f80000, 0x00000000e4680000, 0x0000000100000000)
  eden space 24576K, 99% used [0x00000000e0f80000,0x00000000e2751e80,0x00000000e2780000)
  from space 3584K, 99% used [0x00000000e2b00000,0x00000000e2e7bcc8,0x00000000e2e80000)
  to   space 3584K, 0% used [0x00000000e2780000,0x00000000e2780000,0x00000000e2b00000)
 ParOldGen       total 64512K, used 4898K [0x00000000a2e00000, 0x00000000a6d00000, 0x00000000e0f80000)
  object space 64512K, 7% used [0x00000000a2e00000,0x00000000a32c8978,0x00000000a6d00000)
 Metaspace       used 20370K, capacity 20659K, committed 21120K, reserved 1069056K
  class space    used 1974K, capacity 2055K, committed 2176K, reserved 1048576K
Event: 4,008 GC heap after
Heap after GC invocations=3 (full 0):
 PSYoungGen      total 28160K, used 3566K [0x00000000e0f80000, 0x00000000e2e80000, 0x0000000100000000)
  eden space 24576K, 0% used [0x00000000e0f80000,0x00000000e0f80000,0x00000000e2780000)
  from space 3584K, 99% used [0x00000000e2780000,0x00000000e2afbbf0,0x00000000e2b00000)
  to   space 3584K, 0% used [0x00000000e2b00000,0x00000000e2b00000,0x00000000e2e80000)
 ParOldGen       total 64512K, used 12194K [0x00000000a2e00000, 0x00000000a6d00000, 0x00000000e0f80000)
  object space 64512K, 18% used [0x00000000a2e00000,0x00000000a39e8ad0,0x00000000a6d00000)
 Metaspace       used 20370K, capacity 20659K, committed 21120K, reserved 1069056K
  class space    used 1974K, capacity 2055K, committed 2176K, reserved 1048576K
}
Event: 5,358 GC heap before
{Heap before GC invocations=4 (full 0):
 PSYoungGen      total 28160K, used 20133K [0x00000000e0f80000, 0x00000000e2e80000, 0x0000000100000000)
  eden space 24576K, 67% used [0x00000000e0f80000,0x00000000e1fada50,0x00000000e2780000)
  from space 3584K, 99% used [0x00000000e2780000,0x00000000e2afbbf0,0x00000000e2b00000)
  to   space 3584K, 0% used [0x00000000e2b00000,0x00000000e2b00000,0x00000000e2e80000)
 ParOldGen       total 64512K, used 12194K [0x00000000a2e00000, 0x00000000a6d00000, 0x00000000e0f80000)
  object space 64512K, 18% used [0x00000000a2e00000,0x00000000a39e8ad0,0x00000000a6d00000)
 Metaspace       used 20731K, capacity 21007K, committed 21296K, reserved 1069056K
  class space    used 1978K, capacity 2059K, committed 2176K, reserved 1048576K
Event: 5,365 GC heap after
Heap after GC invocations=4 (full 0):
 PSYoungGen      total 28160K, used 3580K [0x00000000e0f80000, 0x00000000e2e80000, 0x0000000100000000)
  eden space 24576K, 0% used [0x00000000e0f80000,0x00000000e0f80000,0x00000000e2780000)
  from space 3584K, 99% used [0x00000000e2b00000,0x00000000e2e7f3d0,0x00000000e2e80000)
  to   space 3584K, 0% used [0x00000000e2780000,0x00000000e2780000,0x00000000e2b00000)
 ParOldGen       total 64512K, used 15855K [0x00000000a2e00000, 0x00000000a6d00000, 0x00000000e0f80000)
  object space 64512K, 24% used [0x00000000a2e00000,0x00000000a3d7beb0,0x00000000a6d00000)
 Metaspace       used 20731K, capacity 21007K, committed 21296K, reserved 1069056K
  class space    used 1978K, capacity 2059K, committed 2176K, reserved 1048576K
}
Event: 5,365 GC heap before
{Heap before GC invocations=5 (full 1):
 PSYoungGen      total 28160K, used 3580K [0x00000000e0f80000, 0x00000000e2e80000, 0x0000000100000000)
  eden space 24576K, 0% used [0x00000000e0f80000,0x00000000e0f80000,0x00000000e2780000)
  from space 3584K, 99% used [0x00000000e2b00000,0x00000000e2e7f3d0,0x00000000e2e80000)
  to   space 3584K, 0% used [0x00000000e2780000,0x00000000e2780000,0x00000000e2b00000)
 ParOldGen       total 64512K, used 15855K [0x00000000a2e00000, 0x00000000a6d00000, 0x00000000e0f80000)
  object space 64512K, 24% used [0x00000000a2e00000,0x00000000a3d7beb0,0x00000000a6d00000)
 Metaspace       used 20731K, capacity 21007K, committed 21296K, reserved 1069056K
  class space    used 1978K, capacity 2059K, committed 2176K, reserved 1048576K
Event: 5,409 GC heap after
Heap after GC invocations=5 (full 1):
 PSYoungGen      total 28160K, used 0K [0x00000000e0f80000, 0x00000000e2e80000, 0x0000000100000000)
  eden space 24576K, 0% used [0x00000000e0f80000,0x00000000e0f80000,0x00000000e2780000)
  from space 3584K, 0% used [0x00000000e2b00000,0x00000000e2b00000,0x00000000e2e80000)
  to   space 3584K, 0% used [0x00000000e2780000,0x00000000e2780000,0x00000000e2b00000)
 ParOldGen       total 62464K, used 16309K [0x00000000a2e00000, 0x00000000a6b00000, 0x00000000e0f80000)
  object space 62464K, 26% used [0x00000000a2e00000,0x00000000a3ded7a8,0x00000000a6b00000)
 Metaspace       used 20731K, capacity 21007K, committed 21296K, reserved 1069056K
  class space    used 1978K, capacity 2059K, committed 2176K, reserved 1048576K
}

