# JRE version: Java(TM) SE Runtime Environment (8.0_92-b14) (build 1.8.0_92-b14)
# Java VM: Java HotSpot(TM) 64-Bit Server VM (25.92-b14 mixed mode linux-amd64 compressed oops)
Heap:
 PSYoungGen      total 75776K, used 33571K [0x00000000e0f80000, 0x00000000e6a80000, 0x0000000100000000)
  eden space 64512K, 51% used [0x00000000e0f80000,0x00000000e3010cf0,0x00000000e4e80000)
  from space 11264K, 1% used [0x00000000e5f80000,0x00000000e5fb8000,0x00000000e6a80000)
  to   space 14336K, 0% used [0x00000000e4e80000,0x00000000e4e80000,0x00000000e5c80000)
 ParOldGen       total 64512K, used 15825K [0x00000000a2e00000, 0x00000000a6d00000, 0x00000000e0f80000)
  object space 64512K, 24% used [0x00000000a2e00000,0x00000000a3d747a8,0x00000000a6d00000)
 Metaspace       used 21173K, capacity 21431K, committed 21808K, reserved 1069056K
  class space    used 1986K, capacity 2057K, committed 2176K, reserved 1048576K
GC Heap History (10 events):
Event: 3,824 GC heap before
{Heap before GC invocations=3 (full 0):
 PSYoungGen      total 52736K, used 52722K [0x00000000e0f80000, 0x00000000e4680000, 0x0000000100000000)
  eden space 49152K, 100% used [0x00000000e0f80000,0x00000000e3f80000,0x00000000e3f80000)
  from space 3584K, 99% used [0x00000000e4300000,0x00000000e467ca70,0x00000000e4680000)
  to   space 3584K, 0% used [0x00000000e3f80000,0x00000000e3f80000,0x00000000e4300000)
 ParOldGen       total 64512K, used 7967K [0x00000000a2e00000, 0x00000000a6d00000, 0x00000000e0f80000)
  object space 64512K, 12% used [0x00000000a2e00000,0x00000000a35c7da8,0x00000000a6d00000)
 Metaspace       used 20639K, capacity 20913K, committed 21296K, reserved 1069056K
  class space    used 1977K, capacity 2056K, committed 2176K, reserved 1048576K
Event: 3,834 GC heap after
Heap after GC invocations=3 (full 0):
 PSYoungGen      total 52736K, used 3572K [0x00000000e0f80000, 0x00000000e4680000, 0x0000000100000000)
  eden space 49152K, 0% used [0x00000000e0f80000,0x00000000e0f80000,0x00000000e3f80000)
  from space 3584K, 99% used [0x00000000e3f80000,0x00000000e42fd290,0x00000000e4300000)
  to   space 3584K, 0% used [0x00000000e4300000,0x00000000e4300000,0x00000000e4680000)
 ParOldGen       total 64512K, used 14308K [0x00000000a2e00000, 0x00000000a6d00000, 0x00000000e0f80000)
  object space 64512K, 22% used [0x00000000a2e00000,0x00000000a3bf93d8,0x00000000a6d00000)
 Metaspace       used 20639K, capacity 20913K, committed 21296K, reserved 1069056K
  class space    used 1977K, capacity 2056K, committed 2176K, reserved 1048576K
}
Event: 4,474 GC heap before
{Heap before GC invocations=4 (full 0):
 PSYoungGen      total 52736K, used 8856K [0x00000000e0f80000, 0x00000000e4680000, 0x0000000100000000)
  eden space 49152K, 10% used [0x00000000e0f80000,0x00000000e14a8fd8,0x00000000e3f80000)
  from space 3584K, 99% used [0x00000000e3f80000,0x00000000e42fd290,0x00000000e4300000)
  to   space 3584K, 0% used [0x00000000e4300000,0x00000000e4300000,0x00000000e4680000)
 ParOldGen       total 64512K, used 14308K [0x00000000a2e00000, 0x00000000a6d00000, 0x00000000e0f80000)
  object space 64512K, 22% used [0x00000000a2e00000,0x00000000a3bf93d8,0x00000000a6d00000)
 Metaspace       used 20769K, capacity 20977K, committed 21296K, reserved 1069056K
  class space    used 1982K, capacity 2056K, committed 2176K, reserved 1048576K
Event: 4,480 GC heap after
Heap after GC invocations=4 (full 0):
 PSYoungGen      total 52736K, used 3554K [0x00000000e0f80000, 0x00000000e4680000, 0x0000000100000000)
  eden space 49152K, 0% used [0x00000000e0f80000,0x00000000e0f80000,0x00000000e3f80000)
  from space 3584K, 99% used [0x00000000e4300000,0x00000000e4678a70,0x00000000e4680000)
  to   space 3584K, 0% used [0x00000000e3f80000,0x00000000e3f80000,0x00000000e4300000)
 ParOldGen       total 64512K, used 14541K [0x00000000a2e00000, 0x00000000a6d00000, 0x00000000e0f80000)
  object space 64512K, 22% used [0x00000000a2e00000,0x00000000a3c33458,0x00000000a6d00000)
 Metaspace       used 20769K, capacity 20977K, committed 21296K, reserved 1069056K
  class space    used 1982K, capacity 2056K, committed 2176K, reserved 1048576K
}
Event: 4,480 GC heap before
{Heap before GC invocations=5 (full 1):
 PSYoungGen      total 52736K, used 3554K [0x00000000e0f80000, 0x00000000e4680000, 0x0000000100000000)
  eden space 49152K, 0% used [0x00000000e0f80000,0x00000000e0f80000,0x00000000e3f80000)
  from space 3584K, 99% used [0x00000000e4300000,0x00000000e4678a70,0x00000000e4680000)
  to   space 3584K, 0% used [0x00000000e3f80000,0x00000000e3f80000,0x00000000e4300000)
 ParOldGen       total 64512K, used 14541K [0x00000000a2e00000, 0x00000000a6d00000, 0x00000000e0f80000)
  object space 64512K, 22% used [0x00000000a2e00000,0x00000000a3c33458,0x00000000a6d00000)
 Metaspace       used 20769K, capacity 20977K, committed 21296K, reserved 1069056K
  class space    used 1982K, capacity 2056K, committed 2176K, reserved 1048576K
Event: 4,528 GC heap after
Heap after GC invocations=5 (full 1):
 PSYoungGen      total 52736K, used 0K [0x00000000e0f80000, 0x00000000e4680000, 0x0000000100000000)
  eden space 49152K, 0% used [0x00000000e0f80000,0x00000000e0f80000,0x00000000e3f80000)
  from space 3584K, 0% used [0x00000000e4300000,0x00000000e4300000,0x00000000e4680000)
  to   space 3584K, 0% used [0x00000000e3f80000,0x00000000e3f80000,0x00000000e4300000)
 ParOldGen       total 64512K, used 15809K [0x00000000a2e00000, 0x00000000a6d00000, 0x00000000e0f80000)
  object space 64512K, 24% used [0x00000000a2e00000,0x00000000a3d707a8,0x00000000a6d00000)
 Metaspace       used 20769K, capacity 20977K, committed 21296K, reserved 1069056K
  class space    used 1982K, capacity 2056K, committed 2176K, reserved 1048576K
}
Event: 11,641 GC heap before
{Heap before GC invocations=6 (full 1):
 PSYoungGen      total 52736K, used 49152K [0x00000000e0f80000, 0x00000000e4680000, 0x0000000100000000)
  eden space 49152K, 100% used [0x00000000e0f80000,0x00000000e3f80000,0x00000000e3f80000)
  from space 3584K, 0% used [0x00000000e4300000,0x00000000e4300000,0x00000000e4680000)
  to   space 3584K, 0% used [0x00000000e3f80000,0x00000000e3f80000,0x00000000e4300000)
 ParOldGen       total 64512K, used 15809K [0x00000000a2e00000, 0x00000000a6d00000, 0x00000000e0f80000)
  object space 64512K, 24% used [0x00000000a2e00000,0x00000000a3d707a8,0x00000000a6d00000)
 Metaspace       used 21067K, capacity 21361K, committed 21808K, reserved 1069056K
  class space    used 1982K, capacity 2056K, committed 2176K, reserved 1048576K
Event: 11,643 GC heap after
Heap after GC invocations=6 (full 1):
 PSYoungGen      total 52736K, used 256K [0x00000000e0f80000, 0x00000000e6d80000, 0x0000000100000000)
  eden space 49152K, 0% used [0x00000000e0f80000,0x00000000e0f80000,0x00000000e3f80000)
  from space 3584K, 7% used [0x00000000e3f80000,0x00000000e3fc0000,0x00000000e4300000)
  to   space 14336K, 0% used [0x00000000e5f80000,0x00000000e5f80000,0x00000000e6d80000)
 ParOldGen       total 64512K, used 15817K [0x00000000a2e00000, 0x00000000a6d00000, 0x00000000e0f80000)
  object space 64512K, 24% used [0x00000000a2e00000,0x00000000a3d727a8,0x00000000a6d00000)
 Metaspace       used 21067K, capacity 21361K, committed 21808K, reserved 1069056K
  class space    used 1982K, capacity 2056K, committed 2176K, reserved 1048576K
}
Event: 21,812 GC heap before
{Heap before GC invocations=7 (full 1):
 PSYoungGen      total 52736K, used 49408K [0x00000000e0f80000, 0x00000000e6d80000, 0x0000000100000000)
  eden space 49152K, 100% used [0x00000000e0f80000,0x00000000e3f80000,0x00000000e3f80000)
  from space 3584K, 7% used [0x00000000e3f80000,0x00000000e3fc0000,0x00000000e4300000)
  to   space 14336K, 0% used [0x00000000e5f80000,0x00000000e5f80000,0x00000000e6d80000)
 ParOldGen       total 64512K, used 15817K [0x00000000a2e00000, 0x00000000a6d00000, 0x00000000e0f80000)
  object space 64512K, 24% used [0x00000000a2e00000,0x00000000a3d727a8,0x00000000a6d00000)
 Metaspace       used 21104K, capacity 21361K, committed 21808K, reserved 1069056K
  class space    used 1982K, capacity 2056K, committed 2176K, reserved 1048576K
Event: 21,815 GC heap after
Heap after GC invocations=7 (full 1):
 PSYoungGen      total 75776K, used 224K [0x00000000e0f80000, 0x00000000e6a80000, 0x0000000100000000)
  eden space 64512K, 0% used [0x00000000e0f80000,0x00000000e0f80000,0x00000000e4e80000)
  from space 11264K, 1% used [0x00000000e5f80000,0x00000000e5fb8000,0x00000000e6a80000)
  to   space 14336K, 0% used [0x00000000e4e80000,0x00000000e4e80000,0x00000000e5c80000)
 ParOldGen       total 64512K, used 15825K [0x00000000a2e00000, 0x00000000a6d00000, 0x00000000e0f80000)
  object space 64512K, 24% used [0x00000000a2e00000,0x00000000a3d747a8,0x00000000a6d00000)
 Metaspace       used 21104K, capacity 21361K, committed 21808K, reserved 1069056K
  class space    used 1982K, capacity 2056K, committed 2176K, reserved 1048576K
}

