# JRE version: Java(TM) SE Runtime Environment (8.0_92-b14) (build 1.8.0_92-b14)
# Java VM: Java HotSpot(TM) 64-Bit Server VM (25.92-b14 mixed mode linux-amd64 compressed oops)
Heap:
 PSYoungGen      total 36864K, used 2262K [0x00000000e0f80000, 0x00000000e4a00000, 0x0000000100000000)
  eden space 23552K, 8% used [0x00000000e0f80000,0x00000000e1175b58,0x00000000e2680000)
  from space 13312K, 1% used [0x00000000e3400000,0x00000000e3440000,0x00000000e4100000)
  to   space 13824K, 0% used [0x00000000e2680000,0x00000000e2680000,0x00000000e3400000)
 ParOldGen       total 65536K, used 16705K [0x00000000a2e00000, 0x00000000a6e00000, 0x00000000e0f80000)
  object space 65536K, 25% used [0x00000000a2e00000,0x00000000a3e507d0,0x00000000a6e00000)
 Metaspace       used 20909K, capacity 21173K, committed 21552K, reserved 1069056K
  class space    used 1978K, capacity 2056K, committed 2176K, reserved 1048576K
GC Heap History (10 events):
Event: 2,474 GC heap before
{Heap before GC invocations=3 (full 0):
 PSYoungGen      total 28160K, used 28148K [0x00000000e0f80000, 0x00000000e2e80000, 0x0000000100000000)
  eden space 24576K, 100% used [0x00000000e0f80000,0x00000000e2780000,0x00000000e2780000)
  from space 3584K, 99% used [0x00000000e2b00000,0x00000000e2e7d2c0,0x00000000e2e80000)
  to   space 3584K, 0% used [0x00000000e2780000,0x00000000e2780000,0x00000000e2b00000)
 ParOldGen       total 64512K, used 5561K [0x00000000a2e00000, 0x00000000a6d00000, 0x00000000e0f80000)
  object space 64512K, 8% used [0x00000000a2e00000,0x00000000a336e760,0x00000000a6d00000)
 Metaspace       used 20385K, capacity 20643K, committed 21120K, reserved 1069056K
  class space    used 1974K, capacity 2053K, committed 2176K, reserved 1048576K
Event: 2,481 GC heap after
Heap after GC invocations=3 (full 0):
 PSYoungGen      total 28160K, used 3554K [0x00000000e0f80000, 0x00000000e2e80000, 0x0000000100000000)
  eden space 24576K, 0% used [0x00000000e0f80000,0x00000000e0f80000,0x00000000e2780000)
  from space 3584K, 99% used [0x00000000e2780000,0x00000000e2af8a80,0x00000000e2b00000)
  to   space 3584K, 0% used [0x00000000e2b00000,0x00000000e2b00000,0x00000000e2e80000)
 ParOldGen       total 64512K, used 13188K [0x00000000a2e00000, 0x00000000a6d00000, 0x00000000e0f80000)
  object space 64512K, 20% used [0x00000000a2e00000,0x00000000a3ae1390,0x00000000a6d00000)
 Metaspace       used 20385K, capacity 20643K, committed 21120K, reserved 1069056K
  class space    used 1974K, capacity 2053K, committed 2176K, reserved 1048576K
}
Event: 4,672 GC heap before
{Heap before GC invocations=4 (full 0):
 PSYoungGen      total 28160K, used 28130K [0x00000000e0f80000, 0x00000000e2e80000, 0x0000000100000000)
  eden space 24576K, 100% used [0x00000000e0f80000,0x00000000e2780000,0x00000000e2780000)
  from space 3584K, 99% used [0x00000000e2780000,0x00000000e2af8a80,0x00000000e2b00000)
  to   space 3584K, 0% used [0x00000000e2b00000,0x00000000e2b00000,0x00000000e2e80000)
 ParOldGen       total 64512K, used 13188K [0x00000000a2e00000, 0x00000000a6d00000, 0x00000000e0f80000)
  object space 64512K, 20% used [0x00000000a2e00000,0x00000000a3ae1390,0x00000000a6d00000)
 Metaspace       used 20622K, capacity 20917K, committed 21296K, reserved 1069056K
  class space    used 1976K, capacity 2056K, committed 2176K, reserved 1048576K
Event: 4,678 GC heap after
Heap after GC invocations=4 (full 0):
 PSYoungGen      total 28160K, used 3522K [0x00000000e0f80000, 0x00000000e2e80000, 0x0000000100000000)
  eden space 24576K, 0% used [0x00000000e0f80000,0x00000000e0f80000,0x00000000e2780000)
  from space 3584K, 98% used [0x00000000e2b00000,0x00000000e2e70a70,0x00000000e2e80000)
  to   space 3584K, 0% used [0x00000000e2780000,0x00000000e2780000,0x00000000e2b00000)
 ParOldGen       total 64512K, used 14981K [0x00000000a2e00000, 0x00000000a6d00000, 0x00000000e0f80000)
  object space 64512K, 23% used [0x00000000a2e00000,0x00000000a3ca1400,0x00000000a6d00000)
 Metaspace       used 20622K, capacity 20917K, committed 21296K, reserved 1069056K
  class space    used 1976K, capacity 2056K, committed 2176K, reserved 1048576K
}
Event: 6,674 GC heap before
{Heap before GC invocations=5 (full 0):
 PSYoungGen      total 28160K, used 12757K [0x00000000e0f80000, 0x00000000e2e80000, 0x0000000100000000)
  eden space 24576K, 37% used [0x00000000e0f80000,0x00000000e1884d30,0x00000000e2780000)
  from space 3584K, 98% used [0x00000000e2b00000,0x00000000e2e70a70,0x00000000e2e80000)
  to   space 3584K, 0% used [0x00000000e2780000,0x00000000e2780000,0x00000000e2b00000)
 ParOldGen       total 64512K, used 14981K [0x00000000a2e00000, 0x00000000a6d00000, 0x00000000e0f80000)
  object space 64512K, 23% used [0x00000000a2e00000,0x00000000a3ca1400,0x00000000a6d00000)
 Metaspace       used 20744K, capacity 20981K, committed 21296K, reserved 1069056K
  class space    used 1976K, capacity 2056K, committed 2176K, reserved 1048576K
Event: 6,680 GC heap after
Heap after GC invocations=5 (full 0):
 PSYoungGen      total 27648K, used 3458K [0x00000000e0f80000, 0x00000000e4100000, 0x0000000100000000)
  eden space 24064K, 0% used [0x00000000e0f80000,0x00000000e0f80000,0x00000000e2700000)
  from space 3584K, 96% used [0x00000000e2780000,0x00000000e2ae0a70,0x00000000e2b00000)
  to   space 13312K, 0% used [0x00000000e3400000,0x00000000e3400000,0x00000000e4100000)
 ParOldGen       total 64512K, used 14981K [0x00000000a2e00000, 0x00000000a6d00000, 0x00000000e0f80000)
  object space 64512K, 23% used [0x00000000a2e00000,0x00000000a3ca1400,0x00000000a6d00000)
 Metaspace       used 20744K, capacity 20981K, committed 21296K, reserved 1069056K
  class space    used 1976K, capacity 2056K, committed 2176K, reserved 1048576K
}
Event: 6,680 GC heap before
{Heap before GC invocations=6 (full 1):
 PSYoungGen      total 27648K, used 3458K [0x00000000e0f80000, 0x00000000e4100000, 0x0000000100000000)
  eden space 24064K, 0% used [0x00000000e0f80000,0x00000000e0f80000,0x00000000e2700000)
  from space 3584K, 96% used [0x00000000e2780000,0x00000000e2ae0a70,0x00000000e2b00000)
  to   space 13312K, 0% used [0x00000000e3400000,0x00000000e3400000,0x00000000e4100000)
 ParOldGen       total 64512K, used 14981K [0x00000000a2e00000, 0x00000000a6d00000, 0x00000000e0f80000)
  object space 64512K, 23% used [0x00000000a2e00000,0x00000000a3ca1400,0x00000000a6d00000)
 Metaspace       used 20744K, capacity 20981K, committed 21296K, reserved 1069056K
  class space    used 1976K, capacity 2056K, committed 2176K, reserved 1048576K
Event: 6,749 GC heap after
Heap after GC invocations=6 (full 1):
 PSYoungGen      total 27648K, used 0K [0x00000000e0f80000, 0x00000000e4100000, 0x0000000100000000)
  eden space 24064K, 0% used [0x00000000e0f80000,0x00000000e0f80000,0x00000000e2700000)
  from space 3584K, 0% used [0x00000000e2780000,0x00000000e2780000,0x00000000e2b00000)
  to   space 13312K, 0% used [0x00000000e3400000,0x00000000e3400000,0x00000000e4100000)
 ParOldGen       total 65536K, used 16697K [0x00000000a2e00000, 0x00000000a6e00000, 0x00000000e0f80000)
  object space 65536K, 25% used [0x00000000a2e00000,0x00000000a3e4e7d0,0x00000000a6e00000)
 Metaspace       used 20744K, capacity 20981K, committed 21296K, reserved 1069056K
  class space    used 1976K, capacity 2056K, committed 2176K, reserved 1048576K
}
Event: 11,966 GC heap before
{Heap before GC invocations=7 (full 1):
 PSYoungGen      total 27648K, used 24064K [0x00000000e0f80000, 0x00000000e4100000, 0x0000000100000000)
  eden space 24064K, 100% used [0x00000000e0f80000,0x00000000e2700000,0x00000000e2700000)
  from space 3584K, 0% used [0x00000000e2780000,0x00000000e2780000,0x00000000e2b00000)
  to   space 13312K, 0% used [0x00000000e3400000,0x00000000e3400000,0x00000000e4100000)
 ParOldGen       total 65536K, used 16697K [0x00000000a2e00000, 0x00000000a6e00000, 0x00000000e0f80000)
  object space 65536K, 25% used [0x00000000a2e00000,0x00000000a3e4e7d0,0x00000000a6e00000)
 Metaspace       used 20896K, capacity 21173K, committed 21552K, reserved 1069056K
  class space    used 1976K, capacity 2056K, committed 2176K, reserved 1048576K
Event: 11,969 GC heap after
Heap after GC invocations=7 (full 1):
 PSYoungGen      total 36864K, used 256K [0x00000000e0f80000, 0x00000000e4a00000, 0x0000000100000000)
  eden space 23552K, 0% used [0x00000000e0f80000,0x00000000e0f80000,0x00000000e2680000)
  from space 13312K, 1% used [0x00000000e3400000,0x00000000e3440000,0x00000000e4100000)
  to   space 13824K, 0% used [0x00000000e2680000,0x00000000e2680000,0x00000000e3400000)
 ParOldGen       total 65536K, used 16705K [0x00000000a2e00000, 0x00000000a6e00000, 0x00000000e0f80000)
  object space 65536K, 25% used [0x00000000a2e00000,0x00000000a3e507d0,0x00000000a6e00000)
 Metaspace       used 20896K, capacity 21173K, committed 21552K, reserved 1069056K
  class space    used 1976K, capacity 2056K, committed 2176K, reserved 1048576K
}

