# JRE version: Java(TM) SE Runtime Environment (8.0_92-b14) (build 1.8.0_92-b14)
# Java VM: Java HotSpot(TM) 64-Bit Server VM (25.92-b14 mixed mode linux-amd64 compressed oops)
Heap:
 PSYoungGen      total 33280K, used 2795K [0x00000000e0f80000, 0x00000000e3e80000, 0x0000000100000000)
  eden space 23552K, 11% used [0x00000000e0f80000,0x00000000e123aec0,0x00000000e2680000)
  from space 9728K, 0% used [0x00000000e3500000,0x00000000e3500000,0x00000000e3e80000)
  to   space 12288K, 0% used [0x00000000e2680000,0x00000000e2680000,0x00000000e3280000)
 ParOldGen       total 66048K, used 23804K [0x00000000a2e00000, 0x00000000a6e80000, 0x00000000e0f80000)
  object space 66048K, 36% used [0x00000000a2e00000,0x00000000a453f328,0x00000000a6e80000)
 Metaspace       used 20850K, capacity 21119K, committed 21552K, reserved 1069056K
  class space    used 1963K, capacity 2057K, committed 2176K, reserved 1048576K
GC Heap History (10 events):
Event: 4,948 GC heap before
{Heap before GC invocations=3 (full 0):
 PSYoungGen      total 28160K, used 28144K [0x00000000e0f80000, 0x00000000e4680000, 0x0000000100000000)
  eden space 24576K, 100% used [0x00000000e0f80000,0x00000000e2780000,0x00000000e2780000)
  from space 3584K, 99% used [0x00000000e4300000,0x00000000e467c060,0x00000000e4680000)
  to   space 3584K, 0% used [0x00000000e2780000,0x00000000e2780000,0x00000000e2b00000)
 ParOldGen       total 64512K, used 5573K [0x00000000a2e00000, 0x00000000a6d00000, 0x00000000e0f80000)
  object space 64512K, 8% used [0x00000000a2e00000,0x00000000a3371728,0x00000000a6d00000)
 Metaspace       used 20325K, capacity 20597K, committed 21120K, reserved 1069056K
  class space    used 1956K, capacity 2056K, committed 2176K, reserved 1048576K
Event: 4,957 GC heap after
Heap after GC invocations=3 (full 0):
 PSYoungGen      total 28160K, used 3555K [0x00000000e0f80000, 0x00000000e4380000, 0x0000000100000000)
  eden space 24576K, 0% used [0x00000000e0f80000,0x00000000e0f80000,0x00000000e2780000)
  from space 3584K, 99% used [0x00000000e2780000,0x00000000e2af8fa0,0x00000000e2b00000)
  to   space 3584K, 0% used [0x00000000e4000000,0x00000000e4000000,0x00000000e4380000)
 ParOldGen       total 64512K, used 12250K [0x00000000a2e00000, 0x00000000a6d00000, 0x00000000e0f80000)
  object space 64512K, 18% used [0x00000000a2e00000,0x00000000a39f6b58,0x00000000a6d00000)
 Metaspace       used 20325K, capacity 20597K, committed 21120K, reserved 1069056K
  class space    used 1956K, capacity 2056K, committed 2176K, reserved 1048576K
}
Event: 8,194 GC heap before
{Heap before GC invocations=4 (full 0):
 PSYoungGen      total 28160K, used 28070K [0x00000000e0f80000, 0x00000000e4380000, 0x0000000100000000)
  eden space 24576K, 99% used [0x00000000e0f80000,0x00000000e27709b8,0x00000000e2780000)
  from space 3584K, 99% used [0x00000000e2780000,0x00000000e2af8fa0,0x00000000e2b00000)
  to   space 3584K, 0% used [0x00000000e4000000,0x00000000e4000000,0x00000000e4380000)
 ParOldGen       total 64512K, used 12250K [0x00000000a2e00000, 0x00000000a6d00000, 0x00000000e0f80000)
  object space 64512K, 18% used [0x00000000a2e00000,0x00000000a39f6b58,0x00000000a6d00000)
 Metaspace       used 20672K, capacity 20923K, committed 21296K, reserved 1069056K
  class space    used 1961K, capacity 2057K, committed 2176K, reserved 1048576K
Event: 8,204 GC heap after
Heap after GC invocations=4 (full 0):
 PSYoungGen      total 28160K, used 3569K [0x00000000e0f80000, 0x00000000e4380000, 0x0000000100000000)
  eden space 24576K, 0% used [0x00000000e0f80000,0x00000000e0f80000,0x00000000e2780000)
  from space 3584K, 99% used [0x00000000e4000000,0x00000000e437c7b0,0x00000000e4380000)
  to   space 3584K, 0% used [0x00000000e2780000,0x00000000e2780000,0x00000000e2b00000)
 ParOldGen       total 64512K, used 16463K [0x00000000a2e00000, 0x00000000a6d00000, 0x00000000e0f80000)
  object space 64512K, 25% used [0x00000000a2e00000,0x00000000a3e13f08,0x00000000a6d00000)
 Metaspace       used 20672K, capacity 20923K, committed 21296K, reserved 1069056K
  class space    used 1961K, capacity 2057K, committed 2176K, reserved 1048576K
}
Event: 9,791 GC heap before
{Heap before GC invocations=5 (full 0):
 PSYoungGen      total 28160K, used 28145K [0x00000000e0f80000, 0x00000000e4380000, 0x0000000100000000)
  eden space 24576K, 100% used [0x00000000e0f80000,0x00000000e2780000,0x00000000e2780000)
  from space 3584K, 99% used [0x00000000e4000000,0x00000000e437c7b0,0x00000000e4380000)
  to   space 3584K, 0% used [0x00000000e2780000,0x00000000e2780000,0x00000000e2b00000)
 ParOldGen       total 64512K, used 16463K [0x00000000a2e00000, 0x00000000a6d00000, 0x00000000e0f80000)
  object space 64512K, 25% used [0x00000000a2e00000,0x00000000a3e13f08,0x00000000a6d00000)
 Metaspace       used 20727K, capacity 20987K, committed 21296K, reserved 1069056K
  class space    used 1961K, capacity 2057K, committed 2176K, reserved 1048576K
Event: 9,800 GC heap after
Heap after GC invocations=5 (full 0):
 PSYoungGen      total 27648K, used 3552K [0x00000000e0f80000, 0x00000000e4080000, 0x0000000100000000)
  eden space 24064K, 0% used [0x00000000e0f80000,0x00000000e0f80000,0x00000000e2700000)
  from space 3584K, 99% used [0x00000000e2780000,0x00000000e2af8080,0x00000000e2b00000)
  to   space 11776K, 0% used [0x00000000e3500000,0x00000000e3500000,0x00000000e4080000)
 ParOldGen       total 64512K, used 22056K [0x00000000a2e00000, 0x00000000a6d00000, 0x00000000e0f80000)
  object space 64512K, 34% used [0x00000000a2e00000,0x00000000a438a058,0x00000000a6d00000)
 Metaspace       used 20727K, capacity 20987K, committed 21296K, reserved 1069056K
  class space    used 1961K, capacity 2057K, committed 2176K, reserved 1048576K
}
Event: 10,455 GC heap before
{Heap before GC invocations=6 (full 0):
 PSYoungGen      total 27648K, used 7780K [0x00000000e0f80000, 0x00000000e4080000, 0x0000000100000000)
  eden space 24064K, 17% used [0x00000000e0f80000,0x00000000e13a12f0,0x00000000e2700000)
  from space 3584K, 99% used [0x00000000e2780000,0x00000000e2af8080,0x00000000e2b00000)
  to   space 11776K, 0% used [0x00000000e3500000,0x00000000e3500000,0x00000000e4080000)
 ParOldGen       total 64512K, used 22056K [0x00000000a2e00000, 0x00000000a6d00000, 0x00000000e0f80000)
  object space 64512K, 34% used [0x00000000a2e00000,0x00000000a438a058,0x00000000a6d00000)
 Metaspace       used 20738K, capacity 20987K, committed 21296K, reserved 1069056K
  class space    used 1961K, capacity 2057K, committed 2176K, reserved 1048576K
Event: 10,465 GC heap after
Heap after GC invocations=6 (full 0):
 PSYoungGen      total 33280K, used 3824K [0x00000000e0f80000, 0x00000000e3e80000, 0x0000000100000000)
  eden space 23552K, 0% used [0x00000000e0f80000,0x00000000e0f80000,0x00000000e2680000)
  from space 9728K, 39% used [0x00000000e3500000,0x00000000e38bc080,0x00000000e3e80000)
  to   space 12288K, 0% used [0x00000000e2680000,0x00000000e2680000,0x00000000e3280000)
 ParOldGen       total 64512K, used 22064K [0x00000000a2e00000, 0x00000000a6d00000, 0x00000000e0f80000)
  object space 64512K, 34% used [0x00000000a2e00000,0x00000000a438c058,0x00000000a6d00000)
 Metaspace       used 20738K, capacity 20987K, committed 21296K, reserved 1069056K
  class space    used 1961K, capacity 2057K, committed 2176K, reserved 1048576K
}
Event: 10,465 GC heap before
{Heap before GC invocations=7 (full 1):
 PSYoungGen      total 33280K, used 3824K [0x00000000e0f80000, 0x00000000e3e80000, 0x0000000100000000)
  eden space 23552K, 0% used [0x00000000e0f80000,0x00000000e0f80000,0x00000000e2680000)
  from space 9728K, 39% used [0x00000000e3500000,0x00000000e38bc080,0x00000000e3e80000)
  to   space 12288K, 0% used [0x00000000e2680000,0x00000000e2680000,0x00000000e3280000)
 ParOldGen       total 64512K, used 22064K [0x00000000a2e00000, 0x00000000a6d00000, 0x00000000e0f80000)
  object space 64512K, 34% used [0x00000000a2e00000,0x00000000a438c058,0x00000000a6d00000)
 Metaspace       used 20738K, capacity 20987K, committed 21296K, reserved 1069056K
  class space    used 1961K, capacity 2057K, committed 2176K, reserved 1048576K
Event: 10,509 GC heap after
Heap after GC invocations=7 (full 1):
 PSYoungGen      total 33280K, used 0K [0x00000000e0f80000, 0x00000000e3e80000, 0x0000000100000000)
  eden space 23552K, 0% used [0x00000000e0f80000,0x00000000e0f80000,0x00000000e2680000)
  from space 9728K, 0% used [0x00000000e3500000,0x00000000e3500000,0x00000000e3e80000)
  to   space 12288K, 0% used [0x00000000e2680000,0x00000000e2680000,0x00000000e3280000)
 ParOldGen       total 66048K, used 23804K [0x00000000a2e00000, 0x00000000a6e80000, 0x00000000e0f80000)
  object space 66048K, 36% used [0x00000000a2e00000,0x00000000a453f328,0x00000000a6e80000)
 Metaspace       used 20738K, capacity 20987K, committed 21296K, reserved 1069056K
  class space    used 1961K, capacity 2057K, committed 2176K, reserved 1048576K
}

