# JRE version: Java(TM) SE Runtime Environment (8.0_92-b14) (build 1.8.0_92-b14)
# Java VM: Java HotSpot(TM) 64-Bit Server VM (25.92-b14 mixed mode linux-amd64 compressed oops)
Heap:
 PSYoungGen      total 80896K, used 14116K [0x00000000e0f80000, 0x00000000e7900000, 0x0000000100000000)
  eden space 78336K, 14% used [0x00000000e0f80000,0x00000000e1ae91f8,0x00000000e5c00000)
  from space 2560K, 95% used [0x00000000e6e80000,0x00000000e70e0080,0x00000000e7100000)
  to   space 8192K, 0% used [0x00000000e7100000,0x00000000e7100000,0x00000000e7900000)
 ParOldGen       total 68608K, used 16725K [0x00000000a2e00000, 0x00000000a7100000, 0x00000000e0f80000)
  object space 68608K, 24% used [0x00000000a2e00000,0x00000000a3e55460,0x00000000a7100000)
 Metaspace       used 21556K, capacity 21865K, committed 22320K, reserved 1069056K
  class space    used 2005K, capacity 2090K, committed 2176K, reserved 1048576K
GC Heap History (10 events):
Event: 1,738 GC heap before
{Heap before GC invocations=2 (full 0):
 PSYoungGen      total 28160K, used 26073K [0x00000000e0f80000, 0x00000000e4680000, 0x0000000100000000)
  eden space 24576K, 91% used [0x00000000e0f80000,0x00000000e257d308,0x00000000e2780000)
  from space 3584K, 99% used [0x00000000e2780000,0x00000000e2af91a0,0x00000000e2b00000)
  to   space 3584K, 0% used [0x00000000e4300000,0x00000000e4300000,0x00000000e4680000)
 ParOldGen       total 64512K, used 729K [0x00000000a2e00000, 0x00000000a6d00000, 0x00000000e0f80000)
  object space 64512K, 1% used [0x00000000a2e00000,0x00000000a2eb67a0,0x00000000a6d00000)
 Metaspace       used 19712K, capacity 19937K, committed 20224K, reserved 1067008K
  class space    used 1928K, capacity 1988K, committed 2048K, reserved 1048576K
Event: 1,752 GC heap after
Heap after GC invocations=2 (full 0):
 PSYoungGen      total 52736K, used 3556K [0x00000000e0f80000, 0x00000000e4680000, 0x0000000100000000)
  eden space 49152K, 0% used [0x00000000e0f80000,0x00000000e0f80000,0x00000000e3f80000)
  from space 3584K, 99% used [0x00000000e4300000,0x00000000e4679270,0x00000000e4680000)
  to   space 3584K, 0% used [0x00000000e3f80000,0x00000000e3f80000,0x00000000e4300000)
 ParOldGen       total 64512K, used 5664K [0x00000000a2e00000, 0x00000000a6d00000, 0x00000000e0f80000)
  object space 64512K, 8% used [0x00000000a2e00000,0x00000000a33881a8,0x00000000a6d00000)
 Metaspace       used 19712K, capacity 19937K, committed 20224K, reserved 1067008K
  class space    used 1928K, capacity 1988K, committed 2048K, reserved 1048576K
}
Event: 2,596 GC heap before
{Heap before GC invocations=3 (full 0):
 PSYoungGen      total 52736K, used 37081K [0x00000000e0f80000, 0x00000000e4680000, 0x0000000100000000)
  eden space 49152K, 68% used [0x00000000e0f80000,0x00000000e303d218,0x00000000e3f80000)
  from space 3584K, 99% used [0x00000000e4300000,0x00000000e4679270,0x00000000e4680000)
  to   space 3584K, 0% used [0x00000000e3f80000,0x00000000e3f80000,0x00000000e4300000)
 ParOldGen       total 64512K, used 5664K [0x00000000a2e00000, 0x00000000a6d00000, 0x00000000e0f80000)
  object space 64512K, 8% used [0x00000000a2e00000,0x00000000a33881a8,0x00000000a6d00000)
 Metaspace       used 20760K, capacity 20983K, committed 21296K, reserved 1069056K
  class space    used 1998K, capacity 2055K, committed 2176K, reserved 1048576K
Event: 2,608 GC heap after
Heap after GC invocations=3 (full 0):
 PSYoungGen      total 52736K, used 3572K [0x00000000e0f80000, 0x00000000e7680000, 0x0000000100000000)
  eden space 49152K, 0% used [0x00000000e0f80000,0x00000000e0f80000,0x00000000e3f80000)
  from space 3584K, 99% used [0x00000000e3f80000,0x00000000e42fd280,0x00000000e4300000)
  to   space 3584K, 0% used [0x00000000e7300000,0x00000000e7300000,0x00000000e7680000)
 ParOldGen       total 64512K, used 14450K [0x00000000a2e00000, 0x00000000a6d00000, 0x00000000e0f80000)
  object space 64512K, 22% used [0x00000000a2e00000,0x00000000a3c1cb70,0x00000000a6d00000)
 Metaspace       used 20760K, capacity 20983K, committed 21296K, reserved 1069056K
  class space    used 1998K, capacity 2055K, committed 2176K, reserved 1048576K
}
Event: 2,608 GC heap before
{Heap before GC invocations=4 (full 1):
 PSYoungGen      total 52736K, used 3572K [0x00000000e0f80000, 0x00000000e7680000, 0x0000000100000000)
  eden space 49152K, 0% used [0x00000000e0f80000,0x00000000e0f80000,0x00000000e3f80000)
  from space 3584K, 99% used [0x00000000e3f80000,0x00000000e42fd280,0x00000000e4300000)
  to   space 3584K, 0% used [0x00000000e7300000,0x00000000e7300000,0x00000000e7680000)
 ParOldGen       total 64512K, used 14450K [0x00000000a2e00000, 0x00000000a6d00000, 0x00000000e0f80000)
  object space 64512K, 22% used [0x00000000a2e00000,0x00000000a3c1cb70,0x00000000a6d00000)
 Metaspace       used 20760K, capacity 20983K, committed 21296K, reserved 1069056K
  class space    used 1998K, capacity 2055K, committed 2176K, reserved 1048576K
Event: 2,668 GC heap after
Heap after GC invocations=4 (full 1):
 PSYoungGen      total 52736K, used 0K [0x00000000e0f80000, 0x00000000e7680000, 0x0000000100000000)
  eden space 49152K, 0% used [0x00000000e0f80000,0x00000000e0f80000,0x00000000e3f80000)
  from space 3584K, 0% used [0x00000000e3f80000,0x00000000e3f80000,0x00000000e4300000)
  to   space 3584K, 0% used [0x00000000e7300000,0x00000000e7300000,0x00000000e7680000)
 ParOldGen       total 68608K, used 16709K [0x00000000a2e00000, 0x00000000a7100000, 0x00000000e0f80000)
  object space 68608K, 24% used [0x00000000a2e00000,0x00000000a3e51460,0x00000000a7100000)
 Metaspace       used 20760K, capacity 20983K, committed 21296K, reserved 1069056K
  class space    used 1998K, capacity 2055K, committed 2176K, reserved 1048576K
}
Event: 7,254 GC heap before
{Heap before GC invocations=5 (full 1):
 PSYoungGen      total 52736K, used 49152K [0x00000000e0f80000, 0x00000000e7680000, 0x0000000100000000)
  eden space 49152K, 100% used [0x00000000e0f80000,0x00000000e3f80000,0x00000000e3f80000)
  from space 3584K, 0% used [0x00000000e3f80000,0x00000000e3f80000,0x00000000e4300000)
  to   space 3584K, 0% used [0x00000000e7300000,0x00000000e7300000,0x00000000e7680000)
 ParOldGen       total 68608K, used 16709K [0x00000000a2e00000, 0x00000000a7100000, 0x00000000e0f80000)
  object space 68608K, 24% used [0x00000000a2e00000,0x00000000a3e51460,0x00000000a7100000)
 Metaspace       used 21210K, capacity 21449K, committed 21808K, reserved 1069056K
  class space    used 2000K, capacity 2058K, committed 2176K, reserved 1048576K
Event: 7,257 GC heap after
Heap after GC invocations=5 (full 1):
 PSYoungGen      total 66048K, used 2368K [0x00000000e0f80000, 0x00000000e7580000, 0x0000000100000000)
  eden space 63488K, 0% used [0x00000000e0f80000,0x00000000e0f80000,0x00000000e4d80000)
  from space 2560K, 92% used [0x00000000e7300000,0x00000000e7550080,0x00000000e7580000)
  to   space 3584K, 0% used [0x00000000e6e80000,0x00000000e6e80000,0x00000000e7200000)
 ParOldGen       total 68608K, used 16717K [0x00000000a2e00000, 0x00000000a7100000, 0x00000000e0f80000)
  object space 68608K, 24% used [0x00000000a2e00000,0x00000000a3e53460,0x00000000a7100000)
 Metaspace       used 21210K, capacity 21449K, committed 21808K, reserved 1069056K
  class space    used 2000K, capacity 2058K, committed 2176K, reserved 1048576K
}
Event: 17,188 GC heap before
{Heap before GC invocations=6 (full 1):
 PSYoungGen      total 66048K, used 65856K [0x00000000e0f80000, 0x00000000e7580000, 0x0000000100000000)
  eden space 63488K, 100% used [0x00000000e0f80000,0x00000000e4d80000,0x00000000e4d80000)
  from space 2560K, 92% used [0x00000000e7300000,0x00000000e7550080,0x00000000e7580000)
  to   space 3584K, 0% used [0x00000000e6e80000,0x00000000e6e80000,0x00000000e7200000)
 ParOldGen       total 68608K, used 16717K [0x00000000a2e00000, 0x00000000a7100000, 0x00000000e0f80000)
  object space 68608K, 24% used [0x00000000a2e00000,0x00000000a3e53460,0x00000000a7100000)
 Metaspace       used 21503K, capacity 21769K, committed 22064K, reserved 1069056K
  class space    used 2002K, capacity 2058K, committed 2176K, reserved 1048576K
Event: 17,192 GC heap after
Heap after GC invocations=6 (full 1):
 PSYoungGen      total 80896K, used 2432K [0x00000000e0f80000, 0x00000000e7900000, 0x0000000100000000)
  eden space 78336K, 0% used [0x00000000e0f80000,0x00000000e0f80000,0x00000000e5c00000)
  from space 2560K, 95% used [0x00000000e6e80000,0x00000000e70e0080,0x00000000e7100000)
  to   space 8192K, 0% used [0x00000000e7100000,0x00000000e7100000,0x00000000e7900000)
 ParOldGen       total 68608K, used 16725K [0x00000000a2e00000, 0x00000000a7100000, 0x00000000e0f80000)
  object space 68608K, 24% used [0x00000000a2e00000,0x00000000a3e55460,0x00000000a7100000)
 Metaspace       used 21503K, capacity 21769K, committed 22064K, reserved 1069056K
  class space    used 2002K, capacity 2058K, committed 2176K, reserved 1048576K
}

