# JRE version: Java(TM) SE Runtime Environment (8.0_92-b14) (build 1.8.0_92-b14)
# Java VM: Java HotSpot(TM) 64-Bit Server VM (25.92-b14 mixed mode linux-amd64 compressed oops)
Heap:
 PSYoungGen      total 111104K, used 74266K [0x00000000e0f80000, 0x00000000e8880000, 0x0000000100000000)
  eden space 98304K, 75% used [0x00000000e0f80000,0x00000000e5806ba8,0x00000000e6f80000)
  from space 12800K, 0% used [0x00000000e7c00000,0x00000000e7c00000,0x00000000e8880000)
  to   space 12800K, 0% used [0x00000000e6f80000,0x00000000e6f80000,0x00000000e7c00000)
 ParOldGen       total 62464K, used 24162K [0x00000000a2e00000, 0x00000000a6b00000, 0x00000000e0f80000)
  object space 62464K, 38% used [0x00000000a2e00000,0x00000000a4598948,0x00000000a6b00000)
 Metaspace       used 21464K, capacity 21723K, committed 22140K, reserved 1069056K
  class space    used 2021K, capacity 2089K, committed 2176K, reserved 1048576K
GC Heap History (10 events):
Event: 2,480 GC heap before
{Heap before GC invocations=3 (full 0):
 PSYoungGen      total 28160K, used 27941K [0x00000000e0f80000, 0x00000000e4680000, 0x0000000100000000)
  eden space 24576K, 99% used [0x00000000e0f80000,0x00000000e2751750,0x00000000e2780000)
  from space 3584K, 99% used [0x00000000e2b00000,0x00000000e2e78090,0x00000000e2e80000)
  to   space 3584K, 0% used [0x00000000e2780000,0x00000000e2780000,0x00000000e2b00000)
 ParOldGen       total 64512K, used 6021K [0x00000000a2e00000, 0x00000000a6d00000, 0x00000000e0f80000)
  object space 64512K, 9% used [0x00000000a2e00000,0x00000000a33e16f8,0x00000000a6d00000)
 Metaspace       used 20772K, capacity 21009K, committed 21296K, reserved 1069056K
  class space    used 2013K, capacity 2088K, committed 2176K, reserved 1048576K
Event: 2,490 GC heap after
Heap after GC invocations=3 (full 0):
 PSYoungGen      total 28160K, used 3554K [0x00000000e0f80000, 0x00000000e4680000, 0x0000000100000000)
  eden space 24576K, 0% used [0x00000000e0f80000,0x00000000e0f80000,0x00000000e2780000)
  from space 3584K, 99% used [0x00000000e2780000,0x00000000e2af8910,0x00000000e2b00000)
  to   space 3584K, 0% used [0x00000000e4300000,0x00000000e4300000,0x00000000e4680000)
 ParOldGen       total 64512K, used 13481K [0x00000000a2e00000, 0x00000000a6d00000, 0x00000000e0f80000)
  object space 64512K, 20% used [0x00000000a2e00000,0x00000000a3b2a5f0,0x00000000a6d00000)
 Metaspace       used 20772K, capacity 21009K, committed 21296K, reserved 1069056K
  class space    used 2013K, capacity 2088K, committed 2176K, reserved 1048576K
}
Event: 2,628 GC heap before
{Heap before GC invocations=4 (full 0):
 PSYoungGen      total 28160K, used 17552K [0x00000000e0f80000, 0x00000000e4680000, 0x0000000100000000)
  eden space 24576K, 56% used [0x00000000e0f80000,0x00000000e1d2b7a8,0x00000000e2780000)
  from space 3584K, 99% used [0x00000000e2780000,0x00000000e2af8910,0x00000000e2b00000)
  to   space 3584K, 0% used [0x00000000e4300000,0x00000000e4300000,0x00000000e4680000)
 ParOldGen       total 64512K, used 13481K [0x00000000a2e00000, 0x00000000a6d00000, 0x00000000e0f80000)
  object space 64512K, 20% used [0x00000000a2e00000,0x00000000a3b2a5f0,0x00000000a6d00000)
 Metaspace       used 20787K, capacity 21073K, committed 21552K, reserved 1069056K
  class space    used 2013K, capacity 2088K, committed 2176K, reserved 1048576K
Event: 2,638 GC heap after
Heap after GC invocations=4 (full 0):
 PSYoungGen      total 52736K, used 3552K [0x00000000e0f80000, 0x00000000e4680000, 0x0000000100000000)
  eden space 49152K, 0% used [0x00000000e0f80000,0x00000000e0f80000,0x00000000e3f80000)
  from space 3584K, 99% used [0x00000000e4300000,0x00000000e46780e0,0x00000000e4680000)
  to   space 3584K, 0% used [0x00000000e3f80000,0x00000000e3f80000,0x00000000e4300000)
 ParOldGen       total 64512K, used 17707K [0x00000000a2e00000, 0x00000000a6d00000, 0x00000000e0f80000)
  object space 64512K, 27% used [0x00000000a2e00000,0x00000000a3f4acf0,0x00000000a6d00000)
 Metaspace       used 20787K, capacity 21073K, committed 21552K, reserved 1069056K
  class space    used 2013K, capacity 2088K, committed 2176K, reserved 1048576K
}
Event: 5,661 GC heap before
{Heap before GC invocations=5 (full 0):
 PSYoungGen      total 52736K, used 52704K [0x00000000e0f80000, 0x00000000e4680000, 0x0000000100000000)
  eden space 49152K, 100% used [0x00000000e0f80000,0x00000000e3f80000,0x00000000e3f80000)
  from space 3584K, 99% used [0x00000000e4300000,0x00000000e46780e0,0x00000000e4680000)
  to   space 3584K, 0% used [0x00000000e3f80000,0x00000000e3f80000,0x00000000e4300000)
 ParOldGen       total 64512K, used 19037K [0x00000000a2e00000, 0x00000000a6d00000, 0x00000000e0f80000)
  object space 64512K, 29% used [0x00000000a2e00000,0x00000000a40976a0,0x00000000a6d00000)
 Metaspace       used 21125K, capacity 21335K, committed 21628K, reserved 1069056K
  class space    used 2019K, capacity 2089K, committed 2176K, reserved 1048576K
Event: 5,675 GC heap after
Heap after GC invocations=5 (full 0):
 PSYoungGen      total 52736K, used 3552K [0x00000000e0f80000, 0x00000000e8880000, 0x0000000100000000)
  eden space 49152K, 0% used [0x00000000e0f80000,0x00000000e0f80000,0x00000000e3f80000)
  from space 3584K, 99% used [0x00000000e3f80000,0x00000000e42f8110,0x00000000e4300000)
  to   space 12800K, 0% used [0x00000000e7c00000,0x00000000e7c00000,0x00000000e8880000)
 ParOldGen       total 64512K, used 25886K [0x00000000a2e00000, 0x00000000a6d00000, 0x00000000e0f80000)
  object space 64512K, 40% used [0x00000000a2e00000,0x00000000a4747a98,0x00000000a6d00000)
 Metaspace       used 21125K, capacity 21335K, committed 21628K, reserved 1069056K
  class space    used 2019K, capacity 2089K, committed 2176K, reserved 1048576K
}
Event: 5,743 GC heap before
{Heap before GC invocations=6 (full 0):
 PSYoungGen      total 52736K, used 11228K [0x00000000e0f80000, 0x00000000e8880000, 0x0000000100000000)
  eden space 49152K, 15% used [0x00000000e0f80000,0x00000000e16ff010,0x00000000e3f80000)
  from space 3584K, 99% used [0x00000000e3f80000,0x00000000e42f8110,0x00000000e4300000)
  to   space 12800K, 0% used [0x00000000e7c00000,0x00000000e7c00000,0x00000000e8880000)
 ParOldGen       total 64512K, used 25886K [0x00000000a2e00000, 0x00000000a6d00000, 0x00000000e0f80000)
  object space 64512K, 40% used [0x00000000a2e00000,0x00000000a4747a98,0x00000000a6d00000)
 Metaspace       used 21129K, capacity 21335K, committed 21628K, reserved 1069056K
  class space    used 2019K, capacity 2089K, committed 2176K, reserved 1048576K
Event: 5,754 GC heap after
Heap after GC invocations=6 (full 0):
 PSYoungGen      total 111104K, used 6882K [0x00000000e0f80000, 0x00000000e8880000, 0x0000000100000000)
  eden space 98304K, 0% used [0x00000000e0f80000,0x00000000e0f80000,0x00000000e6f80000)
  from space 12800K, 53% used [0x00000000e7c00000,0x00000000e82b89e0,0x00000000e8880000)
  to   space 12800K, 0% used [0x00000000e6f80000,0x00000000e6f80000,0x00000000e7c00000)
 ParOldGen       total 64512K, used 25886K [0x00000000a2e00000, 0x00000000a6d00000, 0x00000000e0f80000)
  object space 64512K, 40% used [0x00000000a2e00000,0x00000000a4747a98,0x00000000a6d00000)
 Metaspace       used 21129K, capacity 21335K, committed 21628K, reserved 1069056K
  class space    used 2019K, capacity 2089K, committed 2176K, reserved 1048576K
}
Event: 5,754 GC heap before
{Heap before GC invocations=7 (full 1):
 PSYoungGen      total 111104K, used 6882K [0x00000000e0f80000, 0x00000000e8880000, 0x0000000100000000)
  eden space 98304K, 0% used [0x00000000e0f80000,0x00000000e0f80000,0x00000000e6f80000)
  from space 12800K, 53% used [0x00000000e7c00000,0x00000000e82b89e0,0x00000000e8880000)
  to   space 12800K, 0% used [0x00000000e6f80000,0x00000000e6f80000,0x00000000e7c00000)
 ParOldGen       total 64512K, used 25886K [0x00000000a2e00000, 0x00000000a6d00000, 0x00000000e0f80000)
  object space 64512K, 40% used [0x00000000a2e00000,0x00000000a4747a98,0x00000000a6d00000)
 Metaspace       used 21129K, capacity 21335K, committed 21628K, reserved 1069056K
  class space    used 2019K, capacity 2089K, committed 2176K, reserved 1048576K
Event: 5,799 GC heap after
Heap after GC invocations=7 (full 1):
 PSYoungGen      total 111104K, used 0K [0x00000000e0f80000, 0x00000000e8880000, 0x0000000100000000)
  eden space 98304K, 0% used [0x00000000e0f80000,0x00000000e0f80000,0x00000000e6f80000)
  from space 12800K, 0% used [0x00000000e7c00000,0x00000000e7c00000,0x00000000e8880000)
  to   space 12800K, 0% used [0x00000000e6f80000,0x00000000e6f80000,0x00000000e7c00000)
 ParOldGen       total 62464K, used 24162K [0x00000000a2e00000, 0x00000000a6b00000, 0x00000000e0f80000)
  object space 62464K, 38% used [0x00000000a2e00000,0x00000000a4598948,0x00000000a6b00000)
 Metaspace       used 21129K, capacity 21335K, committed 21628K, reserved 1069056K
  class space    used 2019K, capacity 2089K, committed 2176K, reserved 1048576K
}

