# JRE version: Java(TM) SE Runtime Environment (8.0_92-b14) (build 1.8.0_92-b14)
# Java VM: Java HotSpot(TM) 64-Bit Server VM (25.92-b14 mixed mode linux-amd64 compressed oops)
Heap:
 PSYoungGen      total 47616K, used 19960K [0x00000000e0f80000, 0x00000000e4780000, 0x0000000100000000)
  eden space 47104K, 42% used [0x00000000e0f80000,0x00000000e22d6018,0x00000000e3d80000)
  from space 512K, 31% used [0x00000000e3e80000,0x00000000e3ea8000,0x00000000e3f00000)
  to   space 5120K, 0% used [0x00000000e4280000,0x00000000e4280000,0x00000000e4780000)
 ParOldGen       total 66560K, used 18200K [0x00000000a2e00000, 0x00000000a6f00000, 0x00000000e0f80000)
  object space 66560K, 27% used [0x00000000a2e00000,0x00000000a3fc6060,0x00000000a6f00000)
 Metaspace       used 21470K, capacity 21763K, committed 22064K, reserved 1069056K
  class space    used 2000K, capacity 2057K, committed 2176K, reserved 1048576K
GC Heap History (10 events):
Event: 322,058 GC heap before
{Heap before GC invocations=24 (full 1):
 PSYoungGen      total 57856K, used 52416K [0x00000000e0f80000, 0x00000000e5080000, 0x0000000100000000)
  eden space 52224K, 100% used [0x00000000e0f80000,0x00000000e4280000,0x00000000e4280000)
  from space 5632K, 3% used [0x00000000e4b00000,0x00000000e4b30000,0x00000000e5080000)
  to   space 7168K, 0% used [0x00000000e4280000,0x00000000e4280000,0x00000000e4980000)
 ParOldGen       total 66560K, used 18104K [0x00000000a2e00000, 0x00000000a6f00000, 0x00000000e0f80000)
  object space 66560K, 27% used [0x00000000a2e00000,0x00000000a3fae060,0x00000000a6f00000)
 Metaspace       used 21456K, capacity 21699K, committed 22064K, reserved 1069056K
  class space    used 1998K, capacity 2057K, committed 2176K, reserved 1048576K
Event: 322,060 GC heap after
Heap after GC invocations=24 (full 1):
 PSYoungGen      total 51712K, used 256K [0x00000000e0f80000, 0x00000000e4e80000, 0x0000000100000000)
  eden space 51200K, 0% used [0x00000000e0f80000,0x00000000e0f80000,0x00000000e4180000)
  from space 512K, 50% used [0x00000000e4280000,0x00000000e42c0000,0x00000000e4300000)
  to   space 6656K, 0% used [0x00000000e4800000,0x00000000e4800000,0x00000000e4e80000)
 ParOldGen       total 66560K, used 18144K [0x00000000a2e00000, 0x00000000a6f00000, 0x00000000e0f80000)
  object space 66560K, 27% used [0x00000000a2e00000,0x00000000a3fb8060,0x00000000a6f00000)
 Metaspace       used 21456K, capacity 21699K, committed 22064K, reserved 1069056K
  class space    used 1998K, capacity 2057K, committed 2176K, reserved 1048576K
}
Event: 337,465 GC heap before
{Heap before GC invocations=25 (full 1):
 PSYoungGen      total 51712K, used 51456K [0x00000000e0f80000, 0x00000000e4e80000, 0x0000000100000000)
  eden space 51200K, 100% used [0x00000000e0f80000,0x00000000e4180000,0x00000000e4180000)
  from space 512K, 50% used [0x00000000e4280000,0x00000000e42c0000,0x00000000e4300000)
  to   space 6656K, 0% used [0x00000000e4800000,0x00000000e4800000,0x00000000e4e80000)
 ParOldGen       total 66560K, used 18144K [0x00000000a2e00000, 0x00000000a6f00000, 0x00000000e0f80000)
  object space 66560K, 27% used [0x00000000a2e00000,0x00000000a3fb8060,0x00000000a6f00000)
 Metaspace       used 21456K, capacity 21699K, committed 22064K, reserved 1069056K
  class space    used 1998K, capacity 2057K, committed 2176K, reserved 1048576K
Event: 337,467 GC heap after
Heap after GC invocations=25 (full 1):
 PSYoungGen      total 55808K, used 160K [0x00000000e0f80000, 0x00000000e4d80000, 0x0000000100000000)
  eden space 50176K, 0% used [0x00000000e0f80000,0x00000000e0f80000,0x00000000e4080000)
  from space 5632K, 2% used [0x00000000e4800000,0x00000000e4828000,0x00000000e4d80000)
  to   space 6656K, 0% used [0x00000000e4080000,0x00000000e4080000,0x00000000e4700000)
 ParOldGen       total 66560K, used 18168K [0x00000000a2e00000, 0x00000000a6f00000, 0x00000000e0f80000)
  object space 66560K, 27% used [0x00000000a2e00000,0x00000000a3fbe060,0x00000000a6f00000)
 Metaspace       used 21456K, capacity 21699K, committed 22064K, reserved 1069056K
  class space    used 1998K, capacity 2057K, committed 2176K, reserved 1048576K
}
Event: 352,547 GC heap before
{Heap before GC invocations=26 (full 1):
 PSYoungGen      total 55808K, used 50336K [0x00000000e0f80000, 0x00000000e4d80000, 0x0000000100000000)
  eden space 50176K, 100% used [0x00000000e0f80000,0x00000000e4080000,0x00000000e4080000)
  from space 5632K, 2% used [0x00000000e4800000,0x00000000e4828000,0x00000000e4d80000)
  to   space 6656K, 0% used [0x00000000e4080000,0x00000000e4080000,0x00000000e4700000)
 ParOldGen       total 66560K, used 18168K [0x00000000a2e00000, 0x00000000a6f00000, 0x00000000e0f80000)
  object space 66560K, 27% used [0x00000000a2e00000,0x00000000a3fbe060,0x00000000a6f00000)
 Metaspace       used 21456K, capacity 21699K, committed 22064K, reserved 1069056K
  class space    used 1998K, capacity 2057K, committed 2176K, reserved 1048576K
Event: 352,550 GC heap after
Heap after GC invocations=26 (full 1):
 PSYoungGen      total 49664K, used 128K [0x00000000e0f80000, 0x00000000e4b80000, 0x0000000100000000)
  eden space 49152K, 0% used [0x00000000e0f80000,0x00000000e0f80000,0x00000000e3f80000)
  from space 512K, 25% used [0x00000000e4080000,0x00000000e40a0000,0x00000000e4100000)
  to   space 6144K, 0% used [0x00000000e4580000,0x00000000e4580000,0x00000000e4b80000)
 ParOldGen       total 66560K, used 18192K [0x00000000a2e00000, 0x00000000a6f00000, 0x00000000e0f80000)
  object space 66560K, 27% used [0x00000000a2e00000,0x00000000a3fc4060,0x00000000a6f00000)
 Metaspace       used 21456K, capacity 21699K, committed 22064K, reserved 1069056K
  class space    used 1998K, capacity 2057K, committed 2176K, reserved 1048576K
}
Event: 367,316 GC heap before
{Heap before GC invocations=27 (full 1):
 PSYoungGen      total 49664K, used 49280K [0x00000000e0f80000, 0x00000000e4b80000, 0x0000000100000000)
  eden space 49152K, 100% used [0x00000000e0f80000,0x00000000e3f80000,0x00000000e3f80000)
  from space 512K, 25% used [0x00000000e4080000,0x00000000e40a0000,0x00000000e4100000)
  to   space 6144K, 0% used [0x00000000e4580000,0x00000000e4580000,0x00000000e4b80000)
 ParOldGen       total 66560K, used 18192K [0x00000000a2e00000, 0x00000000a6f00000, 0x00000000e0f80000)
  object space 66560K, 27% used [0x00000000a2e00000,0x00000000a3fc4060,0x00000000a6f00000)
 Metaspace       used 21456K, capacity 21699K, committed 22064K, reserved 1069056K
  class space    used 1998K, capacity 2057K, committed 2176K, reserved 1048576K
Event: 367,318 GC heap after
Heap after GC invocations=27 (full 1):
 PSYoungGen      total 52224K, used 192K [0x00000000e0f80000, 0x00000000e4980000, 0x0000000100000000)
  eden space 48128K, 0% used [0x00000000e0f80000,0x00000000e0f80000,0x00000000e3e80000)
  from space 4096K, 4% used [0x00000000e4580000,0x00000000e45b0000,0x00000000e4980000)
  to   space 5632K, 0% used [0x00000000e3e80000,0x00000000e3e80000,0x00000000e4400000)
 ParOldGen       total 66560K, used 18200K [0x00000000a2e00000, 0x00000000a6f00000, 0x00000000e0f80000)
  object space 66560K, 27% used [0x00000000a2e00000,0x00000000a3fc6060,0x00000000a6f00000)
 Metaspace       used 21456K, capacity 21699K, committed 22064K, reserved 1069056K
  class space    used 1998K, capacity 2057K, committed 2176K, reserved 1048576K
}
Event: 382,032 GC heap before
{Heap before GC invocations=28 (full 1):
 PSYoungGen      total 52224K, used 48320K [0x00000000e0f80000, 0x00000000e4980000, 0x0000000100000000)
  eden space 48128K, 100% used [0x00000000e0f80000,0x00000000e3e80000,0x00000000e3e80000)
  from space 4096K, 4% used [0x00000000e4580000,0x00000000e45b0000,0x00000000e4980000)
  to   space 5632K, 0% used [0x00000000e3e80000,0x00000000e3e80000,0x00000000e4400000)
 ParOldGen       total 66560K, used 18200K [0x00000000a2e00000, 0x00000000a6f00000, 0x00000000e0f80000)
  object space 66560K, 27% used [0x00000000a2e00000,0x00000000a3fc6060,0x00000000a6f00000)
 Metaspace       used 21456K, capacity 21699K, committed 22064K, reserved 1069056K
  class space    used 1998K, capacity 2057K, committed 2176K, reserved 1048576K
Event: 382,035 GC heap after
Heap after GC invocations=28 (full 1):
 PSYoungGen      total 47616K, used 160K [0x00000000e0f80000, 0x00000000e4780000, 0x0000000100000000)
  eden space 47104K, 0% used [0x00000000e0f80000,0x00000000e0f80000,0x00000000e3d80000)
  from space 512K, 31% used [0x00000000e3e80000,0x00000000e3ea8000,0x00000000e3f00000)
  to   space 5120K, 0% used [0x00000000e4280000,0x00000000e4280000,0x00000000e4780000)
 ParOldGen       total 66560K, used 18200K [0x00000000a2e00000, 0x00000000a6f00000, 0x00000000e0f80000)
  object space 66560K, 27% used [0x00000000a2e00000,0x00000000a3fc6060,0x00000000a6f00000)
 Metaspace       used 21456K, capacity 21699K, committed 22064K, reserved 1069056K
  class space    used 1998K, capacity 2057K, committed 2176K, reserved 1048576K
}

