# JRE version: Java(TM) SE Runtime Environment (8.0_92-b14) (build 1.8.0_92-b14)
# Java VM: Java HotSpot(TM) 64-Bit Server VM (25.92-b14 mixed mode linux-amd64 compressed oops)
Heap:
 PSYoungGen      total 22016K, used 17984K [0x00000000e0f80000, 0x00000000e3b80000, 0x0000000100000000)
  eden space 21504K, 83% used [0x00000000e0f80000,0x00000000e2100268,0x00000000e2480000)
  from space 512K, 12% used [0x00000000e2480000,0x00000000e2490000,0x00000000e2500000)
  to   space 11776K, 0% used [0x00000000e3000000,0x00000000e3000000,0x00000000e3b80000)
 ParOldGen       total 49152K, used 16681K [0x00000000a2e00000, 0x00000000a5e00000, 0x00000000e0f80000)
  object space 49152K, 33% used [0x00000000a2e00000,0x00000000a3e4a778,0x00000000a5e00000)
 Metaspace       used 20880K, capacity 21079K, committed 21504K, reserved 1069056K
  class space    used 1962K, capacity 2025K, committed 2048K, reserved 1048576K
GC Heap History (10 events):
Event: 25,793 GC heap before
{Heap before GC invocations=8 (full 1):
 PSYoungGen      total 35840K, used 23648K [0x00000000e0f80000, 0x00000000e3f80000, 0x0000000100000000)
  eden space 23552K, 100% used [0x00000000e0f80000,0x00000000e2680000,0x00000000e2680000)
  from space 12288K, 0% used [0x00000000e3300000,0x00000000e3318000,0x00000000e3f00000)
  to   space 12800K, 0% used [0x00000000e2680000,0x00000000e2680000,0x00000000e3300000)
 ParOldGen       total 49152K, used 16673K [0x00000000a2e00000, 0x00000000a5e00000, 0x00000000e0f80000)
  object space 49152K, 33% used [0x00000000a2e00000,0x00000000a3e48778,0x00000000a5e00000)
 Metaspace       used 20866K, capacity 21079K, committed 21504K, reserved 1069056K
  class space    used 1960K, capacity 2025K, committed 2048K, reserved 1048576K
Event: 25,795 GC heap after
Heap after GC invocations=8 (full 1):
 PSYoungGen      total 23552K, used 160K [0x00000000e0f80000, 0x00000000e3f00000, 0x0000000100000000)
  eden space 23040K, 0% used [0x00000000e0f80000,0x00000000e0f80000,0x00000000e2600000)
  from space 512K, 31% used [0x00000000e2680000,0x00000000e26a8000,0x00000000e2700000)
  to   space 12800K, 0% used [0x00000000e3280000,0x00000000e3280000,0x00000000e3f00000)
 ParOldGen       total 49152K, used 16681K [0x00000000a2e00000, 0x00000000a5e00000, 0x00000000e0f80000)
  object space 49152K, 33% used [0x00000000a2e00000,0x00000000a3e4a778,0x00000000a5e00000)
 Metaspace       used 20866K, capacity 21079K, committed 21504K, reserved 1069056K
  class space    used 1960K, capacity 2025K, committed 2048K, reserved 1048576K
}
Event: 33,376 GC heap before
{Heap before GC invocations=9 (full 1):
 PSYoungGen      total 23552K, used 23200K [0x00000000e0f80000, 0x00000000e3f00000, 0x0000000100000000)
  eden space 23040K, 100% used [0x00000000e0f80000,0x00000000e2600000,0x00000000e2600000)
  from space 512K, 31% used [0x00000000e2680000,0x00000000e26a8000,0x00000000e2700000)
  to   space 12800K, 0% used [0x00000000e3280000,0x00000000e3280000,0x00000000e3f00000)
 ParOldGen       total 49152K, used 16681K [0x00000000a2e00000, 0x00000000a5e00000, 0x00000000e0f80000)
  object space 49152K, 33% used [0x00000000a2e00000,0x00000000a3e4a778,0x00000000a5e00000)
 Metaspace       used 20866K, capacity 21079K, committed 21504K, reserved 1069056K
  class space    used 1960K, capacity 2025K, committed 2048K, reserved 1048576K
Event: 33,378 GC heap after
Heap after GC invocations=9 (full 1):
 PSYoungGen      total 34816K, used 160K [0x00000000e0f80000, 0x00000000e3e80000, 0x0000000100000000)
  eden space 22528K, 0% used [0x00000000e0f80000,0x00000000e0f80000,0x00000000e2580000)
  from space 12288K, 1% used [0x00000000e3280000,0x00000000e32a8000,0x00000000e3e80000)
  to   space 12800K, 0% used [0x00000000e2580000,0x00000000e2580000,0x00000000e3200000)
 ParOldGen       total 49152K, used 16681K [0x00000000a2e00000, 0x00000000a5e00000, 0x00000000e0f80000)
  object space 49152K, 33% used [0x00000000a2e00000,0x00000000a3e4a778,0x00000000a5e00000)
 Metaspace       used 20866K, capacity 21079K, committed 21504K, reserved 1069056K
  class space    used 1960K, capacity 2025K, committed 2048K, reserved 1048576K
}
Event: 42,960 GC heap before
{Heap before GC invocations=10 (full 1):
 PSYoungGen      total 34816K, used 22688K [0x00000000e0f80000, 0x00000000e3e80000, 0x0000000100000000)
  eden space 22528K, 100% used [0x00000000e0f80000,0x00000000e2580000,0x00000000e2580000)
  from space 12288K, 1% used [0x00000000e3280000,0x00000000e32a8000,0x00000000e3e80000)
  to   space 12800K, 0% used [0x00000000e2580000,0x00000000e2580000,0x00000000e3200000)
 ParOldGen       total 49152K, used 16681K [0x00000000a2e00000, 0x00000000a5e00000, 0x00000000e0f80000)
  object space 49152K, 33% used [0x00000000a2e00000,0x00000000a3e4a778,0x00000000a5e00000)
 Metaspace       used 20866K, capacity 21079K, committed 21504K, reserved 1069056K
  class space    used 1960K, capacity 2025K, committed 2048K, reserved 1048576K
Event: 42,962 GC heap after
Heap after GC invocations=10 (full 1):
 PSYoungGen      total 22528K, used 160K [0x00000000e0f80000, 0x00000000e3e00000, 0x0000000100000000)
  eden space 22016K, 0% used [0x00000000e0f80000,0x00000000e0f80000,0x00000000e2500000)
  from space 512K, 31% used [0x00000000e2580000,0x00000000e25a8000,0x00000000e2600000)
  to   space 12800K, 0% used [0x00000000e3180000,0x00000000e3180000,0x00000000e3e00000)
 ParOldGen       total 49152K, used 16681K [0x00000000a2e00000, 0x00000000a5e00000, 0x00000000e0f80000)
  object space 49152K, 33% used [0x00000000a2e00000,0x00000000a3e4a778,0x00000000a5e00000)
 Metaspace       used 20866K, capacity 21079K, committed 21504K, reserved 1069056K
  class space    used 1960K, capacity 2025K, committed 2048K, reserved 1048576K
}
Event: 53,110 GC heap before
{Heap before GC invocations=11 (full 1):
 PSYoungGen      total 22528K, used 22176K [0x00000000e0f80000, 0x00000000e3e00000, 0x0000000100000000)
  eden space 22016K, 100% used [0x00000000e0f80000,0x00000000e2500000,0x00000000e2500000)
  from space 512K, 31% used [0x00000000e2580000,0x00000000e25a8000,0x00000000e2600000)
  to   space 12800K, 0% used [0x00000000e3180000,0x00000000e3180000,0x00000000e3e00000)
 ParOldGen       total 49152K, used 16681K [0x00000000a2e00000, 0x00000000a5e00000, 0x00000000e0f80000)
  object space 49152K, 33% used [0x00000000a2e00000,0x00000000a3e4a778,0x00000000a5e00000)
 Metaspace       used 20866K, capacity 21079K, committed 21504K, reserved 1069056K
  class space    used 1960K, capacity 2025K, committed 2048K, reserved 1048576K
Event: 53,112 GC heap after
Heap after GC invocations=11 (full 1):
 PSYoungGen      total 32768K, used 128K [0x00000000e0f80000, 0x00000000e3c80000, 0x0000000100000000)
  eden space 21504K, 0% used [0x00000000e0f80000,0x00000000e0f80000,0x00000000e2480000)
  from space 11264K, 1% used [0x00000000e3180000,0x00000000e31a0000,0x00000000e3c80000)
  to   space 12288K, 0% used [0x00000000e2480000,0x00000000e2480000,0x00000000e3080000)
 ParOldGen       total 49152K, used 16681K [0x00000000a2e00000, 0x00000000a5e00000, 0x00000000e0f80000)
  object space 49152K, 33% used [0x00000000a2e00000,0x00000000a3e4a778,0x00000000a5e00000)
 Metaspace       used 20866K, capacity 21079K, committed 21504K, reserved 1069056K
  class space    used 1960K, capacity 2025K, committed 2048K, reserved 1048576K
}
Event: 63,427 GC heap before
{Heap before GC invocations=12 (full 1):
 PSYoungGen      total 32768K, used 21632K [0x00000000e0f80000, 0x00000000e3c80000, 0x0000000100000000)
  eden space 21504K, 100% used [0x00000000e0f80000,0x00000000e2480000,0x00000000e2480000)
  from space 11264K, 1% used [0x00000000e3180000,0x00000000e31a0000,0x00000000e3c80000)
  to   space 12288K, 0% used [0x00000000e2480000,0x00000000e2480000,0x00000000e3080000)
 ParOldGen       total 49152K, used 16681K [0x00000000a2e00000, 0x00000000a5e00000, 0x00000000e0f80000)
  object space 49152K, 33% used [0x00000000a2e00000,0x00000000a3e4a778,0x00000000a5e00000)
 Metaspace       used 20867K, capacity 21079K, committed 21504K, reserved 1069056K
  class space    used 1960K, capacity 2025K, committed 2048K, reserved 1048576K
Event: 63,428 GC heap after
Heap after GC invocations=12 (full 1):
 PSYoungGen      total 22016K, used 64K [0x00000000e0f80000, 0x00000000e3b80000, 0x0000000100000000)
  eden space 21504K, 0% used [0x00000000e0f80000,0x00000000e0f80000,0x00000000e2480000)
  from space 512K, 12% used [0x00000000e2480000,0x00000000e2490000,0x00000000e2500000)
  to   space 11776K, 0% used [0x00000000e3000000,0x00000000e3000000,0x00000000e3b80000)
 ParOldGen       total 49152K, used 16681K [0x00000000a2e00000, 0x00000000a5e00000, 0x00000000e0f80000)
  object space 49152K, 33% used [0x00000000a2e00000,0x00000000a3e4a778,0x00000000a5e00000)
 Metaspace       used 20867K, capacity 21079K, committed 21504K, reserved 1069056K
  class space    used 1960K, capacity 2025K, committed 2048K, reserved 1048576K
}

