# JRE version: Java(TM) SE Runtime Environment (8.0_92-b14) (build 1.8.0_92-b14)
# Java VM: Java HotSpot(TM) 64-Bit Server VM (25.92-b14 mixed mode linux-amd64 compressed oops)
Heap:
 PSYoungGen      total 33792K, used 2187K [0x00000000e0f80000, 0x00000000e3c80000, 0x0000000100000000)
  eden space 21504K, 4% used [0x00000000e0f80000,0x00000000e105af98,0x00000000e2480000)
  from space 12288K, 10% used [0x00000000e2480000,0x00000000e25c8040,0x00000000e3080000)
  to   space 12288K, 0% used [0x00000000e3080000,0x00000000e3080000,0x00000000e3c80000)
 ParOldGen       total 64512K, used 33811K [0x00000000a2e00000, 0x00000000a6d00000, 0x00000000e0f80000)
  object space 64512K, 52% used [0x00000000a2e00000,0x00000000a4f04cc0,0x00000000a6d00000)
 Metaspace       used 19781K, capacity 20063K, committed 20352K, reserved 1067008K
  class space    used 1838K, capacity 1897K, committed 1920K, reserved 1048576K
GC Heap History (10 events):
Event: 27,919 GC heap before
{Heap before GC invocations=7 (full 0):
 PSYoungGen      total 35328K, used 28338K [0x00000000e0f80000, 0x00000000e3e80000, 0x0000000100000000)
  eden space 23552K, 100% used [0x00000000e0f80000,0x00000000e2680000,0x00000000e2680000)
  from space 11776K, 40% used [0x00000000e3300000,0x00000000e37acae0,0x00000000e3e80000)
  to   space 12288K, 0% used [0x00000000e2680000,0x00000000e2680000,0x00000000e3280000)
 ParOldGen       total 64512K, used 20188K [0x00000000a2e00000, 0x00000000a6d00000, 0x00000000e0f80000)
  object space 64512K, 31% used [0x00000000a2e00000,0x00000000a41b72e8,0x00000000a6d00000)
 Metaspace       used 19686K, capacity 19935K, committed 20352K, reserved 1067008K
  class space    used 1831K, capacity 1897K, committed 1920K, reserved 1048576K
Event: 27,927 GC heap after
Heap after GC invocations=7 (full 0):
 PSYoungGen      total 35328K, used 1504K [0x00000000e0f80000, 0x00000000e3f00000, 0x0000000100000000)
  eden space 23040K, 0% used [0x00000000e0f80000,0x00000000e0f80000,0x00000000e2600000)
  from space 12288K, 12% used [0x00000000e2680000,0x00000000e27f8050,0x00000000e3280000)
  to   space 12800K, 0% used [0x00000000e3280000,0x00000000e3280000,0x00000000e3f00000)
 ParOldGen       total 64512K, used 23322K [0x00000000a2e00000, 0x00000000a6d00000, 0x00000000e0f80000)
  object space 64512K, 36% used [0x00000000a2e00000,0x00000000a44c6a40,0x00000000a6d00000)
 Metaspace       used 19686K, capacity 19935K, committed 20352K, reserved 1067008K
  class space    used 1831K, capacity 1897K, committed 1920K, reserved 1048576K
}
Event: 35,853 GC heap before
{Heap before GC invocations=8 (full 0):
 PSYoungGen      total 35328K, used 24544K [0x00000000e0f80000, 0x00000000e3f00000, 0x0000000100000000)
  eden space 23040K, 100% used [0x00000000e0f80000,0x00000000e2600000,0x00000000e2600000)
  from space 12288K, 12% used [0x00000000e2680000,0x00000000e27f8050,0x00000000e3280000)
  to   space 12800K, 0% used [0x00000000e3280000,0x00000000e3280000,0x00000000e3f00000)
 ParOldGen       total 64512K, used 23322K [0x00000000a2e00000, 0x00000000a6d00000, 0x00000000e0f80000)
  object space 64512K, 36% used [0x00000000a2e00000,0x00000000a44c6a40,0x00000000a6d00000)
 Metaspace       used 19691K, capacity 19935K, committed 20352K, reserved 1067008K
  class space    used 1831K, capacity 1897K, committed 1920K, reserved 1048576K
Event: 35,855 GC heap after
Heap after GC invocations=8 (full 0):
 PSYoungGen      total 34816K, used 4208K [0x00000000e0f80000, 0x00000000e3e80000, 0x0000000100000000)
  eden space 22528K, 0% used [0x00000000e0f80000,0x00000000e0f80000,0x00000000e2580000)
  from space 12288K, 34% used [0x00000000e3280000,0x00000000e369c120,0x00000000e3e80000)
  to   space 12800K, 0% used [0x00000000e2580000,0x00000000e2580000,0x00000000e3200000)
 ParOldGen       total 64512K, used 23370K [0x00000000a2e00000, 0x00000000a6d00000, 0x00000000e0f80000)
  object space 64512K, 36% used [0x00000000a2e00000,0x00000000a44d2a40,0x00000000a6d00000)
 Metaspace       used 19691K, capacity 19935K, committed 20352K, reserved 1067008K
  class space    used 1831K, capacity 1897K, committed 1920K, reserved 1048576K
}
Event: 41,070 GC heap before
{Heap before GC invocations=9 (full 0):
 PSYoungGen      total 34816K, used 26736K [0x00000000e0f80000, 0x00000000e3e80000, 0x0000000100000000)
  eden space 22528K, 100% used [0x00000000e0f80000,0x00000000e2580000,0x00000000e2580000)
  from space 12288K, 34% used [0x00000000e3280000,0x00000000e369c120,0x00000000e3e80000)
  to   space 12800K, 0% used [0x00000000e2580000,0x00000000e2580000,0x00000000e3200000)
 ParOldGen       total 64512K, used 23370K [0x00000000a2e00000, 0x00000000a6d00000, 0x00000000e0f80000)
  object space 64512K, 36% used [0x00000000a2e00000,0x00000000a44d2a40,0x00000000a6d00000)
 Metaspace       used 19707K, capacity 19999K, committed 20352K, reserved 1067008K
  class space    used 1831K, capacity 1897K, committed 1920K, reserved 1048576K
Event: 41,073 GC heap after
Heap after GC invocations=9 (full 0):
 PSYoungGen      total 27648K, used 5264K [0x00000000e0f80000, 0x00000000e3d00000, 0x0000000100000000)
  eden space 22016K, 0% used [0x00000000e0f80000,0x00000000e0f80000,0x00000000e2500000)
  from space 5632K, 93% used [0x00000000e2580000,0x00000000e2aa4140,0x00000000e2b00000)
  to   space 12288K, 0% used [0x00000000e3100000,0x00000000e3100000,0x00000000e3d00000)
 ParOldGen       total 64512K, used 24706K [0x00000000a2e00000, 0x00000000a6d00000, 0x00000000e0f80000)
  object space 64512K, 38% used [0x00000000a2e00000,0x00000000a4620a90,0x00000000a6d00000)
 Metaspace       used 19707K, capacity 19999K, committed 20352K, reserved 1067008K
  class space    used 1831K, capacity 1897K, committed 1920K, reserved 1048576K
}
Event: 41,406 GC heap before
{Heap before GC invocations=10 (full 0):
 PSYoungGen      total 27648K, used 27254K [0x00000000e0f80000, 0x00000000e3d00000, 0x0000000100000000)
  eden space 22016K, 99% used [0x00000000e0f80000,0x00000000e24f9800,0x00000000e2500000)
  from space 5632K, 93% used [0x00000000e2580000,0x00000000e2aa4140,0x00000000e2b00000)
  to   space 12288K, 0% used [0x00000000e3100000,0x00000000e3100000,0x00000000e3d00000)
 ParOldGen       total 64512K, used 24706K [0x00000000a2e00000, 0x00000000a6d00000, 0x00000000e0f80000)
  object space 64512K, 38% used [0x00000000a2e00000,0x00000000a4620a90,0x00000000a6d00000)
 Metaspace       used 19741K, capacity 19999K, committed 20352K, reserved 1067008K
  class space    used 1832K, capacity 1897K, committed 1920K, reserved 1048576K
Event: 41,411 GC heap after
Heap after GC invocations=10 (full 0):
 PSYoungGen      total 33280K, used 7840K [0x00000000e0f80000, 0x00000000e3c80000, 0x0000000100000000)
  eden space 21504K, 0% used [0x00000000e0f80000,0x00000000e0f80000,0x00000000e2480000)
  from space 11776K, 66% used [0x00000000e3100000,0x00000000e38a8220,0x00000000e3c80000)
  to   space 12288K, 0% used [0x00000000e2480000,0x00000000e2480000,0x00000000e3080000)
 ParOldGen       total 64512K, used 27338K [0x00000000a2e00000, 0x00000000a6d00000, 0x00000000e0f80000)
  object space 64512K, 42% used [0x00000000a2e00000,0x00000000a48b2b30,0x00000000a6d00000)
 Metaspace       used 19741K, capacity 19999K, committed 20352K, reserved 1067008K
  class space    used 1832K, capacity 1897K, committed 1920K, reserved 1048576K
}
Event: 49,253 GC heap before
{Heap before GC invocations=11 (full 0):
 PSYoungGen      total 33280K, used 29344K [0x00000000e0f80000, 0x00000000e3c80000, 0x0000000100000000)
  eden space 21504K, 100% used [0x00000000e0f80000,0x00000000e2480000,0x00000000e2480000)
  from space 11776K, 66% used [0x00000000e3100000,0x00000000e38a8220,0x00000000e3c80000)
  to   space 12288K, 0% used [0x00000000e2480000,0x00000000e2480000,0x00000000e3080000)
 ParOldGen       total 64512K, used 27338K [0x00000000a2e00000, 0x00000000a6d00000, 0x00000000e0f80000)
  object space 64512K, 42% used [0x00000000a2e00000,0x00000000a48b2b30,0x00000000a6d00000)
 Metaspace       used 19770K, capacity 19999K, committed 20352K, reserved 1067008K
  class space    used 1836K, capacity 1897K, committed 1920K, reserved 1048576K
Event: 49,256 GC heap after
Heap after GC invocations=11 (full 0):
 PSYoungGen      total 33792K, used 1312K [0x00000000e0f80000, 0x00000000e3c80000, 0x0000000100000000)
  eden space 21504K, 0% used [0x00000000e0f80000,0x00000000e0f80000,0x00000000e2480000)
  from space 12288K, 10% used [0x00000000e2480000,0x00000000e25c8040,0x00000000e3080000)
  to   space 12288K, 0% used [0x00000000e3080000,0x00000000e3080000,0x00000000e3c80000)
 ParOldGen       total 64512K, used 33811K [0x00000000a2e00000, 0x00000000a6d00000, 0x00000000e0f80000)
  object space 64512K, 52% used [0x00000000a2e00000,0x00000000a4f04cc0,0x00000000a6d00000)
 Metaspace       used 19770K, capacity 19999K, committed 20352K, reserved 1067008K
  class space    used 1836K, capacity 1897K, committed 1920K, reserved 1048576K
}

