# JRE version: OpenJDK Runtime Environment (8.0_91-b14) (build 1.8.0_91-8u91-b14-3ubuntu1~16.04.1-b14)
# Java VM: OpenJDK 64-Bit Server VM (25.91-b14 mixed mode linux-amd64 compressed oops)
Heap:
 PSYoungGen      total 43520K, used 6963K [0x00000000edc00000, 0x00000000f2080000, 0x0000000100000000)
  eden space 43008K, 16% used [0x00000000edc00000,0x00000000ee2bcf48,0x00000000f0600000)
  from space 512K, 12% used [0x00000000f2000000,0x00000000f2010000,0x00000000f2080000)
  to   space 10752K, 0% used [0x00000000f0b80000,0x00000000f0b80000,0x00000000f1600000)
 ParOldGen       total 44544K, used 13994K [0x00000000c9400000, 0x00000000cbf80000, 0x00000000edc00000)
  object space 44544K, 31% used [0x00000000c9400000,0x00000000ca1aab98,0x00000000cbf80000)
 Metaspace       used 21360K, capacity 21539K, committed 21760K, reserved 1069056K
  class space    used 1957K, capacity 2023K, committed 2048K, reserved 1048576K
GC Heap History (10 events):
Event: 4,497 GC heap before
{Heap before GC invocations=3 (full 0):
 PSYoungGen      total 16896K, used 16864K [0x00000000edc00000, 0x00000000efd00000, 0x0000000100000000)
  eden space 14848K, 100% used [0x00000000edc00000,0x00000000eea80000,0x00000000eea80000)
  from space 2048K, 98% used [0x00000000eec80000,0x00000000eee78040,0x00000000eee80000)
  to   space 2048K, 0% used [0x00000000eea80000,0x00000000eea80000,0x00000000eec80000)
 ParOldGen       total 38400K, used 2961K [0x00000000c9400000, 0x00000000cb980000, 0x00000000edc00000)
  object space 38400K, 7% used [0x00000000c9400000,0x00000000c96e45b0,0x00000000cb980000)
 Metaspace       used 17877K, capacity 18069K, committed 18432K, reserved 1067008K
  class space    used 1703K, capacity 1792K, committed 1792K, reserved 1048576K
Event: 4,523 GC heap after
Heap after GC invocations=3 (full 0):
 PSYoungGen      total 16896K, used 2034K [0x00000000edc00000, 0x00000000efd00000, 0x0000000100000000)
  eden space 14848K, 0% used [0x00000000edc00000,0x00000000edc00000,0x00000000eea80000)
  from space 2048K, 99% used [0x00000000eea80000,0x00000000eec7c880,0x00000000eec80000)
  to   space 2048K, 0% used [0x00000000efb00000,0x00000000efb00000,0x00000000efd00000)
 ParOldGen       total 38400K, used 7220K [0x00000000c9400000, 0x00000000cb980000, 0x00000000edc00000)
  object space 38400K, 18% used [0x00000000c9400000,0x00000000c9b0d028,0x00000000cb980000)
 Metaspace       used 17877K, capacity 18069K, committed 18432K, reserved 1067008K
  class space    used 1703K, capacity 1792K, committed 1792K, reserved 1048576K
}
Event: 6,221 GC heap before
{Heap before GC invocations=4 (full 0):
 PSYoungGen      total 16896K, used 16882K [0x00000000edc00000, 0x00000000efd00000, 0x0000000100000000)
  eden space 14848K, 100% used [0x00000000edc00000,0x00000000eea80000,0x00000000eea80000)
  from space 2048K, 99% used [0x00000000eea80000,0x00000000eec7c880,0x00000000eec80000)
  to   space 2048K, 0% used [0x00000000efb00000,0x00000000efb00000,0x00000000efd00000)
 ParOldGen       total 38400K, used 7220K [0x00000000c9400000, 0x00000000cb980000, 0x00000000edc00000)
  object space 38400K, 18% used [0x00000000c9400000,0x00000000c9b0d028,0x00000000cb980000)
 Metaspace       used 20046K, capacity 20257K, committed 20480K, reserved 1067008K
  class space    used 1915K, capacity 1986K, committed 2048K, reserved 1048576K
Event: 6,250 GC heap after
Heap after GC invocations=4 (full 0):
 PSYoungGen      total 31744K, used 2016K [0x00000000edc00000, 0x00000000efd00000, 0x0000000100000000)
  eden space 29696K, 0% used [0x00000000edc00000,0x00000000edc00000,0x00000000ef900000)
  from space 2048K, 98% used [0x00000000efb00000,0x00000000efcf8040,0x00000000efd00000)
  to   space 2048K, 0% used [0x00000000ef900000,0x00000000ef900000,0x00000000efb00000)
 ParOldGen       total 38400K, used 15110K [0x00000000c9400000, 0x00000000cb980000, 0x00000000edc00000)
  object space 38400K, 39% used [0x00000000c9400000,0x00000000ca2c1848,0x00000000cb980000)
 Metaspace       used 20046K, capacity 20257K, committed 20480K, reserved 1067008K
  class space    used 1915K, capacity 1986K, committed 2048K, reserved 1048576K
}
Event: 9,846 GC heap before
{Heap before GC invocations=5 (full 0):
 PSYoungGen      total 31744K, used 22087K [0x00000000edc00000, 0x00000000efd00000, 0x0000000100000000)
  eden space 29696K, 67% used [0x00000000edc00000,0x00000000eef99e58,0x00000000ef900000)
  from space 2048K, 98% used [0x00000000efb00000,0x00000000efcf8040,0x00000000efd00000)
  to   space 2048K, 0% used [0x00000000ef900000,0x00000000ef900000,0x00000000efb00000)
 ParOldGen       total 38400K, used 15110K [0x00000000c9400000, 0x00000000cb980000, 0x00000000edc00000)
  object space 38400K, 39% used [0x00000000c9400000,0x00000000ca2c1848,0x00000000cb980000)
 Metaspace       used 20846K, capacity 21027K, committed 21248K, reserved 1069056K
  class space    used 1949K, capacity 2023K, committed 2048K, reserved 1048576K
Event: 9,876 GC heap after
Heap after GC invocations=5 (full 0):
 PSYoungGen      total 31744K, used 2034K [0x00000000edc00000, 0x00000000f2a00000, 0x0000000100000000)
  eden space 29696K, 0% used [0x00000000edc00000,0x00000000edc00000,0x00000000ef900000)
  from space 2048K, 99% used [0x00000000ef900000,0x00000000efafc920,0x00000000efb00000)
  to   space 10240K, 0% used [0x00000000f2000000,0x00000000f2000000,0x00000000f2a00000)
 ParOldGen       total 38400K, used 17748K [0x00000000c9400000, 0x00000000cb980000, 0x00000000edc00000)
  object space 38400K, 46% used [0x00000000c9400000,0x00000000ca5553b0,0x00000000cb980000)
 Metaspace       used 20846K, capacity 21027K, committed 21248K, reserved 1069056K
  class space    used 1949K, capacity 2023K, committed 2048K, reserved 1048576K
}
Event: 9,876 GC heap before
{Heap before GC invocations=6 (full 1):
 PSYoungGen      total 31744K, used 2034K [0x00000000edc00000, 0x00000000f2a00000, 0x0000000100000000)
  eden space 29696K, 0% used [0x00000000edc00000,0x00000000edc00000,0x00000000ef900000)
  from space 2048K, 99% used [0x00000000ef900000,0x00000000efafc920,0x00000000efb00000)
  to   space 10240K, 0% used [0x00000000f2000000,0x00000000f2000000,0x00000000f2a00000)
 ParOldGen       total 38400K, used 17748K [0x00000000c9400000, 0x00000000cb980000, 0x00000000edc00000)
  object space 38400K, 46% used [0x00000000c9400000,0x00000000ca5553b0,0x00000000cb980000)
 Metaspace       used 20846K, capacity 21027K, committed 21248K, reserved 1069056K
  class space    used 1949K, capacity 2023K, committed 2048K, reserved 1048576K
Event: 9,996 GC heap after
Heap after GC invocations=6 (full 1):
 PSYoungGen      total 31744K, used 0K [0x00000000edc00000, 0x00000000f2a00000, 0x0000000100000000)
  eden space 29696K, 0% used [0x00000000edc00000,0x00000000edc00000,0x00000000ef900000)
  from space 2048K, 0% used [0x00000000ef900000,0x00000000ef900000,0x00000000efb00000)
  to   space 10240K, 0% used [0x00000000f2000000,0x00000000f2000000,0x00000000f2a00000)
 ParOldGen       total 44544K, used 13986K [0x00000000c9400000, 0x00000000cbf80000, 0x00000000edc00000)
  object space 44544K, 31% used [0x00000000c9400000,0x00000000ca1a8b98,0x00000000cbf80000)
 Metaspace       used 20846K, capacity 21027K, committed 21248K, reserved 1069056K
  class space    used 1949K, capacity 2023K, committed 2048K, reserved 1048576K
}
Event: 21,390 GC heap before
{Heap before GC invocations=7 (full 1):
 PSYoungGen      total 31744K, used 29696K [0x00000000edc00000, 0x00000000f2a00000, 0x0000000100000000)
  eden space 29696K, 100% used [0x00000000edc00000,0x00000000ef900000,0x00000000ef900000)
  from space 2048K, 0% used [0x00000000ef900000,0x00000000ef900000,0x00000000efb00000)
  to   space 10240K, 0% used [0x00000000f2000000,0x00000000f2000000,0x00000000f2a00000)
 ParOldGen       total 44544K, used 13986K [0x00000000c9400000, 0x00000000cbf80000, 0x00000000edc00000)
  object space 44544K, 31% used [0x00000000c9400000,0x00000000ca1a8b98,0x00000000cbf80000)
 Metaspace       used 21224K, capacity 21411K, committed 21760K, reserved 1069056K
  class space    used 1949K, capacity 2023K, committed 2048K, reserved 1048576K
Event: 21,396 GC heap after
Heap after GC invocations=7 (full 1):
 PSYoungGen      total 43520K, used 64K [0x00000000edc00000, 0x00000000f2080000, 0x0000000100000000)
  eden space 43008K, 0% used [0x00000000edc00000,0x00000000edc00000,0x00000000f0600000)
  from space 512K, 12% used [0x00000000f2000000,0x00000000f2010000,0x00000000f2080000)
  to   space 10752K, 0% used [0x00000000f0b80000,0x00000000f0b80000,0x00000000f1600000)
 ParOldGen       total 44544K, used 13994K [0x00000000c9400000, 0x00000000cbf80000, 0x00000000edc00000)
  object space 44544K, 31% used [0x00000000c9400000,0x00000000ca1aab98,0x00000000cbf80000)
 Metaspace       used 21224K, capacity 21411K, committed 21760K, reserved 1069056K
  class space    used 1949K, capacity 2023K, committed 2048K, reserved 1048576K
}

