# JRE version: Java(TM) SE Runtime Environment (8.0_92-b14) (build 1.8.0_92-b14)
# Java VM: Java HotSpot(TM) 64-Bit Server VM (25.92-b14 mixed mode linux-amd64 compressed oops)
Heap:
 PSYoungGen      total 254464K, used 66364K [0x00000000e0f80000, 0x00000000f7400000, 0x0000000100000000)
  eden space 253440K, 26% used [0x00000000e0f80000,0x00000000e4fff010,0x00000000f0700000)
  from space 1024K, 31% used [0x00000000f7200000,0x00000000f7250000,0x00000000f7300000)
  to   space 1024K, 0% used [0x00000000f7300000,0x00000000f7300000,0x00000000f7400000)
 ParOldGen       total 64512K, used 56893K [0x00000000a2e00000, 0x00000000a6d00000, 0x00000000e0f80000)
  object space 64512K, 88% used [0x00000000a2e00000,0x00000000a658f790,0x00000000a6d00000)
 Metaspace       used 20379K, capacity 20651K, committed 20992K, reserved 1069056K
  class space    used 1870K, capacity 1963K, committed 2048K, reserved 1048576K
GC Heap History (10 events):
Event: 39,447 GC heap before
{Heap before GC invocations=63 (full 0):
 PSYoungGen      total 128000K, used 127616K [0x00000000e0f80000, 0x00000000f7580000, 0x0000000100000000)
  eden space 127488K, 100% used [0x00000000e0f80000,0x00000000e8c00000,0x00000000e8c00000)
  from space 512K, 25% used [0x00000000f7500000,0x00000000f7520000,0x00000000f7580000)
  to   space 1536K, 0% used [0x00000000f7280000,0x00000000f7280000,0x00000000f7400000)
 ParOldGen       total 64512K, used 56877K [0x00000000a2e00000, 0x00000000a6d00000, 0x00000000e0f80000)
  object space 64512K, 88% used [0x00000000a2e00000,0x00000000a658b790,0x00000000a6d00000)
 Metaspace       used 20366K, capacity 20651K, committed 20992K, reserved 1069056K
  class space    used 1868K, capacity 1963K, committed 2048K, reserved 1048576K
Event: 39,456 GC heap after
Heap after GC invocations=63 (full 0):
 PSYoungGen      total 154624K, used 224K [0x00000000e0f80000, 0x00000000f7580000, 0x0000000100000000)
  eden space 153088K, 0% used [0x00000000e0f80000,0x00000000e0f80000,0x00000000ea500000)
  from space 1536K, 14% used [0x00000000f7280000,0x00000000f72b8000,0x00000000f7400000)
  to   space 1536K, 0% used [0x00000000f7400000,0x00000000f7400000,0x00000000f7580000)
 ParOldGen       total 64512K, used 56885K [0x00000000a2e00000, 0x00000000a6d00000, 0x00000000e0f80000)
  object space 64512K, 88% used [0x00000000a2e00000,0x00000000a658d790,0x00000000a6d00000)
 Metaspace       used 20366K, capacity 20651K, committed 20992K, reserved 1069056K
  class space    used 1868K, capacity 1963K, committed 2048K, reserved 1048576K
}
Event: 39,880 GC heap before
{Heap before GC invocations=64 (full 0):
 PSYoungGen      total 154624K, used 153312K [0x00000000e0f80000, 0x00000000f7580000, 0x0000000100000000)
  eden space 153088K, 100% used [0x00000000e0f80000,0x00000000ea500000,0x00000000ea500000)
  from space 1536K, 14% used [0x00000000f7280000,0x00000000f72b8000,0x00000000f7400000)
  to   space 1536K, 0% used [0x00000000f7400000,0x00000000f7400000,0x00000000f7580000)
 ParOldGen       total 64512K, used 56885K [0x00000000a2e00000, 0x00000000a6d00000, 0x00000000e0f80000)
  object space 64512K, 88% used [0x00000000a2e00000,0x00000000a658d790,0x00000000a6d00000)
 Metaspace       used 20366K, capacity 20651K, committed 20992K, reserved 1069056K
  class space    used 1868K, capacity 1963K, committed 2048K, reserved 1048576K
Event: 39,883 GC heap after
Heap after GC invocations=64 (full 0):
 PSYoungGen      total 184320K, used 192K [0x00000000e0f80000, 0x00000000f7480000, 0x0000000100000000)
  eden space 183808K, 0% used [0x00000000e0f80000,0x00000000e0f80000,0x00000000ec300000)
  from space 512K, 37% used [0x00000000f7400000,0x00000000f7430000,0x00000000f7480000)
  to   space 1024K, 0% used [0x00000000f7280000,0x00000000f7280000,0x00000000f7380000)
 ParOldGen       total 64512K, used 56885K [0x00000000a2e00000, 0x00000000a6d00000, 0x00000000e0f80000)
  object space 64512K, 88% used [0x00000000a2e00000,0x00000000a658d790,0x00000000a6d00000)
 Metaspace       used 20366K, capacity 20651K, committed 20992K, reserved 1069056K
  class space    used 1868K, capacity 1963K, committed 2048K, reserved 1048576K
}
Event: 40,392 GC heap before
{Heap before GC invocations=65 (full 0):
 PSYoungGen      total 184320K, used 184000K [0x00000000e0f80000, 0x00000000f7480000, 0x0000000100000000)
  eden space 183808K, 100% used [0x00000000e0f80000,0x00000000ec300000,0x00000000ec300000)
  from space 512K, 37% used [0x00000000f7400000,0x00000000f7430000,0x00000000f7480000)
  to   space 1024K, 0% used [0x00000000f7280000,0x00000000f7280000,0x00000000f7380000)
 ParOldGen       total 64512K, used 56885K [0x00000000a2e00000, 0x00000000a6d00000, 0x00000000e0f80000)
  object space 64512K, 88% used [0x00000000a2e00000,0x00000000a658d790,0x00000000a6d00000)
 Metaspace       used 20366K, capacity 20651K, committed 20992K, reserved 1069056K
  class space    used 1868K, capacity 1963K, committed 2048K, reserved 1048576K
Event: 40,394 GC heap after
Heap after GC invocations=65 (full 0):
 PSYoungGen      total 221696K, used 160K [0x00000000e0f80000, 0x00000000f7480000, 0x0000000100000000)
  eden space 220672K, 0% used [0x00000000e0f80000,0x00000000e0f80000,0x00000000ee700000)
  from space 1024K, 15% used [0x00000000f7280000,0x00000000f72a8000,0x00000000f7380000)
  to   space 1024K, 0% used [0x00000000f7380000,0x00000000f7380000,0x00000000f7480000)
 ParOldGen       total 64512K, used 56885K [0x00000000a2e00000, 0x00000000a6d00000, 0x00000000e0f80000)
  object space 64512K, 88% used [0x00000000a2e00000,0x00000000a658d790,0x00000000a6d00000)
 Metaspace       used 20366K, capacity 20651K, committed 20992K, reserved 1069056K
  class space    used 1868K, capacity 1963K, committed 2048K, reserved 1048576K
}
Event: 41,018 GC heap before
{Heap before GC invocations=66 (full 0):
 PSYoungGen      total 221696K, used 220832K [0x00000000e0f80000, 0x00000000f7480000, 0x0000000100000000)
  eden space 220672K, 100% used [0x00000000e0f80000,0x00000000ee700000,0x00000000ee700000)
  from space 1024K, 15% used [0x00000000f7280000,0x00000000f72a8000,0x00000000f7380000)
  to   space 1024K, 0% used [0x00000000f7380000,0x00000000f7380000,0x00000000f7480000)
 ParOldGen       total 64512K, used 56885K [0x00000000a2e00000, 0x00000000a6d00000, 0x00000000e0f80000)
  object space 64512K, 88% used [0x00000000a2e00000,0x00000000a658d790,0x00000000a6d00000)
 Metaspace       used 20366K, capacity 20651K, committed 20992K, reserved 1069056K
  class space    used 1868K, capacity 1963K, committed 2048K, reserved 1048576K
Event: 41,020 GC heap after
Heap after GC invocations=66 (full 0):
 PSYoungGen      total 265728K, used 192K [0x00000000e0f80000, 0x00000000f7400000, 0x0000000100000000)
  eden space 265216K, 0% used [0x00000000e0f80000,0x00000000e0f80000,0x00000000f1280000)
  from space 512K, 37% used [0x00000000f7380000,0x00000000f73b0000,0x00000000f7400000)
  to   space 1024K, 0% used [0x00000000f7200000,0x00000000f7200000,0x00000000f7300000)
 ParOldGen       total 64512K, used 56885K [0x00000000a2e00000, 0x00000000a6d00000, 0x00000000e0f80000)
  object space 64512K, 88% used [0x00000000a2e00000,0x00000000a658d790,0x00000000a6d00000)
 Metaspace       used 20366K, capacity 20651K, committed 20992K, reserved 1069056K
  class space    used 1868K, capacity 1963K, committed 2048K, reserved 1048576K
}
Event: 41,772 GC heap before
{Heap before GC invocations=67 (full 0):
 PSYoungGen      total 265728K, used 265408K [0x00000000e0f80000, 0x00000000f7400000, 0x0000000100000000)
  eden space 265216K, 100% used [0x00000000e0f80000,0x00000000f1280000,0x00000000f1280000)
  from space 512K, 37% used [0x00000000f7380000,0x00000000f73b0000,0x00000000f7400000)
  to   space 1024K, 0% used [0x00000000f7200000,0x00000000f7200000,0x00000000f7300000)
 ParOldGen       total 64512K, used 56885K [0x00000000a2e00000, 0x00000000a6d00000, 0x00000000e0f80000)
  object space 64512K, 88% used [0x00000000a2e00000,0x00000000a658d790,0x00000000a6d00000)
 Metaspace       used 20366K, capacity 20651K, committed 20992K, reserved 1069056K
  class space    used 1868K, capacity 1963K, committed 2048K, reserved 1048576K
Event: 41,775 GC heap after
Heap after GC invocations=67 (full 0):
 PSYoungGen      total 254464K, used 320K [0x00000000e0f80000, 0x00000000f7400000, 0x0000000100000000)
  eden space 253440K, 0% used [0x00000000e0f80000,0x00000000e0f80000,0x00000000f0700000)
  from space 1024K, 31% used [0x00000000f7200000,0x00000000f7250000,0x00000000f7300000)
  to   space 1024K, 0% used [0x00000000f7300000,0x00000000f7300000,0x00000000f7400000)
 ParOldGen       total 64512K, used 56893K [0x00000000a2e00000, 0x00000000a6d00000, 0x00000000e0f80000)
  object space 64512K, 88% used [0x00000000a2e00000,0x00000000a658f790,0x00000000a6d00000)
 Metaspace       used 20366K, capacity 20651K, committed 20992K, reserved 1069056K
  class space    used 1868K, capacity 1963K, committed 2048K, reserved 1048576K
}

