# JRE version: Java(TM) SE Runtime Environment (8.0_92-b14) (build 1.8.0_92-b14)
# Java VM: Java HotSpot(TM) 64-Bit Server VM (25.92-b14 mixed mode linux-amd64 compressed oops)
Heap:
 PSYoungGen      total 28160K, used 4435K [0x00000000e0f80000, 0x00000000e2e80000, 0x0000000100000000)
  eden space 24576K, 18% used [0x00000000e0f80000,0x00000000e13d4c90,0x00000000e2780000)
  from space 3584K, 0% used [0x00000000e2b00000,0x00000000e2b00000,0x00000000e2e80000)
  to   space 3584K, 0% used [0x00000000e2780000,0x00000000e2780000,0x00000000e2b00000)
 ParOldGen       total 63488K, used 17172K [0x00000000a2e00000, 0x00000000a6c00000, 0x00000000e0f80000)
  object space 63488K, 27% used [0x00000000a2e00000,0x00000000a3ec52a8,0x00000000a6c00000)
 Metaspace       used 20764K, capacity 21055K, committed 21552K, reserved 1069056K
  class space    used 1953K, capacity 2057K, committed 2176K, reserved 1048576K
GC Heap History (10 events):
Event: 0,589 GC heap before
{Heap before GC invocations=1 (full 0):
 PSYoungGen      total 28160K, used 24412K [0x00000000e0f80000, 0x00000000e2e80000, 0x0000000100000000)
  eden space 24576K, 99% used [0x00000000e0f80000,0x00000000e2757058,0x00000000e2780000)
  from space 3584K, 0% used [0x00000000e2b00000,0x00000000e2b00000,0x00000000e2e80000)
  to   space 3584K, 0% used [0x00000000e2780000,0x00000000e2780000,0x00000000e2b00000)
 ParOldGen       total 64512K, used 0K [0x00000000a2e00000, 0x00000000a6d00000, 0x00000000e0f80000)
  object space 64512K, 0% used [0x00000000a2e00000,0x00000000a2e00000,0x00000000a6d00000)
 Metaspace       used 13507K, capacity 13796K, committed 14208K, reserved 1062912K
  class space    used 1468K, capacity 1545K, committed 1664K, reserved 1048576K
Event: 0,595 GC heap after
Heap after GC invocations=1 (full 0):
 PSYoungGen      total 28160K, used 3571K [0x00000000e0f80000, 0x00000000e2e80000, 0x0000000100000000)
  eden space 24576K, 0% used [0x00000000e0f80000,0x00000000e0f80000,0x00000000e2780000)
  from space 3584K, 99% used [0x00000000e2780000,0x00000000e2afcc08,0x00000000e2b00000)
  to   space 3584K, 0% used [0x00000000e2b00000,0x00000000e2b00000,0x00000000e2e80000)
 ParOldGen       total 64512K, used 612K [0x00000000a2e00000, 0x00000000a6d00000, 0x00000000e0f80000)
  object space 64512K, 0% used [0x00000000a2e00000,0x00000000a2e99190,0x00000000a6d00000)
 Metaspace       used 13507K, capacity 13796K, committed 14208K, reserved 1062912K
  class space    used 1468K, capacity 1545K, committed 1664K, reserved 1048576K
}
Event: 1,749 GC heap before
{Heap before GC invocations=2 (full 0):
 PSYoungGen      total 28160K, used 28033K [0x00000000e0f80000, 0x00000000e2e80000, 0x0000000100000000)
  eden space 24576K, 99% used [0x00000000e0f80000,0x00000000e27638f0,0x00000000e2780000)
  from space 3584K, 99% used [0x00000000e2780000,0x00000000e2afcc08,0x00000000e2b00000)
  to   space 3584K, 0% used [0x00000000e2b00000,0x00000000e2b00000,0x00000000e2e80000)
 ParOldGen       total 64512K, used 612K [0x00000000a2e00000, 0x00000000a6d00000, 0x00000000e0f80000)
  object space 64512K, 0% used [0x00000000a2e00000,0x00000000a2e99190,0x00000000a6d00000)
 Metaspace       used 19854K, capacity 20093K, committed 20480K, reserved 1067008K
  class space    used 1937K, capacity 2020K, committed 2048K, reserved 1048576K
Event: 1,760 GC heap after
Heap after GC invocations=2 (full 0):
 PSYoungGen      total 28160K, used 3554K [0x00000000e0f80000, 0x00000000e2e80000, 0x0000000100000000)
  eden space 24576K, 0% used [0x00000000e0f80000,0x00000000e0f80000,0x00000000e2780000)
  from space 3584K, 99% used [0x00000000e2b00000,0x00000000e2e78a60,0x00000000e2e80000)
  to   space 3584K, 0% used [0x00000000e2780000,0x00000000e2780000,0x00000000e2b00000)
 ParOldGen       total 64512K, used 8072K [0x00000000a2e00000, 0x00000000a6d00000, 0x00000000e0f80000)
  object space 64512K, 12% used [0x00000000a2e00000,0x00000000a35e2028,0x00000000a6d00000)
 Metaspace       used 19854K, capacity 20093K, committed 20480K, reserved 1067008K
  class space    used 1937K, capacity 2020K, committed 2048K, reserved 1048576K
}
Event: 3,172 GC heap before
{Heap before GC invocations=3 (full 0):
 PSYoungGen      total 28160K, used 28130K [0x00000000e0f80000, 0x00000000e2e80000, 0x0000000100000000)
  eden space 24576K, 100% used [0x00000000e0f80000,0x00000000e2780000,0x00000000e2780000)
  from space 3584K, 99% used [0x00000000e2b00000,0x00000000e2e78a60,0x00000000e2e80000)
  to   space 3584K, 0% used [0x00000000e2780000,0x00000000e2780000,0x00000000e2b00000)
 ParOldGen       total 64512K, used 8072K [0x00000000a2e00000, 0x00000000a6d00000, 0x00000000e0f80000)
  object space 64512K, 12% used [0x00000000a2e00000,0x00000000a35e2028,0x00000000a6d00000)
 Metaspace       used 20321K, capacity 20667K, committed 21120K, reserved 1069056K
  class space    used 1948K, capacity 2057K, committed 2176K, reserved 1048576K
Event: 3,183 GC heap after
Heap after GC invocations=3 (full 0):
 PSYoungGen      total 28160K, used 3570K [0x00000000e0f80000, 0x00000000e2e80000, 0x0000000100000000)
  eden space 24576K, 0% used [0x00000000e0f80000,0x00000000e0f80000,0x00000000e2780000)
  from space 3584K, 99% used [0x00000000e2780000,0x00000000e2afca90,0x00000000e2b00000)
  to   space 3584K, 0% used [0x00000000e2b00000,0x00000000e2b00000,0x00000000e2e80000)
 ParOldGen       total 64512K, used 14376K [0x00000000a2e00000, 0x00000000a6d00000, 0x00000000e0f80000)
  object space 64512K, 22% used [0x00000000a2e00000,0x00000000a3c0a3d8,0x00000000a6d00000)
 Metaspace       used 20321K, capacity 20667K, committed 21120K, reserved 1069056K
  class space    used 1948K, capacity 2057K, committed 2176K, reserved 1048576K
}
Event: 10,207 GC heap before
{Heap before GC invocations=4 (full 0):
 PSYoungGen      total 28160K, used 28146K [0x00000000e0f80000, 0x00000000e2e80000, 0x0000000100000000)
  eden space 24576K, 100% used [0x00000000e0f80000,0x00000000e2780000,0x00000000e2780000)
  from space 3584K, 99% used [0x00000000e2780000,0x00000000e2afca90,0x00000000e2b00000)
  to   space 3584K, 0% used [0x00000000e2b00000,0x00000000e2b00000,0x00000000e2e80000)
 ParOldGen       total 64512K, used 14376K [0x00000000a2e00000, 0x00000000a6d00000, 0x00000000e0f80000)
  object space 64512K, 22% used [0x00000000a2e00000,0x00000000a3c0a3d8,0x00000000a6d00000)
 Metaspace       used 20720K, capacity 20991K, committed 21296K, reserved 1069056K
  class space    used 1948K, capacity 2057K, committed 2176K, reserved 1048576K
Event: 10,215 GC heap after
Heap after GC invocations=4 (full 0):
 PSYoungGen      total 28160K, used 3442K [0x00000000e0f80000, 0x00000000e2e80000, 0x0000000100000000)
  eden space 24576K, 0% used [0x00000000e0f80000,0x00000000e0f80000,0x00000000e2780000)
  from space 3584K, 96% used [0x00000000e2b00000,0x00000000e2e5ca80,0x00000000e2e80000)
  to   space 3584K, 0% used [0x00000000e2780000,0x00000000e2780000,0x00000000e2b00000)
 ParOldGen       total 64512K, used 14632K [0x00000000a2e00000, 0x00000000a6d00000, 0x00000000e0f80000)
  object space 64512K, 22% used [0x00000000a2e00000,0x00000000a3c4a3e8,0x00000000a6d00000)
 Metaspace       used 20720K, capacity 20991K, committed 21296K, reserved 1069056K
  class space    used 1948K, capacity 2057K, committed 2176K, reserved 1048576K
}
Event: 10,215 GC heap before
{Heap before GC invocations=5 (full 1):
 PSYoungGen      total 28160K, used 3442K [0x00000000e0f80000, 0x00000000e2e80000, 0x0000000100000000)
  eden space 24576K, 0% used [0x00000000e0f80000,0x00000000e0f80000,0x00000000e2780000)
  from space 3584K, 96% used [0x00000000e2b00000,0x00000000e2e5ca80,0x00000000e2e80000)
  to   space 3584K, 0% used [0x00000000e2780000,0x00000000e2780000,0x00000000e2b00000)
 ParOldGen       total 64512K, used 14632K [0x00000000a2e00000, 0x00000000a6d00000, 0x00000000e0f80000)
  object space 64512K, 22% used [0x00000000a2e00000,0x00000000a3c4a3e8,0x00000000a6d00000)
 Metaspace       used 20720K, capacity 20991K, committed 21296K, reserved 1069056K
  class space    used 1948K, capacity 2057K, committed 2176K, reserved 1048576K
Event: 10,270 GC heap after
Heap after GC invocations=5 (full 1):
 PSYoungGen      total 28160K, used 0K [0x00000000e0f80000, 0x00000000e2e80000, 0x0000000100000000)
  eden space 24576K, 0% used [0x00000000e0f80000,0x00000000e0f80000,0x00000000e2780000)
  from space 3584K, 0% used [0x00000000e2b00000,0x00000000e2b00000,0x00000000e2e80000)
  to   space 3584K, 0% used [0x00000000e2780000,0x00000000e2780000,0x00000000e2b00000)
 ParOldGen       total 63488K, used 17172K [0x00000000a2e00000, 0x00000000a6c00000, 0x00000000e0f80000)
  object space 63488K, 27% used [0x00000000a2e00000,0x00000000a3ec52a8,0x00000000a6c00000)
 Metaspace       used 20720K, capacity 20991K, committed 21296K, reserved 1069056K
  class space    used 1948K, capacity 2057K, committed 2176K, reserved 1048576K
}

