# JRE version: Java(TM) SE Runtime Environment (8.0_92-b14) (build 1.8.0_92-b14)
# Java VM: Java HotSpot(TM) 64-Bit Server VM (25.92-b14 mixed mode linux-amd64 compressed oops)
Heap:
 PSYoungGen      total 25088K, used 1523K [0x00000000e0f80000, 0x00000000e2900000, 0x0000000100000000)
  eden space 24576K, 5% used [0x00000000e0f80000,0x00000000e10dcdd0,0x00000000e2780000)
  from space 512K, 25% used [0x00000000e2800000,0x00000000e2820000,0x00000000e2880000)
  to   space 512K, 0% used [0x00000000e2880000,0x00000000e2880000,0x00000000e2900000)
 ParOldGen       total 59904K, used 15948K [0x00000000a2e00000, 0x00000000a6880000, 0x00000000e0f80000)
  object space 59904K, 26% used [0x00000000a2e00000,0x00000000a3d932b8,0x00000000a6880000)
 Metaspace       used 21071K, capacity 21371K, committed 21808K, reserved 1069056K
  class space    used 1966K, capacity 2057K, committed 2176K, reserved 1048576K
GC Heap History (10 events):
Event: 1115,939 GC heap before
{Heap before GC invocations=168 (full 1):
 PSYoungGen      total 25088K, used 24704K [0x00000000e0f80000, 0x00000000e2900000, 0x0000000100000000)
  eden space 24576K, 100% used [0x00000000e0f80000,0x00000000e2780000,0x00000000e2780000)
  from space 512K, 25% used [0x00000000e2880000,0x00000000e28a0000,0x00000000e2900000)
  to   space 512K, 0% used [0x00000000e2800000,0x00000000e2800000,0x00000000e2880000)
 ParOldGen       total 59904K, used 15940K [0x00000000a2e00000, 0x00000000a6880000, 0x00000000e0f80000)
  object space 59904K, 26% used [0x00000000a2e00000,0x00000000a3d912b8,0x00000000a6880000)
 Metaspace       used 20938K, capacity 21239K, committed 21552K, reserved 1069056K
  class space    used 1964K, capacity 2057K, committed 2176K, reserved 1048576K
Event: 1115,941 GC heap after
Heap after GC invocations=168 (full 1):
 PSYoungGen      total 25088K, used 128K [0x00000000e0f80000, 0x00000000e2900000, 0x0000000100000000)
  eden space 24576K, 0% used [0x00000000e0f80000,0x00000000e0f80000,0x00000000e2780000)
  from space 512K, 25% used [0x00000000e2800000,0x00000000e2820000,0x00000000e2880000)
  to   space 512K, 0% used [0x00000000e2880000,0x00000000e2880000,0x00000000e2900000)
 ParOldGen       total 59904K, used 15940K [0x00000000a2e00000, 0x00000000a6880000, 0x00000000e0f80000)
  object space 59904K, 26% used [0x00000000a2e00000,0x00000000a3d912b8,0x00000000a6880000)
 Metaspace       used 20938K, capacity 21239K, committed 21552K, reserved 1069056K
  class space    used 1964K, capacity 2057K, committed 2176K, reserved 1048576K
}
Event: 1122,806 GC heap before
{Heap before GC invocations=169 (full 1):
 PSYoungGen      total 25088K, used 24704K [0x00000000e0f80000, 0x00000000e2900000, 0x0000000100000000)
  eden space 24576K, 100% used [0x00000000e0f80000,0x00000000e2780000,0x00000000e2780000)
  from space 512K, 25% used [0x00000000e2800000,0x00000000e2820000,0x00000000e2880000)
  to   space 512K, 0% used [0x00000000e2880000,0x00000000e2880000,0x00000000e2900000)
 ParOldGen       total 59904K, used 15940K [0x00000000a2e00000, 0x00000000a6880000, 0x00000000e0f80000)
  object space 59904K, 26% used [0x00000000a2e00000,0x00000000a3d912b8,0x00000000a6880000)
 Metaspace       used 20938K, capacity 21239K, committed 21552K, reserved 1069056K
  class space    used 1964K, capacity 2057K, committed 2176K, reserved 1048576K
Event: 1122,808 GC heap after
Heap after GC invocations=169 (full 1):
 PSYoungGen      total 25088K, used 96K [0x00000000e0f80000, 0x00000000e2900000, 0x0000000100000000)
  eden space 24576K, 0% used [0x00000000e0f80000,0x00000000e0f80000,0x00000000e2780000)
  from space 512K, 18% used [0x00000000e2880000,0x00000000e2898000,0x00000000e2900000)
  to   space 512K, 0% used [0x00000000e2800000,0x00000000e2800000,0x00000000e2880000)
 ParOldGen       total 59904K, used 15940K [0x00000000a2e00000, 0x00000000a6880000, 0x00000000e0f80000)
  object space 59904K, 26% used [0x00000000a2e00000,0x00000000a3d912b8,0x00000000a6880000)
 Metaspace       used 20938K, capacity 21239K, committed 21552K, reserved 1069056K
  class space    used 1964K, capacity 2057K, committed 2176K, reserved 1048576K
}
Event: 1129,599 GC heap before
{Heap before GC invocations=170 (full 1):
 PSYoungGen      total 25088K, used 24672K [0x00000000e0f80000, 0x00000000e2900000, 0x0000000100000000)
  eden space 24576K, 100% used [0x00000000e0f80000,0x00000000e2780000,0x00000000e2780000)
  from space 512K, 18% used [0x00000000e2880000,0x00000000e2898000,0x00000000e2900000)
  to   space 512K, 0% used [0x00000000e2800000,0x00000000e2800000,0x00000000e2880000)
 ParOldGen       total 59904K, used 15940K [0x00000000a2e00000, 0x00000000a6880000, 0x00000000e0f80000)
  object space 59904K, 26% used [0x00000000a2e00000,0x00000000a3d912b8,0x00000000a6880000)
 Metaspace       used 20938K, capacity 21239K, committed 21552K, reserved 1069056K
  class space    used 1964K, capacity 2057K, committed 2176K, reserved 1048576K
Event: 1129,600 GC heap after
Heap after GC invocations=170 (full 1):
 PSYoungGen      total 25088K, used 128K [0x00000000e0f80000, 0x00000000e2900000, 0x0000000100000000)
  eden space 24576K, 0% used [0x00000000e0f80000,0x00000000e0f80000,0x00000000e2780000)
  from space 512K, 25% used [0x00000000e2800000,0x00000000e2820000,0x00000000e2880000)
  to   space 512K, 0% used [0x00000000e2880000,0x00000000e2880000,0x00000000e2900000)
 ParOldGen       total 59904K, used 15940K [0x00000000a2e00000, 0x00000000a6880000, 0x00000000e0f80000)
  object space 59904K, 26% used [0x00000000a2e00000,0x00000000a3d912b8,0x00000000a6880000)
 Metaspace       used 20938K, capacity 21239K, committed 21552K, reserved 1069056K
  class space    used 1964K, capacity 2057K, committed 2176K, reserved 1048576K
}
Event: 1136,389 GC heap before
{Heap before GC invocations=171 (full 1):
 PSYoungGen      total 25088K, used 24704K [0x00000000e0f80000, 0x00000000e2900000, 0x0000000100000000)
  eden space 24576K, 100% used [0x00000000e0f80000,0x00000000e2780000,0x00000000e2780000)
  from space 512K, 25% used [0x00000000e2800000,0x00000000e2820000,0x00000000e2880000)
  to   space 512K, 0% used [0x00000000e2880000,0x00000000e2880000,0x00000000e2900000)
 ParOldGen       total 59904K, used 15940K [0x00000000a2e00000, 0x00000000a6880000, 0x00000000e0f80000)
  object space 59904K, 26% used [0x00000000a2e00000,0x00000000a3d912b8,0x00000000a6880000)
 Metaspace       used 20943K, capacity 21239K, committed 21552K, reserved 1069056K
  class space    used 1964K, capacity 2057K, committed 2176K, reserved 1048576K
Event: 1136,391 GC heap after
Heap after GC invocations=171 (full 1):
 PSYoungGen      total 25088K, used 256K [0x00000000e0f80000, 0x00000000e2900000, 0x0000000100000000)
  eden space 24576K, 0% used [0x00000000e0f80000,0x00000000e0f80000,0x00000000e2780000)
  from space 512K, 50% used [0x00000000e2880000,0x00000000e28c0000,0x00000000e2900000)
  to   space 512K, 0% used [0x00000000e2800000,0x00000000e2800000,0x00000000e2880000)
 ParOldGen       total 59904K, used 15940K [0x00000000a2e00000, 0x00000000a6880000, 0x00000000e0f80000)
  object space 59904K, 26% used [0x00000000a2e00000,0x00000000a3d912b8,0x00000000a6880000)
 Metaspace       used 20943K, capacity 21239K, committed 21552K, reserved 1069056K
  class space    used 1964K, capacity 2057K, committed 2176K, reserved 1048576K
}
Event: 1143,032 GC heap before
{Heap before GC invocations=172 (full 1):
 PSYoungGen      total 25088K, used 24832K [0x00000000e0f80000, 0x00000000e2900000, 0x0000000100000000)
  eden space 24576K, 100% used [0x00000000e0f80000,0x00000000e2780000,0x00000000e2780000)
  from space 512K, 50% used [0x00000000e2880000,0x00000000e28c0000,0x00000000e2900000)
  to   space 512K, 0% used [0x00000000e2800000,0x00000000e2800000,0x00000000e2880000)
 ParOldGen       total 59904K, used 15940K [0x00000000a2e00000, 0x00000000a6880000, 0x00000000e0f80000)
  object space 59904K, 26% used [0x00000000a2e00000,0x00000000a3d912b8,0x00000000a6880000)
 Metaspace       used 21061K, capacity 21371K, committed 21808K, reserved 1069056K
  class space    used 1964K, capacity 2057K, committed 2176K, reserved 1048576K
Event: 1143,034 GC heap after
Heap after GC invocations=172 (full 1):
 PSYoungGen      total 25088K, used 128K [0x00000000e0f80000, 0x00000000e2900000, 0x0000000100000000)
  eden space 24576K, 0% used [0x00000000e0f80000,0x00000000e0f80000,0x00000000e2780000)
  from space 512K, 25% used [0x00000000e2800000,0x00000000e2820000,0x00000000e2880000)
  to   space 512K, 0% used [0x00000000e2880000,0x00000000e2880000,0x00000000e2900000)
 ParOldGen       total 59904K, used 15948K [0x00000000a2e00000, 0x00000000a6880000, 0x00000000e0f80000)
  object space 59904K, 26% used [0x00000000a2e00000,0x00000000a3d932b8,0x00000000a6880000)
 Metaspace       used 21061K, capacity 21371K, committed 21808K, reserved 1069056K
  class space    used 1964K, capacity 2057K, committed 2176K, reserved 1048576K
}

