# JRE version: Java(TM) SE Runtime Environment (8.0_92-b14) (build 1.8.0_92-b14)
# Java VM: Java HotSpot(TM) 64-Bit Server VM (25.92-b14 mixed mode linux-amd64 compressed oops)
Heap:
 PSYoungGen      total 52736K, used 35275K [0x00000000e0f80000, 0x00000000e6080000, 0x0000000100000000)
  eden space 49152K, 70% used [0x00000000e0f80000,0x00000000e317af68,0x00000000e3f80000)
  from space 3584K, 13% used [0x00000000e4300000,0x00000000e4378010,0x00000000e4680000)
  to   space 3584K, 0% used [0x00000000e3f80000,0x00000000e3f80000,0x00000000e4300000)
 ParOldGen       total 62464K, used 16652K [0x00000000a2e00000, 0x00000000a6b00000, 0x00000000e0f80000)
  object space 62464K, 26% used [0x00000000a2e00000,0x00000000a3e431d8,0x00000000a6b00000)
 Metaspace       used 21461K, capacity 21701K, committed 22064K, reserved 1069056K
  class space    used 1998K, capacity 2058K, committed 2176K, reserved 1048576K
GC Heap History (10 events):
Event: 0,616 GC heap before
{Heap before GC invocations=1 (full 0):
 PSYoungGen      total 28160K, used 24318K [0x00000000e0f80000, 0x00000000e2e80000, 0x0000000100000000)
  eden space 24576K, 98% used [0x00000000e0f80000,0x00000000e273fa10,0x00000000e2780000)
  from space 3584K, 0% used [0x00000000e2b00000,0x00000000e2b00000,0x00000000e2e80000)
  to   space 3584K, 0% used [0x00000000e2780000,0x00000000e2780000,0x00000000e2b00000)
 ParOldGen       total 64512K, used 0K [0x00000000a2e00000, 0x00000000a6d00000, 0x00000000e0f80000)
  object space 64512K, 0% used [0x00000000a2e00000,0x00000000a2e00000,0x00000000a6d00000)
 Metaspace       used 13462K, capacity 13732K, committed 13952K, reserved 1060864K
  class space    used 1465K, capacity 1545K, committed 1664K, reserved 1048576K
Event: 0,623 GC heap after
Heap after GC invocations=1 (full 0):
 PSYoungGen      total 28160K, used 3558K [0x00000000e0f80000, 0x00000000e4680000, 0x0000000100000000)
  eden space 24576K, 0% used [0x00000000e0f80000,0x00000000e0f80000,0x00000000e2780000)
  from space 3584K, 99% used [0x00000000e2780000,0x00000000e2af99d0,0x00000000e2b00000)
  to   space 3584K, 0% used [0x00000000e4300000,0x00000000e4300000,0x00000000e4680000)
 ParOldGen       total 64512K, used 897K [0x00000000a2e00000, 0x00000000a6d00000, 0x00000000e0f80000)
  object space 64512K, 1% used [0x00000000a2e00000,0x00000000a2ee0608,0x00000000a6d00000)
 Metaspace       used 13462K, capacity 13732K, committed 13952K, reserved 1060864K
  class space    used 1465K, capacity 1545K, committed 1664K, reserved 1048576K
}
Event: 1,766 GC heap before
{Heap before GC invocations=2 (full 0):
 PSYoungGen      total 28160K, used 27934K [0x00000000e0f80000, 0x00000000e4680000, 0x0000000100000000)
  eden space 24576K, 99% used [0x00000000e0f80000,0x00000000e274e210,0x00000000e2780000)
  from space 3584K, 99% used [0x00000000e2780000,0x00000000e2af99d0,0x00000000e2b00000)
  to   space 3584K, 0% used [0x00000000e4300000,0x00000000e4300000,0x00000000e4680000)
 ParOldGen       total 64512K, used 897K [0x00000000a2e00000, 0x00000000a6d00000, 0x00000000e0f80000)
  object space 64512K, 1% used [0x00000000a2e00000,0x00000000a2ee0608,0x00000000a6d00000)
 Metaspace       used 19776K, capacity 19997K, committed 20224K, reserved 1067008K
  class space    used 1932K, capacity 1988K, committed 2048K, reserved 1048576K
Event: 1,779 GC heap after
Heap after GC invocations=2 (full 0):
 PSYoungGen      total 52736K, used 3570K [0x00000000e0f80000, 0x00000000e4680000, 0x0000000100000000)
  eden space 49152K, 0% used [0x00000000e0f80000,0x00000000e0f80000,0x00000000e3f80000)
  from space 3584K, 99% used [0x00000000e4300000,0x00000000e467ca80,0x00000000e4680000)
  to   space 3584K, 0% used [0x00000000e3f80000,0x00000000e3f80000,0x00000000e4300000)
 ParOldGen       total 64512K, used 8572K [0x00000000a2e00000, 0x00000000a6d00000, 0x00000000e0f80000)
  object space 64512K, 13% used [0x00000000a2e00000,0x00000000a365f1e8,0x00000000a6d00000)
 Metaspace       used 19776K, capacity 19997K, committed 20224K, reserved 1067008K
  class space    used 1932K, capacity 1988K, committed 2048K, reserved 1048576K
}
Event: 9,097 GC heap before
{Heap before GC invocations=3 (full 0):
 PSYoungGen      total 52736K, used 46168K [0x00000000e0f80000, 0x00000000e4680000, 0x0000000100000000)
  eden space 49152K, 86% used [0x00000000e0f80000,0x00000000e3919848,0x00000000e3f80000)
  from space 3584K, 99% used [0x00000000e4300000,0x00000000e467ca80,0x00000000e4680000)
  to   space 3584K, 0% used [0x00000000e3f80000,0x00000000e3f80000,0x00000000e4300000)
 ParOldGen       total 64512K, used 8572K [0x00000000a2e00000, 0x00000000a6d00000, 0x00000000e0f80000)
  object space 64512K, 13% used [0x00000000a2e00000,0x00000000a365f1e8,0x00000000a6d00000)
 Metaspace       used 20736K, capacity 20969K, committed 21296K, reserved 1069056K
  class space    used 1994K, capacity 2054K, committed 2176K, reserved 1048576K
Event: 9,107 GC heap after
Heap after GC invocations=3 (full 0):
 PSYoungGen      total 52736K, used 3572K [0x00000000e0f80000, 0x00000000e4680000, 0x0000000100000000)
  eden space 49152K, 0% used [0x00000000e0f80000,0x00000000e0f80000,0x00000000e3f80000)
  from space 3584K, 99% used [0x00000000e3f80000,0x00000000e42fd310,0x00000000e4300000)
  to   space 3584K, 0% used [0x00000000e4300000,0x00000000e4300000,0x00000000e4680000)
 ParOldGen       total 64512K, used 15876K [0x00000000a2e00000, 0x00000000a6d00000, 0x00000000e0f80000)
  object space 64512K, 24% used [0x00000000a2e00000,0x00000000a3d81340,0x00000000a6d00000)
 Metaspace       used 20736K, capacity 20969K, committed 21296K, reserved 1069056K
  class space    used 1994K, capacity 2054K, committed 2176K, reserved 1048576K
}
Event: 9,107 GC heap before
{Heap before GC invocations=4 (full 1):
 PSYoungGen      total 52736K, used 3572K [0x00000000e0f80000, 0x00000000e4680000, 0x0000000100000000)
  eden space 49152K, 0% used [0x00000000e0f80000,0x00000000e0f80000,0x00000000e3f80000)
  from space 3584K, 99% used [0x00000000e3f80000,0x00000000e42fd310,0x00000000e4300000)
  to   space 3584K, 0% used [0x00000000e4300000,0x00000000e4300000,0x00000000e4680000)
 ParOldGen       total 64512K, used 15876K [0x00000000a2e00000, 0x00000000a6d00000, 0x00000000e0f80000)
  object space 64512K, 24% used [0x00000000a2e00000,0x00000000a3d81340,0x00000000a6d00000)
 Metaspace       used 20736K, capacity 20969K, committed 21296K, reserved 1069056K
  class space    used 1994K, capacity 2054K, committed 2176K, reserved 1048576K
Event: 9,155 GC heap after
Heap after GC invocations=4 (full 1):
 PSYoungGen      total 52736K, used 0K [0x00000000e0f80000, 0x00000000e4680000, 0x0000000100000000)
  eden space 49152K, 0% used [0x00000000e0f80000,0x00000000e0f80000,0x00000000e3f80000)
  from space 3584K, 0% used [0x00000000e3f80000,0x00000000e3f80000,0x00000000e4300000)
  to   space 3584K, 0% used [0x00000000e4300000,0x00000000e4300000,0x00000000e4680000)
 ParOldGen       total 62464K, used 16644K [0x00000000a2e00000, 0x00000000a6b00000, 0x00000000e0f80000)
  object space 62464K, 26% used [0x00000000a2e00000,0x00000000a3e411d8,0x00000000a6b00000)
 Metaspace       used 20736K, capacity 20969K, committed 21296K, reserved 1069056K
  class space    used 1994K, capacity 2054K, committed 2176K, reserved 1048576K
}
Event: 14,640 GC heap before
{Heap before GC invocations=5 (full 1):
 PSYoungGen      total 52736K, used 49152K [0x00000000e0f80000, 0x00000000e4680000, 0x0000000100000000)
  eden space 49152K, 100% used [0x00000000e0f80000,0x00000000e3f80000,0x00000000e3f80000)
  from space 3584K, 0% used [0x00000000e3f80000,0x00000000e3f80000,0x00000000e4300000)
  to   space 3584K, 0% used [0x00000000e4300000,0x00000000e4300000,0x00000000e4680000)
 ParOldGen       total 62464K, used 16644K [0x00000000a2e00000, 0x00000000a6b00000, 0x00000000e0f80000)
  object space 62464K, 26% used [0x00000000a2e00000,0x00000000a3e411d8,0x00000000a6b00000)
 Metaspace       used 21295K, capacity 21509K, committed 21808K, reserved 1069056K
  class space    used 1996K, capacity 2058K, committed 2176K, reserved 1048576K
Event: 14,642 GC heap after
Heap after GC invocations=5 (full 1):
 PSYoungGen      total 52736K, used 480K [0x00000000e0f80000, 0x00000000e6080000, 0x0000000100000000)
  eden space 49152K, 0% used [0x00000000e0f80000,0x00000000e0f80000,0x00000000e3f80000)
  from space 3584K, 13% used [0x00000000e4300000,0x00000000e4378010,0x00000000e4680000)
  to   space 3584K, 0% used [0x00000000e3f80000,0x00000000e3f80000,0x00000000e4300000)
 ParOldGen       total 62464K, used 16652K [0x00000000a2e00000, 0x00000000a6b00000, 0x00000000e0f80000)
  object space 62464K, 26% used [0x00000000a2e00000,0x00000000a3e431d8,0x00000000a6b00000)
 Metaspace       used 21295K, capacity 21509K, committed 21808K, reserved 1069056K
  class space    used 1996K, capacity 2058K, committed 2176K, reserved 1048576K
}

