# JRE version: Java(TM) SE Runtime Environment (8.0_92-b14) (build 1.8.0_92-b14)
# Java VM: Java HotSpot(TM) 64-Bit Server VM (25.92-b14 mixed mode linux-amd64 compressed oops)
Heap:
 PSYoungGen      total 24576K, used 18851K [0x00000000e0f80000, 0x00000000e2d80000, 0x0000000100000000)
  eden space 24064K, 77% used [0x00000000e0f80000,0x00000000e21d0f18,0x00000000e2700000)
  from space 512K, 18% used [0x00000000e2c80000,0x00000000e2c98000,0x00000000e2d00000)
  to   space 512K, 0% used [0x00000000e2d00000,0x00000000e2d00000,0x00000000e2d80000)
 ParOldGen       total 60928K, used 17101K [0x00000000a2e00000, 0x00000000a6980000, 0x00000000e0f80000)
  object space 60928K, 28% used [0x00000000a2e00000,0x00000000a3eb3780,0x00000000a6980000)
 Metaspace       used 20983K, capacity 21307K, committed 21808K, reserved 1069056K
  class space    used 1965K, capacity 2057K, committed 2176K, reserved 1048576K
GC Heap History (10 events):
Event: 60746,547 GC heap before
{Heap before GC invocations=7294 (full 1):
 PSYoungGen      total 24576K, used 24128K [0x00000000e0f80000, 0x00000000e2d80000, 0x0000000100000000)
  eden space 24064K, 100% used [0x00000000e0f80000,0x00000000e2700000,0x00000000e2700000)
  from space 512K, 12% used [0x00000000e2d00000,0x00000000e2d10000,0x00000000e2d80000)
  to   space 512K, 0% used [0x00000000e2c80000,0x00000000e2c80000,0x00000000e2d00000)
 ParOldGen       total 60928K, used 17085K [0x00000000a2e00000, 0x00000000a6980000, 0x00000000e0f80000)
  object space 60928K, 28% used [0x00000000a2e00000,0x00000000a3eaf780,0x00000000a6980000)
 Metaspace       used 20967K, capacity 21303K, committed 21808K, reserved 1069056K
  class space    used 1963K, capacity 2057K, committed 2176K, reserved 1048576K
Event: 60746,550 GC heap after
Heap after GC invocations=7294 (full 1):
 PSYoungGen      total 24576K, used 96K [0x00000000e0f80000, 0x00000000e2d80000, 0x0000000100000000)
  eden space 24064K, 0% used [0x00000000e0f80000,0x00000000e0f80000,0x00000000e2700000)
  from space 512K, 18% used [0x00000000e2c80000,0x00000000e2c98000,0x00000000e2d00000)
  to   space 512K, 0% used [0x00000000e2d00000,0x00000000e2d00000,0x00000000e2d80000)
 ParOldGen       total 60928K, used 17085K [0x00000000a2e00000, 0x00000000a6980000, 0x00000000e0f80000)
  object space 60928K, 28% used [0x00000000a2e00000,0x00000000a3eaf780,0x00000000a6980000)
 Metaspace       used 20967K, capacity 21303K, committed 21808K, reserved 1069056K
  class space    used 1963K, capacity 2057K, committed 2176K, reserved 1048576K
}
Event: 60758,631 GC heap before
{Heap before GC invocations=7295 (full 1):
 PSYoungGen      total 24576K, used 24160K [0x00000000e0f80000, 0x00000000e2d80000, 0x0000000100000000)
  eden space 24064K, 100% used [0x00000000e0f80000,0x00000000e2700000,0x00000000e2700000)
  from space 512K, 18% used [0x00000000e2c80000,0x00000000e2c98000,0x00000000e2d00000)
  to   space 512K, 0% used [0x00000000e2d00000,0x00000000e2d00000,0x00000000e2d80000)
 ParOldGen       total 60928K, used 17085K [0x00000000a2e00000, 0x00000000a6980000, 0x00000000e0f80000)
  object space 60928K, 28% used [0x00000000a2e00000,0x00000000a3eaf780,0x00000000a6980000)
 Metaspace       used 20967K, capacity 21303K, committed 21808K, reserved 1069056K
  class space    used 1963K, capacity 2057K, committed 2176K, reserved 1048576K
Event: 60758,633 GC heap after
Heap after GC invocations=7295 (full 1):
 PSYoungGen      total 24576K, used 96K [0x00000000e0f80000, 0x00000000e2d80000, 0x0000000100000000)
  eden space 24064K, 0% used [0x00000000e0f80000,0x00000000e0f80000,0x00000000e2700000)
  from space 512K, 18% used [0x00000000e2d00000,0x00000000e2d18000,0x00000000e2d80000)
  to   space 512K, 0% used [0x00000000e2c80000,0x00000000e2c80000,0x00000000e2d00000)
 ParOldGen       total 60928K, used 17085K [0x00000000a2e00000, 0x00000000a6980000, 0x00000000e0f80000)
  object space 60928K, 28% used [0x00000000a2e00000,0x00000000a3eaf780,0x00000000a6980000)
 Metaspace       used 20967K, capacity 21303K, committed 21808K, reserved 1069056K
  class space    used 1963K, capacity 2057K, committed 2176K, reserved 1048576K
}
Event: 60770,631 GC heap before
{Heap before GC invocations=7296 (full 1):
 PSYoungGen      total 24576K, used 24160K [0x00000000e0f80000, 0x00000000e2d80000, 0x0000000100000000)
  eden space 24064K, 100% used [0x00000000e0f80000,0x00000000e2700000,0x00000000e2700000)
  from space 512K, 18% used [0x00000000e2d00000,0x00000000e2d18000,0x00000000e2d80000)
  to   space 512K, 0% used [0x00000000e2c80000,0x00000000e2c80000,0x00000000e2d00000)
 ParOldGen       total 60928K, used 17085K [0x00000000a2e00000, 0x00000000a6980000, 0x00000000e0f80000)
  object space 60928K, 28% used [0x00000000a2e00000,0x00000000a3eaf780,0x00000000a6980000)
 Metaspace       used 20967K, capacity 21303K, committed 21808K, reserved 1069056K
  class space    used 1963K, capacity 2057K, committed 2176K, reserved 1048576K
Event: 60770,633 GC heap after
Heap after GC invocations=7296 (full 1):
 PSYoungGen      total 24576K, used 96K [0x00000000e0f80000, 0x00000000e2d80000, 0x0000000100000000)
  eden space 24064K, 0% used [0x00000000e0f80000,0x00000000e0f80000,0x00000000e2700000)
  from space 512K, 18% used [0x00000000e2c80000,0x00000000e2c98000,0x00000000e2d00000)
  to   space 512K, 0% used [0x00000000e2d00000,0x00000000e2d00000,0x00000000e2d80000)
 ParOldGen       total 60928K, used 17085K [0x00000000a2e00000, 0x00000000a6980000, 0x00000000e0f80000)
  object space 60928K, 28% used [0x00000000a2e00000,0x00000000a3eaf780,0x00000000a6980000)
 Metaspace       used 20967K, capacity 21303K, committed 21808K, reserved 1069056K
  class space    used 1963K, capacity 2057K, committed 2176K, reserved 1048576K
}
Event: 60782,525 GC heap before
{Heap before GC invocations=7297 (full 1):
 PSYoungGen      total 24576K, used 24160K [0x00000000e0f80000, 0x00000000e2d80000, 0x0000000100000000)
  eden space 24064K, 100% used [0x00000000e0f80000,0x00000000e2700000,0x00000000e2700000)
  from space 512K, 18% used [0x00000000e2c80000,0x00000000e2c98000,0x00000000e2d00000)
  to   space 512K, 0% used [0x00000000e2d00000,0x00000000e2d00000,0x00000000e2d80000)
 ParOldGen       total 60928K, used 17085K [0x00000000a2e00000, 0x00000000a6980000, 0x00000000e0f80000)
  object space 60928K, 28% used [0x00000000a2e00000,0x00000000a3eaf780,0x00000000a6980000)
 Metaspace       used 20967K, capacity 21303K, committed 21808K, reserved 1069056K
  class space    used 1963K, capacity 2057K, committed 2176K, reserved 1048576K
Event: 60782,527 GC heap after
Heap after GC invocations=7297 (full 1):
 PSYoungGen      total 24576K, used 96K [0x00000000e0f80000, 0x00000000e2d80000, 0x0000000100000000)
  eden space 24064K, 0% used [0x00000000e0f80000,0x00000000e0f80000,0x00000000e2700000)
  from space 512K, 18% used [0x00000000e2d00000,0x00000000e2d18000,0x00000000e2d80000)
  to   space 512K, 0% used [0x00000000e2c80000,0x00000000e2c80000,0x00000000e2d00000)
 ParOldGen       total 60928K, used 17085K [0x00000000a2e00000, 0x00000000a6980000, 0x00000000e0f80000)
  object space 60928K, 28% used [0x00000000a2e00000,0x00000000a3eaf780,0x00000000a6980000)
 Metaspace       used 20967K, capacity 21303K, committed 21808K, reserved 1069056K
  class space    used 1963K, capacity 2057K, committed 2176K, reserved 1048576K
}
Event: 60794,701 GC heap before
{Heap before GC invocations=7298 (full 1):
 PSYoungGen      total 24576K, used 24160K [0x00000000e0f80000, 0x00000000e2d80000, 0x0000000100000000)
  eden space 24064K, 100% used [0x00000000e0f80000,0x00000000e2700000,0x00000000e2700000)
  from space 512K, 18% used [0x00000000e2d00000,0x00000000e2d18000,0x00000000e2d80000)
  to   space 512K, 0% used [0x00000000e2c80000,0x00000000e2c80000,0x00000000e2d00000)
 ParOldGen       total 60928K, used 17085K [0x00000000a2e00000, 0x00000000a6980000, 0x00000000e0f80000)
  object space 60928K, 28% used [0x00000000a2e00000,0x00000000a3eaf780,0x00000000a6980000)
 Metaspace       used 20967K, capacity 21303K, committed 21808K, reserved 1069056K
  class space    used 1963K, capacity 2057K, committed 2176K, reserved 1048576K
Event: 60794,703 GC heap after
Heap after GC invocations=7298 (full 1):
 PSYoungGen      total 24576K, used 96K [0x00000000e0f80000, 0x00000000e2d80000, 0x0000000100000000)
  eden space 24064K, 0% used [0x00000000e0f80000,0x00000000e0f80000,0x00000000e2700000)
  from space 512K, 18% used [0x00000000e2c80000,0x00000000e2c98000,0x00000000e2d00000)
  to   space 512K, 0% used [0x00000000e2d00000,0x00000000e2d00000,0x00000000e2d80000)
 ParOldGen       total 60928K, used 17101K [0x00000000a2e00000, 0x00000000a6980000, 0x00000000e0f80000)
  object space 60928K, 28% used [0x00000000a2e00000,0x00000000a3eb3780,0x00000000a6980000)
 Metaspace       used 20967K, capacity 21303K, committed 21808K, reserved 1069056K
  class space    used 1963K, capacity 2057K, committed 2176K, reserved 1048576K
}

