# JRE version: OpenJDK Runtime Environment (8.0_91-b14) (build 1.8.0_91-8u91-b14-3ubuntu1~16.04.1-b14)
# Java VM: OpenJDK 64-Bit Server VM (25.91-b14 mixed mode linux-amd64 compressed oops)
Heap:
 PSYoungGen      total 69632K, used 10120K [0x00000000edc00000, 0x00000000f3400000, 0x0000000100000000)
  eden space 57856K, 17% used [0x00000000edc00000,0x00000000ee5a2350,0x00000000f1480000)
  from space 11776K, 2% used [0x00000000f1480000,0x00000000f14c0000,0x00000000f2000000)
  to   space 11776K, 0% used [0x00000000f2880000,0x00000000f2880000,0x00000000f3400000)
 ParOldGen       total 48640K, used 17411K [0x00000000c9400000, 0x00000000cc380000, 0x00000000edc00000)
  object space 48640K, 35% used [0x00000000c9400000,0x00000000ca500da0,0x00000000cc380000)
 Metaspace       used 21468K, capacity 21657K, committed 22016K, reserved 1069056K
  class space    used 1959K, capacity 2024K, committed 2048K, reserved 1048576K
GC Heap History (10 events):
Event: 9,861 GC heap before
{Heap before GC invocations=6 (full 1):
 PSYoungGen      total 31744K, used 2032K [0x00000000edc00000, 0x00000000f2b00000, 0x0000000100000000)
  eden space 29696K, 0% used [0x00000000edc00000,0x00000000edc00000,0x00000000ef900000)
  from space 2048K, 99% used [0x00000000ef900000,0x00000000efafc040,0x00000000efb00000)
  to   space 10752K, 0% used [0x00000000f2080000,0x00000000f2080000,0x00000000f2b00000)
 ParOldGen       total 38400K, used 20496K [0x00000000c9400000, 0x00000000cb980000, 0x00000000edc00000)
  object space 38400K, 53% used [0x00000000c9400000,0x00000000ca804198,0x00000000cb980000)
 Metaspace       used 20799K, capacity 21005K, committed 21248K, reserved 1069056K
  class space    used 1950K, capacity 2022K, committed 2048K, reserved 1048576K
Event: 9,995 GC heap after
Heap after GC invocations=6 (full 1):
 PSYoungGen      total 31744K, used 0K [0x00000000edc00000, 0x00000000f2b00000, 0x0000000100000000)
  eden space 29696K, 0% used [0x00000000edc00000,0x00000000edc00000,0x00000000ef900000)
  from space 2048K, 0% used [0x00000000ef900000,0x00000000ef900000,0x00000000efb00000)
  to   space 10752K, 0% used [0x00000000f2080000,0x00000000f2080000,0x00000000f2b00000)
 ParOldGen       total 48640K, used 17387K [0x00000000c9400000, 0x00000000cc380000, 0x00000000edc00000)
  object space 48640K, 35% used [0x00000000c9400000,0x00000000ca4fada0,0x00000000cc380000)
 Metaspace       used 20799K, capacity 21005K, committed 21248K, reserved 1069056K
  class space    used 1950K, capacity 2022K, committed 2048K, reserved 1048576K
}
Event: 17,583 GC heap before
{Heap before GC invocations=7 (full 1):
 PSYoungGen      total 31744K, used 29696K [0x00000000edc00000, 0x00000000f2b00000, 0x0000000100000000)
  eden space 29696K, 100% used [0x00000000edc00000,0x00000000ef900000,0x00000000ef900000)
  from space 2048K, 0% used [0x00000000ef900000,0x00000000ef900000,0x00000000efb00000)
  to   space 10752K, 0% used [0x00000000f2080000,0x00000000f2080000,0x00000000f2b00000)
 ParOldGen       total 48640K, used 17387K [0x00000000c9400000, 0x00000000cc380000, 0x00000000edc00000)
  object space 48640K, 35% used [0x00000000c9400000,0x00000000ca4fada0,0x00000000cc380000)
 Metaspace       used 21271K, capacity 21523K, committed 21760K, reserved 1069056K
  class space    used 1955K, capacity 2023K, committed 2048K, reserved 1048576K
Event: 17,591 GC heap after
Heap after GC invocations=7 (full 1):
 PSYoungGen      total 43008K, used 192K [0x00000000edc00000, 0x00000000f2100000, 0x0000000100000000)
  eden space 42496K, 0% used [0x00000000edc00000,0x00000000edc00000,0x00000000f0580000)
  from space 512K, 37% used [0x00000000f2080000,0x00000000f20b0000,0x00000000f2100000)
  to   space 11776K, 0% used [0x00000000f0a00000,0x00000000f0a00000,0x00000000f1580000)
 ParOldGen       total 48640K, used 17395K [0x00000000c9400000, 0x00000000cc380000, 0x00000000edc00000)
  object space 48640K, 35% used [0x00000000c9400000,0x00000000ca4fcda0,0x00000000cc380000)
 Metaspace       used 21271K, capacity 21523K, committed 21760K, reserved 1069056K
  class space    used 1955K, capacity 2023K, committed 2048K, reserved 1048576K
}
Event: 28,228 GC heap before
{Heap before GC invocations=8 (full 1):
 PSYoungGen      total 43008K, used 42688K [0x00000000edc00000, 0x00000000f2100000, 0x0000000100000000)
  eden space 42496K, 100% used [0x00000000edc00000,0x00000000f0580000,0x00000000f0580000)
  from space 512K, 37% used [0x00000000f2080000,0x00000000f20b0000,0x00000000f2100000)
  to   space 11776K, 0% used [0x00000000f0a00000,0x00000000f0a00000,0x00000000f1580000)
 ParOldGen       total 48640K, used 17395K [0x00000000c9400000, 0x00000000cc380000, 0x00000000edc00000)
  object space 48640K, 35% used [0x00000000c9400000,0x00000000ca4fcda0,0x00000000cc380000)
 Metaspace       used 21400K, capacity 21587K, committed 22016K, reserved 1069056K
  class space    used 1955K, capacity 2023K, committed 2048K, reserved 1048576K
Event: 28,236 GC heap after
Heap after GC invocations=8 (full 1):
 PSYoungGen      total 58880K, used 192K [0x00000000edc00000, 0x00000000f2b80000, 0x0000000100000000)
  eden space 47104K, 0% used [0x00000000edc00000,0x00000000edc00000,0x00000000f0a00000)
  from space 11776K, 1% used [0x00000000f0a00000,0x00000000f0a30000,0x00000000f1580000)
  to   space 11776K, 0% used [0x00000000f2000000,0x00000000f2000000,0x00000000f2b80000)
 ParOldGen       total 48640K, used 17403K [0x00000000c9400000, 0x00000000cc380000, 0x00000000edc00000)
  object space 48640K, 35% used [0x00000000c9400000,0x00000000ca4feda0,0x00000000cc380000)
 Metaspace       used 21400K, capacity 21587K, committed 22016K, reserved 1069056K
  class space    used 1955K, capacity 2023K, committed 2048K, reserved 1048576K
}
Event: 40,053 GC heap before
{Heap before GC invocations=9 (full 1):
 PSYoungGen      total 58880K, used 47296K [0x00000000edc00000, 0x00000000f2b80000, 0x0000000100000000)
  eden space 47104K, 100% used [0x00000000edc00000,0x00000000f0a00000,0x00000000f0a00000)
  from space 11776K, 1% used [0x00000000f0a00000,0x00000000f0a30000,0x00000000f1580000)
  to   space 11776K, 0% used [0x00000000f2000000,0x00000000f2000000,0x00000000f2b80000)
 ParOldGen       total 48640K, used 17403K [0x00000000c9400000, 0x00000000cc380000, 0x00000000edc00000)
  object space 48640K, 35% used [0x00000000c9400000,0x00000000ca4feda0,0x00000000cc380000)
 Metaspace       used 21400K, capacity 21587K, committed 22016K, reserved 1069056K
  class space    used 1955K, capacity 2023K, committed 2048K, reserved 1048576K
Event: 40,060 GC heap after
Heap after GC invocations=9 (full 1):
 PSYoungGen      total 69632K, used 192K [0x00000000edc00000, 0x00000000f2f00000, 0x0000000100000000)
  eden space 57856K, 0% used [0x00000000edc00000,0x00000000edc00000,0x00000000f1480000)
  from space 11776K, 1% used [0x00000000f2000000,0x00000000f2030000,0x00000000f2b80000)
  to   space 11776K, 0% used [0x00000000f1480000,0x00000000f1480000,0x00000000f2000000)
 ParOldGen       total 48640K, used 17403K [0x00000000c9400000, 0x00000000cc380000, 0x00000000edc00000)
  object space 48640K, 35% used [0x00000000c9400000,0x00000000ca4feda0,0x00000000cc380000)
 Metaspace       used 21400K, capacity 21587K, committed 22016K, reserved 1069056K
  class space    used 1955K, capacity 2023K, committed 2048K, reserved 1048576K
}
Event: 54,510 GC heap before
{Heap before GC invocations=10 (full 1):
 PSYoungGen      total 69632K, used 58048K [0x00000000edc00000, 0x00000000f2f00000, 0x0000000100000000)
  eden space 57856K, 100% used [0x00000000edc00000,0x00000000f1480000,0x00000000f1480000)
  from space 11776K, 1% used [0x00000000f2000000,0x00000000f2030000,0x00000000f2b80000)
  to   space 11776K, 0% used [0x00000000f1480000,0x00000000f1480000,0x00000000f2000000)
 ParOldGen       total 48640K, used 17403K [0x00000000c9400000, 0x00000000cc380000, 0x00000000edc00000)
  object space 48640K, 35% used [0x00000000c9400000,0x00000000ca4feda0,0x00000000cc380000)
 Metaspace       used 21436K, capacity 21657K, committed 22016K, reserved 1069056K
  class space    used 1957K, capacity 2024K, committed 2048K, reserved 1048576K
Event: 54,516 GC heap after
Heap after GC invocations=10 (full 1):
 PSYoungGen      total 69632K, used 256K [0x00000000edc00000, 0x00000000f3400000, 0x0000000100000000)
  eden space 57856K, 0% used [0x00000000edc00000,0x00000000edc00000,0x00000000f1480000)
  from space 11776K, 2% used [0x00000000f1480000,0x00000000f14c0000,0x00000000f2000000)
  to   space 11776K, 0% used [0x00000000f2880000,0x00000000f2880000,0x00000000f3400000)
 ParOldGen       total 48640K, used 17411K [0x00000000c9400000, 0x00000000cc380000, 0x00000000edc00000)
  object space 48640K, 35% used [0x00000000c9400000,0x00000000ca500da0,0x00000000cc380000)
 Metaspace       used 21436K, capacity 21657K, committed 22016K, reserved 1069056K
  class space    used 1957K, capacity 2024K, committed 2048K, reserved 1048576K
}

