# JRE version: Java(TM) SE Runtime Environment (8.0_92-b14) (build 1.8.0_92-b14)
# Java VM: Java HotSpot(TM) 64-Bit Server VM (25.92-b14 mixed mode linux-amd64 compressed oops)
Heap:
 PSYoungGen      total 28160K, used 18365K [0x00000000e0f80000, 0x00000000e2e80000, 0x0000000100000000)
  eden space 24576K, 60% used [0x00000000e0f80000,0x00000000e1e0a398,0x00000000e2780000)
  from space 3584K, 97% used [0x00000000e2b00000,0x00000000e2e652a0,0x00000000e2e80000)
  to   space 3584K, 0% used [0x00000000e2780000,0x00000000e2780000,0x00000000e2b00000)
 ParOldGen       total 64512K, used 14658K [0x00000000a2e00000, 0x00000000a6d00000, 0x00000000e0f80000)
  object space 64512K, 22% used [0x00000000a2e00000,0x00000000a3c509c8,0x00000000a6d00000)
 Metaspace       used 20727K, capacity 21019K, committed 21248K, reserved 1069056K
  class space    used 1950K, capacity 2025K, committed 2048K, reserved 1048576K
GC Heap History (8 events):
Event: 0,617 GC heap before
{Heap before GC invocations=1 (full 0):
 PSYoungGen      total 28160K, used 24386K [0x00000000e0f80000, 0x00000000e2e80000, 0x0000000100000000)
  eden space 24576K, 99% used [0x00000000e0f80000,0x00000000e2750b98,0x00000000e2780000)
  from space 3584K, 0% used [0x00000000e2b00000,0x00000000e2b00000,0x00000000e2e80000)
  to   space 3584K, 0% used [0x00000000e2780000,0x00000000e2780000,0x00000000e2b00000)
 ParOldGen       total 64512K, used 0K [0x00000000a2e00000, 0x00000000a6d00000, 0x00000000e0f80000)
  object space 64512K, 0% used [0x00000000a2e00000,0x00000000a2e00000,0x00000000a6d00000)
 Metaspace       used 13462K, capacity 13732K, committed 13952K, reserved 1060864K
  class space    used 1464K, capacity 1545K, committed 1664K, reserved 1048576K
Event: 0,623 GC heap after
Heap after GC invocations=1 (full 0):
 PSYoungGen      total 28160K, used 3578K [0x00000000e0f80000, 0x00000000e2e80000, 0x0000000100000000)
  eden space 24576K, 0% used [0x00000000e0f80000,0x00000000e0f80000,0x00000000e2780000)
  from space 3584K, 99% used [0x00000000e2780000,0x00000000e2afe908,0x00000000e2b00000)
  to   space 3584K, 0% used [0x00000000e2b00000,0x00000000e2b00000,0x00000000e2e80000)
 ParOldGen       total 64512K, used 637K [0x00000000a2e00000, 0x00000000a6d00000, 0x00000000e0f80000)
  object space 64512K, 0% used [0x00000000a2e00000,0x00000000a2e9f4d0,0x00000000a6d00000)
 Metaspace       used 13462K, capacity 13732K, committed 13952K, reserved 1060864K
  class space    used 1464K, capacity 1545K, committed 1664K, reserved 1048576K
}
Event: 1,819 GC heap before
{Heap before GC invocations=2 (full 0):
 PSYoungGen      total 28160K, used 27930K [0x00000000e0f80000, 0x00000000e2e80000, 0x0000000100000000)
  eden space 24576K, 99% used [0x00000000e0f80000,0x00000000e27480f8,0x00000000e2780000)
  from space 3584K, 99% used [0x00000000e2780000,0x00000000e2afe908,0x00000000e2b00000)
  to   space 3584K, 0% used [0x00000000e2b00000,0x00000000e2b00000,0x00000000e2e80000)
 ParOldGen       total 64512K, used 637K [0x00000000a2e00000, 0x00000000a6d00000, 0x00000000e0f80000)
  object space 64512K, 0% used [0x00000000a2e00000,0x00000000a2e9f4d0,0x00000000a6d00000)
 Metaspace       used 19786K, capacity 19997K, committed 20224K, reserved 1067008K
  class space    used 1933K, capacity 1988K, committed 2048K, reserved 1048576K
Event: 1,830 GC heap after
Heap after GC invocations=2 (full 0):
 PSYoungGen      total 28160K, used 3554K [0x00000000e0f80000, 0x00000000e2e80000, 0x0000000100000000)
  eden space 24576K, 0% used [0x00000000e0f80000,0x00000000e0f80000,0x00000000e2780000)
  from space 3584K, 99% used [0x00000000e2b00000,0x00000000e2e78a60,0x00000000e2e80000)
  to   space 3584K, 0% used [0x00000000e2780000,0x00000000e2780000,0x00000000e2b00000)
 ParOldGen       total 64512K, used 7812K [0x00000000a2e00000, 0x00000000a6d00000, 0x00000000e0f80000)
  object space 64512K, 12% used [0x00000000a2e00000,0x00000000a35a1018,0x00000000a6d00000)
 Metaspace       used 19786K, capacity 19997K, committed 20224K, reserved 1067008K
  class space    used 1933K, capacity 1988K, committed 2048K, reserved 1048576K
}
Event: 3,144 GC heap before
{Heap before GC invocations=3 (full 0):
 PSYoungGen      total 28160K, used 28130K [0x00000000e0f80000, 0x00000000e2e80000, 0x0000000100000000)
  eden space 24576K, 100% used [0x00000000e0f80000,0x00000000e2780000,0x00000000e2780000)
  from space 3584K, 99% used [0x00000000e2b00000,0x00000000e2e78a60,0x00000000e2e80000)
  to   space 3584K, 0% used [0x00000000e2780000,0x00000000e2780000,0x00000000e2b00000)
 ParOldGen       total 64512K, used 7812K [0x00000000a2e00000, 0x00000000a6d00000, 0x00000000e0f80000)
  object space 64512K, 12% used [0x00000000a2e00000,0x00000000a35a1018,0x00000000a6d00000)
 Metaspace       used 20233K, capacity 20469K, committed 20736K, reserved 1069056K
  class space    used 1943K, capacity 1992K, committed 2048K, reserved 1048576K
Event: 3,154 GC heap after
Heap after GC invocations=3 (full 0):
 PSYoungGen      total 28160K, used 3554K [0x00000000e0f80000, 0x00000000e2e80000, 0x0000000100000000)
  eden space 24576K, 0% used [0x00000000e0f80000,0x00000000e0f80000,0x00000000e2780000)
  from space 3584K, 99% used [0x00000000e2780000,0x00000000e2af8a90,0x00000000e2b00000)
  to   space 3584K, 0% used [0x00000000e2b00000,0x00000000e2b00000,0x00000000e2e80000)
 ParOldGen       total 64512K, used 14394K [0x00000000a2e00000, 0x00000000a6d00000, 0x00000000e0f80000)
  object space 64512K, 22% used [0x00000000a2e00000,0x00000000a3c0e9b8,0x00000000a6d00000)
 Metaspace       used 20233K, capacity 20469K, committed 20736K, reserved 1069056K
  class space    used 1943K, capacity 1992K, committed 2048K, reserved 1048576K
}
Event: 9,899 GC heap before
{Heap before GC invocations=4 (full 0):
 PSYoungGen      total 28160K, used 28130K [0x00000000e0f80000, 0x00000000e2e80000, 0x0000000100000000)
  eden space 24576K, 100% used [0x00000000e0f80000,0x00000000e2780000,0x00000000e2780000)
  from space 3584K, 99% used [0x00000000e2780000,0x00000000e2af8a90,0x00000000e2b00000)
  to   space 3584K, 0% used [0x00000000e2b00000,0x00000000e2b00000,0x00000000e2e80000)
 ParOldGen       total 64512K, used 14394K [0x00000000a2e00000, 0x00000000a6d00000, 0x00000000e0f80000)
  object space 64512K, 22% used [0x00000000a2e00000,0x00000000a3c0e9b8,0x00000000a6d00000)
 Metaspace       used 20652K, capacity 20955K, committed 21248K, reserved 1069056K
  class space    used 1948K, capacity 2025K, committed 2048K, reserved 1048576K
Event: 9,905 GC heap after
Heap after GC invocations=4 (full 0):
 PSYoungGen      total 28160K, used 3476K [0x00000000e0f80000, 0x00000000e2e80000, 0x0000000100000000)
  eden space 24576K, 0% used [0x00000000e0f80000,0x00000000e0f80000,0x00000000e2780000)
  from space 3584K, 97% used [0x00000000e2b00000,0x00000000e2e652a0,0x00000000e2e80000)
  to   space 3584K, 0% used [0x00000000e2780000,0x00000000e2780000,0x00000000e2b00000)
 ParOldGen       total 64512K, used 14658K [0x00000000a2e00000, 0x00000000a6d00000, 0x00000000e0f80000)
  object space 64512K, 22% used [0x00000000a2e00000,0x00000000a3c509c8,0x00000000a6d00000)
 Metaspace       used 20652K, capacity 20955K, committed 21248K, reserved 1069056K
  class space    used 1948K, capacity 2025K, committed 2048K, reserved 1048576K
}

