# JRE version: Java(TM) SE Runtime Environment (8.0_92-b14) (build 1.8.0_92-b14)
# Java VM: Java HotSpot(TM) 64-Bit Server VM (25.92-b14 mixed mode linux-amd64 compressed oops)
Heap:
 PSYoungGen      total 94208K, used 5793K [0x00000000e0f80000, 0x00000000e8600000, 0x0000000100000000)
  eden space 93696K, 5% used [0x00000000e0f80000,0x00000000e14d07a8,0x00000000e6b00000)
  from space 512K, 68% used [0x00000000e6e00000,0x00000000e6e58000,0x00000000e6e80000)
  to   space 12800K, 0% used [0x00000000e7980000,0x00000000e7980000,0x00000000e8600000)
 ParOldGen       total 68096K, used 17934K [0x00000000a2e00000, 0x00000000a7080000, 0x00000000e0f80000)
  object space 68096K, 26% used [0x00000000a2e00000,0x00000000a3f83908,0x00000000a7080000)
 Metaspace       used 21584K, capacity 21857K, committed 22320K, reserved 1069056K
  class space    used 2002K, capacity 2090K, committed 2176K, reserved 1048576K
GC Heap History (10 events):
Event: 40,534 GC heap before
{Heap before GC invocations=8 (full 1):
 PSYoungGen      total 102400K, used 86880K [0x00000000e0f80000, 0x00000000e9500000, 0x0000000100000000)
  eden space 86528K, 100% used [0x00000000e0f80000,0x00000000e6400000,0x00000000e6400000)
  from space 15872K, 2% used [0x00000000e7300000,0x00000000e7358000,0x00000000e8280000)
  to   space 15360K, 0% used [0x00000000e6400000,0x00000000e6400000,0x00000000e7300000)
 ParOldGen       total 68096K, used 17910K [0x00000000a2e00000, 0x00000000a7080000, 0x00000000e0f80000)
  object space 68096K, 26% used [0x00000000a2e00000,0x00000000a3f7d908,0x00000000a7080000)
 Metaspace       used 21523K, capacity 21761K, committed 22064K, reserved 1069056K
  class space    used 1999K, capacity 2058K, committed 2176K, reserved 1048576K
Event: 40,537 GC heap after
Heap after GC invocations=8 (full 1):
 PSYoungGen      total 101888K, used 384K [0x00000000e0f80000, 0x00000000e9100000, 0x0000000100000000)
  eden space 86528K, 0% used [0x00000000e0f80000,0x00000000e0f80000,0x00000000e6400000)
  from space 15360K, 2% used [0x00000000e6400000,0x00000000e6460000,0x00000000e7300000)
  to   space 14848K, 0% used [0x00000000e8280000,0x00000000e8280000,0x00000000e9100000)
 ParOldGen       total 68096K, used 17918K [0x00000000a2e00000, 0x00000000a7080000, 0x00000000e0f80000)
  object space 68096K, 26% used [0x00000000a2e00000,0x00000000a3f7f908,0x00000000a7080000)
 Metaspace       used 21523K, capacity 21761K, committed 22064K, reserved 1069056K
  class space    used 1999K, capacity 2058K, committed 2176K, reserved 1048576K
}
Event: 51,716 GC heap before
{Heap before GC invocations=9 (full 1):
 PSYoungGen      total 101888K, used 86912K [0x00000000e0f80000, 0x00000000e9100000, 0x0000000100000000)
  eden space 86528K, 100% used [0x00000000e0f80000,0x00000000e6400000,0x00000000e6400000)
  from space 15360K, 2% used [0x00000000e6400000,0x00000000e6460000,0x00000000e7300000)
  to   space 14848K, 0% used [0x00000000e8280000,0x00000000e8280000,0x00000000e9100000)
 ParOldGen       total 68096K, used 17918K [0x00000000a2e00000, 0x00000000a7080000, 0x00000000e0f80000)
  object space 68096K, 26% used [0x00000000a2e00000,0x00000000a3f7f908,0x00000000a7080000)
 Metaspace       used 21555K, capacity 21825K, committed 22320K, reserved 1069056K
  class space    used 1999K, capacity 2058K, committed 2176K, reserved 1048576K
Event: 51,719 GC heap after
Heap after GC invocations=9 (full 1):
 PSYoungGen      total 110592K, used 384K [0x00000000e0f80000, 0x00000000e8d00000, 0x0000000100000000)
  eden space 99840K, 0% used [0x00000000e0f80000,0x00000000e0f80000,0x00000000e7100000)
  from space 10752K, 3% used [0x00000000e8280000,0x00000000e82e0000,0x00000000e8d00000)
  to   space 14336K, 0% used [0x00000000e7100000,0x00000000e7100000,0x00000000e7f00000)
 ParOldGen       total 68096K, used 17926K [0x00000000a2e00000, 0x00000000a7080000, 0x00000000e0f80000)
  object space 68096K, 26% used [0x00000000a2e00000,0x00000000a3f81908,0x00000000a7080000)
 Metaspace       used 21555K, capacity 21825K, committed 22320K, reserved 1069056K
  class space    used 1999K, capacity 2058K, committed 2176K, reserved 1048576K
}
Event: 64,734 GC heap before
{Heap before GC invocations=10 (full 1):
 PSYoungGen      total 110592K, used 100224K [0x00000000e0f80000, 0x00000000e8d00000, 0x0000000100000000)
  eden space 99840K, 100% used [0x00000000e0f80000,0x00000000e7100000,0x00000000e7100000)
  from space 10752K, 3% used [0x00000000e8280000,0x00000000e82e0000,0x00000000e8d00000)
  to   space 14336K, 0% used [0x00000000e7100000,0x00000000e7100000,0x00000000e7f00000)
 ParOldGen       total 68096K, used 17926K [0x00000000a2e00000, 0x00000000a7080000, 0x00000000e0f80000)
  object space 68096K, 26% used [0x00000000a2e00000,0x00000000a3f81908,0x00000000a7080000)
 Metaspace       used 21555K, capacity 21825K, committed 22320K, reserved 1069056K
  class space    used 1999K, capacity 2058K, committed 2176K, reserved 1048576K
Event: 64,736 GC heap after
Heap after GC invocations=10 (full 1):
 PSYoungGen      total 114176K, used 320K [0x00000000e0f80000, 0x00000000e9300000, 0x0000000100000000)
  eden space 99840K, 0% used [0x00000000e0f80000,0x00000000e0f80000,0x00000000e7100000)
  from space 14336K, 2% used [0x00000000e7100000,0x00000000e7150000,0x00000000e7f00000)
  to   space 13824K, 0% used [0x00000000e8580000,0x00000000e8580000,0x00000000e9300000)
 ParOldGen       total 68096K, used 17926K [0x00000000a2e00000, 0x00000000a7080000, 0x00000000e0f80000)
  object space 68096K, 26% used [0x00000000a2e00000,0x00000000a3f81908,0x00000000a7080000)
 Metaspace       used 21555K, capacity 21825K, committed 22320K, reserved 1069056K
  class space    used 1999K, capacity 2058K, committed 2176K, reserved 1048576K
}
Event: 78,400 GC heap before
{Heap before GC invocations=11 (full 1):
 PSYoungGen      total 114176K, used 100160K [0x00000000e0f80000, 0x00000000e9300000, 0x0000000100000000)
  eden space 99840K, 100% used [0x00000000e0f80000,0x00000000e7100000,0x00000000e7100000)
  from space 14336K, 2% used [0x00000000e7100000,0x00000000e7150000,0x00000000e7f00000)
  to   space 13824K, 0% used [0x00000000e8580000,0x00000000e8580000,0x00000000e9300000)
 ParOldGen       total 68096K, used 17926K [0x00000000a2e00000, 0x00000000a7080000, 0x00000000e0f80000)
  object space 68096K, 26% used [0x00000000a2e00000,0x00000000a3f81908,0x00000000a7080000)
 Metaspace       used 21555K, capacity 21825K, committed 22320K, reserved 1069056K
  class space    used 1999K, capacity 2058K, committed 2176K, reserved 1048576K
Event: 78,403 GC heap after
Heap after GC invocations=11 (full 1):
 PSYoungGen      total 99328K, used 384K [0x00000000e0f80000, 0x00000000e8800000, 0x0000000100000000)
  eden space 96768K, 0% used [0x00000000e0f80000,0x00000000e0f80000,0x00000000e6e00000)
  from space 2560K, 15% used [0x00000000e8580000,0x00000000e85e0000,0x00000000e8800000)
  to   space 13312K, 0% used [0x00000000e6e00000,0x00000000e6e00000,0x00000000e7b00000)
 ParOldGen       total 68096K, used 17926K [0x00000000a2e00000, 0x00000000a7080000, 0x00000000e0f80000)
  object space 68096K, 26% used [0x00000000a2e00000,0x00000000a3f81908,0x00000000a7080000)
 Metaspace       used 21555K, capacity 21825K, committed 22320K, reserved 1069056K
  class space    used 1999K, capacity 2058K, committed 2176K, reserved 1048576K
}
Event: 93,119 GC heap before
{Heap before GC invocations=12 (full 1):
 PSYoungGen      total 99328K, used 97152K [0x00000000e0f80000, 0x00000000e8800000, 0x0000000100000000)
  eden space 96768K, 100% used [0x00000000e0f80000,0x00000000e6e00000,0x00000000e6e00000)
  from space 2560K, 15% used [0x00000000e8580000,0x00000000e85e0000,0x00000000e8800000)
  to   space 13312K, 0% used [0x00000000e6e00000,0x00000000e6e00000,0x00000000e7b00000)
 ParOldGen       total 68096K, used 17926K [0x00000000a2e00000, 0x00000000a7080000, 0x00000000e0f80000)
  object space 68096K, 26% used [0x00000000a2e00000,0x00000000a3f81908,0x00000000a7080000)
 Metaspace       used 21575K, capacity 21825K, committed 22320K, reserved 1069056K
  class space    used 2000K, capacity 2058K, committed 2176K, reserved 1048576K
Event: 93,122 GC heap after
Heap after GC invocations=12 (full 1):
 PSYoungGen      total 94208K, used 352K [0x00000000e0f80000, 0x00000000e8600000, 0x0000000100000000)
  eden space 93696K, 0% used [0x00000000e0f80000,0x00000000e0f80000,0x00000000e6b00000)
  from space 512K, 68% used [0x00000000e6e00000,0x00000000e6e58000,0x00000000e6e80000)
  to   space 12800K, 0% used [0x00000000e7980000,0x00000000e7980000,0x00000000e8600000)
 ParOldGen       total 68096K, used 17934K [0x00000000a2e00000, 0x00000000a7080000, 0x00000000e0f80000)
  object space 68096K, 26% used [0x00000000a2e00000,0x00000000a3f83908,0x00000000a7080000)
 Metaspace       used 21575K, capacity 21825K, committed 22320K, reserved 1069056K
  class space    used 2000K, capacity 2058K, committed 2176K, reserved 1048576K
}

