# JRE version: OpenJDK Runtime Environment (8.0_91-b14) (build 1.8.0_91-8u91-b14-3ubuntu1~16.04.1-b14)
# Java VM: OpenJDK 64-Bit Server VM (25.91-b14 mixed mode linux-amd64 compressed oops)
Heap:
 PSYoungGen      total 44032K, used 6153K [0x00000000edc00000, 0x00000000f2080000, 0x0000000100000000)
  eden space 43520K, 13% used [0x00000000edc00000,0x00000000ee1f25c0,0x00000000f0680000)
  from space 512K, 12% used [0x00000000f2000000,0x00000000f2010000,0x00000000f2080000)
  to   space 10752K, 0% used [0x00000000f0b80000,0x00000000f0b80000,0x00000000f1600000)
 ParOldGen       total 47616K, used 16845K [0x00000000c9400000, 0x00000000cc280000, 0x00000000edc00000)
  object space 47616K, 35% used [0x00000000c9400000,0x00000000ca473778,0x00000000cc280000)
 Metaspace       used 21300K, capacity 21481K, committed 21760K, reserved 1069056K
  class space    used 1958K, capacity 2024K, committed 2048K, reserved 1048576K
GC Heap History (10 events):
Event: 7,984 GC heap before
{Heap before GC invocations=3 (full 0):
 PSYoungGen      total 16896K, used 16866K [0x00000000edc00000, 0x00000000efd00000, 0x0000000100000000)
  eden space 14848K, 100% used [0x00000000edc00000,0x00000000eea80000,0x00000000eea80000)
  from space 2048K, 98% used [0x00000000eec80000,0x00000000eee78850,0x00000000eee80000)
  to   space 2048K, 0% used [0x00000000eea80000,0x00000000eea80000,0x00000000eec80000)
 ParOldGen       total 38400K, used 3158K [0x00000000c9400000, 0x00000000cb980000, 0x00000000edc00000)
  object space 38400K, 8% used [0x00000000c9400000,0x00000000c9715a90,0x00000000cb980000)
 Metaspace       used 17909K, capacity 18133K, committed 18432K, reserved 1067008K
  class space    used 1705K, capacity 1792K, committed 1792K, reserved 1048576K
Event: 8,038 GC heap after
Heap after GC invocations=3 (full 0):
 PSYoungGen      total 16896K, used 2032K [0x00000000edc00000, 0x00000000efd00000, 0x0000000100000000)
  eden space 14848K, 0% used [0x00000000edc00000,0x00000000edc00000,0x00000000eea80000)
  from space 2048K, 99% used [0x00000000eea80000,0x00000000eec7c070,0x00000000eec80000)
  to   space 2048K, 0% used [0x00000000efb00000,0x00000000efb00000,0x00000000efd00000)
 ParOldGen       total 38400K, used 7250K [0x00000000c9400000, 0x00000000cb980000, 0x00000000edc00000)
  object space 38400K, 18% used [0x00000000c9400000,0x00000000c9b148e0,0x00000000cb980000)
 Metaspace       used 17909K, capacity 18133K, committed 18432K, reserved 1067008K
  class space    used 1705K, capacity 1792K, committed 1792K, reserved 1048576K
}
Event: 10,740 GC heap before
{Heap before GC invocations=4 (full 0):
 PSYoungGen      total 16896K, used 16880K [0x00000000edc00000, 0x00000000efd00000, 0x0000000100000000)
  eden space 14848K, 100% used [0x00000000edc00000,0x00000000eea80000,0x00000000eea80000)
  from space 2048K, 99% used [0x00000000eea80000,0x00000000eec7c070,0x00000000eec80000)
  to   space 2048K, 0% used [0x00000000efb00000,0x00000000efb00000,0x00000000efd00000)
 ParOldGen       total 38400K, used 7250K [0x00000000c9400000, 0x00000000cb980000, 0x00000000edc00000)
  object space 38400K, 18% used [0x00000000c9400000,0x00000000c9b148e0,0x00000000cb980000)
 Metaspace       used 20179K, capacity 20385K, committed 20736K, reserved 1069056K
  class space    used 1931K, capacity 1986K, committed 2048K, reserved 1048576K
Event: 10,793 GC heap after
Heap after GC invocations=4 (full 0):
 PSYoungGen      total 31744K, used 2032K [0x00000000edc00000, 0x00000000efd00000, 0x0000000100000000)
  eden space 29696K, 0% used [0x00000000edc00000,0x00000000edc00000,0x00000000ef900000)
  from space 2048K, 99% used [0x00000000efb00000,0x00000000efcfc060,0x00000000efd00000)
  to   space 2048K, 0% used [0x00000000ef900000,0x00000000ef900000,0x00000000efb00000)
 ParOldGen       total 38400K, used 14269K [0x00000000c9400000, 0x00000000cb980000, 0x00000000edc00000)
  object space 38400K, 37% used [0x00000000c9400000,0x00000000ca1ef790,0x00000000cb980000)
 Metaspace       used 20179K, capacity 20385K, committed 20736K, reserved 1069056K
  class space    used 1931K, capacity 1986K, committed 2048K, reserved 1048576K
}
Event: 15,516 GC heap before
{Heap before GC invocations=5 (full 0):
 PSYoungGen      total 31744K, used 30235K [0x00000000edc00000, 0x00000000efd00000, 0x0000000100000000)
  eden space 29696K, 94% used [0x00000000edc00000,0x00000000ef78ad70,0x00000000ef900000)
  from space 2048K, 99% used [0x00000000efb00000,0x00000000efcfc060,0x00000000efd00000)
  to   space 2048K, 0% used [0x00000000ef900000,0x00000000ef900000,0x00000000efb00000)
 ParOldGen       total 38400K, used 14269K [0x00000000c9400000, 0x00000000cb980000, 0x00000000edc00000)
  object space 38400K, 37% used [0x00000000c9400000,0x00000000ca1ef790,0x00000000cb980000)
 Metaspace       used 20817K, capacity 21027K, committed 21248K, reserved 1069056K
  class space    used 1952K, capacity 2023K, committed 2048K, reserved 1048576K
Event: 15,557 GC heap after
Heap after GC invocations=5 (full 0):
 PSYoungGen      total 31744K, used 2016K [0x00000000edc00000, 0x00000000f2a00000, 0x0000000100000000)
  eden space 29696K, 0% used [0x00000000edc00000,0x00000000edc00000,0x00000000ef900000)
  from space 2048K, 98% used [0x00000000ef900000,0x00000000efaf8050,0x00000000efb00000)
  to   space 10240K, 0% used [0x00000000f2000000,0x00000000f2000000,0x00000000f2a00000)
 ParOldGen       total 38400K, used 19080K [0x00000000c9400000, 0x00000000cb980000, 0x00000000edc00000)
  object space 38400K, 49% used [0x00000000c9400000,0x00000000ca6a2378,0x00000000cb980000)
 Metaspace       used 20817K, capacity 21027K, committed 21248K, reserved 1069056K
  class space    used 1952K, capacity 2023K, committed 2048K, reserved 1048576K
}
Event: 15,557 GC heap before
{Heap before GC invocations=6 (full 1):
 PSYoungGen      total 31744K, used 2016K [0x00000000edc00000, 0x00000000f2a00000, 0x0000000100000000)
  eden space 29696K, 0% used [0x00000000edc00000,0x00000000edc00000,0x00000000ef900000)
  from space 2048K, 98% used [0x00000000ef900000,0x00000000efaf8050,0x00000000efb00000)
  to   space 10240K, 0% used [0x00000000f2000000,0x00000000f2000000,0x00000000f2a00000)
 ParOldGen       total 38400K, used 19080K [0x00000000c9400000, 0x00000000cb980000, 0x00000000edc00000)
  object space 38400K, 49% used [0x00000000c9400000,0x00000000ca6a2378,0x00000000cb980000)
 Metaspace       used 20817K, capacity 21027K, committed 21248K, reserved 1069056K
  class space    used 1952K, capacity 2023K, committed 2048K, reserved 1048576K
Event: 15,778 GC heap after
Heap after GC invocations=6 (full 1):
 PSYoungGen      total 31744K, used 0K [0x00000000edc00000, 0x00000000f2a00000, 0x0000000100000000)
  eden space 29696K, 0% used [0x00000000edc00000,0x00000000edc00000,0x00000000ef900000)
  from space 2048K, 0% used [0x00000000ef900000,0x00000000ef900000,0x00000000efb00000)
  to   space 10240K, 0% used [0x00000000f2000000,0x00000000f2000000,0x00000000f2a00000)
 ParOldGen       total 47616K, used 16837K [0x00000000c9400000, 0x00000000cc280000, 0x00000000edc00000)
  object space 47616K, 35% used [0x00000000c9400000,0x00000000ca471778,0x00000000cc280000)
 Metaspace       used 20817K, capacity 21027K, committed 21248K, reserved 1069056K
  class space    used 1952K, capacity 2023K, committed 2048K, reserved 1048576K
}
Event: 22,677 GC heap before
{Heap before GC invocations=7 (full 1):
 PSYoungGen      total 31744K, used 29696K [0x00000000edc00000, 0x00000000f2a00000, 0x0000000100000000)
  eden space 29696K, 100% used [0x00000000edc00000,0x00000000ef900000,0x00000000ef900000)
  from space 2048K, 0% used [0x00000000ef900000,0x00000000ef900000,0x00000000efb00000)
  to   space 10240K, 0% used [0x00000000f2000000,0x00000000f2000000,0x00000000f2a00000)
 ParOldGen       total 47616K, used 16837K [0x00000000c9400000, 0x00000000cc280000, 0x00000000edc00000)
  object space 47616K, 35% used [0x00000000c9400000,0x00000000ca471778,0x00000000cc280000)
 Metaspace       used 21230K, capacity 21417K, committed 21760K, reserved 1069056K
  class space    used 1956K, capacity 2024K, committed 2048K, reserved 1048576K
Event: 22,692 GC heap after
Heap after GC invocations=7 (full 1):
 PSYoungGen      total 44032K, used 64K [0x00000000edc00000, 0x00000000f2080000, 0x0000000100000000)
  eden space 43520K, 0% used [0x00000000edc00000,0x00000000edc00000,0x00000000f0680000)
  from space 512K, 12% used [0x00000000f2000000,0x00000000f2010000,0x00000000f2080000)
  to   space 10752K, 0% used [0x00000000f0b80000,0x00000000f0b80000,0x00000000f1600000)
 ParOldGen       total 47616K, used 16845K [0x00000000c9400000, 0x00000000cc280000, 0x00000000edc00000)
  object space 47616K, 35% used [0x00000000c9400000,0x00000000ca473778,0x00000000cc280000)
 Metaspace       used 21230K, capacity 21417K, committed 21760K, reserved 1069056K
  class space    used 1956K, capacity 2024K, committed 2048K, reserved 1048576K
}

