# JRE version: Java(TM) SE Runtime Environment (8.0_92-b14) (build 1.8.0_92-b14)
# Java VM: Java HotSpot(TM) 64-Bit Server VM (25.92-b14 mixed mode linux-amd64 compressed oops)
Heap:
 PSYoungGen      total 75776K, used 35226K [0x00000000e0f80000, 0x00000000e7900000, 0x0000000100000000)
  eden space 62976K, 36% used [0x00000000e0f80000,0x00000000e25f68c0,0x00000000e4d00000)
  from space 12800K, 95% used [0x00000000e4d00000,0x00000000e58f0300,0x00000000e5980000)
  to   space 14848K, 0% used [0x00000000e6a80000,0x00000000e6a80000,0x00000000e7900000)
 ParOldGen       total 66560K, used 17810K [0x00000000a2e00000, 0x00000000a6f00000, 0x00000000e0f80000)
  object space 66560K, 26% used [0x00000000a2e00000,0x00000000a3f64af8,0x00000000a6f00000)
 Metaspace       used 21502K, capacity 21765K, committed 22064K, reserved 1069056K
  class space    used 2002K, capacity 2058K, committed 2176K, reserved 1048576K
GC Heap History (10 events):
Event: 2,727 GC heap before
{Heap before GC invocations=4 (full 0):
 PSYoungGen      total 28160K, used 24346K [0x00000000e0f80000, 0x00000000e4680000, 0x0000000100000000)
  eden space 24576K, 84% used [0x00000000e0f80000,0x00000000e23c9e08,0x00000000e2780000)
  from space 3584K, 99% used [0x00000000e2780000,0x00000000e2afca70,0x00000000e2b00000)
  to   space 3584K, 0% used [0x00000000e4300000,0x00000000e4300000,0x00000000e4680000)
 ParOldGen       total 64512K, used 13303K [0x00000000a2e00000, 0x00000000a6d00000, 0x00000000e0f80000)
  object space 64512K, 20% used [0x00000000a2e00000,0x00000000a3afdfa0,0x00000000a6d00000)
 Metaspace       used 20780K, capacity 20991K, committed 21296K, reserved 1069056K
  class space    used 1993K, capacity 2057K, committed 2176K, reserved 1048576K
Event: 2,735 GC heap after
Heap after GC invocations=4 (full 0):
 PSYoungGen      total 52736K, used 3554K [0x00000000e0f80000, 0x00000000e4680000, 0x0000000100000000)
  eden space 49152K, 0% used [0x00000000e0f80000,0x00000000e0f80000,0x00000000e3f80000)
  from space 3584K, 99% used [0x00000000e4300000,0x00000000e4678a80,0x00000000e4680000)
  to   space 3584K, 0% used [0x00000000e3f80000,0x00000000e3f80000,0x00000000e4300000)
 ParOldGen       total 64512K, used 15736K [0x00000000a2e00000, 0x00000000a6d00000, 0x00000000e0f80000)
  object space 64512K, 24% used [0x00000000a2e00000,0x00000000a3d5e050,0x00000000a6d00000)
 Metaspace       used 20780K, capacity 20991K, committed 21296K, reserved 1069056K
  class space    used 1993K, capacity 2057K, committed 2176K, reserved 1048576K
}
Event: 2,735 GC heap before
{Heap before GC invocations=5 (full 1):
 PSYoungGen      total 52736K, used 3554K [0x00000000e0f80000, 0x00000000e4680000, 0x0000000100000000)
  eden space 49152K, 0% used [0x00000000e0f80000,0x00000000e0f80000,0x00000000e3f80000)
  from space 3584K, 99% used [0x00000000e4300000,0x00000000e4678a80,0x00000000e4680000)
  to   space 3584K, 0% used [0x00000000e3f80000,0x00000000e3f80000,0x00000000e4300000)
 ParOldGen       total 64512K, used 15736K [0x00000000a2e00000, 0x00000000a6d00000, 0x00000000e0f80000)
  object space 64512K, 24% used [0x00000000a2e00000,0x00000000a3d5e050,0x00000000a6d00000)
 Metaspace       used 20780K, capacity 20991K, committed 21296K, reserved 1069056K
  class space    used 1993K, capacity 2057K, committed 2176K, reserved 1048576K
Event: 2,798 GC heap after
Heap after GC invocations=5 (full 1):
 PSYoungGen      total 52736K, used 0K [0x00000000e0f80000, 0x00000000e4680000, 0x0000000100000000)
  eden space 49152K, 0% used [0x00000000e0f80000,0x00000000e0f80000,0x00000000e3f80000)
  from space 3584K, 0% used [0x00000000e4300000,0x00000000e4300000,0x00000000e4680000)
  to   space 3584K, 0% used [0x00000000e3f80000,0x00000000e3f80000,0x00000000e4300000)
 ParOldGen       total 66560K, used 17786K [0x00000000a2e00000, 0x00000000a6f00000, 0x00000000e0f80000)
  object space 66560K, 26% used [0x00000000a2e00000,0x00000000a3f5eaf8,0x00000000a6f00000)
 Metaspace       used 20780K, capacity 20991K, committed 21296K, reserved 1069056K
  class space    used 1993K, capacity 2057K, committed 2176K, reserved 1048576K
}
Event: 8,676 GC heap before
{Heap before GC invocations=6 (full 1):
 PSYoungGen      total 52736K, used 49152K [0x00000000e0f80000, 0x00000000e4680000, 0x0000000100000000)
  eden space 49152K, 100% used [0x00000000e0f80000,0x00000000e3f80000,0x00000000e3f80000)
  from space 3584K, 0% used [0x00000000e4300000,0x00000000e4300000,0x00000000e4680000)
  to   space 3584K, 0% used [0x00000000e3f80000,0x00000000e3f80000,0x00000000e4300000)
 ParOldGen       total 66560K, used 17786K [0x00000000a2e00000, 0x00000000a6f00000, 0x00000000e0f80000)
  object space 66560K, 26% used [0x00000000a2e00000,0x00000000a3f5eaf8,0x00000000a6f00000)
 Metaspace       used 21251K, capacity 21503K, committed 21808K, reserved 1069056K
  class space    used 1996K, capacity 2057K, committed 2176K, reserved 1048576K
Event: 8,678 GC heap after
Heap after GC invocations=6 (full 1):
 PSYoungGen      total 52736K, used 256K [0x00000000e0f80000, 0x00000000e6800000, 0x0000000100000000)
  eden space 49152K, 0% used [0x00000000e0f80000,0x00000000e0f80000,0x00000000e3f80000)
  from space 3584K, 7% used [0x00000000e3f80000,0x00000000e3fc0000,0x00000000e4300000)
  to   space 13312K, 0% used [0x00000000e5b00000,0x00000000e5b00000,0x00000000e6800000)
 ParOldGen       total 66560K, used 17794K [0x00000000a2e00000, 0x00000000a6f00000, 0x00000000e0f80000)
  object space 66560K, 26% used [0x00000000a2e00000,0x00000000a3f60af8,0x00000000a6f00000)
 Metaspace       used 21251K, capacity 21503K, committed 21808K, reserved 1069056K
  class space    used 1996K, capacity 2057K, committed 2176K, reserved 1048576K
}
Event: 10,176 GC heap before
{Heap before GC invocations=7 (full 1):
 PSYoungGen      total 52736K, used 49387K [0x00000000e0f80000, 0x00000000e6800000, 0x0000000100000000)
  eden space 49152K, 99% used [0x00000000e0f80000,0x00000000e3f7aca8,0x00000000e3f80000)
  from space 3584K, 7% used [0x00000000e3f80000,0x00000000e3fc0000,0x00000000e4300000)
  to   space 13312K, 0% used [0x00000000e5b00000,0x00000000e5b00000,0x00000000e6800000)
 ParOldGen       total 66560K, used 17794K [0x00000000a2e00000, 0x00000000a6f00000, 0x00000000e0f80000)
  object space 66560K, 26% used [0x00000000a2e00000,0x00000000a3f60af8,0x00000000a6f00000)
 Metaspace       used 21405K, capacity 21637K, committed 22064K, reserved 1069056K
  class space    used 2000K, capacity 2058K, committed 2176K, reserved 1048576K
Event: 10,185 GC heap after
Heap after GC invocations=7 (full 1):
 PSYoungGen      total 74240K, used 7456K [0x00000000e0f80000, 0x00000000e6600000, 0x0000000100000000)
  eden space 62976K, 0% used [0x00000000e0f80000,0x00000000e0f80000,0x00000000e4d00000)
  from space 11264K, 66% used [0x00000000e5b00000,0x00000000e6248200,0x00000000e6600000)
  to   space 12800K, 0% used [0x00000000e4d00000,0x00000000e4d00000,0x00000000e5980000)
 ParOldGen       total 66560K, used 17802K [0x00000000a2e00000, 0x00000000a6f00000, 0x00000000e0f80000)
  object space 66560K, 26% used [0x00000000a2e00000,0x00000000a3f62af8,0x00000000a6f00000)
 Metaspace       used 21405K, capacity 21637K, committed 22064K, reserved 1069056K
  class space    used 2000K, capacity 2058K, committed 2176K, reserved 1048576K
}
Event: 13,876 GC heap before
{Heap before GC invocations=8 (full 1):
 PSYoungGen      total 74240K, used 70432K [0x00000000e0f80000, 0x00000000e6600000, 0x0000000100000000)
  eden space 62976K, 100% used [0x00000000e0f80000,0x00000000e4d00000,0x00000000e4d00000)
  from space 11264K, 66% used [0x00000000e5b00000,0x00000000e6248200,0x00000000e6600000)
  to   space 12800K, 0% used [0x00000000e4d00000,0x00000000e4d00000,0x00000000e5980000)
 ParOldGen       total 66560K, used 17802K [0x00000000a2e00000, 0x00000000a6f00000, 0x00000000e0f80000)
  object space 66560K, 26% used [0x00000000a2e00000,0x00000000a3f62af8,0x00000000a6f00000)
 Metaspace       used 21490K, capacity 21765K, committed 22064K, reserved 1069056K
  class space    used 2000K, capacity 2058K, committed 2176K, reserved 1048576K
Event: 13,885 GC heap after
Heap after GC invocations=8 (full 1):
 PSYoungGen      total 75776K, used 12224K [0x00000000e0f80000, 0x00000000e7900000, 0x0000000100000000)
  eden space 62976K, 0% used [0x00000000e0f80000,0x00000000e0f80000,0x00000000e4d00000)
  from space 12800K, 95% used [0x00000000e4d00000,0x00000000e58f0300,0x00000000e5980000)
  to   space 14848K, 0% used [0x00000000e6a80000,0x00000000e6a80000,0x00000000e7900000)
 ParOldGen       total 66560K, used 17810K [0x00000000a2e00000, 0x00000000a6f00000, 0x00000000e0f80000)
  object space 66560K, 26% used [0x00000000a2e00000,0x00000000a3f64af8,0x00000000a6f00000)
 Metaspace       used 21490K, capacity 21765K, committed 22064K, reserved 1069056K
  class space    used 2000K, capacity 2058K, committed 2176K, reserved 1048576K
}

