# JRE version: Java(TM) SE Runtime Environment (8.0_92-b14) (build 1.8.0_92-b14)
# Java VM: Java HotSpot(TM) 64-Bit Server VM (25.92-b14 mixed mode linux-amd64 compressed oops)
Heap:
 PSYoungGen      total 28160K, used 17267K [0x00000000e0f80000, 0x00000000e2e80000, 0x0000000100000000)
  eden space 24576K, 55% used [0x00000000e0f80000,0x00000000e1ce03d0,0x00000000e2780000)
  from space 3584K, 99% used [0x00000000e2b00000,0x00000000e2e7ca70,0x00000000e2e80000)
  to   space 3584K, 0% used [0x00000000e2780000,0x00000000e2780000,0x00000000e2b00000)
 ParOldGen       total 64512K, used 8990K [0x00000000a2e00000, 0x00000000a6d00000, 0x00000000e0f80000)
  object space 64512K, 13% used [0x00000000a2e00000,0x00000000a36c7810,0x00000000a6d00000)
 Metaspace       used 19365K, capacity 19615K, committed 19840K, reserved 1067008K
  class space    used 1832K, capacity 1897K, committed 1920K, reserved 1048576K
GC Heap History (4 events):
Event: 0,681 GC heap before
{Heap before GC invocations=1 (full 0):
 PSYoungGen      total 28160K, used 24150K [0x00000000e0f80000, 0x00000000e2e80000, 0x0000000100000000)
  eden space 24576K, 98% used [0x00000000e0f80000,0x00000000e2715ac0,0x00000000e2780000)
  from space 3584K, 0% used [0x00000000e2b00000,0x00000000e2b00000,0x00000000e2e80000)
  to   space 3584K, 0% used [0x00000000e2780000,0x00000000e2780000,0x00000000e2b00000)
 ParOldGen       total 64512K, used 0K [0x00000000a2e00000, 0x00000000a6d00000, 0x00000000e0f80000)
  object space 64512K, 0% used [0x00000000a2e00000,0x00000000a2e00000,0x00000000a6d00000)
 Metaspace       used 13458K, capacity 13736K, committed 13952K, reserved 1060864K
  class space    used 1464K, capacity 1545K, committed 1664K, reserved 1048576K
Event: 0,687 GC heap after
Heap after GC invocations=1 (full 0):
 PSYoungGen      total 28160K, used 3578K [0x00000000e0f80000, 0x00000000e2e80000, 0x0000000100000000)
  eden space 24576K, 0% used [0x00000000e0f80000,0x00000000e0f80000,0x00000000e2780000)
  from space 3584K, 99% used [0x00000000e2780000,0x00000000e2afe8d0,0x00000000e2b00000)
  to   space 3584K, 0% used [0x00000000e2b00000,0x00000000e2b00000,0x00000000e2e80000)
 ParOldGen       total 64512K, used 826K [0x00000000a2e00000, 0x00000000a6d00000, 0x00000000e0f80000)
  object space 64512K, 1% used [0x00000000a2e00000,0x00000000a2ecebe0,0x00000000a6d00000)
 Metaspace       used 13458K, capacity 13736K, committed 13952K, reserved 1060864K
  class space    used 1464K, capacity 1545K, committed 1664K, reserved 1048576K
}
Event: 1,677 GC heap before
{Heap before GC invocations=2 (full 0):
 PSYoungGen      total 28160K, used 28154K [0x00000000e0f80000, 0x00000000e2e80000, 0x0000000100000000)
  eden space 24576K, 100% used [0x00000000e0f80000,0x00000000e2780000,0x00000000e2780000)
  from space 3584K, 99% used [0x00000000e2780000,0x00000000e2afe8d0,0x00000000e2b00000)
  to   space 3584K, 0% used [0x00000000e2b00000,0x00000000e2b00000,0x00000000e2e80000)
 ParOldGen       total 64512K, used 826K [0x00000000a2e00000, 0x00000000a6d00000, 0x00000000e0f80000)
  object space 64512K, 1% used [0x00000000a2e00000,0x00000000a2ecebe0,0x00000000a6d00000)
 Metaspace       used 18542K, capacity 18817K, committed 19072K, reserved 1067008K
  class space    used 1815K, capacity 1892K, committed 1920K, reserved 1048576K
Event: 1,686 GC heap after
Heap after GC invocations=2 (full 0):
 PSYoungGen      total 28160K, used 3570K [0x00000000e0f80000, 0x00000000e2e80000, 0x0000000100000000)
  eden space 24576K, 0% used [0x00000000e0f80000,0x00000000e0f80000,0x00000000e2780000)
  from space 3584K, 99% used [0x00000000e2b00000,0x00000000e2e7ca70,0x00000000e2e80000)
  to   space 3584K, 0% used [0x00000000e2780000,0x00000000e2780000,0x00000000e2b00000)
 ParOldGen       total 64512K, used 8990K [0x00000000a2e00000, 0x00000000a6d00000, 0x00000000e0f80000)
  object space 64512K, 13% used [0x00000000a2e00000,0x00000000a36c7810,0x00000000a6d00000)
 Metaspace       used 18542K, capacity 18817K, committed 19072K, reserved 1067008K
  class space    used 1815K, capacity 1892K, committed 1920K, reserved 1048576K
}

