# JRE version: OpenJDK Runtime Environment (8.0_91-b14) (build 1.8.0_91-8u91-b14-3ubuntu1~16.04.1-b14)
# Java VM: OpenJDK 64-Bit Server VM (25.91-b14 mixed mode linux-amd64 compressed oops)
Heap:
 PSYoungGen      total 70144K, used 59359K [0x00000000edc00000, 0x00000000f2b00000, 0x0000000100000000)
  eden space 59392K, 99% used [0x00000000edc00000,0x00000000f15f7df0,0x00000000f1600000)
  from space 10752K, 0% used [0x00000000f2080000,0x00000000f2080000,0x00000000f2b00000)
  to   space 10752K, 0% used [0x00000000f1600000,0x00000000f1600000,0x00000000f2080000)
 ParOldGen       total 46080K, used 17457K [0x00000000c9400000, 0x00000000cc100000, 0x00000000edc00000)
  object space 46080K, 37% used [0x00000000c9400000,0x00000000ca50c7c8,0x00000000cc100000)
 Metaspace       used 21318K, capacity 21539K, committed 21760K, reserved 1069056K
  class space    used 1954K, capacity 2023K, committed 2048K, reserved 1048576K
GC Heap History (10 events):
Event: 4,575 GC heap before
{Heap before GC invocations=3 (full 0):
 PSYoungGen      total 16896K, used 16866K [0x00000000edc00000, 0x00000000efd00000, 0x0000000100000000)
  eden space 14848K, 100% used [0x00000000edc00000,0x00000000eea80000,0x00000000eea80000)
  from space 2048K, 98% used [0x00000000eec80000,0x00000000eee78830,0x00000000eee80000)
  to   space 2048K, 0% used [0x00000000eea80000,0x00000000eea80000,0x00000000eec80000)
 ParOldGen       total 38400K, used 2879K [0x00000000c9400000, 0x00000000cb980000, 0x00000000edc00000)
  object space 38400K, 7% used [0x00000000c9400000,0x00000000c96cffd0,0x00000000cb980000)
 Metaspace       used 17865K, capacity 18069K, committed 18432K, reserved 1067008K
  class space    used 1705K, capacity 1792K, committed 1792K, reserved 1048576K
Event: 4,599 GC heap after
Heap after GC invocations=3 (full 0):
 PSYoungGen      total 16896K, used 2032K [0x00000000edc00000, 0x00000000efd00000, 0x0000000100000000)
  eden space 14848K, 0% used [0x00000000edc00000,0x00000000edc00000,0x00000000eea80000)
  from space 2048K, 99% used [0x00000000eea80000,0x00000000eec7c050,0x00000000eec80000)
  to   space 2048K, 0% used [0x00000000efb00000,0x00000000efb00000,0x00000000efd00000)
 ParOldGen       total 38400K, used 6691K [0x00000000c9400000, 0x00000000cb980000, 0x00000000edc00000)
  object space 38400K, 17% used [0x00000000c9400000,0x00000000c9a88d70,0x00000000cb980000)
 Metaspace       used 17865K, capacity 18069K, committed 18432K, reserved 1067008K
  class space    used 1705K, capacity 1792K, committed 1792K, reserved 1048576K
}
Event: 7,973 GC heap before
{Heap before GC invocations=4 (full 0):
 PSYoungGen      total 16896K, used 16828K [0x00000000edc00000, 0x00000000efd00000, 0x0000000100000000)
  eden space 14848K, 99% used [0x00000000edc00000,0x00000000eea730c0,0x00000000eea80000)
  from space 2048K, 99% used [0x00000000eea80000,0x00000000eec7c050,0x00000000eec80000)
  to   space 2048K, 0% used [0x00000000efb00000,0x00000000efb00000,0x00000000efd00000)
 ParOldGen       total 38400K, used 6691K [0x00000000c9400000, 0x00000000cb980000, 0x00000000edc00000)
  object space 38400K, 17% used [0x00000000c9400000,0x00000000c9a88d70,0x00000000cb980000)
 Metaspace       used 20060K, capacity 20257K, committed 20480K, reserved 1067008K
  class space    used 1916K, capacity 1986K, committed 2048K, reserved 1048576K
Event: 8,005 GC heap after
Heap after GC invocations=4 (full 0):
 PSYoungGen      total 31744K, used 2032K [0x00000000edc00000, 0x00000000efd00000, 0x0000000100000000)
  eden space 29696K, 0% used [0x00000000edc00000,0x00000000edc00000,0x00000000ef900000)
  from space 2048K, 99% used [0x00000000efb00000,0x00000000efcfc070,0x00000000efd00000)
  to   space 2048K, 0% used [0x00000000ef900000,0x00000000ef900000,0x00000000efb00000)
 ParOldGen       total 38400K, used 14530K [0x00000000c9400000, 0x00000000cb980000, 0x00000000edc00000)
  object space 38400K, 37% used [0x00000000c9400000,0x00000000ca230aa0,0x00000000cb980000)
 Metaspace       used 20060K, capacity 20257K, committed 20480K, reserved 1067008K
  class space    used 1916K, capacity 1986K, committed 2048K, reserved 1048576K
}
Event: 10,468 GC heap before
{Heap before GC invocations=5 (full 0):
 PSYoungGen      total 31744K, used 31728K [0x00000000edc00000, 0x00000000efd00000, 0x0000000100000000)
  eden space 29696K, 100% used [0x00000000edc00000,0x00000000ef900000,0x00000000ef900000)
  from space 2048K, 99% used [0x00000000efb00000,0x00000000efcfc070,0x00000000efd00000)
  to   space 2048K, 0% used [0x00000000ef900000,0x00000000ef900000,0x00000000efb00000)
 ParOldGen       total 38400K, used 14530K [0x00000000c9400000, 0x00000000cb980000, 0x00000000edc00000)
  object space 38400K, 37% used [0x00000000c9400000,0x00000000ca230aa0,0x00000000cb980000)
 Metaspace       used 20783K, capacity 21027K, committed 21248K, reserved 1069056K
  class space    used 1950K, capacity 2023K, committed 2048K, reserved 1048576K
Event: 10,501 GC heap after
Heap after GC invocations=5 (full 0):
 PSYoungGen      total 31744K, used 2032K [0x00000000edc00000, 0x00000000f2b00000, 0x0000000100000000)
  eden space 29696K, 0% used [0x00000000edc00000,0x00000000edc00000,0x00000000ef900000)
  from space 2048K, 99% used [0x00000000ef900000,0x00000000efafc060,0x00000000efb00000)
  to   space 10752K, 0% used [0x00000000f2080000,0x00000000f2080000,0x00000000f2b00000)
 ParOldGen       total 38400K, used 19795K [0x00000000c9400000, 0x00000000cb980000, 0x00000000edc00000)
  object space 38400K, 51% used [0x00000000c9400000,0x00000000ca754ed8,0x00000000cb980000)
 Metaspace       used 20783K, capacity 21027K, committed 21248K, reserved 1069056K
  class space    used 1950K, capacity 2023K, committed 2048K, reserved 1048576K
}
Event: 10,880 GC heap before
{Heap before GC invocations=6 (full 0):
 PSYoungGen      total 31744K, used 6671K [0x00000000edc00000, 0x00000000f2b00000, 0x0000000100000000)
  eden space 29696K, 15% used [0x00000000edc00000,0x00000000ee087cd8,0x00000000ef900000)
  from space 2048K, 99% used [0x00000000ef900000,0x00000000efafc060,0x00000000efb00000)
  to   space 10752K, 0% used [0x00000000f2080000,0x00000000f2080000,0x00000000f2b00000)
 ParOldGen       total 38400K, used 19795K [0x00000000c9400000, 0x00000000cb980000, 0x00000000edc00000)
  object space 38400K, 51% used [0x00000000c9400000,0x00000000ca754ed8,0x00000000cb980000)
 Metaspace       used 20832K, capacity 21027K, committed 21248K, reserved 1069056K
  class space    used 1950K, capacity 2023K, committed 2048K, reserved 1048576K
Event: 10,897 GC heap after
Heap after GC invocations=6 (full 0):
 PSYoungGen      total 70144K, used 2848K [0x00000000edc00000, 0x00000000f2b00000, 0x0000000100000000)
  eden space 59392K, 0% used [0x00000000edc00000,0x00000000edc00000,0x00000000f1600000)
  from space 10752K, 26% used [0x00000000f2080000,0x00000000f23480a0,0x00000000f2b00000)
  to   space 10752K, 0% used [0x00000000f1600000,0x00000000f1600000,0x00000000f2080000)
 ParOldGen       total 38400K, used 19795K [0x00000000c9400000, 0x00000000cb980000, 0x00000000edc00000)
  object space 38400K, 51% used [0x00000000c9400000,0x00000000ca754ed8,0x00000000cb980000)
 Metaspace       used 20832K, capacity 21027K, committed 21248K, reserved 1069056K
  class space    used 1950K, capacity 2023K, committed 2048K, reserved 1048576K
}
Event: 10,897 GC heap before
{Heap before GC invocations=7 (full 1):
 PSYoungGen      total 70144K, used 2848K [0x00000000edc00000, 0x00000000f2b00000, 0x0000000100000000)
  eden space 59392K, 0% used [0x00000000edc00000,0x00000000edc00000,0x00000000f1600000)
  from space 10752K, 26% used [0x00000000f2080000,0x00000000f23480a0,0x00000000f2b00000)
  to   space 10752K, 0% used [0x00000000f1600000,0x00000000f1600000,0x00000000f2080000)
 ParOldGen       total 38400K, used 19795K [0x00000000c9400000, 0x00000000cb980000, 0x00000000edc00000)
  object space 38400K, 51% used [0x00000000c9400000,0x00000000ca754ed8,0x00000000cb980000)
 Metaspace       used 20832K, capacity 21027K, committed 21248K, reserved 1069056K
  class space    used 1950K, capacity 2023K, committed 2048K, reserved 1048576K
Event: 11,025 GC heap after
Heap after GC invocations=7 (full 1):
 PSYoungGen      total 70144K, used 0K [0x00000000edc00000, 0x00000000f2b00000, 0x0000000100000000)
  eden space 59392K, 0% used [0x00000000edc00000,0x00000000edc00000,0x00000000f1600000)
  from space 10752K, 0% used [0x00000000f2080000,0x00000000f2080000,0x00000000f2b00000)
  to   space 10752K, 0% used [0x00000000f1600000,0x00000000f1600000,0x00000000f2080000)
 ParOldGen       total 46080K, used 17457K [0x00000000c9400000, 0x00000000cc100000, 0x00000000edc00000)
  object space 46080K, 37% used [0x00000000c9400000,0x00000000ca50c7c8,0x00000000cc100000)
 Metaspace       used 20832K, capacity 21027K, committed 21248K, reserved 1069056K
  class space    used 1950K, capacity 2023K, committed 2048K, reserved 1048576K
}

