# JRE version: OpenJDK Runtime Environment (7.0_111-b01) (build 1.7.0_111-b01)
# Java VM: OpenJDK 64-Bit Server VM (24.111-b01 mixed mode linux-amd64 compressed oops)
Heap
 PSYoungGen      total 34304K, used 8249K [0x00000007ace80000, 0x00000007af580000, 0x0000000800000000)
  eden space 32768K, 21% used [0x00000007ace80000,0x00000007ad56e668,0x00000007aee80000)
  from space 1536K, 75% used [0x00000007aef00000,0x00000007af020040,0x00000007af080000)
  to   space 3584K, 0% used [0x00000007af200000,0x00000007af200000,0x00000007af580000)
 ParOldGen       total 169984K, used 39279K [0x0000000706c00000, 0x0000000711200000, 0x00000007ace80000)
  object space 169984K, 23% used [0x0000000706c00000,0x000000070925bcd8,0x0000000711200000)
 PSPermGen       total 21504K, used 20210K [0x00000006fc600000, 0x00000006fdb00000, 0x0000000706c00000)
  object space 21504K, 93% used [0x00000006fc600000,0x00000006fd9bcb48,0x00000006fdb00000)
GC Heap History (10 events):
Event: 68,859 GC heap before
{Heap before GC invocations=45 (full 0):
 PSYoungGen      total 39424K, used 35424K [0x00000007ace80000, 0x00000007afa00000, 0x0000000800000000)
  eden space 35328K, 100% used [0x00000007ace80000,0x00000007af100000,0x00000007af100000)
  from space 4096K, 2% used [0x00000007af600000,0x00000007af618000,0x00000007afa00000)
  to   space 4608K, 0% used [0x00000007af100000,0x00000007af100000,0x00000007af580000)
 ParOldGen       total 169984K, used 37974K [0x0000000706c00000, 0x0000000711200000, 0x00000007ace80000)
  object space 169984K, 22% used [0x0000000706c00000,0x0000000709115b98,0x0000000711200000)
 PSPermGen       total 21504K, used 20149K [0x00000006fc600000, 0x00000006fdb00000, 0x0000000706c00000)
  object space 21504K, 93% used [0x00000006fc600000,0x00000006fd9ad570,0x00000006fdb00000)
Event: 68,861 GC heap after
Heap after GC invocations=45 (full 0):
 PSYoungGen      total 36352K, used 1120K [0x00000007ace80000, 0x00000007af880000, 0x0000000800000000)
  eden space 34816K, 0% used [0x00000007ace80000,0x00000007ace80000,0x00000007af080000)
  from space 1536K, 72% used [0x00000007af100000,0x00000007af218040,0x00000007af280000)
  to   space 4096K, 0% used [0x00000007af480000,0x00000007af480000,0x00000007af880000)
 ParOldGen       total 169984K, used 37990K [0x0000000706c00000, 0x0000000711200000, 0x00000007ace80000)
  object space 169984K, 22% used [0x0000000706c00000,0x0000000709119b98,0x0000000711200000)
 PSPermGen       total 21504K, used 20149K [0x00000006fc600000, 0x00000006fdb00000, 0x0000000706c00000)
  object space 21504K, 93% used [0x00000006fc600000,0x00000006fd9ad570,0x00000006fdb00000)
}
Event: 70,458 GC heap before
{Heap before GC invocations=46 (full 0):
 PSYoungGen      total 36352K, used 35936K [0x00000007ace80000, 0x00000007af880000, 0x0000000800000000)
  eden space 34816K, 100% used [0x00000007ace80000,0x00000007af080000,0x00000007af080000)
  from space 1536K, 72% used [0x00000007af100000,0x00000007af218040,0x00000007af280000)
  to   space 4096K, 0% used [0x00000007af480000,0x00000007af480000,0x00000007af880000)
 ParOldGen       total 169984K, used 37990K [0x0000000706c00000, 0x0000000711200000, 0x00000007ace80000)
  object space 169984K, 22% used [0x0000000706c00000,0x0000000709119b98,0x0000000711200000)
 PSPermGen       total 21504K, used 20159K [0x00000006fc600000, 0x00000006fdb00000, 0x0000000706c00000)
  object space 21504K, 93% used [0x00000006fc600000,0x00000006fd9afd90,0x00000006fdb00000)
Event: 70,459 GC heap after
Heap after GC invocations=46 (full 0):
 PSYoungGen      total 37888K, used 96K [0x00000007ace80000, 0x00000007af800000, 0x0000000800000000)
  eden space 34304K, 0% used [0x00000007ace80000,0x00000007ace80000,0x00000007af000000)
  from space 3584K, 2% used [0x00000007af480000,0x00000007af498000,0x00000007af800000)
  to   space 4096K, 0% used [0x00000007af000000,0x00000007af000000,0x00000007af400000)
 ParOldGen       total 169984K, used 39054K [0x0000000706c00000, 0x0000000711200000, 0x00000007ace80000)
  object space 169984K, 22% used [0x0000000706c00000,0x0000000709223bd8,0x0000000711200000)
 PSPermGen       total 21504K, used 20159K [0x00000006fc600000, 0x00000006fdb00000, 0x0000000706c00000)
  object space 21504K, 93% used [0x00000006fc600000,0x00000006fd9afd90,0x00000006fdb00000)
}
Event: 72,208 GC heap before
{Heap before GC invocations=47 (full 0):
 PSYoungGen      total 37888K, used 34400K [0x00000007ace80000, 0x00000007af800000, 0x0000000800000000)
  eden space 34304K, 100% used [0x00000007ace80000,0x00000007af000000,0x00000007af000000)
  from space 3584K, 2% used [0x00000007af480000,0x00000007af498000,0x00000007af800000)
  to   space 4096K, 0% used [0x00000007af000000,0x00000007af000000,0x00000007af400000)
 ParOldGen       total 169984K, used 39054K [0x0000000706c00000, 0x0000000711200000, 0x00000007ace80000)
  object space 169984K, 22% used [0x0000000706c00000,0x0000000709223bd8,0x0000000711200000)
 PSPermGen       total 21504K, used 20164K [0x00000006fc600000, 0x00000006fdb00000, 0x0000000706c00000)
  object space 21504K, 93% used [0x00000006fc600000,0x00000006fd9b1060,0x00000006fdb00000)
Event: 72,209 GC heap after
Heap after GC invocations=47 (full 0):
 PSYoungGen      total 34304K, used 208K [0x00000007ace80000, 0x00000007af780000, 0x0000000800000000)
  eden space 33792K, 0% used [0x00000007ace80000,0x00000007ace80000,0x00000007aef80000)
  from space 512K, 40% used [0x00000007af000000,0x00000007af034030,0x00000007af080000)
  to   space 4096K, 0% used [0x00000007af380000,0x00000007af380000,0x00000007af780000)
 ParOldGen       total 169984K, used 39054K [0x0000000706c00000, 0x0000000711200000, 0x00000007ace80000)
  object space 169984K, 22% used [0x0000000706c00000,0x0000000709223bd8,0x0000000711200000)
 PSPermGen       total 21504K, used 20164K [0x00000006fc600000, 0x00000006fdb00000, 0x0000000706c00000)
  object space 21504K, 93% used [0x00000006fc600000,0x00000006fd9b1060,0x00000006fdb00000)
}
Event: 74,008 GC heap before
{Heap before GC invocations=48 (full 0):
 PSYoungGen      total 34304K, used 34000K [0x00000007ace80000, 0x00000007af780000, 0x0000000800000000)
  eden space 33792K, 100% used [0x00000007ace80000,0x00000007aef80000,0x00000007aef80000)
  from space 512K, 40% used [0x00000007af000000,0x00000007af034030,0x00000007af080000)
  to   space 4096K, 0% used [0x00000007af380000,0x00000007af380000,0x00000007af780000)
 ParOldGen       total 169984K, used 39054K [0x0000000706c00000, 0x0000000711200000, 0x00000007ace80000)
  object space 169984K, 22% used [0x0000000706c00000,0x0000000709223bd8,0x0000000711200000)
 PSPermGen       total 21504K, used 20198K [0x00000006fc600000, 0x00000006fdb00000, 0x0000000706c00000)
  object space 21504K, 93% used [0x00000006fc600000,0x00000006fd9b9af0,0x00000006fdb00000)
Event: 74,009 GC heap after
Heap after GC invocations=48 (full 0):
 PSYoungGen      total 35840K, used 128K [0x00000007ace80000, 0x00000007af600000, 0x0000000800000000)
  eden space 33280K, 0% used [0x00000007ace80000,0x00000007ace80000,0x00000007aef00000)
  from space 2560K, 5% used [0x00000007af380000,0x00000007af3a0000,0x00000007af600000)
  to   space 3584K, 0% used [0x00000007aef00000,0x00000007aef00000,0x00000007af280000)
 ParOldGen       total 169984K, used 39247K [0x0000000706c00000, 0x0000000711200000, 0x00000007ace80000)
  object space 169984K, 23% used [0x0000000706c00000,0x0000000709253cd8,0x0000000711200000)
 PSPermGen       total 21504K, used 20198K [0x00000006fc600000, 0x00000006fdb00000, 0x0000000706c00000)
  object space 21504K, 93% used [0x00000006fc600000,0x00000006fd9b9af0,0x00000006fdb00000)
}
Event: 75,631 GC heap before
{Heap before GC invocations=49 (full 0):
 PSYoungGen      total 35840K, used 33323K [0x00000007ace80000, 0x00000007af600000, 0x0000000800000000)
  eden space 33280K, 99% used [0x00000007ace80000,0x00000007aeeeaca0,0x00000007aef00000)
  from space 2560K, 5% used [0x00000007af380000,0x00000007af3a0000,0x00000007af600000)
  to   space 3584K, 0% used [0x00000007aef00000,0x00000007aef00000,0x00000007af280000)
 ParOldGen       total 169984K, used 39247K [0x0000000706c00000, 0x0000000711200000, 0x00000007ace80000)
  object space 169984K, 23% used [0x0000000706c00000,0x0000000709253cd8,0x0000000711200000)
 PSPermGen       total 21504K, used 20202K [0x00000006fc600000, 0x00000006fdb00000, 0x0000000706c00000)
  object space 21504K, 93% used [0x00000006fc600000,0x00000006fd9ba978,0x00000006fdb00000)
Event: 75,632 GC heap after
Heap after GC invocations=49 (full 0):
 PSYoungGen      total 34304K, used 1152K [0x00000007ace80000, 0x00000007af580000, 0x0000000800000000)
  eden space 32768K, 0% used [0x00000007ace80000,0x00000007ace80000,0x00000007aee80000)
  from space 1536K, 75% used [0x00000007aef00000,0x00000007af020040,0x00000007af080000)
  to   space 3584K, 0% used [0x00000007af200000,0x00000007af200000,0x00000007af580000)
 ParOldGen       total 169984K, used 39279K [0x0000000706c00000, 0x0000000711200000, 0x00000007ace80000)
  object space 169984K, 23% used [0x0000000706c00000,0x000000070925bcd8,0x0000000711200000)
 PSPermGen       total 21504K, used 20202K [0x00000006fc600000, 0x00000006fdb00000, 0x0000000706c00000)
  object space 21504K, 93% used [0x00000006fc600000,0x00000006fd9ba978,0x00000006fdb00000)
}

