# JRE version: Java(TM) SE Runtime Environment (8.0_92-b14) (build 1.8.0_92-b14)
# Java VM: Java HotSpot(TM) 64-Bit Server VM (25.92-b14 mixed mode linux-amd64 compressed oops)
Heap:
 PSYoungGen      total 46080K, used 33142K [0x00000000e0f80000, 0x00000000e4880000, 0x0000000100000000)
  eden space 34816K, 94% used [0x00000000e0f80000,0x00000000e2f85978,0x00000000e3180000)
  from space 11264K, 3% used [0x00000000e3d80000,0x00000000e3dd8000,0x00000000e4880000)
  to   space 11776K, 0% used [0x00000000e3180000,0x00000000e3180000,0x00000000e3d00000)
 ParOldGen       total 59392K, used 15563K [0x00000000a2e00000, 0x00000000a6800000, 0x00000000e0f80000)
  object space 59392K, 26% used [0x00000000a2e00000,0x00000000a3d32d58,0x00000000a6800000)
 Metaspace       used 21207K, capacity 21435K, committed 21808K, reserved 1069056K
  class space    used 1987K, capacity 2057K, committed 2176K, reserved 1048576K
GC Heap History (10 events):
Event: 15,681 GC heap before
{Heap before GC invocations=9 (full 1):
 PSYoungGen      total 38912K, used 26976K [0x00000000e0f80000, 0x00000000e4c80000, 0x0000000100000000)
  eden space 26624K, 100% used [0x00000000e0f80000,0x00000000e2980000,0x00000000e2980000)
  from space 12288K, 2% used [0x00000000e2980000,0x00000000e29d8000,0x00000000e3580000)
  to   space 12288K, 0% used [0x00000000e4080000,0x00000000e4080000,0x00000000e4c80000)
 ParOldGen       total 59392K, used 15547K [0x00000000a2e00000, 0x00000000a6800000, 0x00000000e0f80000)
  object space 59392K, 26% used [0x00000000a2e00000,0x00000000a3d2ed58,0x00000000a6800000)
 Metaspace       used 21182K, capacity 21435K, committed 21808K, reserved 1069056K
  class space    used 1985K, capacity 2057K, committed 2176K, reserved 1048576K
Event: 15,683 GC heap after
Heap after GC invocations=9 (full 1):
 PSYoungGen      total 47104K, used 256K [0x00000000e0f80000, 0x00000000e4b00000, 0x0000000100000000)
  eden space 36352K, 0% used [0x00000000e0f80000,0x00000000e0f80000,0x00000000e3300000)
  from space 10752K, 2% used [0x00000000e4080000,0x00000000e40c0000,0x00000000e4b00000)
  to   space 12288K, 0% used [0x00000000e3300000,0x00000000e3300000,0x00000000e3f00000)
 ParOldGen       total 59392K, used 15555K [0x00000000a2e00000, 0x00000000a6800000, 0x00000000e0f80000)
  object space 59392K, 26% used [0x00000000a2e00000,0x00000000a3d30d58,0x00000000a6800000)
 Metaspace       used 21182K, capacity 21435K, committed 21808K, reserved 1069056K
  class space    used 1985K, capacity 2057K, committed 2176K, reserved 1048576K
}
Event: 20,752 GC heap before
{Heap before GC invocations=10 (full 1):
 PSYoungGen      total 47104K, used 36608K [0x00000000e0f80000, 0x00000000e4b00000, 0x0000000100000000)
  eden space 36352K, 100% used [0x00000000e0f80000,0x00000000e3300000,0x00000000e3300000)
  from space 10752K, 2% used [0x00000000e4080000,0x00000000e40c0000,0x00000000e4b00000)
  to   space 12288K, 0% used [0x00000000e3300000,0x00000000e3300000,0x00000000e3f00000)
 ParOldGen       total 59392K, used 15555K [0x00000000a2e00000, 0x00000000a6800000, 0x00000000e0f80000)
  object space 59392K, 26% used [0x00000000a2e00000,0x00000000a3d30d58,0x00000000a6800000)
 Metaspace       used 21182K, capacity 21435K, committed 21808K, reserved 1069056K
  class space    used 1985K, capacity 2057K, committed 2176K, reserved 1048576K
Event: 20,757 GC heap after
Heap after GC invocations=10 (full 1):
 PSYoungGen      total 48640K, used 288K [0x00000000e0f80000, 0x00000000e5200000, 0x0000000100000000)
  eden space 36352K, 0% used [0x00000000e0f80000,0x00000000e0f80000,0x00000000e3300000)
  from space 12288K, 2% used [0x00000000e3300000,0x00000000e3348000,0x00000000e3f00000)
  to   space 12288K, 0% used [0x00000000e4600000,0x00000000e4600000,0x00000000e5200000)
 ParOldGen       total 59392K, used 15563K [0x00000000a2e00000, 0x00000000a6800000, 0x00000000e0f80000)
  object space 59392K, 26% used [0x00000000a2e00000,0x00000000a3d32d58,0x00000000a6800000)
 Metaspace       used 21182K, capacity 21435K, committed 21808K, reserved 1069056K
  class space    used 1985K, capacity 2057K, committed 2176K, reserved 1048576K
}
Event: 26,448 GC heap before
{Heap before GC invocations=11 (full 1):
 PSYoungGen      total 48640K, used 36640K [0x00000000e0f80000, 0x00000000e5200000, 0x0000000100000000)
  eden space 36352K, 100% used [0x00000000e0f80000,0x00000000e3300000,0x00000000e3300000)
  from space 12288K, 2% used [0x00000000e3300000,0x00000000e3348000,0x00000000e3f00000)
  to   space 12288K, 0% used [0x00000000e4600000,0x00000000e4600000,0x00000000e5200000)
 ParOldGen       total 59392K, used 15563K [0x00000000a2e00000, 0x00000000a6800000, 0x00000000e0f80000)
  object space 59392K, 26% used [0x00000000a2e00000,0x00000000a3d32d58,0x00000000a6800000)
 Metaspace       used 21182K, capacity 21435K, committed 21808K, reserved 1069056K
  class space    used 1985K, capacity 2057K, committed 2176K, reserved 1048576K
Event: 26,450 GC heap after
Heap after GC invocations=11 (full 1):
 PSYoungGen      total 40448K, used 416K [0x00000000e0f80000, 0x00000000e4a80000, 0x0000000100000000)
  eden space 35840K, 0% used [0x00000000e0f80000,0x00000000e0f80000,0x00000000e3280000)
  from space 4608K, 9% used [0x00000000e4600000,0x00000000e4668000,0x00000000e4a80000)
  to   space 12288K, 0% used [0x00000000e3280000,0x00000000e3280000,0x00000000e3e80000)
 ParOldGen       total 59392K, used 15563K [0x00000000a2e00000, 0x00000000a6800000, 0x00000000e0f80000)
  object space 59392K, 26% used [0x00000000a2e00000,0x00000000a3d32d58,0x00000000a6800000)
 Metaspace       used 21182K, capacity 21435K, committed 21808K, reserved 1069056K
  class space    used 1985K, capacity 2057K, committed 2176K, reserved 1048576K
}
Event: 33,566 GC heap before
{Heap before GC invocations=12 (full 1):
 PSYoungGen      total 40448K, used 36256K [0x00000000e0f80000, 0x00000000e4a80000, 0x0000000100000000)
  eden space 35840K, 100% used [0x00000000e0f80000,0x00000000e3280000,0x00000000e3280000)
  from space 4608K, 9% used [0x00000000e4600000,0x00000000e4668000,0x00000000e4a80000)
  to   space 12288K, 0% used [0x00000000e3280000,0x00000000e3280000,0x00000000e3e80000)
 ParOldGen       total 59392K, used 15563K [0x00000000a2e00000, 0x00000000a6800000, 0x00000000e0f80000)
  object space 59392K, 26% used [0x00000000a2e00000,0x00000000a3d32d58,0x00000000a6800000)
 Metaspace       used 21182K, capacity 21435K, committed 21808K, reserved 1069056K
  class space    used 1985K, capacity 2057K, committed 2176K, reserved 1048576K
Event: 33,568 GC heap after
Heap after GC invocations=12 (full 1):
 PSYoungGen      total 35840K, used 320K [0x00000000e0f80000, 0x00000000e4900000, 0x0000000100000000)
  eden space 35328K, 0% used [0x00000000e0f80000,0x00000000e0f80000,0x00000000e3200000)
  from space 512K, 62% used [0x00000000e3280000,0x00000000e32d0000,0x00000000e3300000)
  to   space 11776K, 0% used [0x00000000e3d80000,0x00000000e3d80000,0x00000000e4900000)
 ParOldGen       total 59392K, used 15563K [0x00000000a2e00000, 0x00000000a6800000, 0x00000000e0f80000)
  object space 59392K, 26% used [0x00000000a2e00000,0x00000000a3d32d58,0x00000000a6800000)
 Metaspace       used 21182K, capacity 21435K, committed 21808K, reserved 1069056K
  class space    used 1985K, capacity 2057K, committed 2176K, reserved 1048576K
}
Event: 40,965 GC heap before
{Heap before GC invocations=13 (full 1):
 PSYoungGen      total 35840K, used 35648K [0x00000000e0f80000, 0x00000000e4900000, 0x0000000100000000)
  eden space 35328K, 100% used [0x00000000e0f80000,0x00000000e3200000,0x00000000e3200000)
  from space 512K, 62% used [0x00000000e3280000,0x00000000e32d0000,0x00000000e3300000)
  to   space 11776K, 0% used [0x00000000e3d80000,0x00000000e3d80000,0x00000000e4900000)
 ParOldGen       total 59392K, used 15563K [0x00000000a2e00000, 0x00000000a6800000, 0x00000000e0f80000)
  object space 59392K, 26% used [0x00000000a2e00000,0x00000000a3d32d58,0x00000000a6800000)
 Metaspace       used 21182K, capacity 21435K, committed 21808K, reserved 1069056K
  class space    used 1985K, capacity 2057K, committed 2176K, reserved 1048576K
Event: 40,968 GC heap after
Heap after GC invocations=13 (full 1):
 PSYoungGen      total 46080K, used 352K [0x00000000e0f80000, 0x00000000e4880000, 0x0000000100000000)
  eden space 34816K, 0% used [0x00000000e0f80000,0x00000000e0f80000,0x00000000e3180000)
  from space 11264K, 3% used [0x00000000e3d80000,0x00000000e3dd8000,0x00000000e4880000)
  to   space 11776K, 0% used [0x00000000e3180000,0x00000000e3180000,0x00000000e3d00000)
 ParOldGen       total 59392K, used 15563K [0x00000000a2e00000, 0x00000000a6800000, 0x00000000e0f80000)
  object space 59392K, 26% used [0x00000000a2e00000,0x00000000a3d32d58,0x00000000a6800000)
 Metaspace       used 21182K, capacity 21435K, committed 21808K, reserved 1069056K
  class space    used 1985K, capacity 2057K, committed 2176K, reserved 1048576K
}

