# JRE version: Java(TM) SE Runtime Environment (8.0_92-b14) (build 1.8.0_92-b14)
# Java VM: Java HotSpot(TM) 64-Bit Server VM (25.92-b14 mixed mode linux-amd64 compressed oops)
Heap:
 PSYoungGen      total 52736K, used 27777K [0x00000000e0f80000, 0x00000000e4680000, 0x0000000100000000)
  eden space 49152K, 56% used [0x00000000e0f80000,0x00000000e2aa0578,0x00000000e3f80000)
  from space 3584K, 0% used [0x00000000e4300000,0x00000000e4300000,0x00000000e4680000)
  to   space 3584K, 0% used [0x00000000e3f80000,0x00000000e3f80000,0x00000000e4300000)
 ParOldGen       total 65024K, used 17839K [0x00000000a2e00000, 0x00000000a6d80000, 0x00000000e0f80000)
  object space 65024K, 27% used [0x00000000a2e00000,0x00000000a3f6bca8,0x00000000a6d80000)
 Metaspace       used 21173K, capacity 21441K, committed 21808K, reserved 1069056K
  class space    used 1998K, capacity 2058K, committed 2176K, reserved 1048576K
GC Heap History (10 events):
Event: 0,807 GC heap before
{Heap before GC invocations=1 (full 0):
 PSYoungGen      total 28160K, used 24519K [0x00000000e0f80000, 0x00000000e2e80000, 0x0000000100000000)
  eden space 24576K, 99% used [0x00000000e0f80000,0x00000000e2771fa8,0x00000000e2780000)
  from space 3584K, 0% used [0x00000000e2b00000,0x00000000e2b00000,0x00000000e2e80000)
  to   space 3584K, 0% used [0x00000000e2780000,0x00000000e2780000,0x00000000e2b00000)
 ParOldGen       total 64512K, used 0K [0x00000000a2e00000, 0x00000000a6d00000, 0x00000000e0f80000)
  object space 64512K, 0% used [0x00000000a2e00000,0x00000000a2e00000,0x00000000a6d00000)
 Metaspace       used 13452K, capacity 13728K, committed 13952K, reserved 1060864K
  class space    used 1465K, capacity 1545K, committed 1664K, reserved 1048576K
Event: 0,814 GC heap after
Heap after GC invocations=1 (full 0):
 PSYoungGen      total 28160K, used 3581K [0x00000000e0f80000, 0x00000000e2e80000, 0x0000000100000000)
  eden space 24576K, 0% used [0x00000000e0f80000,0x00000000e0f80000,0x00000000e2780000)
  from space 3584K, 99% used [0x00000000e2780000,0x00000000e2aff6f8,0x00000000e2b00000)
  to   space 3584K, 0% used [0x00000000e2b00000,0x00000000e2b00000,0x00000000e2e80000)
 ParOldGen       total 64512K, used 738K [0x00000000a2e00000, 0x00000000a6d00000, 0x00000000e0f80000)
  object space 64512K, 1% used [0x00000000a2e00000,0x00000000a2eb8980,0x00000000a6d00000)
 Metaspace       used 13452K, capacity 13728K, committed 13952K, reserved 1060864K
  class space    used 1465K, capacity 1545K, committed 1664K, reserved 1048576K
}
Event: 2,081 GC heap before
{Heap before GC invocations=2 (full 0):
 PSYoungGen      total 28160K, used 28137K [0x00000000e0f80000, 0x00000000e2e80000, 0x0000000100000000)
  eden space 24576K, 99% used [0x00000000e0f80000,0x00000000e277afd8,0x00000000e2780000)
  from space 3584K, 99% used [0x00000000e2780000,0x00000000e2aff6f8,0x00000000e2b00000)
  to   space 3584K, 0% used [0x00000000e2b00000,0x00000000e2b00000,0x00000000e2e80000)
 ParOldGen       total 64512K, used 738K [0x00000000a2e00000, 0x00000000a6d00000, 0x00000000e0f80000)
  object space 64512K, 1% used [0x00000000a2e00000,0x00000000a2eb8980,0x00000000a6d00000)
 Metaspace       used 19784K, capacity 19993K, committed 20224K, reserved 1067008K
  class space    used 1932K, capacity 1988K, committed 2048K, reserved 1048576K
Event: 2,092 GC heap after
Heap after GC invocations=2 (full 0):
 PSYoungGen      total 28160K, used 3572K [0x00000000e0f80000, 0x00000000e2e80000, 0x0000000100000000)
  eden space 24576K, 0% used [0x00000000e0f80000,0x00000000e0f80000,0x00000000e2780000)
  from space 3584K, 99% used [0x00000000e2b00000,0x00000000e2e7d280,0x00000000e2e80000)
  to   space 3584K, 0% used [0x00000000e2780000,0x00000000e2780000,0x00000000e2b00000)
 ParOldGen       total 64512K, used 8135K [0x00000000a2e00000, 0x00000000a6d00000, 0x00000000e0f80000)
  object space 64512K, 12% used [0x00000000a2e00000,0x00000000a35f1f30,0x00000000a6d00000)
 Metaspace       used 19784K, capacity 19993K, committed 20224K, reserved 1067008K
  class space    used 1932K, capacity 1988K, committed 2048K, reserved 1048576K
}
Event: 2,688 GC heap before
{Heap before GC invocations=3 (full 0):
 PSYoungGen      total 28160K, used 28113K [0x00000000e0f80000, 0x00000000e2e80000, 0x0000000100000000)
  eden space 24576K, 99% used [0x00000000e0f80000,0x00000000e2777270,0x00000000e2780000)
  from space 3584K, 99% used [0x00000000e2b00000,0x00000000e2e7d280,0x00000000e2e80000)
  to   space 3584K, 0% used [0x00000000e2780000,0x00000000e2780000,0x00000000e2b00000)
 ParOldGen       total 64512K, used 8135K [0x00000000a2e00000, 0x00000000a6d00000, 0x00000000e0f80000)
  object space 64512K, 12% used [0x00000000a2e00000,0x00000000a35f1f30,0x00000000a6d00000)
 Metaspace       used 20582K, capacity 20831K, committed 21120K, reserved 1069056K
  class space    used 1989K, capacity 2053K, committed 2176K, reserved 1048576K
Event: 2,703 GC heap after
Heap after GC invocations=3 (full 0):
 PSYoungGen      total 28160K, used 3554K [0x00000000e0f80000, 0x00000000e4680000, 0x0000000100000000)
  eden space 24576K, 0% used [0x00000000e0f80000,0x00000000e0f80000,0x00000000e2780000)
  from space 3584K, 99% used [0x00000000e2780000,0x00000000e2af8ac0,0x00000000e2b00000)
  to   space 3584K, 0% used [0x00000000e4300000,0x00000000e4300000,0x00000000e4680000)
 ParOldGen       total 64512K, used 13723K [0x00000000a2e00000, 0x00000000a6d00000, 0x00000000e0f80000)
  object space 64512K, 21% used [0x00000000a2e00000,0x00000000a3b66ca0,0x00000000a6d00000)
 Metaspace       used 20582K, capacity 20831K, committed 21120K, reserved 1069056K
  class space    used 1989K, capacity 2053K, committed 2176K, reserved 1048576K
}
Event: 3,242 GC heap before
{Heap before GC invocations=4 (full 0):
 PSYoungGen      total 28160K, used 22921K [0x00000000e0f80000, 0x00000000e4680000, 0x0000000100000000)
  eden space 24576K, 78% used [0x00000000e0f80000,0x00000000e22699c8,0x00000000e2780000)
  from space 3584K, 99% used [0x00000000e2780000,0x00000000e2af8ac0,0x00000000e2b00000)
  to   space 3584K, 0% used [0x00000000e4300000,0x00000000e4300000,0x00000000e4680000)
 ParOldGen       total 64512K, used 13723K [0x00000000a2e00000, 0x00000000a6d00000, 0x00000000e0f80000)
  object space 64512K, 21% used [0x00000000a2e00000,0x00000000a3b66ca0,0x00000000a6d00000)
 Metaspace       used 20754K, capacity 20981K, committed 21296K, reserved 1069056K
  class space    used 1990K, capacity 2056K, committed 2176K, reserved 1048576K
Event: 3,249 GC heap after
Heap after GC invocations=4 (full 0):
 PSYoungGen      total 52736K, used 3554K [0x00000000e0f80000, 0x00000000e4680000, 0x0000000100000000)
  eden space 49152K, 0% used [0x00000000e0f80000,0x00000000e0f80000,0x00000000e3f80000)
  from space 3584K, 99% used [0x00000000e4300000,0x00000000e4678a70,0x00000000e4680000)
  to   space 3584K, 0% used [0x00000000e3f80000,0x00000000e3f80000,0x00000000e4300000)
 ParOldGen       total 64512K, used 16219K [0x00000000a2e00000, 0x00000000a6d00000, 0x00000000e0f80000)
  object space 64512K, 25% used [0x00000000a2e00000,0x00000000a3dd6d80,0x00000000a6d00000)
 Metaspace       used 20754K, capacity 20981K, committed 21296K, reserved 1069056K
  class space    used 1990K, capacity 2056K, committed 2176K, reserved 1048576K
}
Event: 3,249 GC heap before
{Heap before GC invocations=5 (full 1):
 PSYoungGen      total 52736K, used 3554K [0x00000000e0f80000, 0x00000000e4680000, 0x0000000100000000)
  eden space 49152K, 0% used [0x00000000e0f80000,0x00000000e0f80000,0x00000000e3f80000)
  from space 3584K, 99% used [0x00000000e4300000,0x00000000e4678a70,0x00000000e4680000)
  to   space 3584K, 0% used [0x00000000e3f80000,0x00000000e3f80000,0x00000000e4300000)
 ParOldGen       total 64512K, used 16219K [0x00000000a2e00000, 0x00000000a6d00000, 0x00000000e0f80000)
  object space 64512K, 25% used [0x00000000a2e00000,0x00000000a3dd6d80,0x00000000a6d00000)
 Metaspace       used 20754K, capacity 20981K, committed 21296K, reserved 1069056K
  class space    used 1990K, capacity 2056K, committed 2176K, reserved 1048576K
Event: 3,300 GC heap after
Heap after GC invocations=5 (full 1):
 PSYoungGen      total 52736K, used 0K [0x00000000e0f80000, 0x00000000e4680000, 0x0000000100000000)
  eden space 49152K, 0% used [0x00000000e0f80000,0x00000000e0f80000,0x00000000e3f80000)
  from space 3584K, 0% used [0x00000000e4300000,0x00000000e4300000,0x00000000e4680000)
  to   space 3584K, 0% used [0x00000000e3f80000,0x00000000e3f80000,0x00000000e4300000)
 ParOldGen       total 65024K, used 17839K [0x00000000a2e00000, 0x00000000a6d80000, 0x00000000e0f80000)
  object space 65024K, 27% used [0x00000000a2e00000,0x00000000a3f6bca8,0x00000000a6d80000)
 Metaspace       used 20754K, capacity 20981K, committed 21296K, reserved 1069056K
  class space    used 1990K, capacity 2056K, committed 2176K, reserved 1048576K
}

