# JRE version: OpenJDK Runtime Environment (7.0_111-b01) (build 1.7.0_111-b01)
# Java VM: OpenJDK 64-Bit Server VM (24.111-b01 mixed mode linux-amd64 compressed oops)
Heap
 PSYoungGen      total 75264K, used 37669K [0x00000007ace80000, 0x00000007b2200000, 0x0000000800000000)
  eden space 65024K, 42% used [0x00000007ace80000,0x00000007ae94bb08,0x00000007b0e00000)
  from space 10240K, 99% used [0x00000007b0e00000,0x00000007b17fd980,0x00000007b1800000)
  to   space 10240K, 0% used [0x00000007b1800000,0x00000007b1800000,0x00000007b2200000)
 ParOldGen       total 169984K, used 7351K [0x0000000706c00000, 0x0000000711200000, 0x00000007ace80000)
  object space 169984K, 4% used [0x0000000706c00000,0x000000070732dc38,0x0000000711200000)
 PSPermGen       total 21504K, used 20284K [0x00000006fc600000, 0x00000006fdb00000, 0x0000000706c00000)
  object space 21504K, 94% used [0x00000006fc600000,0x00000006fd9cf2b8,0x00000006fdb00000)
GC Heap History (6 events):
Event: 1,790 GC heap before
{Heap before GC invocations=1 (full 0):
 PSYoungGen      total 75264K, used 65024K [0x00000007ace80000, 0x00000007b2200000, 0x0000000800000000)
  eden space 65024K, 100% used [0x00000007ace80000,0x00000007b0e00000,0x00000007b0e00000)
  from space 10240K, 0% used [0x00000007b1800000,0x00000007b1800000,0x00000007b2200000)
  to   space 10240K, 0% used [0x00000007b0e00000,0x00000007b0e00000,0x00000007b1800000)
 ParOldGen       total 169984K, used 0K [0x0000000706c00000, 0x0000000711200000, 0x00000007ace80000)
  object space 169984K, 0% used [0x0000000706c00000,0x0000000706c00000,0x0000000711200000)
 PSPermGen       total 21504K, used 19915K [0x00000006fc600000, 0x00000006fdb00000, 0x0000000706c00000)
  object space 21504K, 92% used [0x00000006fc600000,0x00000006fd972eb8,0x00000006fdb00000)
Event: 1,800 GC heap after
Heap after GC invocations=1 (full 0):
 PSYoungGen      total 75264K, used 10232K [0x00000007ace80000, 0x00000007b2200000, 0x0000000800000000)
  eden space 65024K, 0% used [0x00000007ace80000,0x00000007ace80000,0x00000007b0e00000)
  from space 10240K, 99% used [0x00000007b0e00000,0x00000007b17fe2a0,0x00000007b1800000)
  to   space 10240K, 0% used [0x00000007b1800000,0x00000007b1800000,0x00000007b2200000)
 ParOldGen       total 169984K, used 2324K [0x0000000706c00000, 0x0000000711200000, 0x00000007ace80000)
  object space 169984K, 1% used [0x0000000706c00000,0x0000000706e451b8,0x0000000711200000)
 PSPermGen       total 21504K, used 19915K [0x00000006fc600000, 0x00000006fdb00000, 0x0000000706c00000)
  object space 21504K, 92% used [0x00000006fc600000,0x00000006fd972eb8,0x00000006fdb00000)
}
Event: 3,938 GC heap before
{Heap before GC invocations=2 (full 0):
 PSYoungGen      total 75264K, used 75256K [0x00000007ace80000, 0x00000007b2200000, 0x0000000800000000)
  eden space 65024K, 100% used [0x00000007ace80000,0x00000007b0e00000,0x00000007b0e00000)
  from space 10240K, 99% used [0x00000007b0e00000,0x00000007b17fe2a0,0x00000007b1800000)
  to   space 10240K, 0% used [0x00000007b1800000,0x00000007b1800000,0x00000007b2200000)
 ParOldGen       total 169984K, used 2324K [0x0000000706c00000, 0x0000000711200000, 0x00000007ace80000)
  object space 169984K, 1% used [0x0000000706c00000,0x0000000706e451b8,0x0000000711200000)
 PSPermGen       total 21504K, used 20117K [0x00000006fc600000, 0x00000006fdb00000, 0x0000000706c00000)
  object space 21504K, 93% used [0x00000006fc600000,0x00000006fd9a5718,0x00000006fdb00000)
Event: 3,947 GC heap after
Heap after GC invocations=2 (full 0):
 PSYoungGen      total 75264K, used 10234K [0x00000007ace80000, 0x00000007b2200000, 0x0000000800000000)
  eden space 65024K, 0% used [0x00000007ace80000,0x00000007ace80000,0x00000007b0e00000)
  from space 10240K, 99% used [0x00000007b1800000,0x00000007b21fe8c0,0x00000007b2200000)
  to   space 10240K, 0% used [0x00000007b0e00000,0x00000007b0e00000,0x00000007b1800000)
 ParOldGen       total 169984K, used 3962K [0x0000000706c00000, 0x0000000711200000, 0x00000007ace80000)
  object space 169984K, 2% used [0x0000000706c00000,0x0000000706fdeb58,0x0000000711200000)
 PSPermGen       total 21504K, used 20117K [0x00000006fc600000, 0x00000006fdb00000, 0x0000000706c00000)
  object space 21504K, 93% used [0x00000006fc600000,0x00000006fd9a5718,0x00000006fdb00000)
}
Event: 6,889 GC heap before
{Heap before GC invocations=3 (full 0):
 PSYoungGen      total 75264K, used 75258K [0x00000007ace80000, 0x00000007b2200000, 0x0000000800000000)
  eden space 65024K, 100% used [0x00000007ace80000,0x00000007b0e00000,0x00000007b0e00000)
  from space 10240K, 99% used [0x00000007b1800000,0x00000007b21fe8c0,0x00000007b2200000)
  to   space 10240K, 0% used [0x00000007b0e00000,0x00000007b0e00000,0x00000007b1800000)
 ParOldGen       total 169984K, used 3962K [0x0000000706c00000, 0x0000000711200000, 0x00000007ace80000)
  object space 169984K, 2% used [0x0000000706c00000,0x0000000706fdeb58,0x0000000711200000)
 PSPermGen       total 21504K, used 20166K [0x00000006fc600000, 0x00000006fdb00000, 0x0000000706c00000)
  object space 21504K, 93% used [0x00000006fc600000,0x00000006fd9b1a20,0x00000006fdb00000)
Event: 6,896 GC heap after
Heap after GC invocations=3 (full 0):
 PSYoungGen      total 75264K, used 10230K [0x00000007ace80000, 0x00000007b2200000, 0x0000000800000000)
  eden space 65024K, 0% used [0x00000007ace80000,0x00000007ace80000,0x00000007b0e00000)
  from space 10240K, 99% used [0x00000007b0e00000,0x00000007b17fd980,0x00000007b1800000)
  to   space 10240K, 0% used [0x00000007b1800000,0x00000007b1800000,0x00000007b2200000)
 ParOldGen       total 169984K, used 7351K [0x0000000706c00000, 0x0000000711200000, 0x00000007ace80000)
  object space 169984K, 4% used [0x0000000706c00000,0x000000070732dc38,0x0000000711200000)
 PSPermGen       total 21504K, used 20166K [0x00000006fc600000, 0x00000006fdb00000, 0x0000000706c00000)
  object space 21504K, 93% used [0x00000006fc600000,0x00000006fd9b1a20,0x00000006fdb00000)
}

