# JRE version: OpenJDK Runtime Environment (8.0_91-b14) (build 1.8.0_91-8u91-b14-3ubuntu1~16.04.1-b14)
# Java VM: OpenJDK 64-Bit Server VM (25.91-b14 mixed mode linux-amd64 compressed oops)
Heap:
 PSYoungGen      total 91136K, used 68919K [0x00000000edc00000, 0x00000000f4a80000, 0x0000000100000000)
  eden space 73728K, 72% used [0x00000000edc00000,0x00000000f106d858,0x00000000f2400000)
  from space 17408K, 87% used [0x00000000f3700000,0x00000000f45e03b0,0x00000000f4800000)
  to   space 19456K, 0% used [0x00000000f2400000,0x00000000f2400000,0x00000000f3700000)
 ParOldGen       total 44032K, used 26293K [0x00000000c9400000, 0x00000000cbf00000, 0x00000000edc00000)
  object space 44032K, 59% used [0x00000000c9400000,0x00000000cadad6f8,0x00000000cbf00000)
 Metaspace       used 21702K, capacity 21929K, committed 22272K, reserved 1069056K
  class space    used 1957K, capacity 2024K, committed 2048K, reserved 1048576K
GC Heap History (10 events):
Event: 11,417 GC heap before
{Heap before GC invocations=7 (full 1):
 PSYoungGen      total 31744K, used 29485K [0x00000000edc00000, 0x00000000f2900000, 0x0000000100000000)
  eden space 29696K, 99% used [0x00000000edc00000,0x00000000ef8cb450,0x00000000ef900000)
  from space 2048K, 0% used [0x00000000ef900000,0x00000000ef900000,0x00000000efb00000)
  to   space 9728K, 0% used [0x00000000f1f80000,0x00000000f1f80000,0x00000000f2900000)
 ParOldGen       total 44032K, used 13436K [0x00000000c9400000, 0x00000000cbf00000, 0x00000000edc00000)
  object space 44032K, 30% used [0x00000000c9400000,0x00000000ca11f3d8,0x00000000cbf00000)
 Metaspace       used 20997K, capacity 21225K, committed 21504K, reserved 1069056K
  class space    used 1955K, capacity 2024K, committed 2048K, reserved 1048576K
Event: 11,429 GC heap after
Heap after GC invocations=7 (full 1):
 PSYoungGen      total 47616K, used 4448K [0x00000000edc00000, 0x00000000f2400000, 0x0000000100000000)
  eden space 43008K, 0% used [0x00000000edc00000,0x00000000edc00000,0x00000000f0600000)
  from space 4608K, 96% used [0x00000000f1f80000,0x00000000f23d8110,0x00000000f2400000)
  to   space 9216K, 0% used [0x00000000f1200000,0x00000000f1200000,0x00000000f1b00000)
 ParOldGen       total 44032K, used 13444K [0x00000000c9400000, 0x00000000cbf00000, 0x00000000edc00000)
  object space 44032K, 30% used [0x00000000c9400000,0x00000000ca1213d8,0x00000000cbf00000)
 Metaspace       used 20997K, capacity 21225K, committed 21504K, reserved 1069056K
  class space    used 1955K, capacity 2024K, committed 2048K, reserved 1048576K
}
Event: 12,734 GC heap before
{Heap before GC invocations=8 (full 1):
 PSYoungGen      total 47616K, used 47456K [0x00000000edc00000, 0x00000000f2400000, 0x0000000100000000)
  eden space 43008K, 100% used [0x00000000edc00000,0x00000000f0600000,0x00000000f0600000)
  from space 4608K, 96% used [0x00000000f1f80000,0x00000000f23d8110,0x00000000f2400000)
  to   space 9216K, 0% used [0x00000000f1200000,0x00000000f1200000,0x00000000f1b00000)
 ParOldGen       total 44032K, used 13444K [0x00000000c9400000, 0x00000000cbf00000, 0x00000000edc00000)
  object space 44032K, 30% used [0x00000000c9400000,0x00000000ca1213d8,0x00000000cbf00000)
 Metaspace       used 21057K, capacity 21289K, committed 21504K, reserved 1069056K
  class space    used 1955K, capacity 2024K, committed 2048K, reserved 1048576K
Event: 12,756 GC heap after
Heap after GC invocations=8 (full 1):
 PSYoungGen      total 64512K, used 9152K [0x00000000edc00000, 0x00000000f2f00000, 0x0000000100000000)
  eden space 55296K, 0% used [0x00000000edc00000,0x00000000edc00000,0x00000000f1200000)
  from space 9216K, 99% used [0x00000000f1200000,0x00000000f1af0230,0x00000000f1b00000)
  to   space 10752K, 0% used [0x00000000f2480000,0x00000000f2480000,0x00000000f2f00000)
 ParOldGen       total 44032K, used 15757K [0x00000000c9400000, 0x00000000cbf00000, 0x00000000edc00000)
  object space 44032K, 35% used [0x00000000c9400000,0x00000000ca363468,0x00000000cbf00000)
 Metaspace       used 21057K, capacity 21289K, committed 21504K, reserved 1069056K
  class space    used 1955K, capacity 2024K, committed 2048K, reserved 1048576K
}
Event: 14,591 GC heap before
{Heap before GC invocations=9 (full 1):
 PSYoungGen      total 64512K, used 64274K [0x00000000edc00000, 0x00000000f2f00000, 0x0000000100000000)
  eden space 55296K, 99% used [0x00000000edc00000,0x00000000f11d4750,0x00000000f1200000)
  from space 9216K, 99% used [0x00000000f1200000,0x00000000f1af0230,0x00000000f1b00000)
  to   space 10752K, 0% used [0x00000000f2480000,0x00000000f2480000,0x00000000f2f00000)
 ParOldGen       total 44032K, used 15757K [0x00000000c9400000, 0x00000000cbf00000, 0x00000000edc00000)
  object space 44032K, 35% used [0x00000000c9400000,0x00000000ca363468,0x00000000cbf00000)
 Metaspace       used 21176K, capacity 21417K, committed 21760K, reserved 1069056K
  class space    used 1955K, capacity 2024K, committed 2048K, reserved 1048576K
Event: 14,627 GC heap after
Heap after GC invocations=9 (full 1):
 PSYoungGen      total 69632K, used 10720K [0x00000000edc00000, 0x00000000f4c00000, 0x0000000100000000)
  eden space 58880K, 0% used [0x00000000edc00000,0x00000000edc00000,0x00000000f1580000)
  from space 10752K, 99% used [0x00000000f2480000,0x00000000f2ef82a0,0x00000000f2f00000)
  to   space 15360K, 0% used [0x00000000f1580000,0x00000000f1580000,0x00000000f2480000)
 ParOldGen       total 44032K, used 22693K [0x00000000c9400000, 0x00000000cbf00000, 0x00000000edc00000)
  object space 44032K, 51% used [0x00000000c9400000,0x00000000caa29618,0x00000000cbf00000)
 Metaspace       used 21176K, capacity 21417K, committed 21760K, reserved 1069056K
  class space    used 1955K, capacity 2024K, committed 2048K, reserved 1048576K
}
Event: 18,079 GC heap before
{Heap before GC invocations=10 (full 1):
 PSYoungGen      total 69632K, used 69600K [0x00000000edc00000, 0x00000000f4c00000, 0x0000000100000000)
  eden space 58880K, 100% used [0x00000000edc00000,0x00000000f1580000,0x00000000f1580000)
  from space 10752K, 99% used [0x00000000f2480000,0x00000000f2ef82a0,0x00000000f2f00000)
  to   space 15360K, 0% used [0x00000000f1580000,0x00000000f1580000,0x00000000f2480000)
 ParOldGen       total 44032K, used 22693K [0x00000000c9400000, 0x00000000cbf00000, 0x00000000edc00000)
  object space 44032K, 51% used [0x00000000c9400000,0x00000000caa29618,0x00000000cbf00000)
 Metaspace       used 21375K, capacity 21609K, committed 22016K, reserved 1069056K
  class space    used 1955K, capacity 2024K, committed 2048K, reserved 1048576K
Event: 18,102 GC heap after
Heap after GC invocations=10 (full 1):
 PSYoungGen      total 74240K, used 15296K [0x00000000edc00000, 0x00000000f4800000, 0x0000000100000000)
  eden space 58880K, 0% used [0x00000000edc00000,0x00000000edc00000,0x00000000f1580000)
  from space 15360K, 99% used [0x00000000f1580000,0x00000000f24703b0,0x00000000f2480000)
  to   space 17408K, 0% used [0x00000000f3700000,0x00000000f3700000,0x00000000f4800000)
 ParOldGen       total 44032K, used 26285K [0x00000000c9400000, 0x00000000cbf00000, 0x00000000edc00000)
  object space 44032K, 59% used [0x00000000c9400000,0x00000000cadab6f8,0x00000000cbf00000)
 Metaspace       used 21375K, capacity 21609K, committed 22016K, reserved 1069056K
  class space    used 1955K, capacity 2024K, committed 2048K, reserved 1048576K
}
Event: 28,682 GC heap before
{Heap before GC invocations=11 (full 1):
 PSYoungGen      total 74240K, used 74176K [0x00000000edc00000, 0x00000000f4800000, 0x0000000100000000)
  eden space 58880K, 100% used [0x00000000edc00000,0x00000000f1580000,0x00000000f1580000)
  from space 15360K, 99% used [0x00000000f1580000,0x00000000f24703b0,0x00000000f2480000)
  to   space 17408K, 0% used [0x00000000f3700000,0x00000000f3700000,0x00000000f4800000)
 ParOldGen       total 44032K, used 26285K [0x00000000c9400000, 0x00000000cbf00000, 0x00000000edc00000)
  object space 44032K, 59% used [0x00000000c9400000,0x00000000cadab6f8,0x00000000cbf00000)
 Metaspace       used 21512K, capacity 21737K, committed 22016K, reserved 1069056K
  class space    used 1955K, capacity 2024K, committed 2048K, reserved 1048576K
Event: 28,711 GC heap after
Heap after GC invocations=11 (full 1):
 PSYoungGen      total 91136K, used 15232K [0x00000000edc00000, 0x00000000f4a80000, 0x0000000100000000)
  eden space 73728K, 0% used [0x00000000edc00000,0x00000000edc00000,0x00000000f2400000)
  from space 17408K, 87% used [0x00000000f3700000,0x00000000f45e03b0,0x00000000f4800000)
  to   space 19456K, 0% used [0x00000000f2400000,0x00000000f2400000,0x00000000f3700000)
 ParOldGen       total 44032K, used 26293K [0x00000000c9400000, 0x00000000cbf00000, 0x00000000edc00000)
  object space 44032K, 59% used [0x00000000c9400000,0x00000000cadad6f8,0x00000000cbf00000)
 Metaspace       used 21512K, capacity 21737K, committed 22016K, reserved 1069056K
  class space    used 1955K, capacity 2024K, committed 2048K, reserved 1048576K
}

