# JRE version: Java(TM) SE Runtime Environment (8.0_92-b14) (build 1.8.0_92-b14)
# Java VM: Java HotSpot(TM) 64-Bit Server VM (25.92-b14 mixed mode linux-amd64 compressed oops)
Heap:
 PSYoungGen      total 52736K, used 28734K [0x00000000e0f80000, 0x00000000e4680000, 0x0000000100000000)
  eden space 49152K, 58% used [0x00000000e0f80000,0x00000000e2b8fa10,0x00000000e3f80000)
  from space 3584K, 0% used [0x00000000e3f80000,0x00000000e3f80000,0x00000000e4300000)
  to   space 3584K, 0% used [0x00000000e4300000,0x00000000e4300000,0x00000000e4680000)
 ParOldGen       total 61440K, used 15439K [0x00000000a2e00000, 0x00000000a6a00000, 0x00000000e0f80000)
  object space 61440K, 25% used [0x00000000a2e00000,0x00000000a3d13f78,0x00000000a6a00000)
 Metaspace       used 21146K, capacity 21461K, committed 21808K, reserved 1069056K
  class space    used 1986K, capacity 2060K, committed 2176K, reserved 1048576K
GC Heap History (8 events):
Event: 0,732 GC heap before
{Heap before GC invocations=1 (full 0):
 PSYoungGen      total 28160K, used 24416K [0x00000000e0f80000, 0x00000000e2e80000, 0x0000000100000000)
  eden space 24576K, 99% used [0x00000000e0f80000,0x00000000e27580b0,0x00000000e2780000)
  from space 3584K, 0% used [0x00000000e2b00000,0x00000000e2b00000,0x00000000e2e80000)
  to   space 3584K, 0% used [0x00000000e2780000,0x00000000e2780000,0x00000000e2b00000)
 ParOldGen       total 64512K, used 0K [0x00000000a2e00000, 0x00000000a6d00000, 0x00000000e0f80000)
  object space 64512K, 0% used [0x00000000a2e00000,0x00000000a2e00000,0x00000000a6d00000)
 Metaspace       used 13494K, capacity 13800K, committed 14208K, reserved 1062912K
  class space    used 1464K, capacity 1545K, committed 1664K, reserved 1048576K
Event: 0,742 GC heap after
Heap after GC invocations=1 (full 0):
 PSYoungGen      total 28160K, used 3582K [0x00000000e0f80000, 0x00000000e4680000, 0x0000000100000000)
  eden space 24576K, 0% used [0x00000000e0f80000,0x00000000e0f80000,0x00000000e2780000)
  from space 3584K, 99% used [0x00000000e2780000,0x00000000e2aff980,0x00000000e2b00000)
  to   space 3584K, 0% used [0x00000000e4300000,0x00000000e4300000,0x00000000e4680000)
 ParOldGen       total 64512K, used 710K [0x00000000a2e00000, 0x00000000a6d00000, 0x00000000e0f80000)
  object space 64512K, 1% used [0x00000000a2e00000,0x00000000a2eb1af0,0x00000000a6d00000)
 Metaspace       used 13494K, capacity 13800K, committed 14208K, reserved 1062912K
  class space    used 1464K, capacity 1545K, committed 1664K, reserved 1048576K
}
Event: 1,663 GC heap before
{Heap before GC invocations=2 (full 0):
 PSYoungGen      total 28160K, used 28158K [0x00000000e0f80000, 0x00000000e4680000, 0x0000000100000000)
  eden space 24576K, 100% used [0x00000000e0f80000,0x00000000e2780000,0x00000000e2780000)
  from space 3584K, 99% used [0x00000000e2780000,0x00000000e2aff980,0x00000000e2b00000)
  to   space 3584K, 0% used [0x00000000e4300000,0x00000000e4300000,0x00000000e4680000)
 ParOldGen       total 64512K, used 710K [0x00000000a2e00000, 0x00000000a6d00000, 0x00000000e0f80000)
  object space 64512K, 1% used [0x00000000a2e00000,0x00000000a2eb1af0,0x00000000a6d00000)
 Metaspace       used 18103K, capacity 18369K, committed 18816K, reserved 1067008K
  class space    used 1766K, capacity 1828K, committed 1920K, reserved 1048576K
Event: 1,676 GC heap after
Heap after GC invocations=2 (full 0):
 PSYoungGen      total 52736K, used 3581K [0x00000000e0f80000, 0x00000000e4680000, 0x0000000100000000)
  eden space 49152K, 0% used [0x00000000e0f80000,0x00000000e0f80000,0x00000000e3f80000)
  from space 3584K, 99% used [0x00000000e4300000,0x00000000e467f4a8,0x00000000e4680000)
  to   space 3584K, 0% used [0x00000000e3f80000,0x00000000e3f80000,0x00000000e4300000)
 ParOldGen       total 64512K, used 4726K [0x00000000a2e00000, 0x00000000a6d00000, 0x00000000e0f80000)
  object space 64512K, 7% used [0x00000000a2e00000,0x00000000a329d9d0,0x00000000a6d00000)
 Metaspace       used 18103K, capacity 18369K, committed 18816K, reserved 1067008K
  class space    used 1766K, capacity 1828K, committed 1920K, reserved 1048576K
}
Event: 8,815 GC heap before
{Heap before GC invocations=3 (full 0):
 PSYoungGen      total 52736K, used 41248K [0x00000000e0f80000, 0x00000000e4680000, 0x0000000100000000)
  eden space 49152K, 76% used [0x00000000e0f80000,0x00000000e3448c70,0x00000000e3f80000)
  from space 3584K, 99% used [0x00000000e4300000,0x00000000e467f4a8,0x00000000e4680000)
  to   space 3584K, 0% used [0x00000000e3f80000,0x00000000e3f80000,0x00000000e4300000)
 ParOldGen       total 64512K, used 4726K [0x00000000a2e00000, 0x00000000a6d00000, 0x00000000e0f80000)
  object space 64512K, 7% used [0x00000000a2e00000,0x00000000a329d9d0,0x00000000a6d00000)
 Metaspace       used 20736K, capacity 21013K, committed 21296K, reserved 1069056K
  class space    used 1981K, capacity 2060K, committed 2176K, reserved 1048576K
Event: 8,835 GC heap after
Heap after GC invocations=3 (full 0):
 PSYoungGen      total 52736K, used 3580K [0x00000000e0f80000, 0x00000000e4680000, 0x0000000100000000)
  eden space 49152K, 0% used [0x00000000e0f80000,0x00000000e0f80000,0x00000000e3f80000)
  from space 3584K, 99% used [0x00000000e3f80000,0x00000000e42ff3d0,0x00000000e4300000)
  to   space 3584K, 0% used [0x00000000e4300000,0x00000000e4300000,0x00000000e4680000)
 ParOldGen       total 64512K, used 14818K [0x00000000a2e00000, 0x00000000a6d00000, 0x00000000e0f80000)
  object space 64512K, 22% used [0x00000000a2e00000,0x00000000a3c78a70,0x00000000a6d00000)
 Metaspace       used 20736K, capacity 21013K, committed 21296K, reserved 1069056K
  class space    used 1981K, capacity 2060K, committed 2176K, reserved 1048576K
}
Event: 8,835 GC heap before
{Heap before GC invocations=4 (full 1):
 PSYoungGen      total 52736K, used 3580K [0x00000000e0f80000, 0x00000000e4680000, 0x0000000100000000)
  eden space 49152K, 0% used [0x00000000e0f80000,0x00000000e0f80000,0x00000000e3f80000)
  from space 3584K, 99% used [0x00000000e3f80000,0x00000000e42ff3d0,0x00000000e4300000)
  to   space 3584K, 0% used [0x00000000e4300000,0x00000000e4300000,0x00000000e4680000)
 ParOldGen       total 64512K, used 14818K [0x00000000a2e00000, 0x00000000a6d00000, 0x00000000e0f80000)
  object space 64512K, 22% used [0x00000000a2e00000,0x00000000a3c78a70,0x00000000a6d00000)
 Metaspace       used 20736K, capacity 21013K, committed 21296K, reserved 1069056K
  class space    used 1981K, capacity 2060K, committed 2176K, reserved 1048576K
Event: 8,884 GC heap after
Heap after GC invocations=4 (full 1):
 PSYoungGen      total 52736K, used 0K [0x00000000e0f80000, 0x00000000e4680000, 0x0000000100000000)
  eden space 49152K, 0% used [0x00000000e0f80000,0x00000000e0f80000,0x00000000e3f80000)
  from space 3584K, 0% used [0x00000000e3f80000,0x00000000e3f80000,0x00000000e4300000)
  to   space 3584K, 0% used [0x00000000e4300000,0x00000000e4300000,0x00000000e4680000)
 ParOldGen       total 61440K, used 15439K [0x00000000a2e00000, 0x00000000a6a00000, 0x00000000e0f80000)
  object space 61440K, 25% used [0x00000000a2e00000,0x00000000a3d13f78,0x00000000a6a00000)
 Metaspace       used 20736K, capacity 21013K, committed 21296K, reserved 1069056K
  class space    used 1981K, capacity 2060K, committed 2176K, reserved 1048576K
}

