# JRE version: OpenJDK Runtime Environment (8.0_91-b14) (build 1.8.0_91-8u91-b14-3ubuntu1~16.04.1-b14)
# Java VM: OpenJDK 64-Bit Server VM (25.91-b14 mixed mode linux-amd64 compressed oops)
Heap:
 PSYoungGen      total 81408K, used 40665K [0x00000000edc00000, 0x00000000f3c00000, 0x0000000100000000)
  eden space 67584K, 42% used [0x00000000edc00000,0x00000000ef7ee300,0x00000000f1e00000)
  from space 13824K, 87% used [0x00000000f2d00000,0x00000000f38c82e0,0x00000000f3a80000)
  to   space 15360K, 0% used [0x00000000f1e00000,0x00000000f1e00000,0x00000000f2d00000)
 ParOldGen       total 44032K, used 22542K [0x00000000c9400000, 0x00000000cbf00000, 0x00000000edc00000)
  object space 44032K, 51% used [0x00000000c9400000,0x00000000caa03950,0x00000000cbf00000)
 Metaspace       used 21715K, capacity 21929K, committed 22272K, reserved 1069056K
  class space    used 1963K, capacity 2024K, committed 2048K, reserved 1048576K
GC Heap History (10 events):
Event: 12,399 GC heap before
{Heap before GC invocations=7 (full 1):
 PSYoungGen      total 31744K, used 29479K [0x00000000edc00000, 0x00000000f2900000, 0x0000000100000000)
  eden space 29696K, 99% used [0x00000000edc00000,0x00000000ef8c9d58,0x00000000ef900000)
  from space 2048K, 0% used [0x00000000ef900000,0x00000000ef900000,0x00000000efb00000)
  to   space 9728K, 0% used [0x00000000f1f80000,0x00000000f1f80000,0x00000000f2900000)
 ParOldGen       total 44032K, used 13037K [0x00000000c9400000, 0x00000000cbf00000, 0x00000000edc00000)
  object space 44032K, 29% used [0x00000000c9400000,0x00000000ca0bb700,0x00000000cbf00000)
 Metaspace       used 21122K, capacity 21289K, committed 21504K, reserved 1069056K
  class space    used 1958K, capacity 2024K, committed 2048K, reserved 1048576K
Event: 12,414 GC heap after
Heap after GC invocations=7 (full 1):
 PSYoungGen      total 47616K, used 4880K [0x00000000edc00000, 0x00000000f2480000, 0x0000000100000000)
  eden space 42496K, 0% used [0x00000000edc00000,0x00000000edc00000,0x00000000f0580000)
  from space 5120K, 95% used [0x00000000f1f80000,0x00000000f2444150,0x00000000f2480000)
  to   space 9216K, 0% used [0x00000000f1280000,0x00000000f1280000,0x00000000f1b80000)
 ParOldGen       total 44032K, used 13045K [0x00000000c9400000, 0x00000000cbf00000, 0x00000000edc00000)
  object space 44032K, 29% used [0x00000000c9400000,0x00000000ca0bd700,0x00000000cbf00000)
 Metaspace       used 21122K, capacity 21289K, committed 21504K, reserved 1069056K
  class space    used 1958K, capacity 2024K, committed 2048K, reserved 1048576K
}
Event: 17,083 GC heap before
{Heap before GC invocations=8 (full 1):
 PSYoungGen      total 47616K, used 47282K [0x00000000edc00000, 0x00000000f2480000, 0x0000000100000000)
  eden space 42496K, 99% used [0x00000000edc00000,0x00000000f05686d8,0x00000000f0580000)
  from space 5120K, 95% used [0x00000000f1f80000,0x00000000f2444150,0x00000000f2480000)
  to   space 9216K, 0% used [0x00000000f1280000,0x00000000f1280000,0x00000000f1b80000)
 ParOldGen       total 44032K, used 13045K [0x00000000c9400000, 0x00000000cbf00000, 0x00000000edc00000)
  object space 44032K, 29% used [0x00000000c9400000,0x00000000ca0bd700,0x00000000cbf00000)
 Metaspace       used 21275K, capacity 21481K, committed 21760K, reserved 1069056K
  class space    used 1958K, capacity 2024K, committed 2048K, reserved 1048576K
Event: 17,102 GC heap after
Heap after GC invocations=8 (full 1):
 PSYoungGen      total 65024K, used 9024K [0x00000000edc00000, 0x00000000f2a80000, 0x0000000100000000)
  eden space 55808K, 0% used [0x00000000edc00000,0x00000000edc00000,0x00000000f1280000)
  from space 9216K, 97% used [0x00000000f1280000,0x00000000f1b50260,0x00000000f1b80000)
  to   space 10752K, 0% used [0x00000000f2000000,0x00000000f2000000,0x00000000f2a80000)
 ParOldGen       total 44032K, used 14333K [0x00000000c9400000, 0x00000000cbf00000, 0x00000000edc00000)
  object space 44032K, 32% used [0x00000000c9400000,0x00000000ca1ff750,0x00000000cbf00000)
 Metaspace       used 21275K, capacity 21481K, committed 21760K, reserved 1069056K
  class space    used 1958K, capacity 2024K, committed 2048K, reserved 1048576K
}
Event: 20,197 GC heap before
{Heap before GC invocations=9 (full 1):
 PSYoungGen      total 65024K, used 64818K [0x00000000edc00000, 0x00000000f2a80000, 0x0000000100000000)
  eden space 55808K, 99% used [0x00000000edc00000,0x00000000f127c848,0x00000000f1280000)
  from space 9216K, 97% used [0x00000000f1280000,0x00000000f1b50260,0x00000000f1b80000)
  to   space 10752K, 0% used [0x00000000f2000000,0x00000000f2000000,0x00000000f2a80000)
 ParOldGen       total 44032K, used 14333K [0x00000000c9400000, 0x00000000cbf00000, 0x00000000edc00000)
  object space 44032K, 32% used [0x00000000c9400000,0x00000000ca1ff750,0x00000000cbf00000)
 Metaspace       used 21378K, capacity 21545K, committed 21760K, reserved 1069056K
  class space    used 1958K, capacity 2024K, committed 2048K, reserved 1048576K
Event: 20,221 GC heap after
Heap after GC invocations=9 (full 1):
 PSYoungGen      total 68096K, used 10592K [0x00000000edc00000, 0x00000000f3f80000, 0x0000000100000000)
  eden space 57344K, 0% used [0x00000000edc00000,0x00000000edc00000,0x00000000f1400000)
  from space 10752K, 98% used [0x00000000f2000000,0x00000000f2a582c0,0x00000000f2a80000)
  to   space 12288K, 0% used [0x00000000f1400000,0x00000000f1400000,0x00000000f2000000)
 ParOldGen       total 44032K, used 21510K [0x00000000c9400000, 0x00000000cbf00000, 0x00000000edc00000)
  object space 44032K, 48% used [0x00000000c9400000,0x00000000ca901910,0x00000000cbf00000)
 Metaspace       used 21378K, capacity 21545K, committed 21760K, reserved 1069056K
  class space    used 1958K, capacity 2024K, committed 2048K, reserved 1048576K
}
Event: 28,593 GC heap before
{Heap before GC invocations=10 (full 1):
 PSYoungGen      total 68096K, used 67936K [0x00000000edc00000, 0x00000000f3f80000, 0x0000000100000000)
  eden space 57344K, 100% used [0x00000000edc00000,0x00000000f1400000,0x00000000f1400000)
  from space 10752K, 98% used [0x00000000f2000000,0x00000000f2a582c0,0x00000000f2a80000)
  to   space 12288K, 0% used [0x00000000f1400000,0x00000000f1400000,0x00000000f2000000)
 ParOldGen       total 44032K, used 21510K [0x00000000c9400000, 0x00000000cbf00000, 0x00000000edc00000)
  object space 44032K, 48% used [0x00000000c9400000,0x00000000ca901910,0x00000000cbf00000)
 Metaspace       used 21536K, capacity 21737K, committed 22016K, reserved 1069056K
  class space    used 1958K, capacity 2024K, committed 2048K, reserved 1048576K
Event: 28,608 GC heap after
Heap after GC invocations=10 (full 1):
 PSYoungGen      total 69632K, used 12080K [0x00000000edc00000, 0x00000000f3a80000, 0x0000000100000000)
  eden space 57344K, 0% used [0x00000000edc00000,0x00000000edc00000,0x00000000f1400000)
  from space 12288K, 98% used [0x00000000f1400000,0x00000000f1fcc310,0x00000000f2000000)
  to   space 13824K, 0% used [0x00000000f2d00000,0x00000000f2d00000,0x00000000f3a80000)
 ParOldGen       total 44032K, used 22542K [0x00000000c9400000, 0x00000000cbf00000, 0x00000000edc00000)
  object space 44032K, 51% used [0x00000000c9400000,0x00000000caa03950,0x00000000cbf00000)
 Metaspace       used 21536K, capacity 21737K, committed 22016K, reserved 1069056K
  class space    used 1958K, capacity 2024K, committed 2048K, reserved 1048576K
}
Event: 43,347 GC heap before
{Heap before GC invocations=11 (full 1):
 PSYoungGen      total 69632K, used 69424K [0x00000000edc00000, 0x00000000f3a80000, 0x0000000100000000)
  eden space 57344K, 100% used [0x00000000edc00000,0x00000000f1400000,0x00000000f1400000)
  from space 12288K, 98% used [0x00000000f1400000,0x00000000f1fcc310,0x00000000f2000000)
  to   space 13824K, 0% used [0x00000000f2d00000,0x00000000f2d00000,0x00000000f3a80000)
 ParOldGen       total 44032K, used 22542K [0x00000000c9400000, 0x00000000cbf00000, 0x00000000edc00000)
  object space 44032K, 51% used [0x00000000c9400000,0x00000000caa03950,0x00000000cbf00000)
 Metaspace       used 21631K, capacity 21801K, committed 22016K, reserved 1069056K
  class space    used 1961K, capacity 2024K, committed 2048K, reserved 1048576K
Event: 43,373 GC heap after
Heap after GC invocations=11 (full 1):
 PSYoungGen      total 81408K, used 12064K [0x00000000edc00000, 0x00000000f3c00000, 0x0000000100000000)
  eden space 67584K, 0% used [0x00000000edc00000,0x00000000edc00000,0x00000000f1e00000)
  from space 13824K, 87% used [0x00000000f2d00000,0x00000000f38c82e0,0x00000000f3a80000)
  to   space 15360K, 0% used [0x00000000f1e00000,0x00000000f1e00000,0x00000000f2d00000)
 ParOldGen       total 44032K, used 22542K [0x00000000c9400000, 0x00000000cbf00000, 0x00000000edc00000)
  object space 44032K, 51% used [0x00000000c9400000,0x00000000caa03950,0x00000000cbf00000)
 Metaspace       used 21631K, capacity 21801K, committed 22016K, reserved 1069056K
  class space    used 1961K, capacity 2024K, committed 2048K, reserved 1048576K
}

