# JRE version: Java(TM) SE Runtime Environment (8.0_92-b14) (build 1.8.0_92-b14)
# Java VM: Java HotSpot(TM) 64-Bit Server VM (25.92-b14 mixed mode linux-amd64 compressed oops)
Heap:
 PSYoungGen      total 60928K, used 12280K [0x00000000e0f80000, 0x00000000e8680000, 0x0000000100000000)
  eden space 47616K, 25% used [0x00000000e0f80000,0x00000000e1b7e0a0,0x00000000e3e00000)
  from space 13312K, 0% used [0x00000000e4b00000,0x00000000e4b00000,0x00000000e5800000)
  to   space 13312K, 0% used [0x00000000e3e00000,0x00000000e3e00000,0x00000000e4b00000)
 ParOldGen       total 64512K, used 23313K [0x00000000a2e00000, 0x00000000a6d00000, 0x00000000e0f80000)
  object space 64512K, 36% used [0x00000000a2e00000,0x00000000a44c46c0,0x00000000a6d00000)
 Metaspace       used 20927K, capacity 21247K, committed 21552K, reserved 1069056K
  class space    used 1964K, capacity 2057K, committed 2176K, reserved 1048576K
GC Heap History (10 events):
Event: 2,279 GC heap before
{Heap before GC invocations=3 (full 0):
 PSYoungGen      total 28160K, used 28138K [0x00000000e0f80000, 0x00000000e2e80000, 0x0000000100000000)
  eden space 24576K, 99% used [0x00000000e0f80000,0x00000000e277de50,0x00000000e2780000)
  from space 3584K, 99% used [0x00000000e2b00000,0x00000000e2e7ca70,0x00000000e2e80000)
  to   space 3584K, 0% used [0x00000000e2780000,0x00000000e2780000,0x00000000e2b00000)
 ParOldGen       total 64512K, used 7897K [0x00000000a2e00000, 0x00000000a6d00000, 0x00000000e0f80000)
  object space 64512K, 12% used [0x00000000a2e00000,0x00000000a35b6438,0x00000000a6d00000)
 Metaspace       used 20212K, capacity 20451K, committed 20864K, reserved 1069056K
  class space    used 1954K, capacity 2053K, committed 2176K, reserved 1048576K
Event: 2,288 GC heap after
Heap after GC invocations=3 (full 0):
 PSYoungGen      total 28160K, used 3570K [0x00000000e0f80000, 0x00000000e4680000, 0x0000000100000000)
  eden space 24576K, 0% used [0x00000000e0f80000,0x00000000e0f80000,0x00000000e2780000)
  from space 3584K, 99% used [0x00000000e2780000,0x00000000e2afca80,0x00000000e2b00000)
  to   space 3584K, 0% used [0x00000000e4300000,0x00000000e4300000,0x00000000e4680000)
 ParOldGen       total 64512K, used 13744K [0x00000000a2e00000, 0x00000000a6d00000, 0x00000000e0f80000)
  object space 64512K, 21% used [0x00000000a2e00000,0x00000000a3b6c380,0x00000000a6d00000)
 Metaspace       used 20212K, capacity 20451K, committed 20864K, reserved 1069056K
  class space    used 1954K, capacity 2053K, committed 2176K, reserved 1048576K
}
Event: 5,395 GC heap before
{Heap before GC invocations=4 (full 0):
 PSYoungGen      total 28160K, used 28146K [0x00000000e0f80000, 0x00000000e4680000, 0x0000000100000000)
  eden space 24576K, 100% used [0x00000000e0f80000,0x00000000e2780000,0x00000000e2780000)
  from space 3584K, 99% used [0x00000000e2780000,0x00000000e2afca80,0x00000000e2b00000)
  to   space 3584K, 0% used [0x00000000e4300000,0x00000000e4300000,0x00000000e4680000)
 ParOldGen       total 64512K, used 13744K [0x00000000a2e00000, 0x00000000a6d00000, 0x00000000e0f80000)
  object space 64512K, 21% used [0x00000000a2e00000,0x00000000a3b6c380,0x00000000a6d00000)
 Metaspace       used 20620K, capacity 20923K, committed 21296K, reserved 1069056K
  class space    used 1962K, capacity 2057K, committed 2176K, reserved 1048576K
Event: 5,405 GC heap after
Heap after GC invocations=4 (full 0):
 PSYoungGen      total 52736K, used 3570K [0x00000000e0f80000, 0x00000000e4680000, 0x0000000100000000)
  eden space 49152K, 0% used [0x00000000e0f80000,0x00000000e0f80000,0x00000000e3f80000)
  from space 3584K, 99% used [0x00000000e4300000,0x00000000e467ca80,0x00000000e4680000)
  to   space 3584K, 0% used [0x00000000e3f80000,0x00000000e3f80000,0x00000000e4300000)
 ParOldGen       total 64512K, used 17073K [0x00000000a2e00000, 0x00000000a6d00000, 0x00000000e0f80000)
  object space 64512K, 26% used [0x00000000a2e00000,0x00000000a3eac4a0,0x00000000a6d00000)
 Metaspace       used 20620K, capacity 20923K, committed 21296K, reserved 1069056K
  class space    used 1962K, capacity 2057K, committed 2176K, reserved 1048576K
}
Event: 7,355 GC heap before
{Heap before GC invocations=5 (full 0):
 PSYoungGen      total 52736K, used 52722K [0x00000000e0f80000, 0x00000000e4680000, 0x0000000100000000)
  eden space 49152K, 100% used [0x00000000e0f80000,0x00000000e3f80000,0x00000000e3f80000)
  from space 3584K, 99% used [0x00000000e4300000,0x00000000e467ca80,0x00000000e4680000)
  to   space 3584K, 0% used [0x00000000e3f80000,0x00000000e3f80000,0x00000000e4300000)
 ParOldGen       total 64512K, used 17073K [0x00000000a2e00000, 0x00000000a6d00000, 0x00000000e0f80000)
  object space 64512K, 26% used [0x00000000a2e00000,0x00000000a3eac4a0,0x00000000a6d00000)
 Metaspace       used 20707K, capacity 20987K, committed 21296K, reserved 1069056K
  class space    used 1962K, capacity 2057K, committed 2176K, reserved 1048576K
Event: 7,361 GC heap after
Heap after GC invocations=5 (full 0):
 PSYoungGen      total 51200K, used 3570K [0x00000000e0f80000, 0x00000000e5800000, 0x0000000100000000)
  eden space 47616K, 0% used [0x00000000e0f80000,0x00000000e0f80000,0x00000000e3e00000)
  from space 3584K, 99% used [0x00000000e3f80000,0x00000000e42fca80,0x00000000e4300000)
  to   space 13312K, 0% used [0x00000000e4b00000,0x00000000e4b00000,0x00000000e5800000)
 ParOldGen       total 64512K, used 23881K [0x00000000a2e00000, 0x00000000a6d00000, 0x00000000e0f80000)
  object space 64512K, 37% used [0x00000000a2e00000,0x00000000a4552640,0x00000000a6d00000)
 Metaspace       used 20707K, capacity 20987K, committed 21296K, reserved 1069056K
  class space    used 1962K, capacity 2057K, committed 2176K, reserved 1048576K
}
Event: 7,490 GC heap before
{Heap before GC invocations=6 (full 0):
 PSYoungGen      total 51200K, used 4416K [0x00000000e0f80000, 0x00000000e5800000, 0x0000000100000000)
  eden space 47616K, 1% used [0x00000000e0f80000,0x00000000e10536e0,0x00000000e3e00000)
  from space 3584K, 99% used [0x00000000e3f80000,0x00000000e42fca80,0x00000000e4300000)
  to   space 13312K, 0% used [0x00000000e4b00000,0x00000000e4b00000,0x00000000e5800000)
 ParOldGen       total 64512K, used 23881K [0x00000000a2e00000, 0x00000000a6d00000, 0x00000000e0f80000)
  object space 64512K, 37% used [0x00000000a2e00000,0x00000000a4552640,0x00000000a6d00000)
 Metaspace       used 20730K, capacity 20987K, committed 21296K, reserved 1069056K
  class space    used 1962K, capacity 2057K, committed 2176K, reserved 1048576K
Event: 7,498 GC heap after
Heap after GC invocations=6 (full 0):
 PSYoungGen      total 60928K, used 3698K [0x00000000e0f80000, 0x00000000e8680000, 0x0000000100000000)
  eden space 47616K, 0% used [0x00000000e0f80000,0x00000000e0f80000,0x00000000e3e00000)
  from space 13312K, 27% used [0x00000000e4b00000,0x00000000e4e9ca80,0x00000000e5800000)
  to   space 13312K, 0% used [0x00000000e3e00000,0x00000000e3e00000,0x00000000e4b00000)
 ParOldGen       total 64512K, used 23889K [0x00000000a2e00000, 0x00000000a6d00000, 0x00000000e0f80000)
  object space 64512K, 37% used [0x00000000a2e00000,0x00000000a4554640,0x00000000a6d00000)
 Metaspace       used 20730K, capacity 20987K, committed 21296K, reserved 1069056K
  class space    used 1962K, capacity 2057K, committed 2176K, reserved 1048576K
}
Event: 7,498 GC heap before
{Heap before GC invocations=7 (full 1):
 PSYoungGen      total 60928K, used 3698K [0x00000000e0f80000, 0x00000000e8680000, 0x0000000100000000)
  eden space 47616K, 0% used [0x00000000e0f80000,0x00000000e0f80000,0x00000000e3e00000)
  from space 13312K, 27% used [0x00000000e4b00000,0x00000000e4e9ca80,0x00000000e5800000)
  to   space 13312K, 0% used [0x00000000e3e00000,0x00000000e3e00000,0x00000000e4b00000)
 ParOldGen       total 64512K, used 23889K [0x00000000a2e00000, 0x00000000a6d00000, 0x00000000e0f80000)
  object space 64512K, 37% used [0x00000000a2e00000,0x00000000a4554640,0x00000000a6d00000)
 Metaspace       used 20730K, capacity 20987K, committed 21296K, reserved 1069056K
  class space    used 1962K, capacity 2057K, committed 2176K, reserved 1048576K
Event: 7,547 GC heap after
Heap after GC invocations=7 (full 1):
 PSYoungGen      total 60928K, used 0K [0x00000000e0f80000, 0x00000000e8680000, 0x0000000100000000)
  eden space 47616K, 0% used [0x00000000e0f80000,0x00000000e0f80000,0x00000000e3e00000)
  from space 13312K, 0% used [0x00000000e4b00000,0x00000000e4b00000,0x00000000e5800000)
  to   space 13312K, 0% used [0x00000000e3e00000,0x00000000e3e00000,0x00000000e4b00000)
 ParOldGen       total 64512K, used 23313K [0x00000000a2e00000, 0x00000000a6d00000, 0x00000000e0f80000)
  object space 64512K, 36% used [0x00000000a2e00000,0x00000000a44c46c0,0x00000000a6d00000)
 Metaspace       used 20730K, capacity 20987K, committed 21296K, reserved 1069056K
  class space    used 1962K, capacity 2057K, committed 2176K, reserved 1048576K
}

