# JRE version: Java(TM) SE Runtime Environment (8.0_92-b14) (build 1.8.0_92-b14)
# Java VM: Java HotSpot(TM) 64-Bit Server VM (25.92-b14 mixed mode linux-amd64 compressed oops)
Heap:
 PSYoungGen      total 35840K, used 21690K [0x00000000e0f80000, 0x00000000e4200000, 0x0000000100000000)
  eden space 24064K, 89% used [0x00000000e0f80000,0x00000000e2486a58,0x00000000e2700000)
  from space 11776K, 1% used [0x00000000e3680000,0x00000000e36a8000,0x00000000e4200000)
  to   space 13824K, 0% used [0x00000000e2700000,0x00000000e2700000,0x00000000e3480000)
 ParOldGen       total 59904K, used 16620K [0x00000000a2e00000, 0x00000000a6880000, 0x00000000e0f80000)
  object space 59904K, 27% used [0x00000000a2e00000,0x00000000a3e3b2d8,0x00000000a6880000)
 Metaspace       used 20979K, capacity 21247K, committed 21552K, reserved 1069056K
  class space    used 1965K, capacity 2057K, committed 2176K, reserved 1048576K
GC Heap History (10 events):
Event: 2,383 GC heap before
{Heap before GC invocations=3 (full 0):
 PSYoungGen      total 28160K, used 28146K [0x00000000e0f80000, 0x00000000e2e80000, 0x0000000100000000)
  eden space 24576K, 100% used [0x00000000e0f80000,0x00000000e2780000,0x00000000e2780000)
  from space 3584K, 99% used [0x00000000e2b00000,0x00000000e2e7ca70,0x00000000e2e80000)
  to   space 3584K, 0% used [0x00000000e2780000,0x00000000e2780000,0x00000000e2b00000)
 ParOldGen       total 64512K, used 5779K [0x00000000a2e00000, 0x00000000a6d00000, 0x00000000e0f80000)
  object space 64512K, 8% used [0x00000000a2e00000,0x00000000a33a4d68,0x00000000a6d00000)
 Metaspace       used 20157K, capacity 20451K, committed 20864K, reserved 1069056K
  class space    used 1950K, capacity 2053K, committed 2176K, reserved 1048576K
Event: 2,392 GC heap after
Heap after GC invocations=3 (full 0):
 PSYoungGen      total 28160K, used 3572K [0x00000000e0f80000, 0x00000000e4680000, 0x0000000100000000)
  eden space 24576K, 0% used [0x00000000e0f80000,0x00000000e0f80000,0x00000000e2780000)
  from space 3584K, 99% used [0x00000000e2780000,0x00000000e2afd2b0,0x00000000e2b00000)
  to   space 3584K, 0% used [0x00000000e4300000,0x00000000e4300000,0x00000000e4680000)
 ParOldGen       total 64512K, used 13746K [0x00000000a2e00000, 0x00000000a6d00000, 0x00000000e0f80000)
  object space 64512K, 21% used [0x00000000a2e00000,0x00000000a3b6cab8,0x00000000a6d00000)
 Metaspace       used 20157K, capacity 20451K, committed 20864K, reserved 1069056K
  class space    used 1950K, capacity 2053K, committed 2176K, reserved 1048576K
}
Event: 7,381 GC heap before
{Heap before GC invocations=4 (full 0):
 PSYoungGen      total 28160K, used 28148K [0x00000000e0f80000, 0x00000000e4680000, 0x0000000100000000)
  eden space 24576K, 100% used [0x00000000e0f80000,0x00000000e2780000,0x00000000e2780000)
  from space 3584K, 99% used [0x00000000e2780000,0x00000000e2afd2b0,0x00000000e2b00000)
  to   space 3584K, 0% used [0x00000000e4300000,0x00000000e4300000,0x00000000e4680000)
 ParOldGen       total 64512K, used 13746K [0x00000000a2e00000, 0x00000000a6d00000, 0x00000000e0f80000)
  object space 64512K, 21% used [0x00000000a2e00000,0x00000000a3b6cab8,0x00000000a6d00000)
 Metaspace       used 20566K, capacity 20859K, committed 21296K, reserved 1069056K
  class space    used 1956K, capacity 2057K, committed 2176K, reserved 1048576K
Event: 7,388 GC heap after
Heap after GC invocations=4 (full 0):
 PSYoungGen      total 28160K, used 3572K [0x00000000e0f80000, 0x00000000e4680000, 0x0000000100000000)
  eden space 24576K, 0% used [0x00000000e0f80000,0x00000000e0f80000,0x00000000e2780000)
  from space 3584K, 99% used [0x00000000e4300000,0x00000000e467d2b0,0x00000000e4680000)
  to   space 3584K, 0% used [0x00000000e2780000,0x00000000e2780000,0x00000000e2b00000)
 ParOldGen       total 64512K, used 15370K [0x00000000a2e00000, 0x00000000a6d00000, 0x00000000e0f80000)
  object space 64512K, 23% used [0x00000000a2e00000,0x00000000a3d02b18,0x00000000a6d00000)
 Metaspace       used 20566K, capacity 20859K, committed 21296K, reserved 1069056K
  class space    used 1956K, capacity 2057K, committed 2176K, reserved 1048576K
}
Event: 11,405 GC heap before
{Heap before GC invocations=5 (full 0):
 PSYoungGen      total 28160K, used 12425K [0x00000000e0f80000, 0x00000000e4680000, 0x0000000100000000)
  eden space 24576K, 36% used [0x00000000e0f80000,0x00000000e1825310,0x00000000e2780000)
  from space 3584K, 99% used [0x00000000e4300000,0x00000000e467d2b0,0x00000000e4680000)
  to   space 3584K, 0% used [0x00000000e2780000,0x00000000e2780000,0x00000000e2b00000)
 ParOldGen       total 64512K, used 15370K [0x00000000a2e00000, 0x00000000a6d00000, 0x00000000e0f80000)
  object space 64512K, 23% used [0x00000000a2e00000,0x00000000a3d02b18,0x00000000a6d00000)
 Metaspace       used 20734K, capacity 20991K, committed 21296K, reserved 1069056K
  class space    used 1956K, capacity 2057K, committed 2176K, reserved 1048576K
Event: 11,412 GC heap after
Heap after GC invocations=5 (full 0):
 PSYoungGen      total 27648K, used 3554K [0x00000000e0f80000, 0x00000000e4380000, 0x0000000100000000)
  eden space 24064K, 0% used [0x00000000e0f80000,0x00000000e0f80000,0x00000000e2700000)
  from space 3584K, 99% used [0x00000000e2780000,0x00000000e2af8a90,0x00000000e2b00000)
  to   space 13312K, 0% used [0x00000000e3680000,0x00000000e3680000,0x00000000e4380000)
 ParOldGen       total 64512K, used 15402K [0x00000000a2e00000, 0x00000000a6d00000, 0x00000000e0f80000)
  object space 64512K, 23% used [0x00000000a2e00000,0x00000000a3d0ab18,0x00000000a6d00000)
 Metaspace       used 20734K, capacity 20991K, committed 21296K, reserved 1069056K
  class space    used 1956K, capacity 2057K, committed 2176K, reserved 1048576K
}
Event: 11,412 GC heap before
{Heap before GC invocations=6 (full 1):
 PSYoungGen      total 27648K, used 3554K [0x00000000e0f80000, 0x00000000e4380000, 0x0000000100000000)
  eden space 24064K, 0% used [0x00000000e0f80000,0x00000000e0f80000,0x00000000e2700000)
  from space 3584K, 99% used [0x00000000e2780000,0x00000000e2af8a90,0x00000000e2b00000)
  to   space 13312K, 0% used [0x00000000e3680000,0x00000000e3680000,0x00000000e4380000)
 ParOldGen       total 64512K, used 15402K [0x00000000a2e00000, 0x00000000a6d00000, 0x00000000e0f80000)
  object space 64512K, 23% used [0x00000000a2e00000,0x00000000a3d0ab18,0x00000000a6d00000)
 Metaspace       used 20734K, capacity 20991K, committed 21296K, reserved 1069056K
  class space    used 1956K, capacity 2057K, committed 2176K, reserved 1048576K
Event: 11,457 GC heap after
Heap after GC invocations=6 (full 1):
 PSYoungGen      total 27648K, used 0K [0x00000000e0f80000, 0x00000000e4380000, 0x0000000100000000)
  eden space 24064K, 0% used [0x00000000e0f80000,0x00000000e0f80000,0x00000000e2700000)
  from space 3584K, 0% used [0x00000000e2780000,0x00000000e2780000,0x00000000e2b00000)
  to   space 13312K, 0% used [0x00000000e3680000,0x00000000e3680000,0x00000000e4380000)
 ParOldGen       total 59904K, used 16612K [0x00000000a2e00000, 0x00000000a6880000, 0x00000000e0f80000)
  object space 59904K, 27% used [0x00000000a2e00000,0x00000000a3e392d8,0x00000000a6880000)
 Metaspace       used 20734K, capacity 20991K, committed 21296K, reserved 1069056K
  class space    used 1956K, capacity 2057K, committed 2176K, reserved 1048576K
}
Event: 22,146 GC heap before
{Heap before GC invocations=7 (full 1):
 PSYoungGen      total 27648K, used 24064K [0x00000000e0f80000, 0x00000000e4380000, 0x0000000100000000)
  eden space 24064K, 100% used [0x00000000e0f80000,0x00000000e2700000,0x00000000e2700000)
  from space 3584K, 0% used [0x00000000e2780000,0x00000000e2780000,0x00000000e2b00000)
  to   space 13312K, 0% used [0x00000000e3680000,0x00000000e3680000,0x00000000e4380000)
 ParOldGen       total 59904K, used 16612K [0x00000000a2e00000, 0x00000000a6880000, 0x00000000e0f80000)
  object space 59904K, 27% used [0x00000000a2e00000,0x00000000a3e392d8,0x00000000a6880000)
 Metaspace       used 20851K, capacity 21119K, committed 21552K, reserved 1069056K
  class space    used 1956K, capacity 2057K, committed 2176K, reserved 1048576K
Event: 22,148 GC heap after
Heap after GC invocations=7 (full 1):
 PSYoungGen      total 35840K, used 160K [0x00000000e0f80000, 0x00000000e4200000, 0x0000000100000000)
  eden space 24064K, 0% used [0x00000000e0f80000,0x00000000e0f80000,0x00000000e2700000)
  from space 11776K, 1% used [0x00000000e3680000,0x00000000e36a8000,0x00000000e4200000)
  to   space 13824K, 0% used [0x00000000e2700000,0x00000000e2700000,0x00000000e3480000)
 ParOldGen       total 59904K, used 16620K [0x00000000a2e00000, 0x00000000a6880000, 0x00000000e0f80000)
  object space 59904K, 27% used [0x00000000a2e00000,0x00000000a3e3b2d8,0x00000000a6880000)
 Metaspace       used 20851K, capacity 21119K, committed 21552K, reserved 1069056K
  class space    used 1956K, capacity 2057K, committed 2176K, reserved 1048576K
}

