# JRE version: Java(TM) SE Runtime Environment (8.0_92-b14) (build 1.8.0_92-b14)
# Java VM: Java HotSpot(TM) 64-Bit Server VM (25.92-b14 mixed mode linux-amd64 compressed oops)
Heap:
 PSYoungGen      total 44544K, used 18699K [0x00000000e0f80000, 0x00000000e4700000, 0x0000000100000000)
  eden space 34304K, 44% used [0x00000000e0f80000,0x00000000e1e8abe8,0x00000000e3100000)
  from space 10240K, 32% used [0x00000000e3d00000,0x00000000e4038100,0x00000000e4700000)
  to   space 11264K, 0% used [0x00000000e3100000,0x00000000e3100000,0x00000000e3c00000)
 ParOldGen       total 60416K, used 15101K [0x00000000a2e00000, 0x00000000a6900000, 0x00000000e0f80000)
  object space 60416K, 24% used [0x00000000a2e00000,0x00000000a3cbf778,0x00000000a6900000)
 Metaspace       used 21312K, capacity 21513K, committed 21808K, reserved 1069056K
  class space    used 2000K, capacity 2058K, committed 2176K, reserved 1048576K
GC Heap History (10 events):
Event: 2,970 GC heap before
{Heap before GC invocations=3 (full 0):
 PSYoungGen      total 28160K, used 28130K [0x00000000e0f80000, 0x00000000e2e80000, 0x0000000100000000)
  eden space 24576K, 100% used [0x00000000e0f80000,0x00000000e2780000,0x00000000e2780000)
  from space 3584K, 99% used [0x00000000e2b00000,0x00000000e2e78890,0x00000000e2e80000)
  to   space 3584K, 0% used [0x00000000e2780000,0x00000000e2780000,0x00000000e2b00000)
 ParOldGen       total 64512K, used 7965K [0x00000000a2e00000, 0x00000000a6d00000, 0x00000000e0f80000)
  object space 64512K, 12% used [0x00000000a2e00000,0x00000000a35c7670,0x00000000a6d00000)
 Metaspace       used 20591K, capacity 20867K, committed 21296K, reserved 1069056K
  class space    used 1976K, capacity 2057K, committed 2176K, reserved 1048576K
Event: 2,979 GC heap after
Heap after GC invocations=3 (full 0):
 PSYoungGen      total 28160K, used 3554K [0x00000000e0f80000, 0x00000000e2e80000, 0x0000000100000000)
  eden space 24576K, 0% used [0x00000000e0f80000,0x00000000e0f80000,0x00000000e2780000)
  from space 3584K, 99% used [0x00000000e2780000,0x00000000e2af8940,0x00000000e2b00000)
  to   space 3584K, 0% used [0x00000000e2b00000,0x00000000e2b00000,0x00000000e2e80000)
 ParOldGen       total 64512K, used 12017K [0x00000000a2e00000, 0x00000000a6d00000, 0x00000000e0f80000)
  object space 64512K, 18% used [0x00000000a2e00000,0x00000000a39bc6a0,0x00000000a6d00000)
 Metaspace       used 20591K, capacity 20867K, committed 21296K, reserved 1069056K
  class space    used 1976K, capacity 2057K, committed 2176K, reserved 1048576K
}
Event: 3,441 GC heap before
{Heap before GC invocations=4 (full 0):
 PSYoungGen      total 28160K, used 11705K [0x00000000e0f80000, 0x00000000e2e80000, 0x0000000100000000)
  eden space 24576K, 33% used [0x00000000e0f80000,0x00000000e1775c28,0x00000000e2780000)
  from space 3584K, 99% used [0x00000000e2780000,0x00000000e2af8940,0x00000000e2b00000)
  to   space 3584K, 0% used [0x00000000e2b00000,0x00000000e2b00000,0x00000000e2e80000)
 ParOldGen       total 64512K, used 12017K [0x00000000a2e00000, 0x00000000a6d00000, 0x00000000e0f80000)
  object space 64512K, 18% used [0x00000000a2e00000,0x00000000a39bc6a0,0x00000000a6d00000)
 Metaspace       used 20787K, capacity 20995K, committed 21296K, reserved 1069056K
  class space    used 1991K, capacity 2057K, committed 2176K, reserved 1048576K
Event: 3,447 GC heap after
Heap after GC invocations=4 (full 0):
 PSYoungGen      total 28160K, used 3554K [0x00000000e0f80000, 0x00000000e2e80000, 0x0000000100000000)
  eden space 24576K, 0% used [0x00000000e0f80000,0x00000000e0f80000,0x00000000e2780000)
  from space 3584K, 99% used [0x00000000e2b00000,0x00000000e2e78920,0x00000000e2e80000)
  to   space 3584K, 0% used [0x00000000e2780000,0x00000000e2780000,0x00000000e2b00000)
 ParOldGen       total 64512K, used 12289K [0x00000000a2e00000, 0x00000000a6d00000, 0x00000000e0f80000)
  object space 64512K, 19% used [0x00000000a2e00000,0x00000000a3a006f0,0x00000000a6d00000)
 Metaspace       used 20787K, capacity 20995K, committed 21296K, reserved 1069056K
  class space    used 1991K, capacity 2057K, committed 2176K, reserved 1048576K
}
Event: 3,447 GC heap before
{Heap before GC invocations=5 (full 1):
 PSYoungGen      total 28160K, used 3554K [0x00000000e0f80000, 0x00000000e2e80000, 0x0000000100000000)
  eden space 24576K, 0% used [0x00000000e0f80000,0x00000000e0f80000,0x00000000e2780000)
  from space 3584K, 99% used [0x00000000e2b00000,0x00000000e2e78920,0x00000000e2e80000)
  to   space 3584K, 0% used [0x00000000e2780000,0x00000000e2780000,0x00000000e2b00000)
 ParOldGen       total 64512K, used 12289K [0x00000000a2e00000, 0x00000000a6d00000, 0x00000000e0f80000)
  object space 64512K, 19% used [0x00000000a2e00000,0x00000000a3a006f0,0x00000000a6d00000)
 Metaspace       used 20787K, capacity 20995K, committed 21296K, reserved 1069056K
  class space    used 1991K, capacity 2057K, committed 2176K, reserved 1048576K
Event: 3,493 GC heap after
Heap after GC invocations=5 (full 1):
 PSYoungGen      total 28160K, used 0K [0x00000000e0f80000, 0x00000000e2e80000, 0x0000000100000000)
  eden space 24576K, 0% used [0x00000000e0f80000,0x00000000e0f80000,0x00000000e2780000)
  from space 3584K, 0% used [0x00000000e2b00000,0x00000000e2b00000,0x00000000e2e80000)
  to   space 3584K, 0% used [0x00000000e2780000,0x00000000e2780000,0x00000000e2b00000)
 ParOldGen       total 60416K, used 13549K [0x00000000a2e00000, 0x00000000a6900000, 0x00000000e0f80000)
  object space 60416K, 22% used [0x00000000a2e00000,0x00000000a3b3b718,0x00000000a6900000)
 Metaspace       used 20787K, capacity 20995K, committed 21296K, reserved 1069056K
  class space    used 1991K, capacity 2057K, committed 2176K, reserved 1048576K
}
Event: 3,919 GC heap before
{Heap before GC invocations=6 (full 1):
 PSYoungGen      total 28160K, used 24357K [0x00000000e0f80000, 0x00000000e2e80000, 0x0000000100000000)
  eden space 24576K, 99% used [0x00000000e0f80000,0x00000000e2749778,0x00000000e2780000)
  from space 3584K, 0% used [0x00000000e2b00000,0x00000000e2b00000,0x00000000e2e80000)
  to   space 3584K, 0% used [0x00000000e2780000,0x00000000e2780000,0x00000000e2b00000)
 ParOldGen       total 60416K, used 13549K [0x00000000a2e00000, 0x00000000a6900000, 0x00000000e0f80000)
  object space 60416K, 22% used [0x00000000a2e00000,0x00000000a3b3b718,0x00000000a6900000)
 Metaspace       used 20918K, capacity 21187K, committed 21552K, reserved 1069056K
  class space    used 1993K, capacity 2057K, committed 2176K, reserved 1048576K
Event: 3,925 GC heap after
Heap after GC invocations=6 (full 1):
 PSYoungGen      total 28160K, used 3392K [0x00000000e0f80000, 0x00000000e4800000, 0x0000000100000000)
  eden space 24576K, 0% used [0x00000000e0f80000,0x00000000e0f80000,0x00000000e2780000)
  from space 3584K, 94% used [0x00000000e2780000,0x00000000e2ad0100,0x00000000e2b00000)
  to   space 11264K, 0% used [0x00000000e3d00000,0x00000000e3d00000,0x00000000e4800000)
 ParOldGen       total 60416K, used 15093K [0x00000000a2e00000, 0x00000000a6900000, 0x00000000e0f80000)
  object space 60416K, 24% used [0x00000000a2e00000,0x00000000a3cbd778,0x00000000a6900000)
 Metaspace       used 20918K, capacity 21187K, committed 21552K, reserved 1069056K
  class space    used 1993K, capacity 2057K, committed 2176K, reserved 1048576K
}
Event: 6,602 GC heap before
{Heap before GC invocations=7 (full 1):
 PSYoungGen      total 28160K, used 27968K [0x00000000e0f80000, 0x00000000e4800000, 0x0000000100000000)
  eden space 24576K, 100% used [0x00000000e0f80000,0x00000000e2780000,0x00000000e2780000)
  from space 3584K, 94% used [0x00000000e2780000,0x00000000e2ad0100,0x00000000e2b00000)
  to   space 11264K, 0% used [0x00000000e3d00000,0x00000000e3d00000,0x00000000e4800000)
 ParOldGen       total 60416K, used 15093K [0x00000000a2e00000, 0x00000000a6900000, 0x00000000e0f80000)
  object space 60416K, 24% used [0x00000000a2e00000,0x00000000a3cbd778,0x00000000a6900000)
 Metaspace       used 21189K, capacity 21449K, committed 21808K, reserved 1069056K
  class space    used 1998K, capacity 2058K, committed 2176K, reserved 1048576K
Event: 6,607 GC heap after
Heap after GC invocations=7 (full 1):
 PSYoungGen      total 44544K, used 3296K [0x00000000e0f80000, 0x00000000e4700000, 0x0000000100000000)
  eden space 34304K, 0% used [0x00000000e0f80000,0x00000000e0f80000,0x00000000e3100000)
  from space 10240K, 32% used [0x00000000e3d00000,0x00000000e4038100,0x00000000e4700000)
  to   space 11264K, 0% used [0x00000000e3100000,0x00000000e3100000,0x00000000e3c00000)
 ParOldGen       total 60416K, used 15101K [0x00000000a2e00000, 0x00000000a6900000, 0x00000000e0f80000)
  object space 60416K, 24% used [0x00000000a2e00000,0x00000000a3cbf778,0x00000000a6900000)
 Metaspace       used 21189K, capacity 21449K, committed 21808K, reserved 1069056K
  class space    used 1998K, capacity 2058K, committed 2176K, reserved 1048576K
}

