# JRE version: OpenJDK Runtime Environment (8.0_91-b14) (build 1.8.0_91-8u91-b14-3ubuntu1~16.04.1-b14)
# Java VM: OpenJDK 64-Bit Server VM (25.91-b14 mixed mode linux-amd64 compressed oops)
Heap:
 PSYoungGen      total 167424K, used 142873K [0x00000000edc00000, 0x00000000fb300000, 0x0000000100000000)
  eden space 138752K, 82% used [0x00000000edc00000,0x00000000f4b8dfd0,0x00000000f6380000)
  from space 28672K, 99% used [0x00000000f8500000,0x00000000fa0f86f0,0x00000000fa100000)
  to   space 34304K, 0% used [0x00000000f6380000,0x00000000f6380000,0x00000000f8500000)
 ParOldGen       total 95744K, used 50592K [0x00000000c9400000, 0x00000000cf180000, 0x00000000edc00000)
  object space 95744K, 52% used [0x00000000c9400000,0x00000000cc5682d0,0x00000000cf180000)
 Metaspace       used 21886K, capacity 22121K, committed 22528K, reserved 1069056K
  class space    used 1954K, capacity 2024K, committed 2048K, reserved 1048576K
GC Heap History (10 events):
Event: 20,857 GC heap before
{Heap before GC invocations=8 (full 1):
 PSYoungGen      total 96256K, used 93440K [0x00000000edc00000, 0x00000000f4780000, 0x0000000100000000)
  eden space 84480K, 100% used [0x00000000edc00000,0x00000000f2e80000,0x00000000f2e80000)
  from space 11776K, 76% used [0x00000000f3c00000,0x00000000f44c0230,0x00000000f4780000)
  to   space 12800K, 0% used [0x00000000f2e80000,0x00000000f2e80000,0x00000000f3b00000)
 ParOldGen       total 48128K, used 21000K [0x00000000c9400000, 0x00000000cc300000, 0x00000000edc00000)
  object space 48128K, 43% used [0x00000000c9400000,0x00000000ca882180,0x00000000cc300000)
 Metaspace       used 21468K, capacity 21673K, committed 22016K, reserved 1069056K
  class space    used 1952K, capacity 2024K, committed 2048K, reserved 1048576K
Event: 20,908 GC heap after
Heap after GC invocations=8 (full 1):
 PSYoungGen      total 97280K, used 12768K [0x00000000edc00000, 0x00000000f7080000, 0x0000000100000000)
  eden space 84480K, 0% used [0x00000000edc00000,0x00000000edc00000,0x00000000f2e80000)
  from space 12800K, 99% used [0x00000000f2e80000,0x00000000f3af8310,0x00000000f3b00000)
  to   space 15360K, 0% used [0x00000000f6180000,0x00000000f6180000,0x00000000f7080000)
 ParOldGen       total 48128K, used 28688K [0x00000000c9400000, 0x00000000cc300000, 0x00000000edc00000)
  object space 48128K, 59% used [0x00000000c9400000,0x00000000cb004360,0x00000000cc300000)
 Metaspace       used 21468K, capacity 21673K, committed 22016K, reserved 1069056K
  class space    used 1952K, capacity 2024K, committed 2048K, reserved 1048576K
}
Event: 30,301 GC heap before
{Heap before GC invocations=9 (full 1):
 PSYoungGen      total 97280K, used 97248K [0x00000000edc00000, 0x00000000f7080000, 0x0000000100000000)
  eden space 84480K, 100% used [0x00000000edc00000,0x00000000f2e80000,0x00000000f2e80000)
  from space 12800K, 99% used [0x00000000f2e80000,0x00000000f3af8310,0x00000000f3b00000)
  to   space 15360K, 0% used [0x00000000f6180000,0x00000000f6180000,0x00000000f7080000)
 ParOldGen       total 48128K, used 28688K [0x00000000c9400000, 0x00000000cc300000, 0x00000000edc00000)
  object space 48128K, 59% used [0x00000000c9400000,0x00000000cb004360,0x00000000cc300000)
 Metaspace       used 21601K, capacity 21865K, committed 22272K, reserved 1069056K
  class space    used 1952K, capacity 2024K, committed 2048K, reserved 1048576K
Event: 30,359 GC heap after
Heap after GC invocations=9 (full 1):
 PSYoungGen      total 131584K, used 15344K [0x00000000edc00000, 0x00000000f7800000, 0x0000000100000000)
  eden space 116224K, 0% used [0x00000000edc00000,0x00000000edc00000,0x00000000f4d80000)
  from space 15360K, 99% used [0x00000000f6180000,0x00000000f707c3f0,0x00000000f7080000)
  to   space 20480K, 0% used [0x00000000f4d80000,0x00000000f4d80000,0x00000000f6180000)
 ParOldGen       total 48128K, used 33569K [0x00000000c9400000, 0x00000000cc300000, 0x00000000edc00000)
  object space 48128K, 69% used [0x00000000c9400000,0x00000000cb4c8490,0x00000000cc300000)
 Metaspace       used 21601K, capacity 21865K, committed 22272K, reserved 1069056K
  class space    used 1952K, capacity 2024K, committed 2048K, reserved 1048576K
}
Event: 38,900 GC heap before
{Heap before GC invocations=10 (full 1):
 PSYoungGen      total 131584K, used 131393K [0x00000000edc00000, 0x00000000f7800000, 0x0000000100000000)
  eden space 116224K, 99% used [0x00000000edc00000,0x00000000f4d54288,0x00000000f4d80000)
  from space 15360K, 99% used [0x00000000f6180000,0x00000000f707c3f0,0x00000000f7080000)
  to   space 20480K, 0% used [0x00000000f4d80000,0x00000000f4d80000,0x00000000f6180000)
 ParOldGen       total 48128K, used 33569K [0x00000000c9400000, 0x00000000cc300000, 0x00000000edc00000)
  object space 48128K, 69% used [0x00000000c9400000,0x00000000cb4c8490,0x00000000cc300000)
 Metaspace       used 21781K, capacity 21993K, committed 22272K, reserved 1069056K
  class space    used 1952K, capacity 2024K, committed 2048K, reserved 1048576K
Event: 38,976 GC heap after
Heap after GC invocations=10 (full 1):
 PSYoungGen      total 136704K, used 20449K [0x00000000edc00000, 0x00000000fa100000, 0x0000000100000000)
  eden space 116224K, 0% used [0x00000000edc00000,0x00000000edc00000,0x00000000f4d80000)
  from space 20480K, 99% used [0x00000000f4d80000,0x00000000f6178510,0x00000000f6180000)
  to   space 28672K, 0% used [0x00000000f8500000,0x00000000f8500000,0x00000000fa100000)
 ParOldGen       total 48128K, used 44641K [0x00000000c9400000, 0x00000000cc300000, 0x00000000edc00000)
  object space 48128K, 92% used [0x00000000c9400000,0x00000000cbf98740,0x00000000cc300000)
 Metaspace       used 21781K, capacity 21993K, committed 22272K, reserved 1069056K
  class space    used 1952K, capacity 2024K, committed 2048K, reserved 1048576K
}
Event: 38,976 GC heap before
{Heap before GC invocations=11 (full 2):
 PSYoungGen      total 136704K, used 20449K [0x00000000edc00000, 0x00000000fa100000, 0x0000000100000000)
  eden space 116224K, 0% used [0x00000000edc00000,0x00000000edc00000,0x00000000f4d80000)
  from space 20480K, 99% used [0x00000000f4d80000,0x00000000f6178510,0x00000000f6180000)
  to   space 28672K, 0% used [0x00000000f8500000,0x00000000f8500000,0x00000000fa100000)
 ParOldGen       total 48128K, used 44641K [0x00000000c9400000, 0x00000000cc300000, 0x00000000edc00000)
  object space 48128K, 92% used [0x00000000c9400000,0x00000000cbf98740,0x00000000cc300000)
 Metaspace       used 21781K, capacity 21993K, committed 22272K, reserved 1069056K
  class space    used 1952K, capacity 2024K, committed 2048K, reserved 1048576K
Event: 39,126 GC heap after
Heap after GC invocations=11 (full 2):
 PSYoungGen      total 136704K, used 15159K [0x00000000edc00000, 0x00000000fa100000, 0x0000000100000000)
  eden space 116224K, 0% used [0x00000000edc00000,0x00000000edc00000,0x00000000f4d80000)
  from space 20480K, 74% used [0x00000000f4d80000,0x00000000f5c4df38,0x00000000f6180000)
  to   space 28672K, 0% used [0x00000000f8500000,0x00000000f8500000,0x00000000fa100000)
 ParOldGen       total 95744K, used 47720K [0x00000000c9400000, 0x00000000cf180000, 0x00000000edc00000)
  object space 95744K, 49% used [0x00000000c9400000,0x00000000cc29a220,0x00000000cf180000)
 Metaspace       used 21781K, capacity 21993K, committed 22272K, reserved 1069056K
  class space    used 1952K, capacity 2024K, committed 2048K, reserved 1048576K
}
Event: 45,820 GC heap before
{Heap before GC invocations=12 (full 2):
 PSYoungGen      total 136704K, used 131383K [0x00000000edc00000, 0x00000000fa100000, 0x0000000100000000)
  eden space 116224K, 100% used [0x00000000edc00000,0x00000000f4d80000,0x00000000f4d80000)
  from space 20480K, 74% used [0x00000000f4d80000,0x00000000f5c4df38,0x00000000f6180000)
  to   space 28672K, 0% used [0x00000000f8500000,0x00000000f8500000,0x00000000fa100000)
 ParOldGen       total 95744K, used 47720K [0x00000000c9400000, 0x00000000cf180000, 0x00000000edc00000)
  object space 95744K, 49% used [0x00000000c9400000,0x00000000cc29a220,0x00000000cf180000)
 Metaspace       used 21846K, capacity 22057K, committed 22272K, reserved 1069056K
  class space    used 1952K, capacity 2024K, committed 2048K, reserved 1048576K
Event: 45,889 GC heap after
Heap after GC invocations=12 (full 2):
 PSYoungGen      total 167424K, used 28641K [0x00000000edc00000, 0x00000000fb300000, 0x0000000100000000)
  eden space 138752K, 0% used [0x00000000edc00000,0x00000000edc00000,0x00000000f6380000)
  from space 28672K, 99% used [0x00000000f8500000,0x00000000fa0f86f0,0x00000000fa100000)
  to   space 34304K, 0% used [0x00000000f6380000,0x00000000f6380000,0x00000000f8500000)
 ParOldGen       total 95744K, used 50592K [0x00000000c9400000, 0x00000000cf180000, 0x00000000edc00000)
  object space 95744K, 52% used [0x00000000c9400000,0x00000000cc5682d0,0x00000000cf180000)
 Metaspace       used 21846K, capacity 22057K, committed 22272K, reserved 1069056K
  class space    used 1952K, capacity 2024K, committed 2048K, reserved 1048576K
}

