# JRE version: OpenJDK Runtime Environment (8.0_91-b14) (build 1.8.0_91-8u91-b14-3ubuntu1~16.04.1-b14)
# Java VM: OpenJDK 64-Bit Server VM (25.91-b14 mixed mode linux-amd64 compressed oops)
Heap:
 PSYoungGen      total 120320K, used 63581K [0x00000000edc00000, 0x00000000f6000000, 0x0000000100000000)
  eden space 112640K, 56% used [0x00000000edc00000,0x00000000f19d7630,0x00000000f4a00000)
  from space 7680K, 3% used [0x00000000f5880000,0x00000000f58c0000,0x00000000f6000000)
  to   space 11264K, 0% used [0x00000000f4a00000,0x00000000f4a00000,0x00000000f5500000)
 ParOldGen       total 45056K, used 17345K [0x00000000c9400000, 0x00000000cc000000, 0x00000000edc00000)
  object space 45056K, 38% used [0x00000000c9400000,0x00000000ca4f0540,0x00000000cc000000)
 Metaspace       used 21372K, capacity 21603K, committed 22016K, reserved 1069056K
  class space    used 1958K, capacity 2023K, committed 2048K, reserved 1048576K
GC Heap History (10 events):
Event: 9,635 GC heap before
{Heap before GC invocations=7 (full 1):
 PSYoungGen      total 69120K, used 2048K [0x00000000edc00000, 0x00000000f2b00000, 0x0000000100000000)
  eden space 58880K, 0% used [0x00000000edc00000,0x00000000edc00000,0x00000000f1580000)
  from space 10240K, 20% used [0x00000000f2000000,0x00000000f2200050,0x00000000f2a00000)
  to   space 10752K, 0% used [0x00000000f1580000,0x00000000f1580000,0x00000000f2000000)
 ParOldGen       total 38400K, used 19539K [0x00000000c9400000, 0x00000000cb980000, 0x00000000edc00000)
  object space 38400K, 50% used [0x00000000c9400000,0x00000000ca714ed0,0x00000000cb980000)
 Metaspace       used 20802K, capacity 21027K, committed 21248K, reserved 1069056K
  class space    used 1952K, capacity 2023K, committed 2048K, reserved 1048576K
Event: 9,792 GC heap after
Heap after GC invocations=7 (full 1):
 PSYoungGen      total 69120K, used 0K [0x00000000edc00000, 0x00000000f2b00000, 0x0000000100000000)
  eden space 58880K, 0% used [0x00000000edc00000,0x00000000edc00000,0x00000000f1580000)
  from space 10240K, 0% used [0x00000000f2000000,0x00000000f2000000,0x00000000f2a00000)
  to   space 10752K, 0% used [0x00000000f1580000,0x00000000f1580000,0x00000000f2000000)
 ParOldGen       total 45056K, used 17329K [0x00000000c9400000, 0x00000000cc000000, 0x00000000edc00000)
  object space 45056K, 38% used [0x00000000c9400000,0x00000000ca4ec540,0x00000000cc000000)
 Metaspace       used 20802K, capacity 21027K, committed 21248K, reserved 1069056K
  class space    used 1952K, capacity 2023K, committed 2048K, reserved 1048576K
}
Event: 24,158 GC heap before
{Heap before GC invocations=8 (full 1):
 PSYoungGen      total 69120K, used 58880K [0x00000000edc00000, 0x00000000f2b00000, 0x0000000100000000)
  eden space 58880K, 100% used [0x00000000edc00000,0x00000000f1580000,0x00000000f1580000)
  from space 10240K, 0% used [0x00000000f2000000,0x00000000f2000000,0x00000000f2a00000)
  to   space 10752K, 0% used [0x00000000f1580000,0x00000000f1580000,0x00000000f2000000)
 ParOldGen       total 45056K, used 17329K [0x00000000c9400000, 0x00000000cc000000, 0x00000000edc00000)
  object space 45056K, 38% used [0x00000000c9400000,0x00000000ca4ec540,0x00000000cc000000)
 Metaspace       used 21357K, capacity 21539K, committed 21760K, reserved 1069056K
  class space    used 1955K, capacity 2023K, committed 2048K, reserved 1048576K
Event: 24,164 GC heap after
Heap after GC invocations=8 (full 1):
 PSYoungGen      total 69632K, used 256K [0x00000000edc00000, 0x00000000f4e80000, 0x0000000100000000)
  eden space 58880K, 0% used [0x00000000edc00000,0x00000000edc00000,0x00000000f1580000)
  from space 10752K, 2% used [0x00000000f1580000,0x00000000f15c0000,0x00000000f2000000)
  to   space 11264K, 0% used [0x00000000f4380000,0x00000000f4380000,0x00000000f4e80000)
 ParOldGen       total 45056K, used 17337K [0x00000000c9400000, 0x00000000cc000000, 0x00000000edc00000)
  object space 45056K, 38% used [0x00000000c9400000,0x00000000ca4ee540,0x00000000cc000000)
 Metaspace       used 21357K, capacity 21539K, committed 21760K, reserved 1069056K
  class space    used 1955K, capacity 2023K, committed 2048K, reserved 1048576K
}
Event: 38,229 GC heap before
{Heap before GC invocations=9 (full 1):
 PSYoungGen      total 69632K, used 59136K [0x00000000edc00000, 0x00000000f4e80000, 0x0000000100000000)
  eden space 58880K, 100% used [0x00000000edc00000,0x00000000f1580000,0x00000000f1580000)
  from space 10752K, 2% used [0x00000000f1580000,0x00000000f15c0000,0x00000000f2000000)
  to   space 11264K, 0% used [0x00000000f4380000,0x00000000f4380000,0x00000000f4e80000)
 ParOldGen       total 45056K, used 17337K [0x00000000c9400000, 0x00000000cc000000, 0x00000000edc00000)
  object space 45056K, 38% used [0x00000000c9400000,0x00000000ca4ee540,0x00000000cc000000)
 Metaspace       used 21357K, capacity 21539K, committed 21760K, reserved 1069056K
  class space    used 1955K, capacity 2023K, committed 2048K, reserved 1048576K
Event: 38,249 GC heap after
Heap after GC invocations=9 (full 1):
 PSYoungGen      total 97792K, used 224K [0x00000000edc00000, 0x00000000f4a80000, 0x0000000100000000)
  eden space 90624K, 0% used [0x00000000edc00000,0x00000000edc00000,0x00000000f3480000)
  from space 7168K, 3% used [0x00000000f4380000,0x00000000f43b8000,0x00000000f4a80000)
  to   space 11264K, 0% used [0x00000000f3480000,0x00000000f3480000,0x00000000f3f80000)
 ParOldGen       total 45056K, used 17345K [0x00000000c9400000, 0x00000000cc000000, 0x00000000edc00000)
  object space 45056K, 38% used [0x00000000c9400000,0x00000000ca4f0540,0x00000000cc000000)
 Metaspace       used 21357K, capacity 21539K, committed 21760K, reserved 1069056K
  class space    used 1955K, capacity 2023K, committed 2048K, reserved 1048576K
}
Event: 61,085 GC heap before
{Heap before GC invocations=10 (full 1):
 PSYoungGen      total 97792K, used 90848K [0x00000000edc00000, 0x00000000f4a80000, 0x0000000100000000)
  eden space 90624K, 100% used [0x00000000edc00000,0x00000000f3480000,0x00000000f3480000)
  from space 7168K, 3% used [0x00000000f4380000,0x00000000f43b8000,0x00000000f4a80000)
  to   space 11264K, 0% used [0x00000000f3480000,0x00000000f3480000,0x00000000f3f80000)
 ParOldGen       total 45056K, used 17345K [0x00000000c9400000, 0x00000000cc000000, 0x00000000edc00000)
  object space 45056K, 38% used [0x00000000c9400000,0x00000000ca4f0540,0x00000000cc000000)
 Metaspace       used 21357K, capacity 21539K, committed 21760K, reserved 1069056K
  class space    used 1955K, capacity 2023K, committed 2048K, reserved 1048576K
Event: 61,090 GC heap after
Heap after GC invocations=10 (full 1):
 PSYoungGen      total 101888K, used 224K [0x00000000edc00000, 0x00000000f6380000, 0x0000000100000000)
  eden space 90624K, 0% used [0x00000000edc00000,0x00000000edc00000,0x00000000f3480000)
  from space 11264K, 1% used [0x00000000f3480000,0x00000000f34b8000,0x00000000f3f80000)
  to   space 11264K, 0% used [0x00000000f5880000,0x00000000f5880000,0x00000000f6380000)
 ParOldGen       total 45056K, used 17345K [0x00000000c9400000, 0x00000000cc000000, 0x00000000edc00000)
  object space 45056K, 38% used [0x00000000c9400000,0x00000000ca4f0540,0x00000000cc000000)
 Metaspace       used 21357K, capacity 21539K, committed 21760K, reserved 1069056K
  class space    used 1955K, capacity 2023K, committed 2048K, reserved 1048576K
}
Event: 92,911 GC heap before
{Heap before GC invocations=11 (full 1):
 PSYoungGen      total 101888K, used 90848K [0x00000000edc00000, 0x00000000f6380000, 0x0000000100000000)
  eden space 90624K, 100% used [0x00000000edc00000,0x00000000f3480000,0x00000000f3480000)
  from space 11264K, 1% used [0x00000000f3480000,0x00000000f34b8000,0x00000000f3f80000)
  to   space 11264K, 0% used [0x00000000f5880000,0x00000000f5880000,0x00000000f6380000)
 ParOldGen       total 45056K, used 17345K [0x00000000c9400000, 0x00000000cc000000, 0x00000000edc00000)
  object space 45056K, 38% used [0x00000000c9400000,0x00000000ca4f0540,0x00000000cc000000)
 Metaspace       used 21358K, capacity 21539K, committed 21760K, reserved 1069056K
  class space    used 1956K, capacity 2023K, committed 2048K, reserved 1048576K
Event: 92,925 GC heap after
Heap after GC invocations=11 (full 1):
 PSYoungGen      total 120320K, used 256K [0x00000000edc00000, 0x00000000f6000000, 0x0000000100000000)
  eden space 112640K, 0% used [0x00000000edc00000,0x00000000edc00000,0x00000000f4a00000)
  from space 7680K, 3% used [0x00000000f5880000,0x00000000f58c0000,0x00000000f6000000)
  to   space 11264K, 0% used [0x00000000f4a00000,0x00000000f4a00000,0x00000000f5500000)
 ParOldGen       total 45056K, used 17345K [0x00000000c9400000, 0x00000000cc000000, 0x00000000edc00000)
  object space 45056K, 38% used [0x00000000c9400000,0x00000000ca4f0540,0x00000000cc000000)
 Metaspace       used 21358K, capacity 21539K, committed 21760K, reserved 1069056K
  class space    used 1956K, capacity 2023K, committed 2048K, reserved 1048576K
}

