# JRE version: OpenJDK Runtime Environment (8.0_91-b14) (build 1.8.0_91-8u91-b14-3ubuntu1~16.04.1-b14)
# Java VM: OpenJDK 64-Bit Server VM (25.91-b14 mixed mode linux-amd64 compressed oops)
Heap:
 PSYoungGen      total 70144K, used 30685K [0x00000000edc00000, 0x00000000f2d00000, 0x0000000100000000)
  eden space 58880K, 52% used [0x00000000edc00000,0x00000000ef9f76e0,0x00000000f1580000)
  from space 11264K, 0% used [0x00000000f2100000,0x00000000f2100000,0x00000000f2c00000)
  to   space 11776K, 0% used [0x00000000f1580000,0x00000000f1580000,0x00000000f2100000)
 ParOldGen       total 45568K, used 18548K [0x00000000c9400000, 0x00000000cc080000, 0x00000000edc00000)
  object space 45568K, 40% used [0x00000000c9400000,0x00000000ca61d030,0x00000000cc080000)
 Metaspace       used 21205K, capacity 21401K, committed 21760K, reserved 1069056K
  class space    used 1953K, capacity 2024K, committed 2048K, reserved 1048576K
GC Heap History (10 events):
Event: 5,883 GC heap before
{Heap before GC invocations=3 (full 0):
 PSYoungGen      total 16896K, used 16864K [0x00000000edc00000, 0x00000000efd00000, 0x0000000100000000)
  eden space 14848K, 100% used [0x00000000edc00000,0x00000000eea80000,0x00000000eea80000)
  from space 2048K, 98% used [0x00000000eec80000,0x00000000eee78040,0x00000000eee80000)
  to   space 2048K, 0% used [0x00000000eea80000,0x00000000eea80000,0x00000000eec80000)
 ParOldGen       total 38400K, used 3159K [0x00000000c9400000, 0x00000000cb980000, 0x00000000edc00000)
  object space 38400K, 8% used [0x00000000c9400000,0x00000000c9715dc8,0x00000000cb980000)
 Metaspace       used 17942K, capacity 18117K, committed 18432K, reserved 1067008K
  class space    used 1705K, capacity 1792K, committed 1792K, reserved 1048576K
Event: 5,909 GC heap after
Heap after GC invocations=3 (full 0):
 PSYoungGen      total 16896K, used 2032K [0x00000000edc00000, 0x00000000efd00000, 0x0000000100000000)
  eden space 14848K, 0% used [0x00000000edc00000,0x00000000edc00000,0x00000000eea80000)
  from space 2048K, 99% used [0x00000000eea80000,0x00000000eec7c050,0x00000000eec80000)
  to   space 2048K, 0% used [0x00000000efb00000,0x00000000efb00000,0x00000000efd00000)
 ParOldGen       total 38400K, used 7357K [0x00000000c9400000, 0x00000000cb980000, 0x00000000edc00000)
  object space 38400K, 19% used [0x00000000c9400000,0x00000000c9b2f5a8,0x00000000cb980000)
 Metaspace       used 17942K, capacity 18117K, committed 18432K, reserved 1067008K
  class space    used 1705K, capacity 1792K, committed 1792K, reserved 1048576K
}
Event: 7,561 GC heap before
{Heap before GC invocations=4 (full 0):
 PSYoungGen      total 16896K, used 16852K [0x00000000edc00000, 0x00000000efd00000, 0x0000000100000000)
  eden space 14848K, 99% used [0x00000000edc00000,0x00000000eea79018,0x00000000eea80000)
  from space 2048K, 99% used [0x00000000eea80000,0x00000000eec7c050,0x00000000eec80000)
  to   space 2048K, 0% used [0x00000000efb00000,0x00000000efb00000,0x00000000efd00000)
 ParOldGen       total 38400K, used 7357K [0x00000000c9400000, 0x00000000cb980000, 0x00000000edc00000)
  object space 38400K, 19% used [0x00000000c9400000,0x00000000c9b2f5a8,0x00000000cb980000)
 Metaspace       used 20110K, capacity 20305K, committed 20736K, reserved 1069056K
  class space    used 1916K, capacity 1986K, committed 2048K, reserved 1048576K
Event: 7,597 GC heap after
Heap after GC invocations=4 (full 0):
 PSYoungGen      total 31744K, used 2018K [0x00000000edc00000, 0x00000000efd00000, 0x0000000100000000)
  eden space 29696K, 0% used [0x00000000edc00000,0x00000000edc00000,0x00000000ef900000)
  from space 2048K, 98% used [0x00000000efb00000,0x00000000efcf8890,0x00000000efd00000)
  to   space 2048K, 0% used [0x00000000ef900000,0x00000000ef900000,0x00000000efb00000)
 ParOldGen       total 38400K, used 15339K [0x00000000c9400000, 0x00000000cb980000, 0x00000000edc00000)
  object space 38400K, 39% used [0x00000000c9400000,0x00000000ca2fae18,0x00000000cb980000)
 Metaspace       used 20110K, capacity 20305K, committed 20736K, reserved 1069056K
  class space    used 1916K, capacity 1986K, committed 2048K, reserved 1048576K
}
Event: 10,216 GC heap before
{Heap before GC invocations=5 (full 0):
 PSYoungGen      total 31744K, used 31714K [0x00000000edc00000, 0x00000000efd00000, 0x0000000100000000)
  eden space 29696K, 100% used [0x00000000edc00000,0x00000000ef900000,0x00000000ef900000)
  from space 2048K, 98% used [0x00000000efb00000,0x00000000efcf8890,0x00000000efd00000)
  to   space 2048K, 0% used [0x00000000ef900000,0x00000000ef900000,0x00000000efb00000)
 ParOldGen       total 38400K, used 15339K [0x00000000c9400000, 0x00000000cb980000, 0x00000000edc00000)
  object space 38400K, 39% used [0x00000000c9400000,0x00000000ca2fae18,0x00000000cb980000)
 Metaspace       used 20784K, capacity 21011K, committed 21248K, reserved 1069056K
  class space    used 1950K, capacity 2023K, committed 2048K, reserved 1048576K
Event: 10,244 GC heap after
Heap after GC invocations=5 (full 0):
 PSYoungGen      total 31744K, used 2018K [0x00000000edc00000, 0x00000000f2c00000, 0x0000000100000000)
  eden space 29696K, 0% used [0x00000000edc00000,0x00000000edc00000,0x00000000ef900000)
  from space 2048K, 98% used [0x00000000ef900000,0x00000000efaf8900,0x00000000efb00000)
  to   space 11264K, 0% used [0x00000000f2100000,0x00000000f2100000,0x00000000f2c00000)
 ParOldGen       total 38400K, used 21180K [0x00000000c9400000, 0x00000000cb980000, 0x00000000edc00000)
  object space 38400K, 55% used [0x00000000c9400000,0x00000000ca8af2a0,0x00000000cb980000)
 Metaspace       used 20784K, capacity 21011K, committed 21248K, reserved 1069056K
  class space    used 1950K, capacity 2023K, committed 2048K, reserved 1048576K
}
Event: 10,289 GC heap before
{Heap before GC invocations=6 (full 0):
 PSYoungGen      total 31744K, used 2594K [0x00000000edc00000, 0x00000000f2c00000, 0x0000000100000000)
  eden space 29696K, 1% used [0x00000000edc00000,0x00000000edc8ffa8,0x00000000ef900000)
  from space 2048K, 98% used [0x00000000ef900000,0x00000000efaf8900,0x00000000efb00000)
  to   space 11264K, 0% used [0x00000000f2100000,0x00000000f2100000,0x00000000f2c00000)
 ParOldGen       total 38400K, used 21180K [0x00000000c9400000, 0x00000000cb980000, 0x00000000edc00000)
  object space 38400K, 55% used [0x00000000c9400000,0x00000000ca8af2a0,0x00000000cb980000)
 Metaspace       used 20797K, capacity 21011K, committed 21248K, reserved 1069056K
  class space    used 1950K, capacity 2023K, committed 2048K, reserved 1048576K
Event: 10,306 GC heap after
Heap after GC invocations=6 (full 0):
 PSYoungGen      total 70144K, used 2050K [0x00000000edc00000, 0x00000000f2d00000, 0x0000000100000000)
  eden space 58880K, 0% used [0x00000000edc00000,0x00000000edc00000,0x00000000f1580000)
  from space 11264K, 18% used [0x00000000f2100000,0x00000000f23008e0,0x00000000f2c00000)
  to   space 11776K, 0% used [0x00000000f1580000,0x00000000f1580000,0x00000000f2100000)
 ParOldGen       total 38400K, used 21188K [0x00000000c9400000, 0x00000000cb980000, 0x00000000edc00000)
  object space 38400K, 55% used [0x00000000c9400000,0x00000000ca8b12a0,0x00000000cb980000)
 Metaspace       used 20797K, capacity 21011K, committed 21248K, reserved 1069056K
  class space    used 1950K, capacity 2023K, committed 2048K, reserved 1048576K
}
Event: 10,306 GC heap before
{Heap before GC invocations=7 (full 1):
 PSYoungGen      total 70144K, used 2050K [0x00000000edc00000, 0x00000000f2d00000, 0x0000000100000000)
  eden space 58880K, 0% used [0x00000000edc00000,0x00000000edc00000,0x00000000f1580000)
  from space 11264K, 18% used [0x00000000f2100000,0x00000000f23008e0,0x00000000f2c00000)
  to   space 11776K, 0% used [0x00000000f1580000,0x00000000f1580000,0x00000000f2100000)
 ParOldGen       total 38400K, used 21188K [0x00000000c9400000, 0x00000000cb980000, 0x00000000edc00000)
  object space 38400K, 55% used [0x00000000c9400000,0x00000000ca8b12a0,0x00000000cb980000)
 Metaspace       used 20797K, capacity 21011K, committed 21248K, reserved 1069056K
  class space    used 1950K, capacity 2023K, committed 2048K, reserved 1048576K
Event: 10,439 GC heap after
Heap after GC invocations=7 (full 1):
 PSYoungGen      total 70144K, used 0K [0x00000000edc00000, 0x00000000f2d00000, 0x0000000100000000)
  eden space 58880K, 0% used [0x00000000edc00000,0x00000000edc00000,0x00000000f1580000)
  from space 11264K, 0% used [0x00000000f2100000,0x00000000f2100000,0x00000000f2c00000)
  to   space 11776K, 0% used [0x00000000f1580000,0x00000000f1580000,0x00000000f2100000)
 ParOldGen       total 45568K, used 18548K [0x00000000c9400000, 0x00000000cc080000, 0x00000000edc00000)
  object space 45568K, 40% used [0x00000000c9400000,0x00000000ca61d030,0x00000000cc080000)
 Metaspace       used 20797K, capacity 21011K, committed 21248K, reserved 1069056K
  class space    used 1950K, capacity 2023K, committed 2048K, reserved 1048576K
}

