# JRE version: OpenJDK Runtime Environment (8.0_91-b14) (build 1.8.0_91-8u91-b14-3ubuntu1~16.04.1-b14)
# Java VM: OpenJDK 64-Bit Server VM (25.91-b14 mixed mode linux-amd64 compressed oops)
Heap:
 PSYoungGen      total 110592K, used 72917K [0x00000000edc00000, 0x00000000f7880000, 0x0000000100000000)
  eden space 84480K, 75% used [0x00000000edc00000,0x00000000f1a9b3e8,0x00000000f2e80000)
  from space 26112K, 33% used [0x00000000f2e80000,0x00000000f371a250,0x00000000f4800000)
  to   space 27136K, 0% used [0x00000000f5e00000,0x00000000f5e00000,0x00000000f7880000)
 ParOldGen       total 92672K, used 49757K [0x00000000c9400000, 0x00000000cee80000, 0x00000000edc00000)
  object space 92672K, 53% used [0x00000000c9400000,0x00000000cc497720,0x00000000cee80000)
 Metaspace       used 21718K, capacity 21929K, committed 22272K, reserved 1069056K
  class space    used 1961K, capacity 2024K, committed 2048K, reserved 1048576K
GC Heap History (10 events):
Event: 18,530 GC heap before
{Heap before GC invocations=9 (full 1):
 PSYoungGen      total 66048K, used 66016K [0x00000000edc00000, 0x00000000f3d00000, 0x0000000100000000)
  eden space 55296K, 100% used [0x00000000edc00000,0x00000000f1200000,0x00000000f1200000)
  from space 10752K, 99% used [0x00000000f1200000,0x00000000f1c782a0,0x00000000f1c80000)
  to   space 15360K, 0% used [0x00000000f2e00000,0x00000000f2e00000,0x00000000f3d00000)
 ParOldGen       total 50176K, used 23817K [0x00000000c9400000, 0x00000000cc500000, 0x00000000edc00000)
  object space 50176K, 47% used [0x00000000c9400000,0x00000000cab426b0,0x00000000cc500000)
 Metaspace       used 21380K, capacity 21609K, committed 22016K, reserved 1069056K
  class space    used 1957K, capacity 2024K, committed 2048K, reserved 1048576K
Event: 18,580 GC heap after
Heap after GC invocations=9 (full 1):
 PSYoungGen      total 81920K, used 15328K [0x00000000edc00000, 0x00000000f5100000, 0x0000000100000000)
  eden space 66560K, 0% used [0x00000000edc00000,0x00000000edc00000,0x00000000f1d00000)
  from space 15360K, 99% used [0x00000000f2e00000,0x00000000f3cf83b0,0x00000000f3d00000)
  to   space 17408K, 0% used [0x00000000f1d00000,0x00000000f1d00000,0x00000000f2e00000)
 ParOldGen       total 50176K, used 28177K [0x00000000c9400000, 0x00000000cc500000, 0x00000000edc00000)
  object space 50176K, 56% used [0x00000000c9400000,0x00000000caf847c0,0x00000000cc500000)
 Metaspace       used 21380K, capacity 21609K, committed 22016K, reserved 1069056K
  class space    used 1957K, capacity 2024K, committed 2048K, reserved 1048576K
}
Event: 24,045 GC heap before
{Heap before GC invocations=10 (full 1):
 PSYoungGen      total 81920K, used 81888K [0x00000000edc00000, 0x00000000f5100000, 0x0000000100000000)
  eden space 66560K, 100% used [0x00000000edc00000,0x00000000f1d00000,0x00000000f1d00000)
  from space 15360K, 99% used [0x00000000f2e00000,0x00000000f3cf83b0,0x00000000f3d00000)
  to   space 17408K, 0% used [0x00000000f1d00000,0x00000000f1d00000,0x00000000f2e00000)
 ParOldGen       total 50176K, used 28177K [0x00000000c9400000, 0x00000000cc500000, 0x00000000edc00000)
  object space 50176K, 56% used [0x00000000c9400000,0x00000000caf847c0,0x00000000cc500000)
 Metaspace       used 21561K, capacity 21737K, committed 22016K, reserved 1069056K
  class space    used 1957K, capacity 2024K, committed 2048K, reserved 1048576K
Event: 24,103 GC heap after
Heap after GC invocations=10 (full 1):
 PSYoungGen      total 83968K, used 17397K [0x00000000edc00000, 0x00000000f5f00000, 0x0000000100000000)
  eden space 66560K, 0% used [0x00000000edc00000,0x00000000edc00000,0x00000000f1d00000)
  from space 17408K, 99% used [0x00000000f1d00000,0x00000000f2dfd4c0,0x00000000f2e00000)
  to   space 23552K, 0% used [0x00000000f4800000,0x00000000f4800000,0x00000000f5f00000)
 ParOldGen       total 50176K, used 36434K [0x00000000c9400000, 0x00000000cc500000, 0x00000000edc00000)
  object space 50176K, 72% used [0x00000000c9400000,0x00000000cb7949c0,0x00000000cc500000)
 Metaspace       used 21561K, capacity 21737K, committed 22016K, reserved 1069056K
  class space    used 1957K, capacity 2024K, committed 2048K, reserved 1048576K
}
Event: 32,595 GC heap before
{Heap before GC invocations=11 (full 1):
 PSYoungGen      total 83968K, used 83957K [0x00000000edc00000, 0x00000000f5f00000, 0x0000000100000000)
  eden space 66560K, 100% used [0x00000000edc00000,0x00000000f1d00000,0x00000000f1d00000)
  from space 17408K, 99% used [0x00000000f1d00000,0x00000000f2dfd4c0,0x00000000f2e00000)
  to   space 23552K, 0% used [0x00000000f4800000,0x00000000f4800000,0x00000000f5f00000)
 ParOldGen       total 50176K, used 36434K [0x00000000c9400000, 0x00000000cc500000, 0x00000000edc00000)
  object space 50176K, 72% used [0x00000000c9400000,0x00000000cb7949c0,0x00000000cc500000)
 Metaspace       used 21677K, capacity 21865K, committed 22272K, reserved 1069056K
  class space    used 1959K, capacity 2024K, committed 2048K, reserved 1048576K
Event: 32,656 GC heap after
Heap after GC invocations=11 (full 1):
 PSYoungGen      total 108032K, used 21089K [0x00000000edc00000, 0x00000000f6300000, 0x0000000100000000)
  eden space 84480K, 0% used [0x00000000edc00000,0x00000000edc00000,0x00000000f2e80000)
  from space 23552K, 89% used [0x00000000f4800000,0x00000000f5c98510,0x00000000f5f00000)
  to   space 26112K, 0% used [0x00000000f2e80000,0x00000000f2e80000,0x00000000f4800000)
 ParOldGen       total 50176K, used 39034K [0x00000000c9400000, 0x00000000cc500000, 0x00000000edc00000)
  object space 50176K, 77% used [0x00000000c9400000,0x00000000cba1ea60,0x00000000cc500000)
 Metaspace       used 21677K, capacity 21865K, committed 22272K, reserved 1069056K
  class space    used 1959K, capacity 2024K, committed 2048K, reserved 1048576K
}
Event: 49,022 GC heap before
{Heap before GC invocations=12 (full 1):
 PSYoungGen      total 108032K, used 105569K [0x00000000edc00000, 0x00000000f6300000, 0x0000000100000000)
  eden space 84480K, 100% used [0x00000000edc00000,0x00000000f2e80000,0x00000000f2e80000)
  from space 23552K, 89% used [0x00000000f4800000,0x00000000f5c98510,0x00000000f5f00000)
  to   space 26112K, 0% used [0x00000000f2e80000,0x00000000f2e80000,0x00000000f4800000)
 ParOldGen       total 50176K, used 39034K [0x00000000c9400000, 0x00000000cc500000, 0x00000000edc00000)
  object space 50176K, 77% used [0x00000000c9400000,0x00000000cba1ea60,0x00000000cc500000)
 Metaspace       used 21709K, capacity 21929K, committed 22272K, reserved 1069056K
  class space    used 1959K, capacity 2024K, committed 2048K, reserved 1048576K
Event: 49,051 GC heap after
Heap after GC invocations=12 (full 1):
 PSYoungGen      total 110592K, used 18241K [0x00000000edc00000, 0x00000000f7880000, 0x0000000100000000)
  eden space 84480K, 0% used [0x00000000edc00000,0x00000000edc00000,0x00000000f2e80000)
  from space 26112K, 69% used [0x00000000f2e80000,0x00000000f4050460,0x00000000f4800000)
  to   space 27136K, 0% used [0x00000000f5e00000,0x00000000f5e00000,0x00000000f7880000)
 ParOldGen       total 50176K, used 42898K [0x00000000c9400000, 0x00000000cc500000, 0x00000000edc00000)
  object space 50176K, 85% used [0x00000000c9400000,0x00000000cbde4b50,0x00000000cc500000)
 Metaspace       used 21709K, capacity 21929K, committed 22272K, reserved 1069056K
  class space    used 1959K, capacity 2024K, committed 2048K, reserved 1048576K
}
Event: 49,052 GC heap before
{Heap before GC invocations=13 (full 2):
 PSYoungGen      total 110592K, used 18241K [0x00000000edc00000, 0x00000000f7880000, 0x0000000100000000)
  eden space 84480K, 0% used [0x00000000edc00000,0x00000000edc00000,0x00000000f2e80000)
  from space 26112K, 69% used [0x00000000f2e80000,0x00000000f4050460,0x00000000f4800000)
  to   space 27136K, 0% used [0x00000000f5e00000,0x00000000f5e00000,0x00000000f7880000)
 ParOldGen       total 50176K, used 42898K [0x00000000c9400000, 0x00000000cc500000, 0x00000000edc00000)
  object space 50176K, 85% used [0x00000000c9400000,0x00000000cbde4b50,0x00000000cc500000)
 Metaspace       used 21709K, capacity 21929K, committed 22272K, reserved 1069056K
  class space    used 1959K, capacity 2024K, committed 2048K, reserved 1048576K
Event: 49,205 GC heap after
Heap after GC invocations=13 (full 2):
 PSYoungGen      total 110592K, used 8808K [0x00000000edc00000, 0x00000000f7880000, 0x0000000100000000)
  eden space 84480K, 0% used [0x00000000edc00000,0x00000000edc00000,0x00000000f2e80000)
  from space 26112K, 33% used [0x00000000f2e80000,0x00000000f371a250,0x00000000f4800000)
  to   space 27136K, 0% used [0x00000000f5e00000,0x00000000f5e00000,0x00000000f7880000)
 ParOldGen       total 92672K, used 49757K [0x00000000c9400000, 0x00000000cee80000, 0x00000000edc00000)
  object space 92672K, 53% used [0x00000000c9400000,0x00000000cc497720,0x00000000cee80000)
 Metaspace       used 21709K, capacity 21929K, committed 22272K, reserved 1069056K
  class space    used 1959K, capacity 2024K, committed 2048K, reserved 1048576K
}

