# JRE version: OpenJDK Runtime Environment (8.0_91-b14) (build 1.8.0_91-8u91-b14-3ubuntu1~16.04.1-b14)
# Java VM: OpenJDK 64-Bit Server VM (25.91-b14 mixed mode linux-amd64 compressed oops)
Heap:
 PSYoungGen      total 65536K, used 42362K [0x00000000edc00000, 0x00000000f2300000, 0x0000000100000000)
  eden space 59392K, 63% used [0x00000000edc00000,0x00000000f00cfba8,0x00000000f1600000)
  from space 6144K, 75% used [0x00000000f1d00000,0x00000000f218ed08,0x00000000f2300000)
  to   space 6656K, 0% used [0x00000000f1600000,0x00000000f1600000,0x00000000f1c80000)
 ParOldGen       total 38400K, used 13507K [0x00000000c9400000, 0x00000000cb980000, 0x00000000edc00000)
  object space 38400K, 35% used [0x00000000c9400000,0x00000000ca130ef0,0x00000000cb980000)
 Metaspace       used 20027K, capacity 20237K, committed 20736K, reserved 1069056K
  class space    used 1890K, capacity 1956K, committed 2048K, reserved 1048576K
GC Heap History (10 events):
Event: 3,313 GC heap before
{Heap before GC invocations=2 (full 0):
 PSYoungGen      total 16896K, used 16864K [0x00000000edc00000, 0x00000000eee80000, 0x0000000100000000)
  eden space 14848K, 100% used [0x00000000edc00000,0x00000000eea80000,0x00000000eea80000)
  from space 2048K, 98% used [0x00000000eea80000,0x00000000eec78020,0x00000000eec80000)
  to   space 2048K, 0% used [0x00000000eec80000,0x00000000eec80000,0x00000000eee80000)
 ParOldGen       total 38400K, used 964K [0x00000000c9400000, 0x00000000cb980000, 0x00000000edc00000)
  object space 38400K, 2% used [0x00000000c9400000,0x00000000c94f11c8,0x00000000cb980000)
 Metaspace       used 16493K, capacity 16687K, committed 17024K, reserved 1064960K
  class space    used 1564K, capacity 1631K, committed 1664K, reserved 1048576K
Event: 3,331 GC heap after
Heap after GC invocations=2 (full 0):
 PSYoungGen      total 16896K, used 2034K [0x00000000edc00000, 0x00000000eee80000, 0x0000000100000000)
  eden space 14848K, 0% used [0x00000000edc00000,0x00000000edc00000,0x00000000eea80000)
  from space 2048K, 99% used [0x00000000eec80000,0x00000000eee7c840,0x00000000eee80000)
  to   space 2048K, 0% used [0x00000000eea80000,0x00000000eea80000,0x00000000eec80000)
 ParOldGen       total 38400K, used 3082K [0x00000000c9400000, 0x00000000cb980000, 0x00000000edc00000)
  object space 38400K, 8% used [0x00000000c9400000,0x00000000c9702940,0x00000000cb980000)
 Metaspace       used 16493K, capacity 16687K, committed 17024K, reserved 1064960K
  class space    used 1564K, capacity 1631K, committed 1664K, reserved 1048576K
}
Event: 4,680 GC heap before
{Heap before GC invocations=3 (full 0):
 PSYoungGen      total 16896K, used 16882K [0x00000000edc00000, 0x00000000eee80000, 0x0000000100000000)
  eden space 14848K, 100% used [0x00000000edc00000,0x00000000eea80000,0x00000000eea80000)
  from space 2048K, 99% used [0x00000000eec80000,0x00000000eee7c840,0x00000000eee80000)
  to   space 2048K, 0% used [0x00000000eea80000,0x00000000eea80000,0x00000000eec80000)
 ParOldGen       total 38400K, used 3082K [0x00000000c9400000, 0x00000000cb980000, 0x00000000edc00000)
  object space 38400K, 8% used [0x00000000c9400000,0x00000000c9702940,0x00000000cb980000)
 Metaspace       used 17889K, capacity 18069K, committed 18432K, reserved 1067008K
  class space    used 1705K, capacity 1792K, committed 1792K, reserved 1048576K
Event: 4,707 GC heap after
Heap after GC invocations=3 (full 0):
 PSYoungGen      total 16896K, used 2032K [0x00000000edc00000, 0x00000000efd00000, 0x0000000100000000)
  eden space 14848K, 0% used [0x00000000edc00000,0x00000000edc00000,0x00000000eea80000)
  from space 2048K, 99% used [0x00000000eea80000,0x00000000eec7c070,0x00000000eec80000)
  to   space 2048K, 0% used [0x00000000efb00000,0x00000000efb00000,0x00000000efd00000)
 ParOldGen       total 38400K, used 7316K [0x00000000c9400000, 0x00000000cb980000, 0x00000000edc00000)
  object space 38400K, 19% used [0x00000000c9400000,0x00000000c9b250f8,0x00000000cb980000)
 Metaspace       used 17889K, capacity 18069K, committed 18432K, reserved 1067008K
  class space    used 1705K, capacity 1792K, committed 1792K, reserved 1048576K
}
Event: 5,969 GC heap before
{Heap before GC invocations=4 (full 0):
 PSYoungGen      total 16896K, used 16880K [0x00000000edc00000, 0x00000000efd00000, 0x0000000100000000)
  eden space 14848K, 100% used [0x00000000edc00000,0x00000000eea80000,0x00000000eea80000)
  from space 2048K, 99% used [0x00000000eea80000,0x00000000eec7c070,0x00000000eec80000)
  to   space 2048K, 0% used [0x00000000efb00000,0x00000000efb00000,0x00000000efd00000)
 ParOldGen       total 38400K, used 7316K [0x00000000c9400000, 0x00000000cb980000, 0x00000000edc00000)
  object space 38400K, 19% used [0x00000000c9400000,0x00000000c9b250f8,0x00000000cb980000)
 Metaspace       used 19687K, capacity 19905K, committed 20224K, reserved 1067008K
  class space    used 1883K, capacity 1954K, committed 2048K, reserved 1048576K
Event: 6,038 GC heap after
Heap after GC invocations=4 (full 0):
 PSYoungGen      total 31744K, used 2034K [0x00000000edc00000, 0x00000000efd00000, 0x0000000100000000)
  eden space 29696K, 0% used [0x00000000edc00000,0x00000000edc00000,0x00000000ef900000)
  from space 2048K, 99% used [0x00000000efb00000,0x00000000efcfc880,0x00000000efd00000)
  to   space 2048K, 0% used [0x00000000ef900000,0x00000000ef900000,0x00000000efb00000)
 ParOldGen       total 38400K, used 10933K [0x00000000c9400000, 0x00000000cb980000, 0x00000000edc00000)
  object space 38400K, 28% used [0x00000000c9400000,0x00000000c9ead5e0,0x00000000cb980000)
 Metaspace       used 19687K, capacity 19905K, committed 20224K, reserved 1067008K
  class space    used 1883K, capacity 1954K, committed 2048K, reserved 1048576K
}
Event: 7,044 GC heap before
{Heap before GC invocations=5 (full 0):
 PSYoungGen      total 31744K, used 31730K [0x00000000edc00000, 0x00000000efd00000, 0x0000000100000000)
  eden space 29696K, 100% used [0x00000000edc00000,0x00000000ef900000,0x00000000ef900000)
  from space 2048K, 99% used [0x00000000efb00000,0x00000000efcfc880,0x00000000efd00000)
  to   space 2048K, 0% used [0x00000000ef900000,0x00000000ef900000,0x00000000efb00000)
 ParOldGen       total 38400K, used 10933K [0x00000000c9400000, 0x00000000cb980000, 0x00000000edc00000)
  object space 38400K, 28% used [0x00000000c9400000,0x00000000c9ead5e0,0x00000000cb980000)
 Metaspace       used 19804K, capacity 19969K, committed 20224K, reserved 1067008K
  class space    used 1883K, capacity 1954K, committed 2048K, reserved 1048576K
Event: 7,076 GC heap after
Heap after GC invocations=5 (full 0):
 PSYoungGen      total 31744K, used 2034K [0x00000000edc00000, 0x00000000f2400000, 0x0000000100000000)
  eden space 29696K, 0% used [0x00000000edc00000,0x00000000edc00000,0x00000000ef900000)
  from space 2048K, 99% used [0x00000000ef900000,0x00000000efafc8c0,0x00000000efb00000)
  to   space 7168K, 0% used [0x00000000f1d00000,0x00000000f1d00000,0x00000000f2400000)
 ParOldGen       total 38400K, used 13507K [0x00000000c9400000, 0x00000000cb980000, 0x00000000edc00000)
  object space 38400K, 35% used [0x00000000c9400000,0x00000000ca130ef0,0x00000000cb980000)
 Metaspace       used 19804K, capacity 19969K, committed 20224K, reserved 1067008K
  class space    used 1883K, capacity 1954K, committed 2048K, reserved 1048576K
}
Event: 7,955 GC heap before
{Heap before GC invocations=6 (full 0):
 PSYoungGen      total 31744K, used 31410K [0x00000000edc00000, 0x00000000f2400000, 0x0000000100000000)
  eden space 29696K, 98% used [0x00000000edc00000,0x00000000ef8b01d8,0x00000000ef900000)
  from space 2048K, 99% used [0x00000000ef900000,0x00000000efafc8c0,0x00000000efb00000)
  to   space 7168K, 0% used [0x00000000f1d00000,0x00000000f1d00000,0x00000000f2400000)
 ParOldGen       total 38400K, used 13507K [0x00000000c9400000, 0x00000000cb980000, 0x00000000edc00000)
  object space 38400K, 35% used [0x00000000c9400000,0x00000000ca130ef0,0x00000000cb980000)
 Metaspace       used 19867K, capacity 20039K, committed 20480K, reserved 1067008K
  class space    used 1884K, capacity 1955K, committed 2048K, reserved 1048576K
Event: 7,996 GC heap after
Heap after GC invocations=6 (full 0):
 PSYoungGen      total 65536K, used 4667K [0x00000000edc00000, 0x00000000f2300000, 0x0000000100000000)
  eden space 59392K, 0% used [0x00000000edc00000,0x00000000edc00000,0x00000000f1600000)
  from space 6144K, 75% used [0x00000000f1d00000,0x00000000f218ed08,0x00000000f2300000)
  to   space 6656K, 0% used [0x00000000f1600000,0x00000000f1600000,0x00000000f1c80000)
 ParOldGen       total 38400K, used 13507K [0x00000000c9400000, 0x00000000cb980000, 0x00000000edc00000)
  object space 38400K, 35% used [0x00000000c9400000,0x00000000ca130ef0,0x00000000cb980000)
 Metaspace       used 19867K, capacity 20039K, committed 20480K, reserved 1067008K
  class space    used 1884K, capacity 1955K, committed 2048K, reserved 1048576K
}

