# JRE version: OpenJDK Runtime Environment (8.0_91-b14) (build 1.8.0_91-8u91-b14-3ubuntu1~16.04.1-b14)
# Java VM: OpenJDK 64-Bit Server VM (25.91-b14 mixed mode linux-amd64 compressed oops)
Heap:
 PSYoungGen      total 38400K, used 16565K [0x00000000edc00000, 0x00000000f1980000, 0x0000000100000000)
  eden space 29696K, 55% used [0x00000000edc00000,0x00000000eec05750,0x00000000ef900000)
  from space 8704K, 1% used [0x00000000ef900000,0x00000000ef928000,0x00000000f0180000)
  to   space 9216K, 0% used [0x00000000f1080000,0x00000000f1080000,0x00000000f1980000)
 ParOldGen       total 45568K, used 17163K [0x00000000c9400000, 0x00000000cc080000, 0x00000000edc00000)
  object space 45568K, 37% used [0x00000000c9400000,0x00000000ca4c2e58,0x00000000cc080000)
 Metaspace       used 21266K, capacity 21495K, committed 21808K, reserved 1069056K
  class space    used 1959K, capacity 2053K, committed 2176K, reserved 1048576K
GC Heap History (10 events):
Event: 9,855 GC heap before
{Heap before GC invocations=4 (full 0):
 PSYoungGen      total 16896K, used 16880K [0x00000000edc00000, 0x00000000eee80000, 0x0000000100000000)
  eden space 14848K, 100% used [0x00000000edc00000,0x00000000eea80000,0x00000000eea80000)
  from space 2048K, 99% used [0x00000000eea80000,0x00000000eec7c030,0x00000000eec80000)
  to   space 2048K, 0% used [0x00000000eec80000,0x00000000eec80000,0x00000000eee80000)
 ParOldGen       total 38400K, used 8270K [0x00000000c9400000, 0x00000000cb980000, 0x00000000edc00000)
  object space 38400K, 21% used [0x00000000c9400000,0x00000000c9c13878,0x00000000cb980000)
 Metaspace       used 20390K, capacity 20603K, committed 20992K, reserved 1069056K
  class space    used 1942K, capacity 2017K, committed 2048K, reserved 1048576K
Event: 9,890 GC heap after
Heap after GC invocations=4 (full 0):
 PSYoungGen      total 16896K, used 2034K [0x00000000edc00000, 0x00000000efd00000, 0x0000000100000000)
  eden space 14848K, 0% used [0x00000000edc00000,0x00000000edc00000,0x00000000eea80000)
  from space 2048K, 99% used [0x00000000eec80000,0x00000000eee7c860,0x00000000eee80000)
  to   space 2048K, 0% used [0x00000000eea80000,0x00000000eea80000,0x00000000eec80000)
 ParOldGen       total 38400K, used 13542K [0x00000000c9400000, 0x00000000cb980000, 0x00000000edc00000)
  object space 38400K, 35% used [0x00000000c9400000,0x00000000ca139bc8,0x00000000cb980000)
 Metaspace       used 20390K, capacity 20603K, committed 20992K, reserved 1069056K
  class space    used 1942K, capacity 2017K, committed 2048K, reserved 1048576K
}
Event: 10,607 GC heap before
{Heap before GC invocations=5 (full 0):
 PSYoungGen      total 16896K, used 16882K [0x00000000edc00000, 0x00000000efd00000, 0x0000000100000000)
  eden space 14848K, 100% used [0x00000000edc00000,0x00000000eea80000,0x00000000eea80000)
  from space 2048K, 99% used [0x00000000eec80000,0x00000000eee7c860,0x00000000eee80000)
  to   space 2048K, 0% used [0x00000000eea80000,0x00000000eea80000,0x00000000eec80000)
 ParOldGen       total 38400K, used 13542K [0x00000000c9400000, 0x00000000cb980000, 0x00000000edc00000)
  object space 38400K, 35% used [0x00000000c9400000,0x00000000ca139bc8,0x00000000cb980000)
 Metaspace       used 20605K, capacity 20827K, committed 21120K, reserved 1069056K
  class space    used 1952K, capacity 2049K, committed 2176K, reserved 1048576K
Event: 10,627 GC heap after
Heap after GC invocations=5 (full 0):
 PSYoungGen      total 16896K, used 2034K [0x00000000edc00000, 0x00000000f0a00000, 0x0000000100000000)
  eden space 14848K, 0% used [0x00000000edc00000,0x00000000edc00000,0x00000000eea80000)
  from space 2048K, 99% used [0x00000000eea80000,0x00000000eec7c860,0x00000000eec80000)
  to   space 8704K, 0% used [0x00000000f0180000,0x00000000f0180000,0x00000000f0a00000)
 ParOldGen       total 38400K, used 16230K [0x00000000c9400000, 0x00000000cb980000, 0x00000000edc00000)
  object space 38400K, 42% used [0x00000000c9400000,0x00000000ca3d98e8,0x00000000cb980000)
 Metaspace       used 20605K, capacity 20827K, committed 21120K, reserved 1069056K
  class space    used 1952K, capacity 2049K, committed 2176K, reserved 1048576K
}
Event: 11,430 GC heap before
{Heap before GC invocations=6 (full 0):
 PSYoungGen      total 16896K, used 15993K [0x00000000edc00000, 0x00000000f0a00000, 0x0000000100000000)
  eden space 14848K, 94% used [0x00000000edc00000,0x00000000ee9a1c28,0x00000000eea80000)
  from space 2048K, 99% used [0x00000000eea80000,0x00000000eec7c860,0x00000000eec80000)
  to   space 8704K, 0% used [0x00000000f0180000,0x00000000f0180000,0x00000000f0a00000)
 ParOldGen       total 38400K, used 16230K [0x00000000c9400000, 0x00000000cb980000, 0x00000000edc00000)
  object space 38400K, 42% used [0x00000000c9400000,0x00000000ca3d98e8,0x00000000cb980000)
 Metaspace       used 20749K, capacity 20971K, committed 21296K, reserved 1069056K
  class space    used 1953K, capacity 2051K, committed 2176K, reserved 1048576K
Event: 11,466 GC heap after
Heap after GC invocations=6 (full 0):
 PSYoungGen      total 38400K, used 3442K [0x00000000edc00000, 0x00000000f0a00000, 0x0000000100000000)
  eden space 29696K, 0% used [0x00000000edc00000,0x00000000edc00000,0x00000000ef900000)
  from space 8704K, 39% used [0x00000000f0180000,0x00000000f04dc8d0,0x00000000f0a00000)
  to   space 8704K, 0% used [0x00000000ef900000,0x00000000ef900000,0x00000000f0180000)
 ParOldGen       total 38400K, used 16238K [0x00000000c9400000, 0x00000000cb980000, 0x00000000edc00000)
  object space 38400K, 42% used [0x00000000c9400000,0x00000000ca3db8e8,0x00000000cb980000)
 Metaspace       used 20749K, capacity 20971K, committed 21296K, reserved 1069056K
  class space    used 1953K, capacity 2051K, committed 2176K, reserved 1048576K
}
Event: 11,466 GC heap before
{Heap before GC invocations=7 (full 1):
 PSYoungGen      total 38400K, used 3442K [0x00000000edc00000, 0x00000000f0a00000, 0x0000000100000000)
  eden space 29696K, 0% used [0x00000000edc00000,0x00000000edc00000,0x00000000ef900000)
  from space 8704K, 39% used [0x00000000f0180000,0x00000000f04dc8d0,0x00000000f0a00000)
  to   space 8704K, 0% used [0x00000000ef900000,0x00000000ef900000,0x00000000f0180000)
 ParOldGen       total 38400K, used 16238K [0x00000000c9400000, 0x00000000cb980000, 0x00000000edc00000)
  object space 38400K, 42% used [0x00000000c9400000,0x00000000ca3db8e8,0x00000000cb980000)
 Metaspace       used 20749K, capacity 20971K, committed 21296K, reserved 1069056K
  class space    used 1953K, capacity 2051K, committed 2176K, reserved 1048576K
Event: 11,661 GC heap after
Heap after GC invocations=7 (full 1):
 PSYoungGen      total 38400K, used 0K [0x00000000edc00000, 0x00000000f0a00000, 0x0000000100000000)
  eden space 29696K, 0% used [0x00000000edc00000,0x00000000edc00000,0x00000000ef900000)
  from space 8704K, 0% used [0x00000000f0180000,0x00000000f0180000,0x00000000f0a00000)
  to   space 8704K, 0% used [0x00000000ef900000,0x00000000ef900000,0x00000000f0180000)
 ParOldGen       total 45568K, used 17155K [0x00000000c9400000, 0x00000000cc080000, 0x00000000edc00000)
  object space 45568K, 37% used [0x00000000c9400000,0x00000000ca4c0e58,0x00000000cc080000)
 Metaspace       used 20749K, capacity 20971K, committed 21296K, reserved 1069056K
  class space    used 1953K, capacity 2051K, committed 2176K, reserved 1048576K
}
Event: 18,082 GC heap before
{Heap before GC invocations=8 (full 1):
 PSYoungGen      total 38400K, used 29696K [0x00000000edc00000, 0x00000000f0a00000, 0x0000000100000000)
  eden space 29696K, 100% used [0x00000000edc00000,0x00000000ef900000,0x00000000ef900000)
  from space 8704K, 0% used [0x00000000f0180000,0x00000000f0180000,0x00000000f0a00000)
  to   space 8704K, 0% used [0x00000000ef900000,0x00000000ef900000,0x00000000f0180000)
 ParOldGen       total 45568K, used 17155K [0x00000000c9400000, 0x00000000cc080000, 0x00000000edc00000)
  object space 45568K, 37% used [0x00000000c9400000,0x00000000ca4c0e58,0x00000000cc080000)
 Metaspace       used 21155K, capacity 21367K, committed 21808K, reserved 1069056K
  class space    used 1956K, capacity 2053K, committed 2176K, reserved 1048576K
Event: 18,087 GC heap after
Heap after GC invocations=8 (full 1):
 PSYoungGen      total 38400K, used 160K [0x00000000edc00000, 0x00000000f1980000, 0x0000000100000000)
  eden space 29696K, 0% used [0x00000000edc00000,0x00000000edc00000,0x00000000ef900000)
  from space 8704K, 1% used [0x00000000ef900000,0x00000000ef928000,0x00000000f0180000)
  to   space 9216K, 0% used [0x00000000f1080000,0x00000000f1080000,0x00000000f1980000)
 ParOldGen       total 45568K, used 17163K [0x00000000c9400000, 0x00000000cc080000, 0x00000000edc00000)
  object space 45568K, 37% used [0x00000000c9400000,0x00000000ca4c2e58,0x00000000cc080000)
 Metaspace       used 21155K, capacity 21367K, committed 21808K, reserved 1069056K
  class space    used 1956K, capacity 2053K, committed 2176K, reserved 1048576K
}

