# JRE version: OpenJDK Runtime Environment (8.0_91-b14) (build 1.8.0_91-8u91-b14-3ubuntu1~16.04.1-b14)
# Java VM: OpenJDK 64-Bit Server VM (25.91-b14 mixed mode linux-amd64 compressed oops)
Heap:
 PSYoungGen      total 59392K, used 13724K [0x00000000edc00000, 0x00000000f2280000, 0x0000000100000000)
  eden space 47616K, 28% used [0x00000000edc00000,0x00000000ee94f028,0x00000000f0a80000)
  from space 11776K, 0% used [0x00000000f0a80000,0x00000000f0a98000,0x00000000f1600000)
  to   space 11776K, 0% used [0x00000000f1700000,0x00000000f1700000,0x00000000f2280000)
 ParOldGen       total 50688K, used 17190K [0x00000000c9400000, 0x00000000cc580000, 0x00000000edc00000)
  object space 50688K, 33% used [0x00000000c9400000,0x00000000ca4c9980,0x00000000cc580000)
 Metaspace       used 21323K, capacity 21545K, committed 21760K, reserved 1069056K
  class space    used 1960K, capacity 2024K, committed 2048K, reserved 1048576K
GC Heap History (10 events):
Event: 6,169 GC heap before
{Heap before GC invocations=4 (full 0):
 PSYoungGen      total 16896K, used 16882K [0x00000000edc00000, 0x00000000efd00000, 0x0000000100000000)
  eden space 14848K, 100% used [0x00000000edc00000,0x00000000eea80000,0x00000000eea80000)
  from space 2048K, 99% used [0x00000000eea80000,0x00000000eec7c860,0x00000000eec80000)
  to   space 2048K, 0% used [0x00000000efb00000,0x00000000efb00000,0x00000000efd00000)
 ParOldGen       total 38400K, used 7355K [0x00000000c9400000, 0x00000000cb980000, 0x00000000edc00000)
  object space 38400K, 19% used [0x00000000c9400000,0x00000000c9b2ed30,0x00000000cb980000)
 Metaspace       used 20131K, capacity 20321K, committed 20736K, reserved 1069056K
  class space    used 1934K, capacity 1986K, committed 2048K, reserved 1048576K
Event: 6,215 GC heap after
Heap after GC invocations=4 (full 0):
 PSYoungGen      total 31744K, used 2018K [0x00000000edc00000, 0x00000000efd00000, 0x0000000100000000)
  eden space 29696K, 0% used [0x00000000edc00000,0x00000000edc00000,0x00000000ef900000)
  from space 2048K, 98% used [0x00000000efb00000,0x00000000efcf88d0,0x00000000efd00000)
  to   space 2048K, 0% used [0x00000000ef900000,0x00000000ef900000,0x00000000efb00000)
 ParOldGen       total 38400K, used 16714K [0x00000000c9400000, 0x00000000cb980000, 0x00000000edc00000)
  object space 38400K, 43% used [0x00000000c9400000,0x00000000ca452918,0x00000000cb980000)
 Metaspace       used 20131K, capacity 20321K, committed 20736K, reserved 1069056K
  class space    used 1934K, capacity 1986K, committed 2048K, reserved 1048576K
}
Event: 9,303 GC heap before
{Heap before GC invocations=5 (full 0):
 PSYoungGen      total 31744K, used 28554K [0x00000000edc00000, 0x00000000efd00000, 0x0000000100000000)
  eden space 29696K, 89% used [0x00000000edc00000,0x00000000ef5ea210,0x00000000ef900000)
  from space 2048K, 98% used [0x00000000efb00000,0x00000000efcf88d0,0x00000000efd00000)
  to   space 2048K, 0% used [0x00000000ef900000,0x00000000ef900000,0x00000000efb00000)
 ParOldGen       total 38400K, used 16714K [0x00000000c9400000, 0x00000000cb980000, 0x00000000edc00000)
  object space 38400K, 43% used [0x00000000c9400000,0x00000000ca452918,0x00000000cb980000)
 Metaspace       used 20866K, capacity 21027K, committed 21248K, reserved 1069056K
  class space    used 1957K, capacity 2023K, committed 2048K, reserved 1048576K
Event: 9,346 GC heap after
Heap after GC invocations=5 (full 0):
 PSYoungGen      total 31744K, used 2018K [0x00000000edc00000, 0x00000000f2c00000, 0x0000000100000000)
  eden space 29696K, 0% used [0x00000000edc00000,0x00000000edc00000,0x00000000ef900000)
  from space 2048K, 98% used [0x00000000ef900000,0x00000000efaf8880,0x00000000efb00000)
  to   space 11264K, 0% used [0x00000000f2100000,0x00000000f2100000,0x00000000f2c00000)
 ParOldGen       total 38400K, used 20631K [0x00000000c9400000, 0x00000000cb980000, 0x00000000edc00000)
  object space 38400K, 53% used [0x00000000c9400000,0x00000000ca825dc8,0x00000000cb980000)
 Metaspace       used 20866K, capacity 21027K, committed 21248K, reserved 1069056K
  class space    used 1957K, capacity 2023K, committed 2048K, reserved 1048576K
}
Event: 9,346 GC heap before
{Heap before GC invocations=6 (full 1):
 PSYoungGen      total 31744K, used 2018K [0x00000000edc00000, 0x00000000f2c00000, 0x0000000100000000)
  eden space 29696K, 0% used [0x00000000edc00000,0x00000000edc00000,0x00000000ef900000)
  from space 2048K, 98% used [0x00000000ef900000,0x00000000efaf8880,0x00000000efb00000)
  to   space 11264K, 0% used [0x00000000f2100000,0x00000000f2100000,0x00000000f2c00000)
 ParOldGen       total 38400K, used 20631K [0x00000000c9400000, 0x00000000cb980000, 0x00000000edc00000)
  object space 38400K, 53% used [0x00000000c9400000,0x00000000ca825dc8,0x00000000cb980000)
 Metaspace       used 20866K, capacity 21027K, committed 21248K, reserved 1069056K
  class space    used 1957K, capacity 2023K, committed 2048K, reserved 1048576K
Event: 9,607 GC heap after
Heap after GC invocations=6 (full 1):
 PSYoungGen      total 31744K, used 0K [0x00000000edc00000, 0x00000000f2c00000, 0x0000000100000000)
  eden space 29696K, 0% used [0x00000000edc00000,0x00000000edc00000,0x00000000ef900000)
  from space 2048K, 0% used [0x00000000ef900000,0x00000000ef900000,0x00000000efb00000)
  to   space 11264K, 0% used [0x00000000f2100000,0x00000000f2100000,0x00000000f2c00000)
 ParOldGen       total 50688K, used 17174K [0x00000000c9400000, 0x00000000cc580000, 0x00000000edc00000)
  object space 50688K, 33% used [0x00000000c9400000,0x00000000ca4c5980,0x00000000cc580000)
 Metaspace       used 20866K, capacity 21027K, committed 21248K, reserved 1069056K
  class space    used 1957K, capacity 2023K, committed 2048K, reserved 1048576K
}
Event: 18,062 GC heap before
{Heap before GC invocations=7 (full 1):
 PSYoungGen      total 31744K, used 29696K [0x00000000edc00000, 0x00000000f2c00000, 0x0000000100000000)
  eden space 29696K, 100% used [0x00000000edc00000,0x00000000ef900000,0x00000000ef900000)
  from space 2048K, 0% used [0x00000000ef900000,0x00000000ef900000,0x00000000efb00000)
  to   space 11264K, 0% used [0x00000000f2100000,0x00000000f2100000,0x00000000f2c00000)
 ParOldGen       total 50688K, used 17174K [0x00000000c9400000, 0x00000000cc580000, 0x00000000edc00000)
  object space 50688K, 33% used [0x00000000c9400000,0x00000000ca4c5980,0x00000000cc580000)
 Metaspace       used 21239K, capacity 21411K, committed 21760K, reserved 1069056K
  class space    used 1957K, capacity 2023K, committed 2048K, reserved 1048576K
Event: 18,070 GC heap after
Heap after GC invocations=7 (full 1):
 PSYoungGen      total 39424K, used 64K [0x00000000edc00000, 0x00000000f2180000, 0x0000000100000000)
  eden space 38912K, 0% used [0x00000000edc00000,0x00000000edc00000,0x00000000f0200000)
  from space 512K, 12% used [0x00000000f2100000,0x00000000f2110000,0x00000000f2180000)
  to   space 11776K, 0% used [0x00000000f0a80000,0x00000000f0a80000,0x00000000f1600000)
 ParOldGen       total 50688K, used 17182K [0x00000000c9400000, 0x00000000cc580000, 0x00000000edc00000)
  object space 50688K, 33% used [0x00000000c9400000,0x00000000ca4c7980,0x00000000cc580000)
 Metaspace       used 21239K, capacity 21411K, committed 21760K, reserved 1069056K
  class space    used 1957K, capacity 2023K, committed 2048K, reserved 1048576K
}
Event: 30,569 GC heap before
{Heap before GC invocations=8 (full 1):
 PSYoungGen      total 39424K, used 38976K [0x00000000edc00000, 0x00000000f2180000, 0x0000000100000000)
  eden space 38912K, 100% used [0x00000000edc00000,0x00000000f0200000,0x00000000f0200000)
  from space 512K, 12% used [0x00000000f2100000,0x00000000f2110000,0x00000000f2180000)
  to   space 11776K, 0% used [0x00000000f0a80000,0x00000000f0a80000,0x00000000f1600000)
 ParOldGen       total 50688K, used 17182K [0x00000000c9400000, 0x00000000cc580000, 0x00000000edc00000)
  object space 50688K, 33% used [0x00000000c9400000,0x00000000ca4c7980,0x00000000cc580000)
 Metaspace       used 21305K, capacity 21545K, committed 21760K, reserved 1069056K
  class space    used 1958K, capacity 2024K, committed 2048K, reserved 1048576K
Event: 30,575 GC heap after
Heap after GC invocations=8 (full 1):
 PSYoungGen      total 59392K, used 96K [0x00000000edc00000, 0x00000000f2280000, 0x0000000100000000)
  eden space 47616K, 0% used [0x00000000edc00000,0x00000000edc00000,0x00000000f0a80000)
  from space 11776K, 0% used [0x00000000f0a80000,0x00000000f0a98000,0x00000000f1600000)
  to   space 11776K, 0% used [0x00000000f1700000,0x00000000f1700000,0x00000000f2280000)
 ParOldGen       total 50688K, used 17190K [0x00000000c9400000, 0x00000000cc580000, 0x00000000edc00000)
  object space 50688K, 33% used [0x00000000c9400000,0x00000000ca4c9980,0x00000000cc580000)
 Metaspace       used 21305K, capacity 21545K, committed 21760K, reserved 1069056K
  class space    used 1958K, capacity 2024K, committed 2048K, reserved 1048576K
}

