# JRE version: Java(TM) SE Runtime Environment (8.0_92-b14) (build 1.8.0_92-b14)
# Java VM: Java HotSpot(TM) 64-Bit Server VM (25.92-b14 mixed mode linux-amd64 compressed oops)
Heap:
 PSYoungGen      total 22016K, used 16623K [0x00000000e0f80000, 0x00000000e2600000, 0x0000000100000000)
  eden space 21504K, 76% used [0x00000000e0f80000,0x00000000e1fa3e80,0x00000000e2480000)
  from space 512K, 18% used [0x00000000e2580000,0x00000000e2598000,0x00000000e2600000)
  to   space 512K, 0% used [0x00000000e2500000,0x00000000e2500000,0x00000000e2580000)
 ParOldGen       total 64512K, used 15667K [0x00000000a2e00000, 0x00000000a6d00000, 0x00000000e0f80000)
  object space 64512K, 24% used [0x00000000a2e00000,0x00000000a3d4ce78,0x00000000a6d00000)
 Metaspace       used 19506K, capacity 19739K, committed 20096K, reserved 1067008K
  class space    used 1839K, capacity 1897K, committed 1920K, reserved 1048576K
GC Heap History (10 events):
Event: 1112,387 GC heap before
{Heap before GC invocations=116 (full 0):
 PSYoungGen      total 22016K, used 21632K [0x00000000e0f80000, 0x00000000e2600000, 0x0000000100000000)
  eden space 21504K, 100% used [0x00000000e0f80000,0x00000000e2480000,0x00000000e2480000)
  from space 512K, 25% used [0x00000000e2500000,0x00000000e2520000,0x00000000e2580000)
  to   space 512K, 0% used [0x00000000e2580000,0x00000000e2580000,0x00000000e2600000)
 ParOldGen       total 64512K, used 15667K [0x00000000a2e00000, 0x00000000a6d00000, 0x00000000e0f80000)
  object space 64512K, 24% used [0x00000000a2e00000,0x00000000a3d4ce78,0x00000000a6d00000)
 Metaspace       used 19436K, capacity 19669K, committed 20096K, reserved 1067008K
  class space    used 1833K, capacity 1896K, committed 1920K, reserved 1048576K
Event: 1112,390 GC heap after
Heap after GC invocations=116 (full 0):
 PSYoungGen      total 22016K, used 128K [0x00000000e0f80000, 0x00000000e2600000, 0x0000000100000000)
  eden space 21504K, 0% used [0x00000000e0f80000,0x00000000e0f80000,0x00000000e2480000)
  from space 512K, 25% used [0x00000000e2580000,0x00000000e25a0000,0x00000000e2600000)
  to   space 512K, 0% used [0x00000000e2500000,0x00000000e2500000,0x00000000e2580000)
 ParOldGen       total 64512K, used 15667K [0x00000000a2e00000, 0x00000000a6d00000, 0x00000000e0f80000)
  object space 64512K, 24% used [0x00000000a2e00000,0x00000000a3d4ce78,0x00000000a6d00000)
 Metaspace       used 19436K, capacity 19669K, committed 20096K, reserved 1067008K
  class space    used 1833K, capacity 1896K, committed 1920K, reserved 1048576K
}
Event: 1120,555 GC heap before
{Heap before GC invocations=117 (full 0):
 PSYoungGen      total 22016K, used 21632K [0x00000000e0f80000, 0x00000000e2600000, 0x0000000100000000)
  eden space 21504K, 100% used [0x00000000e0f80000,0x00000000e2480000,0x00000000e2480000)
  from space 512K, 25% used [0x00000000e2580000,0x00000000e25a0000,0x00000000e2600000)
  to   space 512K, 0% used [0x00000000e2500000,0x00000000e2500000,0x00000000e2580000)
 ParOldGen       total 64512K, used 15667K [0x00000000a2e00000, 0x00000000a6d00000, 0x00000000e0f80000)
  object space 64512K, 24% used [0x00000000a2e00000,0x00000000a3d4ce78,0x00000000a6d00000)
 Metaspace       used 19436K, capacity 19669K, committed 20096K, reserved 1067008K
  class space    used 1833K, capacity 1896K, committed 1920K, reserved 1048576K
Event: 1120,557 GC heap after
Heap after GC invocations=117 (full 0):
 PSYoungGen      total 22016K, used 128K [0x00000000e0f80000, 0x00000000e2600000, 0x0000000100000000)
  eden space 21504K, 0% used [0x00000000e0f80000,0x00000000e0f80000,0x00000000e2480000)
  from space 512K, 25% used [0x00000000e2500000,0x00000000e2520000,0x00000000e2580000)
  to   space 512K, 0% used [0x00000000e2580000,0x00000000e2580000,0x00000000e2600000)
 ParOldGen       total 64512K, used 15667K [0x00000000a2e00000, 0x00000000a6d00000, 0x00000000e0f80000)
  object space 64512K, 24% used [0x00000000a2e00000,0x00000000a3d4ce78,0x00000000a6d00000)
 Metaspace       used 19436K, capacity 19669K, committed 20096K, reserved 1067008K
  class space    used 1833K, capacity 1896K, committed 1920K, reserved 1048576K
}
Event: 1128,722 GC heap before
{Heap before GC invocations=118 (full 0):
 PSYoungGen      total 22016K, used 21632K [0x00000000e0f80000, 0x00000000e2600000, 0x0000000100000000)
  eden space 21504K, 100% used [0x00000000e0f80000,0x00000000e2480000,0x00000000e2480000)
  from space 512K, 25% used [0x00000000e2500000,0x00000000e2520000,0x00000000e2580000)
  to   space 512K, 0% used [0x00000000e2580000,0x00000000e2580000,0x00000000e2600000)
 ParOldGen       total 64512K, used 15667K [0x00000000a2e00000, 0x00000000a6d00000, 0x00000000e0f80000)
  object space 64512K, 24% used [0x00000000a2e00000,0x00000000a3d4ce78,0x00000000a6d00000)
 Metaspace       used 19436K, capacity 19669K, committed 20096K, reserved 1067008K
  class space    used 1833K, capacity 1896K, committed 1920K, reserved 1048576K
Event: 1128,723 GC heap after
Heap after GC invocations=118 (full 0):
 PSYoungGen      total 22016K, used 128K [0x00000000e0f80000, 0x00000000e2600000, 0x0000000100000000)
  eden space 21504K, 0% used [0x00000000e0f80000,0x00000000e0f80000,0x00000000e2480000)
  from space 512K, 25% used [0x00000000e2580000,0x00000000e25a0000,0x00000000e2600000)
  to   space 512K, 0% used [0x00000000e2500000,0x00000000e2500000,0x00000000e2580000)
 ParOldGen       total 64512K, used 15667K [0x00000000a2e00000, 0x00000000a6d00000, 0x00000000e0f80000)
  object space 64512K, 24% used [0x00000000a2e00000,0x00000000a3d4ce78,0x00000000a6d00000)
 Metaspace       used 19436K, capacity 19669K, committed 20096K, reserved 1067008K
  class space    used 1833K, capacity 1896K, committed 1920K, reserved 1048576K
}
Event: 1136,888 GC heap before
{Heap before GC invocations=119 (full 0):
 PSYoungGen      total 22016K, used 21632K [0x00000000e0f80000, 0x00000000e2600000, 0x0000000100000000)
  eden space 21504K, 100% used [0x00000000e0f80000,0x00000000e2480000,0x00000000e2480000)
  from space 512K, 25% used [0x00000000e2580000,0x00000000e25a0000,0x00000000e2600000)
  to   space 512K, 0% used [0x00000000e2500000,0x00000000e2500000,0x00000000e2580000)
 ParOldGen       total 64512K, used 15667K [0x00000000a2e00000, 0x00000000a6d00000, 0x00000000e0f80000)
  object space 64512K, 24% used [0x00000000a2e00000,0x00000000a3d4ce78,0x00000000a6d00000)
 Metaspace       used 19436K, capacity 19669K, committed 20096K, reserved 1067008K
  class space    used 1833K, capacity 1896K, committed 1920K, reserved 1048576K
Event: 1136,890 GC heap after
Heap after GC invocations=119 (full 0):
 PSYoungGen      total 22016K, used 64K [0x00000000e0f80000, 0x00000000e2600000, 0x0000000100000000)
  eden space 21504K, 0% used [0x00000000e0f80000,0x00000000e0f80000,0x00000000e2480000)
  from space 512K, 12% used [0x00000000e2500000,0x00000000e2510000,0x00000000e2580000)
  to   space 512K, 0% used [0x00000000e2580000,0x00000000e2580000,0x00000000e2600000)
 ParOldGen       total 64512K, used 15667K [0x00000000a2e00000, 0x00000000a6d00000, 0x00000000e0f80000)
  object space 64512K, 24% used [0x00000000a2e00000,0x00000000a3d4ce78,0x00000000a6d00000)
 Metaspace       used 19436K, capacity 19669K, committed 20096K, reserved 1067008K
  class space    used 1833K, capacity 1896K, committed 1920K, reserved 1048576K
}
Event: 1145,116 GC heap before
{Heap before GC invocations=120 (full 0):
 PSYoungGen      total 22016K, used 21568K [0x00000000e0f80000, 0x00000000e2600000, 0x0000000100000000)
  eden space 21504K, 100% used [0x00000000e0f80000,0x00000000e2480000,0x00000000e2480000)
  from space 512K, 12% used [0x00000000e2500000,0x00000000e2510000,0x00000000e2580000)
  to   space 512K, 0% used [0x00000000e2580000,0x00000000e2580000,0x00000000e2600000)
 ParOldGen       total 64512K, used 15667K [0x00000000a2e00000, 0x00000000a6d00000, 0x00000000e0f80000)
  object space 64512K, 24% used [0x00000000a2e00000,0x00000000a3d4ce78,0x00000000a6d00000)
 Metaspace       used 19436K, capacity 19669K, committed 20096K, reserved 1067008K
  class space    used 1833K, capacity 1896K, committed 1920K, reserved 1048576K
Event: 1145,118 GC heap after
Heap after GC invocations=120 (full 0):
 PSYoungGen      total 22016K, used 96K [0x00000000e0f80000, 0x00000000e2600000, 0x0000000100000000)
  eden space 21504K, 0% used [0x00000000e0f80000,0x00000000e0f80000,0x00000000e2480000)
  from space 512K, 18% used [0x00000000e2580000,0x00000000e2598000,0x00000000e2600000)
  to   space 512K, 0% used [0x00000000e2500000,0x00000000e2500000,0x00000000e2580000)
 ParOldGen       total 64512K, used 15667K [0x00000000a2e00000, 0x00000000a6d00000, 0x00000000e0f80000)
  object space 64512K, 24% used [0x00000000a2e00000,0x00000000a3d4ce78,0x00000000a6d00000)
 Metaspace       used 19436K, capacity 19669K, committed 20096K, reserved 1067008K
  class space    used 1833K, capacity 1896K, committed 1920K, reserved 1048576K
}

