# JRE version: Java(TM) SE Runtime Environment (8.0_92-b14) (build 1.8.0_92-b14)
# Java VM: Java HotSpot(TM) 64-Bit Server VM (25.92-b14 mixed mode linux-amd64 compressed oops)
Heap:
 PSYoungGen      total 28160K, used 8923K [0x00000000e0f80000, 0x00000000e2e80000, 0x0000000100000000)
  eden space 24576K, 21% used [0x00000000e0f80000,0x00000000e14be368,0x00000000e2780000)
  from space 3584K, 99% used [0x00000000e2b00000,0x00000000e2e78a80,0x00000000e2e80000)
  to   space 3584K, 0% used [0x00000000e2780000,0x00000000e2780000,0x00000000e2b00000)
 ParOldGen       total 64512K, used 13445K [0x00000000a2e00000, 0x00000000a6d00000, 0x00000000e0f80000)
  object space 64512K, 20% used [0x00000000a2e00000,0x00000000a3b216e8,0x00000000a6d00000)
 Metaspace       used 19343K, capacity 19605K, committed 19840K, reserved 1067008K
  class space    used 1826K, capacity 1896K, committed 1920K, reserved 1048576K
GC Heap History (8 events):
Event: 0,657 GC heap before
{Heap before GC invocations=1 (full 0):
 PSYoungGen      total 28160K, used 24198K [0x00000000e0f80000, 0x00000000e2e80000, 0x0000000100000000)
  eden space 24576K, 98% used [0x00000000e0f80000,0x00000000e27219e8,0x00000000e2780000)
  from space 3584K, 0% used [0x00000000e2b00000,0x00000000e2b00000,0x00000000e2e80000)
  to   space 3584K, 0% used [0x00000000e2780000,0x00000000e2780000,0x00000000e2b00000)
 ParOldGen       total 64512K, used 0K [0x00000000a2e00000, 0x00000000a6d00000, 0x00000000e0f80000)
  object space 64512K, 0% used [0x00000000a2e00000,0x00000000a2e00000,0x00000000a6d00000)
 Metaspace       used 13433K, capacity 13668K, committed 13952K, reserved 1060864K
  class space    used 1460K, capacity 1545K, committed 1664K, reserved 1048576K
Event: 0,663 GC heap after
Heap after GC invocations=1 (full 0):
 PSYoungGen      total 28160K, used 3564K [0x00000000e0f80000, 0x00000000e2e80000, 0x0000000100000000)
  eden space 24576K, 0% used [0x00000000e0f80000,0x00000000e0f80000,0x00000000e2780000)
  from space 3584K, 99% used [0x00000000e2780000,0x00000000e2afb278,0x00000000e2b00000)
  to   space 3584K, 0% used [0x00000000e2b00000,0x00000000e2b00000,0x00000000e2e80000)
 ParOldGen       total 64512K, used 801K [0x00000000a2e00000, 0x00000000a6d00000, 0x00000000e0f80000)
  object space 64512K, 1% used [0x00000000a2e00000,0x00000000a2ec8790,0x00000000a6d00000)
 Metaspace       used 13433K, capacity 13668K, committed 13952K, reserved 1060864K
  class space    used 1460K, capacity 1545K, committed 1664K, reserved 1048576K
}
Event: 1,610 GC heap before
{Heap before GC invocations=2 (full 0):
 PSYoungGen      total 28160K, used 28088K [0x00000000e0f80000, 0x00000000e2e80000, 0x0000000100000000)
  eden space 24576K, 99% used [0x00000000e0f80000,0x00000000e2772fd8,0x00000000e2780000)
  from space 3584K, 99% used [0x00000000e2780000,0x00000000e2afb278,0x00000000e2b00000)
  to   space 3584K, 0% used [0x00000000e2b00000,0x00000000e2b00000,0x00000000e2e80000)
 ParOldGen       total 64512K, used 801K [0x00000000a2e00000, 0x00000000a6d00000, 0x00000000e0f80000)
  object space 64512K, 1% used [0x00000000a2e00000,0x00000000a2ec8790,0x00000000a6d00000)
 Metaspace       used 18571K, capacity 18877K, committed 19072K, reserved 1067008K
  class space    used 1820K, capacity 1892K, committed 1920K, reserved 1048576K
Event: 1,621 GC heap after
Heap after GC invocations=2 (full 0):
 PSYoungGen      total 28160K, used 3556K [0x00000000e0f80000, 0x00000000e2e80000, 0x0000000100000000)
  eden space 24576K, 0% used [0x00000000e0f80000,0x00000000e0f80000,0x00000000e2780000)
  from space 3584K, 99% used [0x00000000e2b00000,0x00000000e2e79290,0x00000000e2e80000)
  to   space 3584K, 0% used [0x00000000e2780000,0x00000000e2780000,0x00000000e2b00000)
 ParOldGen       total 64512K, used 9725K [0x00000000a2e00000, 0x00000000a6d00000, 0x00000000e0f80000)
  object space 64512K, 15% used [0x00000000a2e00000,0x00000000a377f608,0x00000000a6d00000)
 Metaspace       used 18571K, capacity 18877K, committed 19072K, reserved 1067008K
  class space    used 1820K, capacity 1892K, committed 1920K, reserved 1048576K
}
Event: 4,998 GC heap before
{Heap before GC invocations=3 (full 0):
 PSYoungGen      total 28160K, used 28132K [0x00000000e0f80000, 0x00000000e2e80000, 0x0000000100000000)
  eden space 24576K, 100% used [0x00000000e0f80000,0x00000000e2780000,0x00000000e2780000)
  from space 3584K, 99% used [0x00000000e2b00000,0x00000000e2e79290,0x00000000e2e80000)
  to   space 3584K, 0% used [0x00000000e2780000,0x00000000e2780000,0x00000000e2b00000)
 ParOldGen       total 64512K, used 9725K [0x00000000a2e00000, 0x00000000a6d00000, 0x00000000e0f80000)
  object space 64512K, 15% used [0x00000000a2e00000,0x00000000a377f608,0x00000000a6d00000)
 Metaspace       used 19074K, capacity 19349K, committed 19584K, reserved 1067008K
  class space    used 1824K, capacity 1896K, committed 1920K, reserved 1048576K
Event: 5,007 GC heap after
Heap after GC invocations=3 (full 0):
 PSYoungGen      total 28160K, used 3554K [0x00000000e0f80000, 0x00000000e2e80000, 0x0000000100000000)
  eden space 24576K, 0% used [0x00000000e0f80000,0x00000000e0f80000,0x00000000e2780000)
  from space 3584K, 99% used [0x00000000e2780000,0x00000000e2af8a80,0x00000000e2b00000)
  to   space 3584K, 0% used [0x00000000e2b00000,0x00000000e2b00000,0x00000000e2e80000)
 ParOldGen       total 64512K, used 13421K [0x00000000a2e00000, 0x00000000a6d00000, 0x00000000e0f80000)
  object space 64512K, 20% used [0x00000000a2e00000,0x00000000a3b1b6e8,0x00000000a6d00000)
 Metaspace       used 19074K, capacity 19349K, committed 19584K, reserved 1067008K
  class space    used 1824K, capacity 1896K, committed 1920K, reserved 1048576K
}
Event: 14,583 GC heap before
{Heap before GC invocations=4 (full 0):
 PSYoungGen      total 28160K, used 28130K [0x00000000e0f80000, 0x00000000e2e80000, 0x0000000100000000)
  eden space 24576K, 100% used [0x00000000e0f80000,0x00000000e2780000,0x00000000e2780000)
  from space 3584K, 99% used [0x00000000e2780000,0x00000000e2af8a80,0x00000000e2b00000)
  to   space 3584K, 0% used [0x00000000e2b00000,0x00000000e2b00000,0x00000000e2e80000)
 ParOldGen       total 64512K, used 13421K [0x00000000a2e00000, 0x00000000a6d00000, 0x00000000e0f80000)
  object space 64512K, 20% used [0x00000000a2e00000,0x00000000a3b1b6e8,0x00000000a6d00000)
 Metaspace       used 19329K, capacity 19605K, committed 19840K, reserved 1067008K
  class space    used 1824K, capacity 1896K, committed 1920K, reserved 1048576K
Event: 14,588 GC heap after
Heap after GC invocations=4 (full 0):
 PSYoungGen      total 28160K, used 3554K [0x00000000e0f80000, 0x00000000e2e80000, 0x0000000100000000)
  eden space 24576K, 0% used [0x00000000e0f80000,0x00000000e0f80000,0x00000000e2780000)
  from space 3584K, 99% used [0x00000000e2b00000,0x00000000e2e78a80,0x00000000e2e80000)
  to   space 3584K, 0% used [0x00000000e2780000,0x00000000e2780000,0x00000000e2b00000)
 ParOldGen       total 64512K, used 13445K [0x00000000a2e00000, 0x00000000a6d00000, 0x00000000e0f80000)
  object space 64512K, 20% used [0x00000000a2e00000,0x00000000a3b216e8,0x00000000a6d00000)
 Metaspace       used 19329K, capacity 19605K, committed 19840K, reserved 1067008K
  class space    used 1824K, capacity 1896K, committed 1920K, reserved 1048576K
}

