# JRE version: Java(TM) SE Runtime Environment (8.0_92-b14) (build 1.8.0_92-b14)
# Java VM: Java HotSpot(TM) 64-Bit Server VM (25.92-b14 mixed mode linux-amd64 compressed oops)
Heap:
 PSYoungGen      total 76800K, used 14809K [0x00000000e0f80000, 0x00000000e6c80000, 0x0000000100000000)
  eden space 65536K, 22% used [0x00000000e0f80000,0x00000000e1de6488,0x00000000e4f80000)
  from space 11264K, 0% used [0x00000000e6180000,0x00000000e6190000,0x00000000e6c80000)
  to   space 14848K, 0% used [0x00000000e4f80000,0x00000000e4f80000,0x00000000e5e00000)
 ParOldGen       total 65024K, used 16670K [0x00000000a2e00000, 0x00000000a6d80000, 0x00000000e0f80000)
  object space 65024K, 25% used [0x00000000a2e00000,0x00000000a3e47bf0,0x00000000a6d80000)
 Metaspace       used 20857K, capacity 21111K, committed 21552K, reserved 1069056K
  class space    used 1963K, capacity 2057K, committed 2176K, reserved 1048576K
GC Heap History (10 events):
Event: 5,387 GC heap before
{Heap before GC invocations=3 (full 0):
 PSYoungGen      total 52736K, used 52724K [0x00000000e0f80000, 0x00000000e4680000, 0x0000000100000000)
  eden space 49152K, 100% used [0x00000000e0f80000,0x00000000e3f80000,0x00000000e3f80000)
  from space 3584K, 99% used [0x00000000e4300000,0x00000000e467d280,0x00000000e4680000)
  to   space 3584K, 0% used [0x00000000e3f80000,0x00000000e3f80000,0x00000000e4300000)
 ParOldGen       total 64512K, used 5654K [0x00000000a2e00000, 0x00000000a6d00000, 0x00000000e0f80000)
  object space 64512K, 8% used [0x00000000a2e00000,0x00000000a33859e0,0x00000000a6d00000)
 Metaspace       used 20613K, capacity 20919K, committed 21296K, reserved 1069056K
  class space    used 1961K, capacity 2057K, committed 2176K, reserved 1048576K
Event: 5,398 GC heap after
Heap after GC invocations=3 (full 0):
 PSYoungGen      total 52736K, used 3572K [0x00000000e0f80000, 0x00000000e4680000, 0x0000000100000000)
  eden space 49152K, 0% used [0x00000000e0f80000,0x00000000e0f80000,0x00000000e3f80000)
  from space 3584K, 99% used [0x00000000e3f80000,0x00000000e42fd290,0x00000000e4300000)
  to   space 3584K, 0% used [0x00000000e4300000,0x00000000e4300000,0x00000000e4680000)
 ParOldGen       total 64512K, used 14033K [0x00000000a2e00000, 0x00000000a6d00000, 0x00000000e0f80000)
  object space 64512K, 21% used [0x00000000a2e00000,0x00000000a3bb46b0,0x00000000a6d00000)
 Metaspace       used 20613K, capacity 20919K, committed 21296K, reserved 1069056K
  class space    used 1961K, capacity 2057K, committed 2176K, reserved 1048576K
}
Event: 7,030 GC heap before
{Heap before GC invocations=4 (full 0):
 PSYoungGen      total 52736K, used 10398K [0x00000000e0f80000, 0x00000000e4680000, 0x0000000100000000)
  eden space 49152K, 13% used [0x00000000e0f80000,0x00000000e162a710,0x00000000e3f80000)
  from space 3584K, 99% used [0x00000000e3f80000,0x00000000e42fd290,0x00000000e4300000)
  to   space 3584K, 0% used [0x00000000e4300000,0x00000000e4300000,0x00000000e4680000)
 ParOldGen       total 64512K, used 14033K [0x00000000a2e00000, 0x00000000a6d00000, 0x00000000e0f80000)
  object space 64512K, 21% used [0x00000000a2e00000,0x00000000a3bb46b0,0x00000000a6d00000)
 Metaspace       used 20693K, capacity 20983K, committed 21296K, reserved 1069056K
  class space    used 1961K, capacity 2057K, committed 2176K, reserved 1048576K
Event: 7,036 GC heap after
Heap after GC invocations=4 (full 0):
 PSYoungGen      total 52736K, used 3556K [0x00000000e0f80000, 0x00000000e4680000, 0x0000000100000000)
  eden space 49152K, 0% used [0x00000000e0f80000,0x00000000e0f80000,0x00000000e3f80000)
  from space 3584K, 99% used [0x00000000e4300000,0x00000000e46792a0,0x00000000e4680000)
  to   space 3584K, 0% used [0x00000000e3f80000,0x00000000e3f80000,0x00000000e4300000)
 ParOldGen       total 64512K, used 14073K [0x00000000a2e00000, 0x00000000a6d00000, 0x00000000e0f80000)
  object space 64512K, 21% used [0x00000000a2e00000,0x00000000a3bbe6b0,0x00000000a6d00000)
 Metaspace       used 20693K, capacity 20983K, committed 21296K, reserved 1069056K
  class space    used 1961K, capacity 2057K, committed 2176K, reserved 1048576K
}
Event: 7,036 GC heap before
{Heap before GC invocations=5 (full 1):
 PSYoungGen      total 52736K, used 3556K [0x00000000e0f80000, 0x00000000e4680000, 0x0000000100000000)
  eden space 49152K, 0% used [0x00000000e0f80000,0x00000000e0f80000,0x00000000e3f80000)
  from space 3584K, 99% used [0x00000000e4300000,0x00000000e46792a0,0x00000000e4680000)
  to   space 3584K, 0% used [0x00000000e3f80000,0x00000000e3f80000,0x00000000e4300000)
 ParOldGen       total 64512K, used 14073K [0x00000000a2e00000, 0x00000000a6d00000, 0x00000000e0f80000)
  object space 64512K, 21% used [0x00000000a2e00000,0x00000000a3bbe6b0,0x00000000a6d00000)
 Metaspace       used 20693K, capacity 20983K, committed 21296K, reserved 1069056K
  class space    used 1961K, capacity 2057K, committed 2176K, reserved 1048576K
Event: 7,091 GC heap after
Heap after GC invocations=5 (full 1):
 PSYoungGen      total 52736K, used 0K [0x00000000e0f80000, 0x00000000e4680000, 0x0000000100000000)
  eden space 49152K, 0% used [0x00000000e0f80000,0x00000000e0f80000,0x00000000e3f80000)
  from space 3584K, 0% used [0x00000000e4300000,0x00000000e4300000,0x00000000e4680000)
  to   space 3584K, 0% used [0x00000000e3f80000,0x00000000e3f80000,0x00000000e4300000)
 ParOldGen       total 65024K, used 16662K [0x00000000a2e00000, 0x00000000a6d80000, 0x00000000e0f80000)
  object space 65024K, 25% used [0x00000000a2e00000,0x00000000a3e45bf0,0x00000000a6d80000)
 Metaspace       used 20693K, capacity 20983K, committed 21296K, reserved 1069056K
  class space    used 1961K, capacity 2057K, committed 2176K, reserved 1048576K
}
Event: 21,904 GC heap before
{Heap before GC invocations=6 (full 1):
 PSYoungGen      total 52736K, used 49152K [0x00000000e0f80000, 0x00000000e4680000, 0x0000000100000000)
  eden space 49152K, 100% used [0x00000000e0f80000,0x00000000e3f80000,0x00000000e3f80000)
  from space 3584K, 0% used [0x00000000e4300000,0x00000000e4300000,0x00000000e4680000)
  to   space 3584K, 0% used [0x00000000e3f80000,0x00000000e3f80000,0x00000000e4300000)
 ParOldGen       total 65024K, used 16662K [0x00000000a2e00000, 0x00000000a6d80000, 0x00000000e0f80000)
  object space 65024K, 25% used [0x00000000a2e00000,0x00000000a3e45bf0,0x00000000a6d80000)
 Metaspace       used 20843K, capacity 21111K, committed 21552K, reserved 1069056K
  class space    used 1961K, capacity 2057K, committed 2176K, reserved 1048576K
Event: 21,907 GC heap after
Heap after GC invocations=6 (full 1):
 PSYoungGen      total 52736K, used 96K [0x00000000e0f80000, 0x00000000e7000000, 0x0000000100000000)
  eden space 49152K, 0% used [0x00000000e0f80000,0x00000000e0f80000,0x00000000e3f80000)
  from space 3584K, 2% used [0x00000000e3f80000,0x00000000e3f98000,0x00000000e4300000)
  to   space 14848K, 0% used [0x00000000e6180000,0x00000000e6180000,0x00000000e7000000)
 ParOldGen       total 65024K, used 16670K [0x00000000a2e00000, 0x00000000a6d80000, 0x00000000e0f80000)
  object space 65024K, 25% used [0x00000000a2e00000,0x00000000a3e47bf0,0x00000000a6d80000)
 Metaspace       used 20843K, capacity 21111K, committed 21552K, reserved 1069056K
  class space    used 1961K, capacity 2057K, committed 2176K, reserved 1048576K
}
Event: 44,477 GC heap before
{Heap before GC invocations=7 (full 1):
 PSYoungGen      total 52736K, used 49248K [0x00000000e0f80000, 0x00000000e7000000, 0x0000000100000000)
  eden space 49152K, 100% used [0x00000000e0f80000,0x00000000e3f80000,0x00000000e3f80000)
  from space 3584K, 2% used [0x00000000e3f80000,0x00000000e3f98000,0x00000000e4300000)
  to   space 14848K, 0% used [0x00000000e6180000,0x00000000e6180000,0x00000000e7000000)
 ParOldGen       total 65024K, used 16670K [0x00000000a2e00000, 0x00000000a6d80000, 0x00000000e0f80000)
  object space 65024K, 25% used [0x00000000a2e00000,0x00000000a3e47bf0,0x00000000a6d80000)
 Metaspace       used 20843K, capacity 21111K, committed 21552K, reserved 1069056K
  class space    used 1961K, capacity 2057K, committed 2176K, reserved 1048576K
Event: 44,480 GC heap after
Heap after GC invocations=7 (full 1):
 PSYoungGen      total 76800K, used 64K [0x00000000e0f80000, 0x00000000e6c80000, 0x0000000100000000)
  eden space 65536K, 0% used [0x00000000e0f80000,0x00000000e0f80000,0x00000000e4f80000)
  from space 11264K, 0% used [0x00000000e6180000,0x00000000e6190000,0x00000000e6c80000)
  to   space 14848K, 0% used [0x00000000e4f80000,0x00000000e4f80000,0x00000000e5e00000)
 ParOldGen       total 65024K, used 16670K [0x00000000a2e00000, 0x00000000a6d80000, 0x00000000e0f80000)
  object space 65024K, 25% used [0x00000000a2e00000,0x00000000a3e47bf0,0x00000000a6d80000)
 Metaspace       used 20843K, capacity 21111K, committed 21552K, reserved 1069056K
  class space    used 1961K, capacity 2057K, committed 2176K, reserved 1048576K
}

