# JRE version: OpenJDK Runtime Environment (8.0_91-b14) (build 1.8.0_91-8u91-b14-3ubuntu1~16.04.1-b14)
# Java VM: OpenJDK 64-Bit Server VM (25.91-b14 mixed mode linux-amd64 compressed oops)
Heap:
 PSYoungGen      total 31744K, used 8027K [0x00000000edc00000, 0x00000000efd00000, 0x0000000100000000)
  eden space 29696K, 20% used [0x00000000edc00000,0x00000000ee1dad38,0x00000000ef900000)
  from space 2048K, 99% used [0x00000000efb00000,0x00000000efcfc090,0x00000000efd00000)
  to   space 2048K, 0% used [0x00000000ef900000,0x00000000ef900000,0x00000000efb00000)
 ParOldGen       total 38400K, used 11084K [0x00000000c9400000, 0x00000000cb980000, 0x00000000edc00000)
  object space 38400K, 28% used [0x00000000c9400000,0x00000000c9ed3210,0x00000000cb980000)
 Metaspace       used 19910K, capacity 20097K, committed 20480K, reserved 1067008K
  class space    used 1889K, capacity 1954K, committed 2048K, reserved 1048576K
GC Heap History (8 events):
Event: 1,948 GC heap before
{Heap before GC invocations=1 (full 0):
 PSYoungGen      total 16896K, used 14848K [0x00000000edc00000, 0x00000000eee80000, 0x0000000100000000)
  eden space 14848K, 100% used [0x00000000edc00000,0x00000000eea80000,0x00000000eea80000)
  from space 2048K, 0% used [0x00000000eec80000,0x00000000eec80000,0x00000000eee80000)
  to   space 2048K, 0% used [0x00000000eea80000,0x00000000eea80000,0x00000000eec80000)
 ParOldGen       total 38400K, used 0K [0x00000000c9400000, 0x00000000cb980000, 0x00000000edc00000)
  object space 38400K, 0% used [0x00000000c9400000,0x00000000c9400000,0x00000000cb980000)
 Metaspace       used 11758K, capacity 11958K, committed 12032K, reserved 1060864K
  class space    used 1205K, capacity 1276K, committed 1280K, reserved 1048576K
Event: 1,964 GC heap after
Heap after GC invocations=1 (full 0):
 PSYoungGen      total 16896K, used 2034K [0x00000000edc00000, 0x00000000eee80000, 0x0000000100000000)
  eden space 14848K, 0% used [0x00000000edc00000,0x00000000edc00000,0x00000000eea80000)
  from space 2048K, 99% used [0x00000000eea80000,0x00000000eec7c840,0x00000000eec80000)
  to   space 2048K, 0% used [0x00000000eec80000,0x00000000eec80000,0x00000000eee80000)
 ParOldGen       total 38400K, used 966K [0x00000000c9400000, 0x00000000cb980000, 0x00000000edc00000)
  object space 38400K, 2% used [0x00000000c9400000,0x00000000c94f1ba0,0x00000000cb980000)
 Metaspace       used 11758K, capacity 11958K, committed 12032K, reserved 1060864K
  class space    used 1205K, capacity 1276K, committed 1280K, reserved 1048576K
}
Event: 3,167 GC heap before
{Heap before GC invocations=2 (full 0):
 PSYoungGen      total 16896K, used 16882K [0x00000000edc00000, 0x00000000eee80000, 0x0000000100000000)
  eden space 14848K, 100% used [0x00000000edc00000,0x00000000eea80000,0x00000000eea80000)
  from space 2048K, 99% used [0x00000000eea80000,0x00000000eec7c840,0x00000000eec80000)
  to   space 2048K, 0% used [0x00000000eec80000,0x00000000eec80000,0x00000000eee80000)
 ParOldGen       total 38400K, used 966K [0x00000000c9400000, 0x00000000cb980000, 0x00000000edc00000)
  object space 38400K, 2% used [0x00000000c9400000,0x00000000c94f1ba0,0x00000000cb980000)
 Metaspace       used 16505K, capacity 16751K, committed 17024K, reserved 1064960K
  class space    used 1565K, capacity 1631K, committed 1664K, reserved 1048576K
Event: 3,183 GC heap after
Heap after GC invocations=2 (full 0):
 PSYoungGen      total 16896K, used 2018K [0x00000000edc00000, 0x00000000efd00000, 0x0000000100000000)
  eden space 14848K, 0% used [0x00000000edc00000,0x00000000edc00000,0x00000000eea80000)
  from space 2048K, 98% used [0x00000000eec80000,0x00000000eee78850,0x00000000eee80000)
  to   space 2048K, 0% used [0x00000000eea80000,0x00000000eea80000,0x00000000eec80000)
 ParOldGen       total 38400K, used 3145K [0x00000000c9400000, 0x00000000cb980000, 0x00000000edc00000)
  object space 38400K, 8% used [0x00000000c9400000,0x00000000c9712500,0x00000000cb980000)
 Metaspace       used 16505K, capacity 16751K, committed 17024K, reserved 1064960K
  class space    used 1565K, capacity 1631K, committed 1664K, reserved 1048576K
}
Event: 4,463 GC heap before
{Heap before GC invocations=3 (full 0):
 PSYoungGen      total 16896K, used 16866K [0x00000000edc00000, 0x00000000efd00000, 0x0000000100000000)
  eden space 14848K, 100% used [0x00000000edc00000,0x00000000eea80000,0x00000000eea80000)
  from space 2048K, 98% used [0x00000000eec80000,0x00000000eee78850,0x00000000eee80000)
  to   space 2048K, 0% used [0x00000000eea80000,0x00000000eea80000,0x00000000eec80000)
 ParOldGen       total 38400K, used 3145K [0x00000000c9400000, 0x00000000cb980000, 0x00000000edc00000)
  object space 38400K, 8% used [0x00000000c9400000,0x00000000c9712500,0x00000000cb980000)
 Metaspace       used 17879K, capacity 18069K, committed 18432K, reserved 1067008K
  class space    used 1705K, capacity 1792K, committed 1792K, reserved 1048576K
Event: 4,490 GC heap after
Heap after GC invocations=3 (full 0):
 PSYoungGen      total 16896K, used 2034K [0x00000000edc00000, 0x00000000efd00000, 0x0000000100000000)
  eden space 14848K, 0% used [0x00000000edc00000,0x00000000edc00000,0x00000000eea80000)
  from space 2048K, 99% used [0x00000000eea80000,0x00000000eec7c860,0x00000000eec80000)
  to   space 2048K, 0% used [0x00000000efb00000,0x00000000efb00000,0x00000000efd00000)
 ParOldGen       total 38400K, used 7407K [0x00000000c9400000, 0x00000000cb980000, 0x00000000edc00000)
  object space 38400K, 19% used [0x00000000c9400000,0x00000000c9b3bda8,0x00000000cb980000)
 Metaspace       used 17879K, capacity 18069K, committed 18432K, reserved 1067008K
  class space    used 1705K, capacity 1792K, committed 1792K, reserved 1048576K
}
Event: 6,161 GC heap before
{Heap before GC invocations=4 (full 0):
 PSYoungGen      total 16896K, used 16882K [0x00000000edc00000, 0x00000000efd00000, 0x0000000100000000)
  eden space 14848K, 100% used [0x00000000edc00000,0x00000000eea80000,0x00000000eea80000)
  from space 2048K, 99% used [0x00000000eea80000,0x00000000eec7c860,0x00000000eec80000)
  to   space 2048K, 0% used [0x00000000efb00000,0x00000000efb00000,0x00000000efd00000)
 ParOldGen       total 38400K, used 7407K [0x00000000c9400000, 0x00000000cb980000, 0x00000000edc00000)
  object space 38400K, 19% used [0x00000000c9400000,0x00000000c9b3bda8,0x00000000cb980000)
 Metaspace       used 19697K, capacity 19905K, committed 20224K, reserved 1067008K
  class space    used 1881K, capacity 1954K, committed 2048K, reserved 1048576K
Event: 6,198 GC heap after
Heap after GC invocations=4 (full 0):
 PSYoungGen      total 31744K, used 2032K [0x00000000edc00000, 0x00000000efd00000, 0x0000000100000000)
  eden space 29696K, 0% used [0x00000000edc00000,0x00000000edc00000,0x00000000ef900000)
  from space 2048K, 99% used [0x00000000efb00000,0x00000000efcfc090,0x00000000efd00000)
  to   space 2048K, 0% used [0x00000000ef900000,0x00000000ef900000,0x00000000efb00000)
 ParOldGen       total 38400K, used 11084K [0x00000000c9400000, 0x00000000cb980000, 0x00000000edc00000)
  object space 38400K, 28% used [0x00000000c9400000,0x00000000c9ed3210,0x00000000cb980000)
 Metaspace       used 19697K, capacity 19905K, committed 20224K, reserved 1067008K
  class space    used 1881K, capacity 1954K, committed 2048K, reserved 1048576K
}

