# JRE version: Java(TM) SE Runtime Environment (8.0_92-b14) (build 1.8.0_92-b14)
# Java VM: Java HotSpot(TM) 64-Bit Server VM (25.92-b14 mixed mode linux-amd64 compressed oops)
Heap:
 PSYoungGen      total 52736K, used 28795K [0x00000000e0f80000, 0x00000000e4680000, 0x0000000100000000)
  eden space 49152K, 51% used [0x00000000e0f80000,0x00000000e2826cb0,0x00000000e3f80000)
  from space 3584K, 99% used [0x00000000e4300000,0x00000000e46780f0,0x00000000e4680000)
  to   space 3584K, 0% used [0x00000000e3f80000,0x00000000e3f80000,0x00000000e4300000)
 ParOldGen       total 64512K, used 9807K [0x00000000a2e00000, 0x00000000a6d00000, 0x00000000e0f80000)
  object space 64512K, 15% used [0x00000000a2e00000,0x00000000a3793c08,0x00000000a6d00000)
 Metaspace       used 19169K, capacity 19423K, committed 19840K, reserved 1067008K
  class space    used 1831K, capacity 1897K, committed 1920K, reserved 1048576K
GC Heap History (4 events):
Event: 0,805 GC heap before
{Heap before GC invocations=1 (full 0):
 PSYoungGen      total 28160K, used 24183K [0x00000000e0f80000, 0x00000000e2e80000, 0x0000000100000000)
  eden space 24576K, 98% used [0x00000000e0f80000,0x00000000e271dc18,0x00000000e2780000)
  from space 3584K, 0% used [0x00000000e2b00000,0x00000000e2b00000,0x00000000e2e80000)
  to   space 3584K, 0% used [0x00000000e2780000,0x00000000e2780000,0x00000000e2b00000)
 ParOldGen       total 64512K, used 0K [0x00000000a2e00000, 0x00000000a6d00000, 0x00000000e0f80000)
  object space 64512K, 0% used [0x00000000a2e00000,0x00000000a2e00000,0x00000000a6d00000)
 Metaspace       used 13432K, capacity 13668K, committed 13952K, reserved 1060864K
  class space    used 1461K, capacity 1545K, committed 1664K, reserved 1048576K
Event: 0,816 GC heap after
Heap after GC invocations=1 (full 0):
 PSYoungGen      total 28160K, used 3571K [0x00000000e0f80000, 0x00000000e4680000, 0x0000000100000000)
  eden space 24576K, 0% used [0x00000000e0f80000,0x00000000e0f80000,0x00000000e2780000)
  from space 3584K, 99% used [0x00000000e2780000,0x00000000e2afcd58,0x00000000e2b00000)
  to   space 3584K, 0% used [0x00000000e4300000,0x00000000e4300000,0x00000000e4680000)
 ParOldGen       total 64512K, used 792K [0x00000000a2e00000, 0x00000000a6d00000, 0x00000000e0f80000)
  object space 64512K, 1% used [0x00000000a2e00000,0x00000000a2ec61e8,0x00000000a6d00000)
 Metaspace       used 13432K, capacity 13668K, committed 13952K, reserved 1060864K
  class space    used 1461K, capacity 1545K, committed 1664K, reserved 1048576K
}
Event: 1,956 GC heap before
{Heap before GC invocations=2 (full 0):
 PSYoungGen      total 28160K, used 28080K [0x00000000e0f80000, 0x00000000e4680000, 0x0000000100000000)
  eden space 24576K, 99% used [0x00000000e0f80000,0x00000000e276f520,0x00000000e2780000)
  from space 3584K, 99% used [0x00000000e2780000,0x00000000e2afcd58,0x00000000e2b00000)
  to   space 3584K, 0% used [0x00000000e4300000,0x00000000e4300000,0x00000000e4680000)
 ParOldGen       total 64512K, used 792K [0x00000000a2e00000, 0x00000000a6d00000, 0x00000000e0f80000)
  object space 64512K, 1% used [0x00000000a2e00000,0x00000000a2ec61e8,0x00000000a6d00000)
 Metaspace       used 18637K, capacity 18941K, committed 19328K, reserved 1067008K
  class space    used 1824K, capacity 1892K, committed 1920K, reserved 1048576K
Event: 1,967 GC heap after
Heap after GC invocations=2 (full 0):
 PSYoungGen      total 52736K, used 3552K [0x00000000e0f80000, 0x00000000e4680000, 0x0000000100000000)
  eden space 49152K, 0% used [0x00000000e0f80000,0x00000000e0f80000,0x00000000e3f80000)
  from space 3584K, 99% used [0x00000000e4300000,0x00000000e46780f0,0x00000000e4680000)
  to   space 3584K, 0% used [0x00000000e3f80000,0x00000000e3f80000,0x00000000e4300000)
 ParOldGen       total 64512K, used 9807K [0x00000000a2e00000, 0x00000000a6d00000, 0x00000000e0f80000)
  object space 64512K, 15% used [0x00000000a2e00000,0x00000000a3793c08,0x00000000a6d00000)
 Metaspace       used 18637K, capacity 18941K, committed 19328K, reserved 1067008K
  class space    used 1824K, capacity 1892K, committed 1920K, reserved 1048576K
}

