# JRE version: OpenJDK Runtime Environment (8.0_91-b14) (build 1.8.0_91-8u91-b14-3ubuntu1~16.04.1-b14)
# Java VM: OpenJDK 64-Bit Server VM (25.91-b14 mixed mode linux-amd64 compressed oops)
Heap:
 PSYoungGen      total 75264K, used 44560K [0x00000000edc00000, 0x00000000f3680000, 0x0000000100000000)
  eden space 66560K, 62% used [0x00000000edc00000,0x00000000f04542e8,0x00000000f1d00000)
  from space 8704K, 37% used [0x00000000f2580000,0x00000000f28b00d0,0x00000000f2e00000)
  to   space 8704K, 0% used [0x00000000f1d00000,0x00000000f1d00000,0x00000000f2580000)
 ParOldGen       total 44032K, used 15458K [0x00000000c9400000, 0x00000000cbf00000, 0x00000000edc00000)
  object space 44032K, 35% used [0x00000000c9400000,0x00000000ca318b68,0x00000000cbf00000)
 Metaspace       used 21786K, capacity 22045K, committed 22320K, reserved 1069056K
  class space    used 1995K, capacity 2086K, committed 2096K, reserved 1048576K
GC Heap History (10 events):
Event: 10,934 GC heap before
{Heap before GC invocations=5 (full 0):
 PSYoungGen      total 31744K, used 12099K [0x00000000edc00000, 0x00000000efd00000, 0x0000000100000000)
  eden space 29696K, 33% used [0x00000000edc00000,0x00000000ee5d4f48,0x00000000ef900000)
  from space 2048K, 99% used [0x00000000efb00000,0x00000000efcfc0a0,0x00000000efd00000)
  to   space 2048K, 0% used [0x00000000ef900000,0x00000000ef900000,0x00000000efb00000)
 ParOldGen       total 38400K, used 13610K [0x00000000c9400000, 0x00000000cb980000, 0x00000000edc00000)
  object space 38400K, 35% used [0x00000000c9400000,0x00000000ca14abf8,0x00000000cb980000)
 Metaspace       used 20947K, capacity 21115K, committed 21296K, reserved 1069056K
  class space    used 1989K, capacity 2081K, committed 2096K, reserved 1048576K
Event: 10,968 GC heap after
Heap after GC invocations=5 (full 0):
 PSYoungGen      total 31744K, used 2018K [0x00000000edc00000, 0x00000000f2800000, 0x0000000100000000)
  eden space 29696K, 0% used [0x00000000edc00000,0x00000000edc00000,0x00000000ef900000)
  from space 2048K, 98% used [0x00000000ef900000,0x00000000efaf8860,0x00000000efb00000)
  to   space 9216K, 0% used [0x00000000f1f00000,0x00000000f1f00000,0x00000000f2800000)
 ParOldGen       total 38400K, used 15782K [0x00000000c9400000, 0x00000000cb980000, 0x00000000edc00000)
  object space 38400K, 41% used [0x00000000c9400000,0x00000000ca369b48,0x00000000cb980000)
 Metaspace       used 20947K, capacity 21115K, committed 21296K, reserved 1069056K
  class space    used 1989K, capacity 2081K, committed 2096K, reserved 1048576K
}
Event: 10,968 GC heap before
{Heap before GC invocations=6 (full 1):
 PSYoungGen      total 31744K, used 2018K [0x00000000edc00000, 0x00000000f2800000, 0x0000000100000000)
  eden space 29696K, 0% used [0x00000000edc00000,0x00000000edc00000,0x00000000ef900000)
  from space 2048K, 98% used [0x00000000ef900000,0x00000000efaf8860,0x00000000efb00000)
  to   space 9216K, 0% used [0x00000000f1f00000,0x00000000f1f00000,0x00000000f2800000)
 ParOldGen       total 38400K, used 15782K [0x00000000c9400000, 0x00000000cb980000, 0x00000000edc00000)
  object space 38400K, 41% used [0x00000000c9400000,0x00000000ca369b48,0x00000000cb980000)
 Metaspace       used 20947K, capacity 21115K, committed 21296K, reserved 1069056K
  class space    used 1989K, capacity 2081K, committed 2096K, reserved 1048576K
Event: 11,123 GC heap after
Heap after GC invocations=6 (full 1):
 PSYoungGen      total 31744K, used 0K [0x00000000edc00000, 0x00000000f2800000, 0x0000000100000000)
  eden space 29696K, 0% used [0x00000000edc00000,0x00000000edc00000,0x00000000ef900000)
  from space 2048K, 0% used [0x00000000ef900000,0x00000000ef900000,0x00000000efb00000)
  to   space 9216K, 0% used [0x00000000f1f00000,0x00000000f1f00000,0x00000000f2800000)
 ParOldGen       total 44032K, used 15434K [0x00000000c9400000, 0x00000000cbf00000, 0x00000000edc00000)
  object space 44032K, 35% used [0x00000000c9400000,0x00000000ca312b68,0x00000000cbf00000)
 Metaspace       used 20947K, capacity 21115K, committed 21296K, reserved 1069056K
  class space    used 1989K, capacity 2081K, committed 2096K, reserved 1048576K
}
Event: 14,361 GC heap before
{Heap before GC invocations=7 (full 1):
 PSYoungGen      total 31744K, used 29696K [0x00000000edc00000, 0x00000000f2800000, 0x0000000100000000)
  eden space 29696K, 100% used [0x00000000edc00000,0x00000000ef900000,0x00000000ef900000)
  from space 2048K, 0% used [0x00000000ef900000,0x00000000ef900000,0x00000000efb00000)
  to   space 9216K, 0% used [0x00000000f1f00000,0x00000000f1f00000,0x00000000f2800000)
 ParOldGen       total 44032K, used 15434K [0x00000000c9400000, 0x00000000cbf00000, 0x00000000edc00000)
  object space 44032K, 35% used [0x00000000c9400000,0x00000000ca312b68,0x00000000cbf00000)
 Metaspace       used 21304K, capacity 21527K, committed 21808K, reserved 1069056K
  class space    used 1992K, capacity 2085K, committed 2096K, reserved 1048576K
Event: 14,380 GC heap after
Heap after GC invocations=7 (full 1):
 PSYoungGen      total 49152K, used 3296K [0x00000000edc00000, 0x00000000f2280000, 0x0000000100000000)
  eden space 45568K, 0% used [0x00000000edc00000,0x00000000edc00000,0x00000000f0880000)
  from space 3584K, 91% used [0x00000000f1f00000,0x00000000f22380d0,0x00000000f2280000)
  to   space 9216K, 0% used [0x00000000f1080000,0x00000000f1080000,0x00000000f1980000)
 ParOldGen       total 44032K, used 15442K [0x00000000c9400000, 0x00000000cbf00000, 0x00000000edc00000)
  object space 44032K, 35% used [0x00000000c9400000,0x00000000ca314b68,0x00000000cbf00000)
 Metaspace       used 21304K, capacity 21527K, committed 21808K, reserved 1069056K
  class space    used 1992K, capacity 2085K, committed 2096K, reserved 1048576K
}
Event: 24,066 GC heap before
{Heap before GC invocations=8 (full 1):
 PSYoungGen      total 49152K, used 48864K [0x00000000edc00000, 0x00000000f2280000, 0x0000000100000000)
  eden space 45568K, 100% used [0x00000000edc00000,0x00000000f0880000,0x00000000f0880000)
  from space 3584K, 91% used [0x00000000f1f00000,0x00000000f22380d0,0x00000000f2280000)
  to   space 9216K, 0% used [0x00000000f1080000,0x00000000f1080000,0x00000000f1980000)
 ParOldGen       total 44032K, used 15442K [0x00000000c9400000, 0x00000000cbf00000, 0x00000000edc00000)
  object space 44032K, 35% used [0x00000000c9400000,0x00000000ca314b68,0x00000000cbf00000)
 Metaspace       used 21696K, capacity 21911K, committed 22320K, reserved 1069056K
  class space    used 1992K, capacity 2085K, committed 2096K, reserved 1048576K
Event: 24,079 GC heap after
Heap after GC invocations=8 (full 1):
 PSYoungGen      total 62976K, used 3296K [0x00000000edc00000, 0x00000000f2e00000, 0x0000000100000000)
  eden space 53760K, 0% used [0x00000000edc00000,0x00000000edc00000,0x00000000f1080000)
  from space 9216K, 35% used [0x00000000f1080000,0x00000000f13b80d0,0x00000000f1980000)
  to   space 8704K, 0% used [0x00000000f2580000,0x00000000f2580000,0x00000000f2e00000)
 ParOldGen       total 44032K, used 15450K [0x00000000c9400000, 0x00000000cbf00000, 0x00000000edc00000)
  object space 44032K, 35% used [0x00000000c9400000,0x00000000ca316b68,0x00000000cbf00000)
 Metaspace       used 21696K, capacity 21911K, committed 22320K, reserved 1069056K
  class space    used 1992K, capacity 2085K, committed 2096K, reserved 1048576K
}
Event: 33,111 GC heap before
{Heap before GC invocations=9 (full 1):
 PSYoungGen      total 62976K, used 57056K [0x00000000edc00000, 0x00000000f2e00000, 0x0000000100000000)
  eden space 53760K, 100% used [0x00000000edc00000,0x00000000f1080000,0x00000000f1080000)
  from space 9216K, 35% used [0x00000000f1080000,0x00000000f13b80d0,0x00000000f1980000)
  to   space 8704K, 0% used [0x00000000f2580000,0x00000000f2580000,0x00000000f2e00000)
 ParOldGen       total 44032K, used 15450K [0x00000000c9400000, 0x00000000cbf00000, 0x00000000edc00000)
  object space 44032K, 35% used [0x00000000c9400000,0x00000000ca316b68,0x00000000cbf00000)
 Metaspace       used 21753K, capacity 22039K, committed 22320K, reserved 1069056K
  class space    used 1992K, capacity 2085K, committed 2096K, reserved 1048576K
Event: 33,127 GC heap after
Heap after GC invocations=9 (full 1):
 PSYoungGen      total 75264K, used 3264K [0x00000000edc00000, 0x00000000f3680000, 0x0000000100000000)
  eden space 66560K, 0% used [0x00000000edc00000,0x00000000edc00000,0x00000000f1d00000)
  from space 8704K, 37% used [0x00000000f2580000,0x00000000f28b00d0,0x00000000f2e00000)
  to   space 8704K, 0% used [0x00000000f1d00000,0x00000000f1d00000,0x00000000f2580000)
 ParOldGen       total 44032K, used 15458K [0x00000000c9400000, 0x00000000cbf00000, 0x00000000edc00000)
  object space 44032K, 35% used [0x00000000c9400000,0x00000000ca318b68,0x00000000cbf00000)
 Metaspace       used 21753K, capacity 22039K, committed 22320K, reserved 1069056K
  class space    used 1992K, capacity 2085K, committed 2096K, reserved 1048576K
}

