# JRE version: Java(TM) SE Runtime Environment (8.0_92-b14) (build 1.8.0_92-b14)
# Java VM: Java HotSpot(TM) 64-Bit Server VM (25.92-b14 mixed mode linux-amd64 compressed oops)
Heap:
 PSYoungGen      total 68096K, used 38878K [0x00000000e0f80000, 0x00000000e5f80000, 0x0000000100000000)
  eden space 67584K, 57% used [0x00000000e0f80000,0x00000000e3547b48,0x00000000e5180000)
  from space 512K, 37% used [0x00000000e5380000,0x00000000e53b0000,0x00000000e5400000)
  to   space 7168K, 0% used [0x00000000e5880000,0x00000000e5880000,0x00000000e5f80000)
 ParOldGen       total 69632K, used 17924K [0x00000000a2e00000, 0x00000000a7200000, 0x00000000e0f80000)
  object space 69632K, 25% used [0x00000000a2e00000,0x00000000a3f81068,0x00000000a7200000)
 Metaspace       used 21396K, capacity 21637K, committed 22064K, reserved 1069056K
  class space    used 1999K, capacity 2058K, committed 2176K, reserved 1048576K
GC Heap History (10 events):
Event: 153,438 GC heap before
{Heap before GC invocations=18 (full 1):
 PSYoungGen      total 84480K, used 78112K [0x00000000e0f80000, 0x00000000e6e80000, 0x0000000100000000)
  eden space 77824K, 100% used [0x00000000e0f80000,0x00000000e5b80000,0x00000000e5b80000)
  from space 6656K, 4% used [0x00000000e6800000,0x00000000e6848000,0x00000000e6e80000)
  to   space 9728K, 0% used [0x00000000e5b80000,0x00000000e5b80000,0x00000000e6500000)
 ParOldGen       total 69632K, used 17836K [0x00000000a2e00000, 0x00000000a7200000, 0x00000000e0f80000)
  object space 69632K, 25% used [0x00000000a2e00000,0x00000000a3f6b068,0x00000000a7200000)
 Metaspace       used 21385K, capacity 21637K, committed 22064K, reserved 1069056K
  class space    used 1997K, capacity 2058K, committed 2176K, reserved 1048576K
Event: 153,439 GC heap after
Heap after GC invocations=18 (full 1):
 PSYoungGen      total 76288K, used 224K [0x00000000e0f80000, 0x00000000e6b80000, 0x0000000100000000)
  eden space 75776K, 0% used [0x00000000e0f80000,0x00000000e0f80000,0x00000000e5980000)
  from space 512K, 43% used [0x00000000e5b80000,0x00000000e5bb8000,0x00000000e5c00000)
  to   space 9216K, 0% used [0x00000000e6280000,0x00000000e6280000,0x00000000e6b80000)
 ParOldGen       total 69632K, used 17836K [0x00000000a2e00000, 0x00000000a7200000, 0x00000000e0f80000)
  object space 69632K, 25% used [0x00000000a2e00000,0x00000000a3f6b068,0x00000000a7200000)
 Metaspace       used 21385K, capacity 21637K, committed 22064K, reserved 1069056K
  class space    used 1997K, capacity 2058K, committed 2176K, reserved 1048576K
}
Event: 165,322 GC heap before
{Heap before GC invocations=19 (full 1):
 PSYoungGen      total 76288K, used 76000K [0x00000000e0f80000, 0x00000000e6b80000, 0x0000000100000000)
  eden space 75776K, 100% used [0x00000000e0f80000,0x00000000e5980000,0x00000000e5980000)
  from space 512K, 43% used [0x00000000e5b80000,0x00000000e5bb8000,0x00000000e5c00000)
  to   space 9216K, 0% used [0x00000000e6280000,0x00000000e6280000,0x00000000e6b80000)
 ParOldGen       total 69632K, used 17836K [0x00000000a2e00000, 0x00000000a7200000, 0x00000000e0f80000)
  object space 69632K, 25% used [0x00000000a2e00000,0x00000000a3f6b068,0x00000000a7200000)
 Metaspace       used 21385K, capacity 21637K, committed 22064K, reserved 1069056K
  class space    used 1997K, capacity 2058K, committed 2176K, reserved 1048576K
Event: 165,325 GC heap after
Heap after GC invocations=19 (full 1):
 PSYoungGen      total 79872K, used 320K [0x00000000e0f80000, 0x00000000e6880000, 0x0000000100000000)
  eden space 73728K, 0% used [0x00000000e0f80000,0x00000000e0f80000,0x00000000e5780000)
  from space 6144K, 5% used [0x00000000e6280000,0x00000000e62d0000,0x00000000e6880000)
  to   space 8704K, 0% used [0x00000000e5780000,0x00000000e5780000,0x00000000e6000000)
 ParOldGen       total 69632K, used 17836K [0x00000000a2e00000, 0x00000000a7200000, 0x00000000e0f80000)
  object space 69632K, 25% used [0x00000000a2e00000,0x00000000a3f6b068,0x00000000a7200000)
 Metaspace       used 21385K, capacity 21637K, committed 22064K, reserved 1069056K
  class space    used 1997K, capacity 2058K, committed 2176K, reserved 1048576K
}
Event: 176,853 GC heap before
{Heap before GC invocations=20 (full 1):
 PSYoungGen      total 79872K, used 74048K [0x00000000e0f80000, 0x00000000e6880000, 0x0000000100000000)
  eden space 73728K, 100% used [0x00000000e0f80000,0x00000000e5780000,0x00000000e5780000)
  from space 6144K, 5% used [0x00000000e6280000,0x00000000e62d0000,0x00000000e6880000)
  to   space 8704K, 0% used [0x00000000e5780000,0x00000000e5780000,0x00000000e6000000)
 ParOldGen       total 69632K, used 17836K [0x00000000a2e00000, 0x00000000a7200000, 0x00000000e0f80000)
  object space 69632K, 25% used [0x00000000a2e00000,0x00000000a3f6b068,0x00000000a7200000)
 Metaspace       used 21385K, capacity 21637K, committed 22064K, reserved 1069056K
  class space    used 1997K, capacity 2058K, committed 2176K, reserved 1048576K
Event: 176,855 GC heap after
Heap after GC invocations=20 (full 1):
 PSYoungGen      total 72192K, used 224K [0x00000000e0f80000, 0x00000000e6580000, 0x0000000100000000)
  eden space 71680K, 0% used [0x00000000e0f80000,0x00000000e0f80000,0x00000000e5580000)
  from space 512K, 43% used [0x00000000e5780000,0x00000000e57b8000,0x00000000e5800000)
  to   space 8192K, 0% used [0x00000000e5d80000,0x00000000e5d80000,0x00000000e6580000)
 ParOldGen       total 69632K, used 17868K [0x00000000a2e00000, 0x00000000a7200000, 0x00000000e0f80000)
  object space 69632K, 25% used [0x00000000a2e00000,0x00000000a3f73068,0x00000000a7200000)
 Metaspace       used 21385K, capacity 21637K, committed 22064K, reserved 1069056K
  class space    used 1997K, capacity 2058K, committed 2176K, reserved 1048576K
}
Event: 191,606 GC heap before
{Heap before GC invocations=21 (full 1):
 PSYoungGen      total 72192K, used 71904K [0x00000000e0f80000, 0x00000000e6580000, 0x0000000100000000)
  eden space 71680K, 100% used [0x00000000e0f80000,0x00000000e5580000,0x00000000e5580000)
  from space 512K, 43% used [0x00000000e5780000,0x00000000e57b8000,0x00000000e5800000)
  to   space 8192K, 0% used [0x00000000e5d80000,0x00000000e5d80000,0x00000000e6580000)
 ParOldGen       total 69632K, used 17868K [0x00000000a2e00000, 0x00000000a7200000, 0x00000000e0f80000)
  object space 69632K, 25% used [0x00000000a2e00000,0x00000000a3f73068,0x00000000a7200000)
 Metaspace       used 21385K, capacity 21637K, committed 22064K, reserved 1069056K
  class space    used 1997K, capacity 2058K, committed 2176K, reserved 1048576K
Event: 191,608 GC heap after
Heap after GC invocations=21 (full 1):
 PSYoungGen      total 74752K, used 256K [0x00000000e0f80000, 0x00000000e6280000, 0x0000000100000000)
  eden space 69632K, 0% used [0x00000000e0f80000,0x00000000e0f80000,0x00000000e5380000)
  from space 5120K, 5% used [0x00000000e5d80000,0x00000000e5dc0000,0x00000000e6280000)
  to   space 7680K, 0% used [0x00000000e5380000,0x00000000e5380000,0x00000000e5b00000)
 ParOldGen       total 69632K, used 17900K [0x00000000a2e00000, 0x00000000a7200000, 0x00000000e0f80000)
  object space 69632K, 25% used [0x00000000a2e00000,0x00000000a3f7b068,0x00000000a7200000)
 Metaspace       used 21385K, capacity 21637K, committed 22064K, reserved 1069056K
  class space    used 1997K, capacity 2058K, committed 2176K, reserved 1048576K
}
Event: 207,769 GC heap before
{Heap before GC invocations=22 (full 1):
 PSYoungGen      total 74752K, used 69888K [0x00000000e0f80000, 0x00000000e6280000, 0x0000000100000000)
  eden space 69632K, 100% used [0x00000000e0f80000,0x00000000e5380000,0x00000000e5380000)
  from space 5120K, 5% used [0x00000000e5d80000,0x00000000e5dc0000,0x00000000e6280000)
  to   space 7680K, 0% used [0x00000000e5380000,0x00000000e5380000,0x00000000e5b00000)
 ParOldGen       total 69632K, used 17900K [0x00000000a2e00000, 0x00000000a7200000, 0x00000000e0f80000)
  object space 69632K, 25% used [0x00000000a2e00000,0x00000000a3f7b068,0x00000000a7200000)
 Metaspace       used 21385K, capacity 21637K, committed 22064K, reserved 1069056K
  class space    used 1997K, capacity 2058K, committed 2176K, reserved 1048576K
Event: 207,771 GC heap after
Heap after GC invocations=22 (full 1):
 PSYoungGen      total 68096K, used 192K [0x00000000e0f80000, 0x00000000e5f80000, 0x0000000100000000)
  eden space 67584K, 0% used [0x00000000e0f80000,0x00000000e0f80000,0x00000000e5180000)
  from space 512K, 37% used [0x00000000e5380000,0x00000000e53b0000,0x00000000e5400000)
  to   space 7168K, 0% used [0x00000000e5880000,0x00000000e5880000,0x00000000e5f80000)
 ParOldGen       total 69632K, used 17924K [0x00000000a2e00000, 0x00000000a7200000, 0x00000000e0f80000)
  object space 69632K, 25% used [0x00000000a2e00000,0x00000000a3f81068,0x00000000a7200000)
 Metaspace       used 21385K, capacity 21637K, committed 22064K, reserved 1069056K
  class space    used 1997K, capacity 2058K, committed 2176K, reserved 1048576K
}

