# JRE version: Java(TM) SE Runtime Environment (8.0_92-b14) (build 1.8.0_92-b14)
# Java VM: Java HotSpot(TM) 64-Bit Server VM (25.92-b14 mixed mode linux-amd64 compressed oops)
Heap:
 PSYoungGen      total 47104K, used 28761K [0x00000000e0f80000, 0x00000000e4980000, 0x0000000100000000)
  eden space 37888K, 75% used [0x00000000e0f80000,0x00000000e2b6e4c8,0x00000000e3480000)
  from space 9216K, 1% used [0x00000000e4080000,0x00000000e40a8000,0x00000000e4980000)
  to   space 10752K, 0% used [0x00000000e3480000,0x00000000e3480000,0x00000000e3f00000)
 ParOldGen       total 64512K, used 16096K [0x00000000a2e00000, 0x00000000a6d00000, 0x00000000e0f80000)
  object space 64512K, 24% used [0x00000000a2e00000,0x00000000a3db8088,0x00000000a6d00000)
 Metaspace       used 19554K, capacity 19803K, committed 20096K, reserved 1067008K
  class space    used 1836K, capacity 1897K, committed 1920K, reserved 1048576K
GC Heap History (10 events):
Event: 134,291 GC heap before
{Heap before GC invocations=10 (full 0):
 PSYoungGen      total 43520K, used 43328K [0x00000000e0f80000, 0x00000000e5180000, 0x0000000100000000)
  eden space 43008K, 100% used [0x00000000e0f80000,0x00000000e3980000,0x00000000e3980000)
  from space 512K, 62% used [0x00000000e3a80000,0x00000000e3ad0000,0x00000000e3b00000)
  to   space 12288K, 0% used [0x00000000e4580000,0x00000000e4580000,0x00000000e5180000)
 ParOldGen       total 64512K, used 15890K [0x00000000a2e00000, 0x00000000a6d00000, 0x00000000e0f80000)
  object space 64512K, 24% used [0x00000000a2e00000,0x00000000a3d84878,0x00000000a6d00000)
 Metaspace       used 19522K, capacity 19739K, committed 20096K, reserved 1067008K
  class space    used 1834K, capacity 1897K, committed 1920K, reserved 1048576K
Event: 134,293 GC heap after
Heap after GC invocations=10 (full 0):
 PSYoungGen      total 53248K, used 192K [0x00000000e0f80000, 0x00000000e5080000, 0x0000000100000000)
  eden space 41984K, 0% used [0x00000000e0f80000,0x00000000e0f80000,0x00000000e3880000)
  from space 11264K, 1% used [0x00000000e4580000,0x00000000e45b0000,0x00000000e5080000)
  to   space 12288K, 0% used [0x00000000e3880000,0x00000000e3880000,0x00000000e4480000)
 ParOldGen       total 64512K, used 16080K [0x00000000a2e00000, 0x00000000a6d00000, 0x00000000e0f80000)
  object space 64512K, 24% used [0x00000000a2e00000,0x00000000a3db4088,0x00000000a6d00000)
 Metaspace       used 19522K, capacity 19739K, committed 20096K, reserved 1067008K
  class space    used 1834K, capacity 1897K, committed 1920K, reserved 1048576K
}
Event: 150,257 GC heap before
{Heap before GC invocations=11 (full 0):
 PSYoungGen      total 53248K, used 42176K [0x00000000e0f80000, 0x00000000e5080000, 0x0000000100000000)
  eden space 41984K, 100% used [0x00000000e0f80000,0x00000000e3880000,0x00000000e3880000)
  from space 11264K, 1% used [0x00000000e4580000,0x00000000e45b0000,0x00000000e5080000)
  to   space 12288K, 0% used [0x00000000e3880000,0x00000000e3880000,0x00000000e4480000)
 ParOldGen       total 64512K, used 16080K [0x00000000a2e00000, 0x00000000a6d00000, 0x00000000e0f80000)
  object space 64512K, 24% used [0x00000000a2e00000,0x00000000a3db4088,0x00000000a6d00000)
 Metaspace       used 19522K, capacity 19739K, committed 20096K, reserved 1067008K
  class space    used 1834K, capacity 1897K, committed 1920K, reserved 1048576K
Event: 150,259 GC heap after
Heap after GC invocations=11 (full 0):
 PSYoungGen      total 41472K, used 160K [0x00000000e0f80000, 0x00000000e4e80000, 0x0000000100000000)
  eden space 40960K, 0% used [0x00000000e0f80000,0x00000000e0f80000,0x00000000e3780000)
  from space 512K, 31% used [0x00000000e3880000,0x00000000e38a8000,0x00000000e3900000)
  to   space 11776K, 0% used [0x00000000e4300000,0x00000000e4300000,0x00000000e4e80000)
 ParOldGen       total 64512K, used 16096K [0x00000000a2e00000, 0x00000000a6d00000, 0x00000000e0f80000)
  object space 64512K, 24% used [0x00000000a2e00000,0x00000000a3db8088,0x00000000a6d00000)
 Metaspace       used 19522K, capacity 19739K, committed 20096K, reserved 1067008K
  class space    used 1834K, capacity 1897K, committed 1920K, reserved 1048576K
}
Event: 165,841 GC heap before
{Heap before GC invocations=12 (full 0):
 PSYoungGen      total 41472K, used 41120K [0x00000000e0f80000, 0x00000000e4e80000, 0x0000000100000000)
  eden space 40960K, 100% used [0x00000000e0f80000,0x00000000e3780000,0x00000000e3780000)
  from space 512K, 31% used [0x00000000e3880000,0x00000000e38a8000,0x00000000e3900000)
  to   space 11776K, 0% used [0x00000000e4300000,0x00000000e4300000,0x00000000e4e80000)
 ParOldGen       total 64512K, used 16096K [0x00000000a2e00000, 0x00000000a6d00000, 0x00000000e0f80000)
  object space 64512K, 24% used [0x00000000a2e00000,0x00000000a3db8088,0x00000000a6d00000)
 Metaspace       used 19522K, capacity 19739K, committed 20096K, reserved 1067008K
  class space    used 1834K, capacity 1897K, committed 1920K, reserved 1048576K
Event: 165,843 GC heap after
Heap after GC invocations=12 (full 0):
 PSYoungGen      total 49664K, used 160K [0x00000000e0f80000, 0x00000000e4c80000, 0x0000000100000000)
  eden space 39936K, 0% used [0x00000000e0f80000,0x00000000e0f80000,0x00000000e3680000)
  from space 9728K, 1% used [0x00000000e4300000,0x00000000e4328000,0x00000000e4c80000)
  to   space 11264K, 0% used [0x00000000e3680000,0x00000000e3680000,0x00000000e4180000)
 ParOldGen       total 64512K, used 16096K [0x00000000a2e00000, 0x00000000a6d00000, 0x00000000e0f80000)
  object space 64512K, 24% used [0x00000000a2e00000,0x00000000a3db8088,0x00000000a6d00000)
 Metaspace       used 19522K, capacity 19739K, committed 20096K, reserved 1067008K
  class space    used 1834K, capacity 1897K, committed 1920K, reserved 1048576K
}
Event: 181,041 GC heap before
{Heap before GC invocations=13 (full 0):
 PSYoungGen      total 49664K, used 40096K [0x00000000e0f80000, 0x00000000e4c80000, 0x0000000100000000)
  eden space 39936K, 100% used [0x00000000e0f80000,0x00000000e3680000,0x00000000e3680000)
  from space 9728K, 1% used [0x00000000e4300000,0x00000000e4328000,0x00000000e4c80000)
  to   space 11264K, 0% used [0x00000000e3680000,0x00000000e3680000,0x00000000e4180000)
 ParOldGen       total 64512K, used 16096K [0x00000000a2e00000, 0x00000000a6d00000, 0x00000000e0f80000)
  object space 64512K, 24% used [0x00000000a2e00000,0x00000000a3db8088,0x00000000a6d00000)
 Metaspace       used 19522K, capacity 19739K, committed 20096K, reserved 1067008K
  class space    used 1834K, capacity 1897K, committed 1920K, reserved 1048576K
Event: 181,043 GC heap after
Heap after GC invocations=13 (full 0):
 PSYoungGen      total 39424K, used 160K [0x00000000e0f80000, 0x00000000e4b80000, 0x0000000100000000)
  eden space 38912K, 0% used [0x00000000e0f80000,0x00000000e0f80000,0x00000000e3580000)
  from space 512K, 31% used [0x00000000e3680000,0x00000000e36a8000,0x00000000e3700000)
  to   space 11264K, 0% used [0x00000000e4080000,0x00000000e4080000,0x00000000e4b80000)
 ParOldGen       total 64512K, used 16096K [0x00000000a2e00000, 0x00000000a6d00000, 0x00000000e0f80000)
  object space 64512K, 24% used [0x00000000a2e00000,0x00000000a3db8088,0x00000000a6d00000)
 Metaspace       used 19522K, capacity 19739K, committed 20096K, reserved 1067008K
  class space    used 1834K, capacity 1897K, committed 1920K, reserved 1048576K
}
Event: 195,941 GC heap before
{Heap before GC invocations=14 (full 0):
 PSYoungGen      total 39424K, used 39072K [0x00000000e0f80000, 0x00000000e4b80000, 0x0000000100000000)
  eden space 38912K, 100% used [0x00000000e0f80000,0x00000000e3580000,0x00000000e3580000)
  from space 512K, 31% used [0x00000000e3680000,0x00000000e36a8000,0x00000000e3700000)
  to   space 11264K, 0% used [0x00000000e4080000,0x00000000e4080000,0x00000000e4b80000)
 ParOldGen       total 64512K, used 16096K [0x00000000a2e00000, 0x00000000a6d00000, 0x00000000e0f80000)
  object space 64512K, 24% used [0x00000000a2e00000,0x00000000a3db8088,0x00000000a6d00000)
 Metaspace       used 19522K, capacity 19739K, committed 20096K, reserved 1067008K
  class space    used 1834K, capacity 1897K, committed 1920K, reserved 1048576K
Event: 195,943 GC heap after
Heap after GC invocations=14 (full 0):
 PSYoungGen      total 47104K, used 160K [0x00000000e0f80000, 0x00000000e4980000, 0x0000000100000000)
  eden space 37888K, 0% used [0x00000000e0f80000,0x00000000e0f80000,0x00000000e3480000)
  from space 9216K, 1% used [0x00000000e4080000,0x00000000e40a8000,0x00000000e4980000)
  to   space 10752K, 0% used [0x00000000e3480000,0x00000000e3480000,0x00000000e3f00000)
 ParOldGen       total 64512K, used 16096K [0x00000000a2e00000, 0x00000000a6d00000, 0x00000000e0f80000)
  object space 64512K, 24% used [0x00000000a2e00000,0x00000000a3db8088,0x00000000a6d00000)
 Metaspace       used 19522K, capacity 19739K, committed 20096K, reserved 1067008K
  class space    used 1834K, capacity 1897K, committed 1920K, reserved 1048576K
}

