# JRE version: OpenJDK Runtime Environment (8.0_91-b14) (build 1.8.0_91-8u91-b14-3ubuntu1~16.04.1-b14)
# Java VM: OpenJDK 64-Bit Server VM (25.91-b14 mixed mode linux-amd64 compressed oops)
Heap:
 PSYoungGen      total 69120K, used 16822K [0x00000000edc00000, 0x00000000f3500000, 0x0000000100000000)
  eden space 59904K, 21% used [0x00000000edc00000,0x00000000ee855728,0x00000000f1680000)
  from space 9216K, 45% used [0x00000000f1f80000,0x00000000f2398100,0x00000000f2880000)
  to   space 9216K, 0% used [0x00000000f1680000,0x00000000f1680000,0x00000000f1f80000)
 ParOldGen       total 44544K, used 13966K [0x00000000c9400000, 0x00000000cbf80000, 0x00000000edc00000)
  object space 44544K, 31% used [0x00000000c9400000,0x00000000ca1a3b70,0x00000000cbf80000)
 Metaspace       used 21603K, capacity 21865K, committed 22272K, reserved 1069056K
  class space    used 1959K, capacity 2024K, committed 2048K, reserved 1048576K
GC Heap History (10 events):
Event: 9,267 GC heap before
{Heap before GC invocations=5 (full 0):
 PSYoungGen      total 31744K, used 20376K [0x00000000edc00000, 0x00000000efd00000, 0x0000000100000000)
  eden space 29696K, 61% used [0x00000000edc00000,0x00000000eede9880,0x00000000ef900000)
  from space 2048K, 99% used [0x00000000efb00000,0x00000000efcfc8b0,0x00000000efd00000)
  to   space 2048K, 0% used [0x00000000ef900000,0x00000000ef900000,0x00000000efb00000)
 ParOldGen       total 38400K, used 14949K [0x00000000c9400000, 0x00000000cb980000, 0x00000000edc00000)
  object space 38400K, 38% used [0x00000000c9400000,0x00000000ca299698,0x00000000cb980000)
 Metaspace       used 20808K, capacity 21027K, committed 21248K, reserved 1069056K
  class space    used 1951K, capacity 2023K, committed 2048K, reserved 1048576K
Event: 9,289 GC heap after
Heap after GC invocations=5 (full 0):
 PSYoungGen      total 31744K, used 2032K [0x00000000edc00000, 0x00000000f2a00000, 0x0000000100000000)
  eden space 29696K, 0% used [0x00000000edc00000,0x00000000edc00000,0x00000000ef900000)
  from space 2048K, 99% used [0x00000000ef900000,0x00000000efafc080,0x00000000efb00000)
  to   space 10240K, 0% used [0x00000000f2000000,0x00000000f2000000,0x00000000f2a00000)
 ParOldGen       total 38400K, used 17462K [0x00000000c9400000, 0x00000000cb980000, 0x00000000edc00000)
  object space 38400K, 45% used [0x00000000c9400000,0x00000000ca50dbc8,0x00000000cb980000)
 Metaspace       used 20808K, capacity 21027K, committed 21248K, reserved 1069056K
  class space    used 1951K, capacity 2023K, committed 2048K, reserved 1048576K
}
Event: 9,289 GC heap before
{Heap before GC invocations=6 (full 1):
 PSYoungGen      total 31744K, used 2032K [0x00000000edc00000, 0x00000000f2a00000, 0x0000000100000000)
  eden space 29696K, 0% used [0x00000000edc00000,0x00000000edc00000,0x00000000ef900000)
  from space 2048K, 99% used [0x00000000ef900000,0x00000000efafc080,0x00000000efb00000)
  to   space 10240K, 0% used [0x00000000f2000000,0x00000000f2000000,0x00000000f2a00000)
 ParOldGen       total 38400K, used 17462K [0x00000000c9400000, 0x00000000cb980000, 0x00000000edc00000)
  object space 38400K, 45% used [0x00000000c9400000,0x00000000ca50dbc8,0x00000000cb980000)
 Metaspace       used 20808K, capacity 21027K, committed 21248K, reserved 1069056K
  class space    used 1951K, capacity 2023K, committed 2048K, reserved 1048576K
Event: 9,410 GC heap after
Heap after GC invocations=6 (full 1):
 PSYoungGen      total 31744K, used 0K [0x00000000edc00000, 0x00000000f2a00000, 0x0000000100000000)
  eden space 29696K, 0% used [0x00000000edc00000,0x00000000edc00000,0x00000000ef900000)
  from space 2048K, 0% used [0x00000000ef900000,0x00000000ef900000,0x00000000efb00000)
  to   space 10240K, 0% used [0x00000000f2000000,0x00000000f2000000,0x00000000f2a00000)
 ParOldGen       total 44544K, used 13942K [0x00000000c9400000, 0x00000000cbf80000, 0x00000000edc00000)
  object space 44544K, 31% used [0x00000000c9400000,0x00000000ca19db70,0x00000000cbf80000)
 Metaspace       used 20808K, capacity 21027K, committed 21248K, reserved 1069056K
  class space    used 1951K, capacity 2023K, committed 2048K, reserved 1048576K
}
Event: 15,274 GC heap before
{Heap before GC invocations=7 (full 1):
 PSYoungGen      total 31744K, used 29493K [0x00000000edc00000, 0x00000000f2a00000, 0x0000000100000000)
  eden space 29696K, 99% used [0x00000000edc00000,0x00000000ef8cd7f8,0x00000000ef900000)
  from space 2048K, 0% used [0x00000000ef900000,0x00000000ef900000,0x00000000efb00000)
  to   space 10240K, 0% used [0x00000000f2000000,0x00000000f2000000,0x00000000f2a00000)
 ParOldGen       total 44544K, used 13942K [0x00000000c9400000, 0x00000000cbf80000, 0x00000000edc00000)
  object space 44544K, 31% used [0x00000000c9400000,0x00000000ca19db70,0x00000000cbf80000)
 Metaspace       used 21168K, capacity 21347K, committed 21760K, reserved 1069056K
  class space    used 1956K, capacity 2023K, committed 2048K, reserved 1048576K
Event: 15,284 GC heap after
Heap after GC invocations=7 (full 1):
 PSYoungGen      total 47616K, used 4464K [0x00000000edc00000, 0x00000000f2480000, 0x0000000100000000)
  eden space 43008K, 0% used [0x00000000edc00000,0x00000000edc00000,0x00000000f0600000)
  from space 4608K, 96% used [0x00000000f2000000,0x00000000f245c120,0x00000000f2480000)
  to   space 9728K, 0% used [0x00000000f1180000,0x00000000f1180000,0x00000000f1b00000)
 ParOldGen       total 44544K, used 13950K [0x00000000c9400000, 0x00000000cbf80000, 0x00000000edc00000)
  object space 44544K, 31% used [0x00000000c9400000,0x00000000ca19fb70,0x00000000cbf80000)
 Metaspace       used 21168K, capacity 21347K, committed 21760K, reserved 1069056K
  class space    used 1956K, capacity 2023K, committed 2048K, reserved 1048576K
}
Event: 26,378 GC heap before
{Heap before GC invocations=8 (full 1):
 PSYoungGen      total 47616K, used 47472K [0x00000000edc00000, 0x00000000f2480000, 0x0000000100000000)
  eden space 43008K, 100% used [0x00000000edc00000,0x00000000f0600000,0x00000000f0600000)
  from space 4608K, 96% used [0x00000000f2000000,0x00000000f245c120,0x00000000f2480000)
  to   space 9728K, 0% used [0x00000000f1180000,0x00000000f1180000,0x00000000f1b00000)
 ParOldGen       total 44544K, used 13950K [0x00000000c9400000, 0x00000000cbf80000, 0x00000000edc00000)
  object space 44544K, 31% used [0x00000000c9400000,0x00000000ca19fb70,0x00000000cbf80000)
 Metaspace       used 21555K, capacity 21737K, committed 22016K, reserved 1069056K
  class space    used 1957K, capacity 2024K, committed 2048K, reserved 1048576K
Event: 26,396 GC heap after
Heap after GC invocations=8 (full 1):
 PSYoungGen      total 64512K, used 4224K [0x00000000edc00000, 0x00000000f2880000, 0x0000000100000000)
  eden space 54784K, 0% used [0x00000000edc00000,0x00000000edc00000,0x00000000f1180000)
  from space 9728K, 43% used [0x00000000f1180000,0x00000000f15a0100,0x00000000f1b00000)
  to   space 9216K, 0% used [0x00000000f1f80000,0x00000000f1f80000,0x00000000f2880000)
 ParOldGen       total 44544K, used 13958K [0x00000000c9400000, 0x00000000cbf80000, 0x00000000edc00000)
  object space 44544K, 31% used [0x00000000c9400000,0x00000000ca1a1b70,0x00000000cbf80000)
 Metaspace       used 21555K, capacity 21737K, committed 22016K, reserved 1069056K
  class space    used 1957K, capacity 2024K, committed 2048K, reserved 1048576K
}
Event: 41,870 GC heap before
{Heap before GC invocations=9 (full 1):
 PSYoungGen      total 64512K, used 59008K [0x00000000edc00000, 0x00000000f2880000, 0x0000000100000000)
  eden space 54784K, 100% used [0x00000000edc00000,0x00000000f1180000,0x00000000f1180000)
  from space 9728K, 43% used [0x00000000f1180000,0x00000000f15a0100,0x00000000f1b00000)
  to   space 9216K, 0% used [0x00000000f1f80000,0x00000000f1f80000,0x00000000f2880000)
 ParOldGen       total 44544K, used 13958K [0x00000000c9400000, 0x00000000cbf80000, 0x00000000edc00000)
  object space 44544K, 31% used [0x00000000c9400000,0x00000000ca1a1b70,0x00000000cbf80000)
 Metaspace       used 21591K, capacity 21801K, committed 22016K, reserved 1069056K
  class space    used 1957K, capacity 2024K, committed 2048K, reserved 1048576K
Event: 41,887 GC heap after
Heap after GC invocations=9 (full 1):
 PSYoungGen      total 69120K, used 4192K [0x00000000edc00000, 0x00000000f3500000, 0x0000000100000000)
  eden space 59904K, 0% used [0x00000000edc00000,0x00000000edc00000,0x00000000f1680000)
  from space 9216K, 45% used [0x00000000f1f80000,0x00000000f2398100,0x00000000f2880000)
  to   space 9216K, 0% used [0x00000000f1680000,0x00000000f1680000,0x00000000f1f80000)
 ParOldGen       total 44544K, used 13966K [0x00000000c9400000, 0x00000000cbf80000, 0x00000000edc00000)
  object space 44544K, 31% used [0x00000000c9400000,0x00000000ca1a3b70,0x00000000cbf80000)
 Metaspace       used 21591K, capacity 21801K, committed 22016K, reserved 1069056K
  class space    used 1957K, capacity 2024K, committed 2048K, reserved 1048576K
}

