# JRE version: OpenJDK Runtime Environment (8.0_91-b14) (build 1.8.0_91-8u91-b14-3ubuntu1~16.04.1-b14)
# Java VM: OpenJDK 64-Bit Server VM (25.91-b14 mixed mode linux-amd64 compressed oops)
Heap:
 PSYoungGen      total 102912K, used 29267K [0x00000000edc00000, 0x00000000f5900000, 0x0000000100000000)
  eden space 81408K, 14% used [0x00000000edc00000,0x00000000ee7e4800,0x00000000f2b80000)
  from space 21504K, 79% used [0x00000000f4200000,0x00000000f52b0420,0x00000000f5700000)
  to   space 23040K, 0% used [0x00000000f2b80000,0x00000000f2b80000,0x00000000f4200000)
 ParOldGen       total 45056K, used 24080K [0x00000000c9400000, 0x00000000cc000000, 0x00000000edc00000)
  object space 45056K, 53% used [0x00000000c9400000,0x00000000cab842b8,0x00000000cc000000)
 Metaspace       used 21707K, capacity 21929K, committed 22272K, reserved 1069056K
  class space    used 1960K, capacity 2024K, committed 2048K, reserved 1048576K
GC Heap History (10 events):
Event: 18,507 GC heap before
{Heap before GC invocations=9 (full 1):
 PSYoungGen      total 65536K, used 65409K [0x00000000edc00000, 0x00000000f2f00000, 0x0000000100000000)
  eden space 55808K, 100% used [0x00000000edc00000,0x00000000f1280000,0x00000000f1280000)
  from space 9728K, 98% used [0x00000000f1280000,0x00000000f1be0668,0x00000000f1c00000)
  to   space 11264K, 0% used [0x00000000f2400000,0x00000000f2400000,0x00000000f2f00000)
 ParOldGen       total 45056K, used 16624K [0x00000000c9400000, 0x00000000cc000000, 0x00000000edc00000)
  object space 45056K, 36% used [0x00000000c9400000,0x00000000ca43c0e8,0x00000000cc000000)
 Metaspace       used 21340K, capacity 21545K, committed 21760K, reserved 1069056K
  class space    used 1958K, capacity 2024K, committed 2048K, reserved 1048576K
Event: 18,536 GC heap after
Heap after GC invocations=9 (full 1):
 PSYoungGen      total 68608K, used 11248K [0x00000000edc00000, 0x00000000f4a80000, 0x0000000100000000)
  eden space 57344K, 0% used [0x00000000edc00000,0x00000000edc00000,0x00000000f1400000)
  from space 11264K, 99% used [0x00000000f2400000,0x00000000f2efc2e0,0x00000000f2f00000)
  to   space 16384K, 0% used [0x00000000f1400000,0x00000000f1400000,0x00000000f2400000)
 ParOldGen       total 45056K, used 24064K [0x00000000c9400000, 0x00000000cc000000, 0x00000000edc00000)
  object space 45056K, 53% used [0x00000000c9400000,0x00000000cab802b8,0x00000000cc000000)
 Metaspace       used 21340K, capacity 21545K, committed 21760K, reserved 1069056K
  class space    used 1958K, capacity 2024K, committed 2048K, reserved 1048576K
}
Event: 24,132 GC heap before
{Heap before GC invocations=10 (full 1):
 PSYoungGen      total 68608K, used 68592K [0x00000000edc00000, 0x00000000f4a80000, 0x0000000100000000)
  eden space 57344K, 100% used [0x00000000edc00000,0x00000000f1400000,0x00000000f1400000)
  from space 11264K, 99% used [0x00000000f2400000,0x00000000f2efc2e0,0x00000000f2f00000)
  to   space 16384K, 0% used [0x00000000f1400000,0x00000000f1400000,0x00000000f2400000)
 ParOldGen       total 45056K, used 24064K [0x00000000c9400000, 0x00000000cc000000, 0x00000000edc00000)
  object space 45056K, 53% used [0x00000000c9400000,0x00000000cab802b8,0x00000000cc000000)
 Metaspace       used 21666K, capacity 21929K, committed 22272K, reserved 1069056K
  class space    used 1958K, capacity 2024K, committed 2048K, reserved 1048576K
Event: 24,151 GC heap after
Heap after GC invocations=10 (full 1):
 PSYoungGen      total 73728K, used 14160K [0x00000000edc00000, 0x00000000f4480000, 0x0000000100000000)
  eden space 57344K, 0% used [0x00000000edc00000,0x00000000edc00000,0x00000000f1400000)
  from space 16384K, 86% used [0x00000000f1400000,0x00000000f21d4390,0x00000000f2400000)
  to   space 17920K, 0% used [0x00000000f3300000,0x00000000f3300000,0x00000000f4480000)
 ParOldGen       total 45056K, used 24072K [0x00000000c9400000, 0x00000000cc000000, 0x00000000edc00000)
  object space 45056K, 53% used [0x00000000c9400000,0x00000000cab822b8,0x00000000cc000000)
 Metaspace       used 21666K, capacity 21929K, committed 22272K, reserved 1069056K
  class space    used 1958K, capacity 2024K, committed 2048K, reserved 1048576K
}
Event: 33,961 GC heap before
{Heap before GC invocations=11 (full 1):
 PSYoungGen      total 73728K, used 71504K [0x00000000edc00000, 0x00000000f4480000, 0x0000000100000000)
  eden space 57344K, 100% used [0x00000000edc00000,0x00000000f1400000,0x00000000f1400000)
  from space 16384K, 86% used [0x00000000f1400000,0x00000000f21d4390,0x00000000f2400000)
  to   space 17920K, 0% used [0x00000000f3300000,0x00000000f3300000,0x00000000f4480000)
 ParOldGen       total 45056K, used 24072K [0x00000000c9400000, 0x00000000cc000000, 0x00000000edc00000)
  object space 45056K, 53% used [0x00000000c9400000,0x00000000cab822b8,0x00000000cc000000)
 Metaspace       used 21683K, capacity 21929K, committed 22272K, reserved 1069056K
  class space    used 1958K, capacity 2024K, committed 2048K, reserved 1048576K
Event: 33,990 GC heap after
Heap after GC invocations=11 (full 1):
 PSYoungGen      total 87552K, used 14016K [0x00000000edc00000, 0x00000000f4500000, 0x0000000100000000)
  eden space 69632K, 0% used [0x00000000edc00000,0x00000000edc00000,0x00000000f2000000)
  from space 17920K, 78% used [0x00000000f3300000,0x00000000f40b0360,0x00000000f4480000)
  to   space 18944K, 0% used [0x00000000f2000000,0x00000000f2000000,0x00000000f3280000)
 ParOldGen       total 45056K, used 24080K [0x00000000c9400000, 0x00000000cc000000, 0x00000000edc00000)
  object space 45056K, 53% used [0x00000000c9400000,0x00000000cab842b8,0x00000000cc000000)
 Metaspace       used 21683K, capacity 21929K, committed 22272K, reserved 1069056K
  class space    used 1958K, capacity 2024K, committed 2048K, reserved 1048576K
}
Event: 42,868 GC heap before
{Heap before GC invocations=12 (full 1):
 PSYoungGen      total 87552K, used 83648K [0x00000000edc00000, 0x00000000f4500000, 0x0000000100000000)
  eden space 69632K, 100% used [0x00000000edc00000,0x00000000f2000000,0x00000000f2000000)
  from space 17920K, 78% used [0x00000000f3300000,0x00000000f40b0360,0x00000000f4480000)
  to   space 18944K, 0% used [0x00000000f2000000,0x00000000f2000000,0x00000000f3280000)
 ParOldGen       total 45056K, used 24080K [0x00000000c9400000, 0x00000000cc000000, 0x00000000edc00000)
  object space 45056K, 53% used [0x00000000c9400000,0x00000000cab842b8,0x00000000cc000000)
 Metaspace       used 21695K, capacity 21929K, committed 22272K, reserved 1069056K
  class space    used 1958K, capacity 2024K, committed 2048K, reserved 1048576K
Event: 42,890 GC heap after
Heap after GC invocations=12 (full 1):
 PSYoungGen      total 88576K, used 17249K [0x00000000edc00000, 0x00000000f5700000, 0x0000000100000000)
  eden space 69632K, 0% used [0x00000000edc00000,0x00000000edc00000,0x00000000f2000000)
  from space 18944K, 91% used [0x00000000f2000000,0x00000000f30d8440,0x00000000f3280000)
  to   space 21504K, 0% used [0x00000000f4200000,0x00000000f4200000,0x00000000f5700000)
 ParOldGen       total 45056K, used 24080K [0x00000000c9400000, 0x00000000cc000000, 0x00000000edc00000)
  object space 45056K, 53% used [0x00000000c9400000,0x00000000cab842b8,0x00000000cc000000)
 Metaspace       used 21695K, capacity 21929K, committed 22272K, reserved 1069056K
  class space    used 1958K, capacity 2024K, committed 2048K, reserved 1048576K
}
Event: 55,377 GC heap before
{Heap before GC invocations=13 (full 1):
 PSYoungGen      total 88576K, used 86881K [0x00000000edc00000, 0x00000000f5700000, 0x0000000100000000)
  eden space 69632K, 100% used [0x00000000edc00000,0x00000000f2000000,0x00000000f2000000)
  from space 18944K, 91% used [0x00000000f2000000,0x00000000f30d8440,0x00000000f3280000)
  to   space 21504K, 0% used [0x00000000f4200000,0x00000000f4200000,0x00000000f5700000)
 ParOldGen       total 45056K, used 24080K [0x00000000c9400000, 0x00000000cc000000, 0x00000000edc00000)
  object space 45056K, 53% used [0x00000000c9400000,0x00000000cab842b8,0x00000000cc000000)
 Metaspace       used 21695K, capacity 21929K, committed 22272K, reserved 1069056K
  class space    used 1958K, capacity 2024K, committed 2048K, reserved 1048576K
Event: 55,417 GC heap after
Heap after GC invocations=13 (full 1):
 PSYoungGen      total 102912K, used 17089K [0x00000000edc00000, 0x00000000f5900000, 0x0000000100000000)
  eden space 81408K, 0% used [0x00000000edc00000,0x00000000edc00000,0x00000000f2b80000)
  from space 21504K, 79% used [0x00000000f4200000,0x00000000f52b0420,0x00000000f5700000)
  to   space 23040K, 0% used [0x00000000f2b80000,0x00000000f2b80000,0x00000000f4200000)
 ParOldGen       total 45056K, used 24080K [0x00000000c9400000, 0x00000000cc000000, 0x00000000edc00000)
  object space 45056K, 53% used [0x00000000c9400000,0x00000000cab842b8,0x00000000cc000000)
 Metaspace       used 21695K, capacity 21929K, committed 22272K, reserved 1069056K
  class space    used 1958K, capacity 2024K, committed 2048K, reserved 1048576K
}

