# JRE version: Java(TM) SE Runtime Environment (8.0_92-b14) (build 1.8.0_92-b14)
# Java VM: Java HotSpot(TM) 64-Bit Server VM (25.92-b14 mixed mode linux-amd64 compressed oops)
Heap:
 PSYoungGen      total 28160K, used 10964K [0x00000000e0f80000, 0x00000000e4380000, 0x0000000100000000)
  eden space 24576K, 30% used [0x00000000e0f80000,0x00000000e16b7ee8,0x00000000e2780000)
  from space 3584K, 99% used [0x00000000e2780000,0x00000000e2afd320,0x00000000e2b00000)
  to   space 3584K, 0% used [0x00000000e4000000,0x00000000e4000000,0x00000000e4380000)
 ParOldGen       total 64512K, used 14333K [0x00000000a2e00000, 0x00000000a6d00000, 0x00000000e0f80000)
  object space 64512K, 22% used [0x00000000a2e00000,0x00000000a3bff758,0x00000000a6d00000)
 Metaspace       used 20435K, capacity 20689K, committed 20992K, reserved 1069056K
  class space    used 1948K, capacity 2024K, committed 2048K, reserved 1048576K
GC Heap History (6 events):
Event: 0,641 GC heap before
{Heap before GC invocations=1 (full 0):
 PSYoungGen      total 28160K, used 24386K [0x00000000e0f80000, 0x00000000e2e80000, 0x0000000100000000)
  eden space 24576K, 99% used [0x00000000e0f80000,0x00000000e2750a18,0x00000000e2780000)
  from space 3584K, 0% used [0x00000000e2b00000,0x00000000e2b00000,0x00000000e2e80000)
  to   space 3584K, 0% used [0x00000000e2780000,0x00000000e2780000,0x00000000e2b00000)
 ParOldGen       total 64512K, used 0K [0x00000000a2e00000, 0x00000000a6d00000, 0x00000000e0f80000)
  object space 64512K, 0% used [0x00000000a2e00000,0x00000000a2e00000,0x00000000a6d00000)
 Metaspace       used 13455K, capacity 13728K, committed 13952K, reserved 1060864K
  class space    used 1464K, capacity 1545K, committed 1664K, reserved 1048576K
Event: 0,648 GC heap after
Heap after GC invocations=1 (full 0):
 PSYoungGen      total 28160K, used 3576K [0x00000000e0f80000, 0x00000000e4680000, 0x0000000100000000)
  eden space 24576K, 0% used [0x00000000e0f80000,0x00000000e0f80000,0x00000000e2780000)
  from space 3584K, 99% used [0x00000000e2780000,0x00000000e2afe198,0x00000000e2b00000)
  to   space 3584K, 0% used [0x00000000e4300000,0x00000000e4300000,0x00000000e4680000)
 ParOldGen       total 64512K, used 604K [0x00000000a2e00000, 0x00000000a6d00000, 0x00000000e0f80000)
  object space 64512K, 0% used [0x00000000a2e00000,0x00000000a2e97190,0x00000000a6d00000)
 Metaspace       used 13455K, capacity 13728K, committed 13952K, reserved 1060864K
  class space    used 1464K, capacity 1545K, committed 1664K, reserved 1048576K
}
Event: 1,742 GC heap before
{Heap before GC invocations=2 (full 0):
 PSYoungGen      total 28160K, used 27959K [0x00000000e0f80000, 0x00000000e4680000, 0x0000000100000000)
  eden space 24576K, 99% used [0x00000000e0f80000,0x00000000e274faf0,0x00000000e2780000)
  from space 3584K, 99% used [0x00000000e2780000,0x00000000e2afe198,0x00000000e2b00000)
  to   space 3584K, 0% used [0x00000000e4300000,0x00000000e4300000,0x00000000e4680000)
 ParOldGen       total 64512K, used 604K [0x00000000a2e00000, 0x00000000a6d00000, 0x00000000e0f80000)
  object space 64512K, 0% used [0x00000000a2e00000,0x00000000a2e97190,0x00000000a6d00000)
 Metaspace       used 19778K, capacity 19993K, committed 20224K, reserved 1067008K
  class space    used 1933K, capacity 1988K, committed 2048K, reserved 1048576K
Event: 1,752 GC heap after
Heap after GC invocations=2 (full 0):
 PSYoungGen      total 28160K, used 3570K [0x00000000e0f80000, 0x00000000e4680000, 0x0000000100000000)
  eden space 24576K, 0% used [0x00000000e0f80000,0x00000000e0f80000,0x00000000e2780000)
  from space 3584K, 99% used [0x00000000e4300000,0x00000000e467cab0,0x00000000e4680000)
  to   space 3584K, 0% used [0x00000000e2780000,0x00000000e2780000,0x00000000e2b00000)
 ParOldGen       total 64512K, used 7750K [0x00000000a2e00000, 0x00000000a6d00000, 0x00000000e0f80000)
  object space 64512K, 12% used [0x00000000a2e00000,0x00000000a3591a20,0x00000000a6d00000)
 Metaspace       used 19778K, capacity 19993K, committed 20224K, reserved 1067008K
  class space    used 1933K, capacity 1988K, committed 2048K, reserved 1048576K
}
Event: 3,125 GC heap before
{Heap before GC invocations=3 (full 0):
 PSYoungGen      total 28160K, used 28146K [0x00000000e0f80000, 0x00000000e4680000, 0x0000000100000000)
  eden space 24576K, 100% used [0x00000000e0f80000,0x00000000e2780000,0x00000000e2780000)
  from space 3584K, 99% used [0x00000000e4300000,0x00000000e467cab0,0x00000000e4680000)
  to   space 3584K, 0% used [0x00000000e2780000,0x00000000e2780000,0x00000000e2b00000)
 ParOldGen       total 64512K, used 7750K [0x00000000a2e00000, 0x00000000a6d00000, 0x00000000e0f80000)
  object space 64512K, 12% used [0x00000000a2e00000,0x00000000a3591a20,0x00000000a6d00000)
 Metaspace       used 20246K, capacity 20529K, committed 20992K, reserved 1069056K
  class space    used 1943K, capacity 1992K, committed 2048K, reserved 1048576K
Event: 3,137 GC heap after
Heap after GC invocations=3 (full 0):
 PSYoungGen      total 28160K, used 3572K [0x00000000e0f80000, 0x00000000e4380000, 0x0000000100000000)
  eden space 24576K, 0% used [0x00000000e0f80000,0x00000000e0f80000,0x00000000e2780000)
  from space 3584K, 99% used [0x00000000e2780000,0x00000000e2afd320,0x00000000e2b00000)
  to   space 3584K, 0% used [0x00000000e4000000,0x00000000e4000000,0x00000000e4380000)
 ParOldGen       total 64512K, used 14333K [0x00000000a2e00000, 0x00000000a6d00000, 0x00000000e0f80000)
  object space 64512K, 22% used [0x00000000a2e00000,0x00000000a3bff758,0x00000000a6d00000)
 Metaspace       used 20246K, capacity 20529K, committed 20992K, reserved 1069056K
  class space    used 1943K, capacity 1992K, committed 2048K, reserved 1048576K
}

