# JRE version: OpenJDK Runtime Environment (8.0_91-b14) (build 1.8.0_91-8u91-b14-3ubuntu1~16.04.1-b14)
# Java VM: OpenJDK 64-Bit Server VM (25.91-b14 mixed mode linux-amd64 compressed oops)
Heap:
 PSYoungGen      total 61440K, used 13421K [0x00000000edc00000, 0x00000000f1a00000, 0x0000000100000000)
  eden space 59392K, 22% used [0x00000000edc00000,0x00000000ee91b438,0x00000000f1600000)
  from space 2048K, 0% used [0x00000000f1800000,0x00000000f1800000,0x00000000f1a00000)
  to   space 2048K, 0% used [0x00000000f1600000,0x00000000f1600000,0x00000000f1800000)
 ParOldGen       total 45056K, used 13137K [0x00000000c9400000, 0x00000000cc000000, 0x00000000edc00000)
  object space 45056K, 29% used [0x00000000c9400000,0x00000000ca0d4590,0x00000000cc000000)
 Metaspace       used 21035K, capacity 21283K, committed 21504K, reserved 1069056K
  class space    used 1953K, capacity 2023K, committed 2048K, reserved 1048576K
GC Heap History (10 events):
Event: 1,943 GC heap before
{Heap before GC invocations=1 (full 0):
 PSYoungGen      total 16896K, used 14848K [0x00000000edc00000, 0x00000000eee80000, 0x0000000100000000)
  eden space 14848K, 100% used [0x00000000edc00000,0x00000000eea80000,0x00000000eea80000)
  from space 2048K, 0% used [0x00000000eec80000,0x00000000eec80000,0x00000000eee80000)
  to   space 2048K, 0% used [0x00000000eea80000,0x00000000eea80000,0x00000000eec80000)
 ParOldGen       total 38400K, used 0K [0x00000000c9400000, 0x00000000cb980000, 0x00000000edc00000)
  object space 38400K, 0% used [0x00000000c9400000,0x00000000c9400000,0x00000000cb980000)
 Metaspace       used 11709K, capacity 11894K, committed 12032K, reserved 1060864K
  class space    used 1201K, capacity 1276K, committed 1280K, reserved 1048576K
Event: 1,965 GC heap after
Heap after GC invocations=1 (full 0):
 PSYoungGen      total 16896K, used 2036K [0x00000000edc00000, 0x00000000efd00000, 0x0000000100000000)
  eden space 14848K, 0% used [0x00000000edc00000,0x00000000edc00000,0x00000000eea80000)
  from space 2048K, 99% used [0x00000000eea80000,0x00000000eec7d010,0x00000000eec80000)
  to   space 2048K, 0% used [0x00000000efb00000,0x00000000efb00000,0x00000000efd00000)
 ParOldGen       total 38400K, used 890K [0x00000000c9400000, 0x00000000cb980000, 0x00000000edc00000)
  object space 38400K, 2% used [0x00000000c9400000,0x00000000c94de838,0x00000000cb980000)
 Metaspace       used 11709K, capacity 11894K, committed 12032K, reserved 1060864K
  class space    used 1201K, capacity 1276K, committed 1280K, reserved 1048576K
}
Event: 3,131 GC heap before
{Heap before GC invocations=2 (full 0):
 PSYoungGen      total 16896K, used 16884K [0x00000000edc00000, 0x00000000efd00000, 0x0000000100000000)
  eden space 14848K, 100% used [0x00000000edc00000,0x00000000eea80000,0x00000000eea80000)
  from space 2048K, 99% used [0x00000000eea80000,0x00000000eec7d010,0x00000000eec80000)
  to   space 2048K, 0% used [0x00000000efb00000,0x00000000efb00000,0x00000000efd00000)
 ParOldGen       total 38400K, used 890K [0x00000000c9400000, 0x00000000cb980000, 0x00000000edc00000)
  object space 38400K, 2% used [0x00000000c9400000,0x00000000c94de838,0x00000000cb980000)
 Metaspace       used 16444K, capacity 16623K, committed 16768K, reserved 1064960K
  class space    used 1561K, capacity 1631K, committed 1664K, reserved 1048576K
Event: 3,157 GC heap after
Heap after GC invocations=2 (full 0):
 PSYoungGen      total 31744K, used 2034K [0x00000000edc00000, 0x00000000efd00000, 0x0000000100000000)
  eden space 29696K, 0% used [0x00000000edc00000,0x00000000edc00000,0x00000000ef900000)
  from space 2048K, 99% used [0x00000000efb00000,0x00000000efcfc840,0x00000000efd00000)
  to   space 2048K, 0% used [0x00000000ef900000,0x00000000ef900000,0x00000000efb00000)
 ParOldGen       total 38400K, used 2750K [0x00000000c9400000, 0x00000000cb980000, 0x00000000edc00000)
  object space 38400K, 7% used [0x00000000c9400000,0x00000000c96afad8,0x00000000cb980000)
 Metaspace       used 16444K, capacity 16623K, committed 16768K, reserved 1064960K
  class space    used 1561K, capacity 1631K, committed 1664K, reserved 1048576K
}
Event: 6,235 GC heap before
{Heap before GC invocations=3 (full 0):
 PSYoungGen      total 31744K, used 31730K [0x00000000edc00000, 0x00000000efd00000, 0x0000000100000000)
  eden space 29696K, 100% used [0x00000000edc00000,0x00000000ef900000,0x00000000ef900000)
  from space 2048K, 99% used [0x00000000efb00000,0x00000000efcfc840,0x00000000efd00000)
  to   space 2048K, 0% used [0x00000000ef900000,0x00000000ef900000,0x00000000efb00000)
 ParOldGen       total 38400K, used 2750K [0x00000000c9400000, 0x00000000cb980000, 0x00000000edc00000)
  object space 38400K, 7% used [0x00000000c9400000,0x00000000c96afad8,0x00000000cb980000)
 Metaspace       used 20033K, capacity 20257K, committed 20480K, reserved 1067008K
  class space    used 1917K, capacity 1986K, committed 2048K, reserved 1048576K
Event: 6,276 GC heap after
Heap after GC invocations=3 (full 0):
 PSYoungGen      total 31744K, used 2018K [0x00000000edc00000, 0x00000000f1a00000, 0x0000000100000000)
  eden space 29696K, 0% used [0x00000000edc00000,0x00000000edc00000,0x00000000ef900000)
  from space 2048K, 98% used [0x00000000ef900000,0x00000000efaf8870,0x00000000efb00000)
  to   space 2048K, 0% used [0x00000000f1800000,0x00000000f1800000,0x00000000f1a00000)
 ParOldGen       total 38400K, used 12195K [0x00000000c9400000, 0x00000000cb980000, 0x00000000edc00000)
  object space 38400K, 31% used [0x00000000c9400000,0x00000000c9fe8c48,0x00000000cb980000)
 Metaspace       used 20033K, capacity 20257K, committed 20480K, reserved 1067008K
  class space    used 1917K, capacity 1986K, committed 2048K, reserved 1048576K
}
Event: 8,872 GC heap before
{Heap before GC invocations=4 (full 0):
 PSYoungGen      total 31744K, used 21090K [0x00000000edc00000, 0x00000000f1a00000, 0x0000000100000000)
  eden space 29696K, 64% used [0x00000000edc00000,0x00000000eeea0348,0x00000000ef900000)
  from space 2048K, 98% used [0x00000000ef900000,0x00000000efaf8870,0x00000000efb00000)
  to   space 2048K, 0% used [0x00000000f1800000,0x00000000f1800000,0x00000000f1a00000)
 ParOldGen       total 38400K, used 12195K [0x00000000c9400000, 0x00000000cb980000, 0x00000000edc00000)
  object space 38400K, 31% used [0x00000000c9400000,0x00000000c9fe8c48,0x00000000cb980000)
 Metaspace       used 20815K, capacity 21027K, committed 21248K, reserved 1069056K
  class space    used 1951K, capacity 2023K, committed 2048K, reserved 1048576K
Event: 8,903 GC heap after
Heap after GC invocations=4 (full 0):
 PSYoungGen      total 61440K, used 2032K [0x00000000edc00000, 0x00000000f1a00000, 0x0000000100000000)
  eden space 59392K, 0% used [0x00000000edc00000,0x00000000edc00000,0x00000000f1600000)
  from space 2048K, 99% used [0x00000000f1800000,0x00000000f19fc060,0x00000000f1a00000)
  to   space 2048K, 0% used [0x00000000f1600000,0x00000000f1600000,0x00000000f1800000)
 ParOldGen       total 38400K, used 14883K [0x00000000c9400000, 0x00000000cb980000, 0x00000000edc00000)
  object space 38400K, 38% used [0x00000000c9400000,0x00000000ca288cf0,0x00000000cb980000)
 Metaspace       used 20815K, capacity 21027K, committed 21248K, reserved 1069056K
  class space    used 1951K, capacity 2023K, committed 2048K, reserved 1048576K
}
Event: 8,903 GC heap before
{Heap before GC invocations=5 (full 1):
 PSYoungGen      total 61440K, used 2032K [0x00000000edc00000, 0x00000000f1a00000, 0x0000000100000000)
  eden space 59392K, 0% used [0x00000000edc00000,0x00000000edc00000,0x00000000f1600000)
  from space 2048K, 99% used [0x00000000f1800000,0x00000000f19fc060,0x00000000f1a00000)
  to   space 2048K, 0% used [0x00000000f1600000,0x00000000f1600000,0x00000000f1800000)
 ParOldGen       total 38400K, used 14883K [0x00000000c9400000, 0x00000000cb980000, 0x00000000edc00000)
  object space 38400K, 38% used [0x00000000c9400000,0x00000000ca288cf0,0x00000000cb980000)
 Metaspace       used 20815K, capacity 21027K, committed 21248K, reserved 1069056K
  class space    used 1951K, capacity 2023K, committed 2048K, reserved 1048576K
Event: 9,043 GC heap after
Heap after GC invocations=5 (full 1):
 PSYoungGen      total 61440K, used 0K [0x00000000edc00000, 0x00000000f1a00000, 0x0000000100000000)
  eden space 59392K, 0% used [0x00000000edc00000,0x00000000edc00000,0x00000000f1600000)
  from space 2048K, 0% used [0x00000000f1800000,0x00000000f1800000,0x00000000f1a00000)
  to   space 2048K, 0% used [0x00000000f1600000,0x00000000f1600000,0x00000000f1800000)
 ParOldGen       total 45056K, used 13137K [0x00000000c9400000, 0x00000000cc000000, 0x00000000edc00000)
  object space 45056K, 29% used [0x00000000c9400000,0x00000000ca0d4590,0x00000000cc000000)
 Metaspace       used 20815K, capacity 21027K, committed 21248K, reserved 1069056K
  class space    used 1951K, capacity 2023K, committed 2048K, reserved 1048576K
}

