# JRE version: OpenJDK Runtime Environment (8.0_91-b14) (build 1.8.0_91-8u91-b14-3ubuntu1~16.04.1-b14)
# Java VM: OpenJDK 64-Bit Server VM (25.91-b14 mixed mode linux-amd64 compressed oops)
Heap:
 PSYoungGen      total 58880K, used 20829K [0x00000000edc00000, 0x00000000f2a80000, 0x0000000100000000)
  eden space 47616K, 43% used [0x00000000edc00000,0x00000000ef037500,0x00000000f0a80000)
  from space 11264K, 1% used [0x00000000f0a80000,0x00000000f0aa0000,0x00000000f1580000)
  to   space 11264K, 0% used [0x00000000f1f80000,0x00000000f1f80000,0x00000000f2a80000)
 ParOldGen       total 47616K, used 16575K [0x00000000c9400000, 0x00000000cc280000, 0x00000000edc00000)
  object space 47616K, 34% used [0x00000000c9400000,0x00000000ca42ff30,0x00000000cc280000)
 Metaspace       used 21394K, capacity 21609K, committed 22016K, reserved 1069056K
  class space    used 1958K, capacity 2024K, committed 2048K, reserved 1048576K
GC Heap History (10 events):
Event: 6,638 GC heap before
{Heap before GC invocations=4 (full 0):
 PSYoungGen      total 16896K, used 16864K [0x00000000edc00000, 0x00000000efd00000, 0x0000000100000000)
  eden space 14848K, 100% used [0x00000000edc00000,0x00000000eea80000,0x00000000eea80000)
  from space 2048K, 98% used [0x00000000eea80000,0x00000000eec78080,0x00000000eec80000)
  to   space 2048K, 0% used [0x00000000efb00000,0x00000000efb00000,0x00000000efd00000)
 ParOldGen       total 38400K, used 7301K [0x00000000c9400000, 0x00000000cb980000, 0x00000000edc00000)
  object space 38400K, 19% used [0x00000000c9400000,0x00000000c9b217d0,0x00000000cb980000)
 Metaspace       used 20270K, capacity 20481K, committed 20736K, reserved 1069056K
  class space    used 1936K, capacity 2018K, committed 2048K, reserved 1048576K
Event: 6,673 GC heap after
Heap after GC invocations=4 (full 0):
 PSYoungGen      total 31744K, used 2016K [0x00000000edc00000, 0x00000000efd00000, 0x0000000100000000)
  eden space 29696K, 0% used [0x00000000edc00000,0x00000000edc00000,0x00000000ef900000)
  from space 2048K, 98% used [0x00000000efb00000,0x00000000efcf8060,0x00000000efd00000)
  to   space 2048K, 0% used [0x00000000ef900000,0x00000000ef900000,0x00000000efb00000)
 ParOldGen       total 38400K, used 15708K [0x00000000c9400000, 0x00000000cb980000, 0x00000000edc00000)
  object space 38400K, 40% used [0x00000000c9400000,0x00000000ca3570d8,0x00000000cb980000)
 Metaspace       used 20270K, capacity 20481K, committed 20736K, reserved 1069056K
  class space    used 1936K, capacity 2018K, committed 2048K, reserved 1048576K
}
Event: 9,896 GC heap before
{Heap before GC invocations=5 (full 0):
 PSYoungGen      total 31744K, used 28159K [0x00000000edc00000, 0x00000000efd00000, 0x0000000100000000)
  eden space 29696K, 88% used [0x00000000edc00000,0x00000000ef587bf8,0x00000000ef900000)
  from space 2048K, 98% used [0x00000000efb00000,0x00000000efcf8060,0x00000000efd00000)
  to   space 2048K, 0% used [0x00000000ef900000,0x00000000ef900000,0x00000000efb00000)
 ParOldGen       total 38400K, used 15708K [0x00000000c9400000, 0x00000000cb980000, 0x00000000edc00000)
  object space 38400K, 40% used [0x00000000c9400000,0x00000000ca3570d8,0x00000000cb980000)
 Metaspace       used 20831K, capacity 21027K, committed 21248K, reserved 1069056K
  class space    used 1954K, capacity 2023K, committed 2048K, reserved 1048576K
Event: 9,918 GC heap after
Heap after GC invocations=5 (full 0):
 PSYoungGen      total 31744K, used 2016K [0x00000000edc00000, 0x00000000f2a00000, 0x0000000100000000)
  eden space 29696K, 0% used [0x00000000edc00000,0x00000000edc00000,0x00000000ef900000)
  from space 2048K, 98% used [0x00000000ef900000,0x00000000efaf8060,0x00000000efb00000)
  to   space 10240K, 0% used [0x00000000f2000000,0x00000000f2000000,0x00000000f2a00000)
 ParOldGen       total 38400K, used 19434K [0x00000000c9400000, 0x00000000cb980000, 0x00000000edc00000)
  object space 38400K, 50% used [0x00000000c9400000,0x00000000ca6fa9b8,0x00000000cb980000)
 Metaspace       used 20831K, capacity 21027K, committed 21248K, reserved 1069056K
  class space    used 1954K, capacity 2023K, committed 2048K, reserved 1048576K
}
Event: 9,918 GC heap before
{Heap before GC invocations=6 (full 1):
 PSYoungGen      total 31744K, used 2016K [0x00000000edc00000, 0x00000000f2a00000, 0x0000000100000000)
  eden space 29696K, 0% used [0x00000000edc00000,0x00000000edc00000,0x00000000ef900000)
  from space 2048K, 98% used [0x00000000ef900000,0x00000000efaf8060,0x00000000efb00000)
  to   space 10240K, 0% used [0x00000000f2000000,0x00000000f2000000,0x00000000f2a00000)
 ParOldGen       total 38400K, used 19434K [0x00000000c9400000, 0x00000000cb980000, 0x00000000edc00000)
  object space 38400K, 50% used [0x00000000c9400000,0x00000000ca6fa9b8,0x00000000cb980000)
 Metaspace       used 20831K, capacity 21027K, committed 21248K, reserved 1069056K
  class space    used 1954K, capacity 2023K, committed 2048K, reserved 1048576K
Event: 10,046 GC heap after
Heap after GC invocations=6 (full 1):
 PSYoungGen      total 31744K, used 0K [0x00000000edc00000, 0x00000000f2a00000, 0x0000000100000000)
  eden space 29696K, 0% used [0x00000000edc00000,0x00000000edc00000,0x00000000ef900000)
  from space 2048K, 0% used [0x00000000ef900000,0x00000000ef900000,0x00000000efb00000)
  to   space 10240K, 0% used [0x00000000f2000000,0x00000000f2000000,0x00000000f2a00000)
 ParOldGen       total 47616K, used 16559K [0x00000000c9400000, 0x00000000cc280000, 0x00000000edc00000)
  object space 47616K, 34% used [0x00000000c9400000,0x00000000ca42bf30,0x00000000cc280000)
 Metaspace       used 20831K, capacity 21027K, committed 21248K, reserved 1069056K
  class space    used 1954K, capacity 2023K, committed 2048K, reserved 1048576K
}
Event: 19,635 GC heap before
{Heap before GC invocations=7 (full 1):
 PSYoungGen      total 31744K, used 29696K [0x00000000edc00000, 0x00000000f2a00000, 0x0000000100000000)
  eden space 29696K, 100% used [0x00000000edc00000,0x00000000ef900000,0x00000000ef900000)
  from space 2048K, 0% used [0x00000000ef900000,0x00000000ef900000,0x00000000efb00000)
  to   space 10240K, 0% used [0x00000000f2000000,0x00000000f2000000,0x00000000f2a00000)
 ParOldGen       total 47616K, used 16559K [0x00000000c9400000, 0x00000000cc280000, 0x00000000edc00000)
  object space 47616K, 34% used [0x00000000c9400000,0x00000000ca42bf30,0x00000000cc280000)
 Metaspace       used 21283K, capacity 21475K, committed 21760K, reserved 1069056K
  class space    used 1954K, capacity 2023K, committed 2048K, reserved 1048576K
Event: 19,643 GC heap after
Heap after GC invocations=7 (full 1):
 PSYoungGen      total 43008K, used 128K [0x00000000edc00000, 0x00000000f2080000, 0x0000000100000000)
  eden space 42496K, 0% used [0x00000000edc00000,0x00000000edc00000,0x00000000f0580000)
  from space 512K, 25% used [0x00000000f2000000,0x00000000f2020000,0x00000000f2080000)
  to   space 11264K, 0% used [0x00000000f0a80000,0x00000000f0a80000,0x00000000f1580000)
 ParOldGen       total 47616K, used 16567K [0x00000000c9400000, 0x00000000cc280000, 0x00000000edc00000)
  object space 47616K, 34% used [0x00000000c9400000,0x00000000ca42df30,0x00000000cc280000)
 Metaspace       used 21283K, capacity 21475K, committed 21760K, reserved 1069056K
  class space    used 1954K, capacity 2023K, committed 2048K, reserved 1048576K
}
Event: 30,849 GC heap before
{Heap before GC invocations=8 (full 1):
 PSYoungGen      total 43008K, used 42624K [0x00000000edc00000, 0x00000000f2080000, 0x0000000100000000)
  eden space 42496K, 100% used [0x00000000edc00000,0x00000000f0580000,0x00000000f0580000)
  from space 512K, 25% used [0x00000000f2000000,0x00000000f2020000,0x00000000f2080000)
  to   space 11264K, 0% used [0x00000000f0a80000,0x00000000f0a80000,0x00000000f1580000)
 ParOldGen       total 47616K, used 16567K [0x00000000c9400000, 0x00000000cc280000, 0x00000000edc00000)
  object space 47616K, 34% used [0x00000000c9400000,0x00000000ca42df30,0x00000000cc280000)
 Metaspace       used 21345K, capacity 21539K, committed 21760K, reserved 1069056K
  class space    used 1954K, capacity 2023K, committed 2048K, reserved 1048576K
Event: 30,860 GC heap after
Heap after GC invocations=8 (full 1):
 PSYoungGen      total 58880K, used 128K [0x00000000edc00000, 0x00000000f2a80000, 0x0000000100000000)
  eden space 47616K, 0% used [0x00000000edc00000,0x00000000edc00000,0x00000000f0a80000)
  from space 11264K, 1% used [0x00000000f0a80000,0x00000000f0aa0000,0x00000000f1580000)
  to   space 11264K, 0% used [0x00000000f1f80000,0x00000000f1f80000,0x00000000f2a80000)
 ParOldGen       total 47616K, used 16575K [0x00000000c9400000, 0x00000000cc280000, 0x00000000edc00000)
  object space 47616K, 34% used [0x00000000c9400000,0x00000000ca42ff30,0x00000000cc280000)
 Metaspace       used 21345K, capacity 21539K, committed 21760K, reserved 1069056K
  class space    used 1954K, capacity 2023K, committed 2048K, reserved 1048576K
}

