# JRE version: Java(TM) SE Runtime Environment (8.0_92-b14) (build 1.8.0_92-b14)
# Java VM: Java HotSpot(TM) 64-Bit Server VM (25.92-b14 mixed mode linux-amd64 compressed oops)
Heap:
 PSYoungGen      total 28160K, used 15272K [0x00000000e0f80000, 0x00000000e2e80000, 0x0000000100000000)
  eden space 24576K, 47% used [0x00000000e0f80000,0x00000000e1af15d0,0x00000000e2780000)
  from space 3584K, 99% used [0x00000000e2780000,0x00000000e2af8a70,0x00000000e2b00000)
  to   space 3584K, 0% used [0x00000000e2b00000,0x00000000e2b00000,0x00000000e2e80000)
 ParOldGen       total 64512K, used 14451K [0x00000000a2e00000, 0x00000000a6d00000, 0x00000000e0f80000)
  object space 64512K, 22% used [0x00000000a2e00000,0x00000000a3c1ccb8,0x00000000a6d00000)
 Metaspace       used 20460K, capacity 20689K, committed 20992K, reserved 1069056K
  class space    used 1951K, capacity 2024K, committed 2048K, reserved 1048576K
GC Heap History (6 events):
Event: 0,595 GC heap before
{Heap before GC invocations=1 (full 0):
 PSYoungGen      total 28160K, used 24386K [0x00000000e0f80000, 0x00000000e2e80000, 0x0000000100000000)
  eden space 24576K, 99% used [0x00000000e0f80000,0x00000000e27509e8,0x00000000e2780000)
  from space 3584K, 0% used [0x00000000e2b00000,0x00000000e2b00000,0x00000000e2e80000)
  to   space 3584K, 0% used [0x00000000e2780000,0x00000000e2780000,0x00000000e2b00000)
 ParOldGen       total 64512K, used 0K [0x00000000a2e00000, 0x00000000a6d00000, 0x00000000e0f80000)
  object space 64512K, 0% used [0x00000000a2e00000,0x00000000a2e00000,0x00000000a6d00000)
 Metaspace       used 13452K, capacity 13728K, committed 13952K, reserved 1060864K
  class space    used 1465K, capacity 1545K, committed 1664K, reserved 1048576K
Event: 0,601 GC heap after
Heap after GC invocations=1 (full 0):
 PSYoungGen      total 28160K, used 3555K [0x00000000e0f80000, 0x00000000e2e80000, 0x0000000100000000)
  eden space 24576K, 0% used [0x00000000e0f80000,0x00000000e0f80000,0x00000000e2780000)
  from space 3584K, 99% used [0x00000000e2780000,0x00000000e2af8d80,0x00000000e2b00000)
  to   space 3584K, 0% used [0x00000000e2b00000,0x00000000e2b00000,0x00000000e2e80000)
 ParOldGen       total 64512K, used 667K [0x00000000a2e00000, 0x00000000a6d00000, 0x00000000e0f80000)
  object space 64512K, 1% used [0x00000000a2e00000,0x00000000a2ea6e58,0x00000000a6d00000)
 Metaspace       used 13452K, capacity 13728K, committed 13952K, reserved 1060864K
  class space    used 1465K, capacity 1545K, committed 1664K, reserved 1048576K
}
Event: 3,344 GC heap before
{Heap before GC invocations=2 (full 0):
 PSYoungGen      total 28160K, used 28112K [0x00000000e0f80000, 0x00000000e2e80000, 0x0000000100000000)
  eden space 24576K, 99% used [0x00000000e0f80000,0x00000000e277b570,0x00000000e2780000)
  from space 3584K, 99% used [0x00000000e2780000,0x00000000e2af8d80,0x00000000e2b00000)
  to   space 3584K, 0% used [0x00000000e2b00000,0x00000000e2b00000,0x00000000e2e80000)
 ParOldGen       total 64512K, used 667K [0x00000000a2e00000, 0x00000000a6d00000, 0x00000000e0f80000)
  object space 64512K, 1% used [0x00000000a2e00000,0x00000000a2ea6e58,0x00000000a6d00000)
 Metaspace       used 19784K, capacity 19993K, committed 20224K, reserved 1067008K
  class space    used 1933K, capacity 1988K, committed 2048K, reserved 1048576K
Event: 3,355 GC heap after
Heap after GC invocations=2 (full 0):
 PSYoungGen      total 28160K, used 3554K [0x00000000e0f80000, 0x00000000e2e80000, 0x0000000100000000)
  eden space 24576K, 0% used [0x00000000e0f80000,0x00000000e0f80000,0x00000000e2780000)
  from space 3584K, 99% used [0x00000000e2b00000,0x00000000e2e78a60,0x00000000e2e80000)
  to   space 3584K, 0% used [0x00000000e2780000,0x00000000e2780000,0x00000000e2b00000)
 ParOldGen       total 64512K, used 8090K [0x00000000a2e00000, 0x00000000a6d00000, 0x00000000e0f80000)
  object space 64512K, 12% used [0x00000000a2e00000,0x00000000a35e68f8,0x00000000a6d00000)
 Metaspace       used 19784K, capacity 19993K, committed 20224K, reserved 1067008K
  class space    used 1933K, capacity 1988K, committed 2048K, reserved 1048576K
}
Event: 4,763 GC heap before
{Heap before GC invocations=3 (full 0):
 PSYoungGen      total 28160K, used 28125K [0x00000000e0f80000, 0x00000000e2e80000, 0x0000000100000000)
  eden space 24576K, 99% used [0x00000000e0f80000,0x00000000e277eb70,0x00000000e2780000)
  from space 3584K, 99% used [0x00000000e2b00000,0x00000000e2e78a60,0x00000000e2e80000)
  to   space 3584K, 0% used [0x00000000e2780000,0x00000000e2780000,0x00000000e2b00000)
 ParOldGen       total 64512K, used 8090K [0x00000000a2e00000, 0x00000000a6d00000, 0x00000000e0f80000)
  object space 64512K, 12% used [0x00000000a2e00000,0x00000000a35e68f8,0x00000000a6d00000)
 Metaspace       used 20235K, capacity 20465K, committed 20736K, reserved 1069056K
  class space    used 1943K, capacity 1992K, committed 2048K, reserved 1048576K
Event: 4,772 GC heap after
Heap after GC invocations=3 (full 0):
 PSYoungGen      total 28160K, used 3554K [0x00000000e0f80000, 0x00000000e2e80000, 0x0000000100000000)
  eden space 24576K, 0% used [0x00000000e0f80000,0x00000000e0f80000,0x00000000e2780000)
  from space 3584K, 99% used [0x00000000e2780000,0x00000000e2af8a70,0x00000000e2b00000)
  to   space 3584K, 0% used [0x00000000e2b00000,0x00000000e2b00000,0x00000000e2e80000)
 ParOldGen       total 64512K, used 14451K [0x00000000a2e00000, 0x00000000a6d00000, 0x00000000e0f80000)
  object space 64512K, 22% used [0x00000000a2e00000,0x00000000a3c1ccb8,0x00000000a6d00000)
 Metaspace       used 20235K, capacity 20465K, committed 20736K, reserved 1069056K
  class space    used 1943K, capacity 1992K, committed 2048K, reserved 1048576K
}

