# JRE version: Java(TM) SE Runtime Environment (8.0_92-b14) (build 1.8.0_92-b14)
# Java VM: Java HotSpot(TM) 64-Bit Server VM (25.92-b14 mixed mode linux-amd64 compressed oops)
Heap:
 PSYoungGen      total 44544K, used 33796K [0x00000000e0f80000, 0x00000000e4e80000, 0x0000000100000000)
  eden space 44032K, 76% used [0x00000000e0f80000,0x00000000e30313d8,0x00000000e3a80000)
  from space 512K, 62% used [0x00000000e3b80000,0x00000000e3bd0000,0x00000000e3c00000)
  to   space 10240K, 0% used [0x00000000e4480000,0x00000000e4480000,0x00000000e4e80000)
 ParOldGen       total 66048K, used 17881K [0x00000000a2e00000, 0x00000000a6e80000, 0x00000000e0f80000)
  object space 66048K, 27% used [0x00000000a2e00000,0x00000000a3f76658,0x00000000a6e80000)
 Metaspace       used 21514K, capacity 21769K, committed 22064K, reserved 1069056K
  class space    used 2002K, capacity 2058K, committed 2176K, reserved 1048576K
GC Heap History (10 events):
Event: 39,036 GC heap before
{Heap before GC invocations=12 (full 1):
 PSYoungGen      total 52224K, used 41216K [0x00000000e0f80000, 0x00000000e4f80000, 0x0000000100000000)
  eden space 40960K, 100% used [0x00000000e0f80000,0x00000000e3780000,0x00000000e3780000)
  from space 11264K, 2% used [0x00000000e4480000,0x00000000e44c0000,0x00000000e4f80000)
  to   space 12288K, 0% used [0x00000000e3780000,0x00000000e3780000,0x00000000e4380000)
 ParOldGen       total 66048K, used 17857K [0x00000000a2e00000, 0x00000000a6e80000, 0x00000000e0f80000)
  object space 66048K, 27% used [0x00000000a2e00000,0x00000000a3f70658,0x00000000a6e80000)
 Metaspace       used 21487K, capacity 21769K, committed 22064K, reserved 1069056K
  class space    used 2000K, capacity 2058K, committed 2176K, reserved 1048576K
Event: 39,039 GC heap after
Heap after GC invocations=12 (full 1):
 PSYoungGen      total 53248K, used 320K [0x00000000e0f80000, 0x00000000e5200000, 0x0000000100000000)
  eden space 40960K, 0% used [0x00000000e0f80000,0x00000000e0f80000,0x00000000e3780000)
  from space 12288K, 2% used [0x00000000e3780000,0x00000000e37d0000,0x00000000e4380000)
  to   space 12288K, 0% used [0x00000000e4600000,0x00000000e4600000,0x00000000e5200000)
 ParOldGen       total 66048K, used 17857K [0x00000000a2e00000, 0x00000000a6e80000, 0x00000000e0f80000)
  object space 66048K, 27% used [0x00000000a2e00000,0x00000000a3f70658,0x00000000a6e80000)
 Metaspace       used 21487K, capacity 21769K, committed 22064K, reserved 1069056K
  class space    used 2000K, capacity 2058K, committed 2176K, reserved 1048576K
}
Event: 45,386 GC heap before
{Heap before GC invocations=13 (full 1):
 PSYoungGen      total 53248K, used 41280K [0x00000000e0f80000, 0x00000000e5200000, 0x0000000100000000)
  eden space 40960K, 100% used [0x00000000e0f80000,0x00000000e3780000,0x00000000e3780000)
  from space 12288K, 2% used [0x00000000e3780000,0x00000000e37d0000,0x00000000e4380000)
  to   space 12288K, 0% used [0x00000000e4600000,0x00000000e4600000,0x00000000e5200000)
 ParOldGen       total 66048K, used 17857K [0x00000000a2e00000, 0x00000000a6e80000, 0x00000000e0f80000)
  object space 66048K, 27% used [0x00000000a2e00000,0x00000000a3f70658,0x00000000a6e80000)
 Metaspace       used 21487K, capacity 21769K, committed 22064K, reserved 1069056K
  class space    used 2000K, capacity 2058K, committed 2176K, reserved 1048576K
Event: 45,389 GC heap after
Heap after GC invocations=13 (full 1):
 PSYoungGen      total 54784K, used 384K [0x00000000e0f80000, 0x00000000e5100000, 0x0000000100000000)
  eden space 43520K, 0% used [0x00000000e0f80000,0x00000000e0f80000,0x00000000e3a00000)
  from space 11264K, 3% used [0x00000000e4600000,0x00000000e4660000,0x00000000e5100000)
  to   space 11776K, 0% used [0x00000000e3a00000,0x00000000e3a00000,0x00000000e4580000)
 ParOldGen       total 66048K, used 17865K [0x00000000a2e00000, 0x00000000a6e80000, 0x00000000e0f80000)
  object space 66048K, 27% used [0x00000000a2e00000,0x00000000a3f72658,0x00000000a6e80000)
 Metaspace       used 21487K, capacity 21769K, committed 22064K, reserved 1069056K
  class space    used 2000K, capacity 2058K, committed 2176K, reserved 1048576K
}
Event: 53,153 GC heap before
{Heap before GC invocations=14 (full 1):
 PSYoungGen      total 54784K, used 43904K [0x00000000e0f80000, 0x00000000e5100000, 0x0000000100000000)
  eden space 43520K, 100% used [0x00000000e0f80000,0x00000000e3a00000,0x00000000e3a00000)
  from space 11264K, 3% used [0x00000000e4600000,0x00000000e4660000,0x00000000e5100000)
  to   space 11776K, 0% used [0x00000000e3a00000,0x00000000e3a00000,0x00000000e4580000)
 ParOldGen       total 66048K, used 17865K [0x00000000a2e00000, 0x00000000a6e80000, 0x00000000e0f80000)
  object space 66048K, 27% used [0x00000000a2e00000,0x00000000a3f72658,0x00000000a6e80000)
 Metaspace       used 21488K, capacity 21769K, committed 22064K, reserved 1069056K
  class space    used 2000K, capacity 2058K, committed 2176K, reserved 1048576K
Event: 53,156 GC heap after
Heap after GC invocations=14 (full 1):
 PSYoungGen      total 55296K, used 352K [0x00000000e0f80000, 0x00000000e5200000, 0x0000000100000000)
  eden space 43520K, 0% used [0x00000000e0f80000,0x00000000e0f80000,0x00000000e3a00000)
  from space 11776K, 2% used [0x00000000e3a00000,0x00000000e3a58000,0x00000000e4580000)
  to   space 11264K, 0% used [0x00000000e4700000,0x00000000e4700000,0x00000000e5200000)
 ParOldGen       total 66048K, used 17873K [0x00000000a2e00000, 0x00000000a6e80000, 0x00000000e0f80000)
  object space 66048K, 27% used [0x00000000a2e00000,0x00000000a3f74658,0x00000000a6e80000)
 Metaspace       used 21488K, capacity 21769K, committed 22064K, reserved 1069056K
  class space    used 2000K, capacity 2058K, committed 2176K, reserved 1048576K
}
Event: 63,256 GC heap before
{Heap before GC invocations=15 (full 1):
 PSYoungGen      total 55296K, used 43872K [0x00000000e0f80000, 0x00000000e5200000, 0x0000000100000000)
  eden space 43520K, 100% used [0x00000000e0f80000,0x00000000e3a00000,0x00000000e3a00000)
  from space 11776K, 2% used [0x00000000e3a00000,0x00000000e3a58000,0x00000000e4580000)
  to   space 11264K, 0% used [0x00000000e4700000,0x00000000e4700000,0x00000000e5200000)
 ParOldGen       total 66048K, used 17873K [0x00000000a2e00000, 0x00000000a6e80000, 0x00000000e0f80000)
  object space 66048K, 27% used [0x00000000a2e00000,0x00000000a3f74658,0x00000000a6e80000)
 Metaspace       used 21488K, capacity 21769K, committed 22064K, reserved 1069056K
  class space    used 2000K, capacity 2058K, committed 2176K, reserved 1048576K
Event: 63,258 GC heap after
Heap after GC invocations=15 (full 1):
 PSYoungGen      total 54784K, used 320K [0x00000000e0f80000, 0x00000000e5080000, 0x0000000100000000)
  eden space 45056K, 0% used [0x00000000e0f80000,0x00000000e0f80000,0x00000000e3b80000)
  from space 9728K, 3% used [0x00000000e4700000,0x00000000e4750000,0x00000000e5080000)
  to   space 10752K, 0% used [0x00000000e3b80000,0x00000000e3b80000,0x00000000e4600000)
 ParOldGen       total 66048K, used 17881K [0x00000000a2e00000, 0x00000000a6e80000, 0x00000000e0f80000)
  object space 66048K, 27% used [0x00000000a2e00000,0x00000000a3f76658,0x00000000a6e80000)
 Metaspace       used 21488K, capacity 21769K, committed 22064K, reserved 1069056K
  class space    used 2000K, capacity 2058K, committed 2176K, reserved 1048576K
}
Event: 74,104 GC heap before
{Heap before GC invocations=16 (full 1):
 PSYoungGen      total 54784K, used 45376K [0x00000000e0f80000, 0x00000000e5080000, 0x0000000100000000)
  eden space 45056K, 100% used [0x00000000e0f80000,0x00000000e3b80000,0x00000000e3b80000)
  from space 9728K, 3% used [0x00000000e4700000,0x00000000e4750000,0x00000000e5080000)
  to   space 10752K, 0% used [0x00000000e3b80000,0x00000000e3b80000,0x00000000e4600000)
 ParOldGen       total 66048K, used 17881K [0x00000000a2e00000, 0x00000000a6e80000, 0x00000000e0f80000)
  object space 66048K, 27% used [0x00000000a2e00000,0x00000000a3f76658,0x00000000a6e80000)
 Metaspace       used 21488K, capacity 21769K, committed 22064K, reserved 1069056K
  class space    used 2000K, capacity 2058K, committed 2176K, reserved 1048576K
Event: 74,106 GC heap after
Heap after GC invocations=16 (full 1):
 PSYoungGen      total 44544K, used 320K [0x00000000e0f80000, 0x00000000e4e80000, 0x0000000100000000)
  eden space 44032K, 0% used [0x00000000e0f80000,0x00000000e0f80000,0x00000000e3a80000)
  from space 512K, 62% used [0x00000000e3b80000,0x00000000e3bd0000,0x00000000e3c00000)
  to   space 10240K, 0% used [0x00000000e4480000,0x00000000e4480000,0x00000000e4e80000)
 ParOldGen       total 66048K, used 17881K [0x00000000a2e00000, 0x00000000a6e80000, 0x00000000e0f80000)
  object space 66048K, 27% used [0x00000000a2e00000,0x00000000a3f76658,0x00000000a6e80000)
 Metaspace       used 21488K, capacity 21769K, committed 22064K, reserved 1069056K
  class space    used 2000K, capacity 2058K, committed 2176K, reserved 1048576K
}

