# JRE version: Java(TM) SE Runtime Environment (8.0_92-b14) (build 1.8.0_92-b14)
# Java VM: Java HotSpot(TM) 64-Bit Server VM (25.92-b14 mixed mode linux-amd64 compressed oops)
Heap:
 PSYoungGen      total 48640K, used 2540K [0x00000000e0f80000, 0x00000000e4e80000, 0x0000000100000000)
  eden space 35840K, 6% used [0x00000000e0f80000,0x00000000e11b31a8,0x00000000e3280000)
  from space 12800K, 2% used [0x00000000e4200000,0x00000000e4248000,0x00000000e4e80000)
  to   space 14336K, 0% used [0x00000000e3280000,0x00000000e3280000,0x00000000e4080000)
 ParOldGen       total 69120K, used 17849K [0x00000000a2e00000, 0x00000000a7180000, 0x00000000e0f80000)
  object space 69120K, 25% used [0x00000000a2e00000,0x00000000a3f6e468,0x00000000a7180000)
 Metaspace       used 21522K, capacity 21765K, committed 22064K, reserved 1069056K
  class space    used 2002K, capacity 2058K, committed 2176K, reserved 1048576K
GC Heap History (10 events):
Event: 3,249 GC heap before
{Heap before GC invocations=5 (full 1):
 PSYoungGen      total 28160K, used 3554K [0x00000000e0f80000, 0x00000000e2e80000, 0x0000000100000000)
  eden space 24576K, 0% used [0x00000000e0f80000,0x00000000e0f80000,0x00000000e2780000)
  from space 3584K, 99% used [0x00000000e2b00000,0x00000000e2e78aa0,0x00000000e2e80000)
  to   space 3584K, 0% used [0x00000000e2780000,0x00000000e2780000,0x00000000e2b00000)
 ParOldGen       total 64512K, used 17207K [0x00000000a2e00000, 0x00000000a6d00000, 0x00000000e0f80000)
  object space 64512K, 26% used [0x00000000a2e00000,0x00000000a3ecdee0,0x00000000a6d00000)
 Metaspace       used 20786K, capacity 20991K, committed 21296K, reserved 1069056K
  class space    used 1993K, capacity 2057K, committed 2176K, reserved 1048576K
Event: 3,304 GC heap after
Heap after GC invocations=5 (full 1):
 PSYoungGen      total 28160K, used 0K [0x00000000e0f80000, 0x00000000e2e80000, 0x0000000100000000)
  eden space 24576K, 0% used [0x00000000e0f80000,0x00000000e0f80000,0x00000000e2780000)
  from space 3584K, 0% used [0x00000000e2b00000,0x00000000e2b00000,0x00000000e2e80000)
  to   space 3584K, 0% used [0x00000000e2780000,0x00000000e2780000,0x00000000e2b00000)
 ParOldGen       total 69120K, used 17817K [0x00000000a2e00000, 0x00000000a7180000, 0x00000000e0f80000)
  object space 69120K, 25% used [0x00000000a2e00000,0x00000000a3f66468,0x00000000a7180000)
 Metaspace       used 20786K, capacity 20991K, committed 21296K, reserved 1069056K
  class space    used 1993K, capacity 2057K, committed 2176K, reserved 1048576K
}
Event: 8,458 GC heap before
{Heap before GC invocations=6 (full 1):
 PSYoungGen      total 28160K, used 24576K [0x00000000e0f80000, 0x00000000e2e80000, 0x0000000100000000)
  eden space 24576K, 100% used [0x00000000e0f80000,0x00000000e2780000,0x00000000e2780000)
  from space 3584K, 0% used [0x00000000e2b00000,0x00000000e2b00000,0x00000000e2e80000)
  to   space 3584K, 0% used [0x00000000e2780000,0x00000000e2780000,0x00000000e2b00000)
 ParOldGen       total 69120K, used 17817K [0x00000000a2e00000, 0x00000000a7180000, 0x00000000e0f80000)
  object space 69120K, 25% used [0x00000000a2e00000,0x00000000a3f66468,0x00000000a7180000)
 Metaspace       used 21191K, capacity 21439K, committed 21808K, reserved 1069056K
  class space    used 1998K, capacity 2057K, committed 2176K, reserved 1048576K
Event: 8,460 GC heap after
Heap after GC invocations=6 (full 1):
 PSYoungGen      total 28160K, used 288K [0x00000000e0f80000, 0x00000000e4c00000, 0x0000000100000000)
  eden space 24576K, 0% used [0x00000000e0f80000,0x00000000e0f80000,0x00000000e2780000)
  from space 3584K, 8% used [0x00000000e2780000,0x00000000e27c8000,0x00000000e2b00000)
  to   space 14848K, 0% used [0x00000000e3d80000,0x00000000e3d80000,0x00000000e4c00000)
 ParOldGen       total 69120K, used 17825K [0x00000000a2e00000, 0x00000000a7180000, 0x00000000e0f80000)
  object space 69120K, 25% used [0x00000000a2e00000,0x00000000a3f68468,0x00000000a7180000)
 Metaspace       used 21191K, capacity 21439K, committed 21808K, reserved 1069056K
  class space    used 1998K, capacity 2057K, committed 2176K, reserved 1048576K
}
Event: 14,255 GC heap before
{Heap before GC invocations=7 (full 1):
 PSYoungGen      total 28160K, used 24864K [0x00000000e0f80000, 0x00000000e4c00000, 0x0000000100000000)
  eden space 24576K, 100% used [0x00000000e0f80000,0x00000000e2780000,0x00000000e2780000)
  from space 3584K, 8% used [0x00000000e2780000,0x00000000e27c8000,0x00000000e2b00000)
  to   space 14848K, 0% used [0x00000000e3d80000,0x00000000e3d80000,0x00000000e4c00000)
 ParOldGen       total 69120K, used 17825K [0x00000000a2e00000, 0x00000000a7180000, 0x00000000e0f80000)
  object space 69120K, 25% used [0x00000000a2e00000,0x00000000a3f68468,0x00000000a7180000)
 Metaspace       used 21346K, capacity 21567K, committed 22064K, reserved 1069056K
  class space    used 1998K, capacity 2057K, committed 2176K, reserved 1048576K
Event: 14,258 GC heap after
Heap after GC invocations=7 (full 1):
 PSYoungGen      total 44032K, used 320K [0x00000000e0f80000, 0x00000000e4a80000, 0x0000000100000000)
  eden space 30720K, 0% used [0x00000000e0f80000,0x00000000e0f80000,0x00000000e2d80000)
  from space 13312K, 2% used [0x00000000e3d80000,0x00000000e3dd0000,0x00000000e4a80000)
  to   space 14848K, 0% used [0x00000000e2d80000,0x00000000e2d80000,0x00000000e3c00000)
 ParOldGen       total 69120K, used 17833K [0x00000000a2e00000, 0x00000000a7180000, 0x00000000e0f80000)
  object space 69120K, 25% used [0x00000000a2e00000,0x00000000a3f6a468,0x00000000a7180000)
 Metaspace       used 21346K, capacity 21567K, committed 22064K, reserved 1069056K
  class space    used 1998K, capacity 2057K, committed 2176K, reserved 1048576K
}
Event: 21,477 GC heap before
{Heap before GC invocations=8 (full 1):
 PSYoungGen      total 44032K, used 31040K [0x00000000e0f80000, 0x00000000e4a80000, 0x0000000100000000)
  eden space 30720K, 100% used [0x00000000e0f80000,0x00000000e2d80000,0x00000000e2d80000)
  from space 13312K, 2% used [0x00000000e3d80000,0x00000000e3dd0000,0x00000000e4a80000)
  to   space 14848K, 0% used [0x00000000e2d80000,0x00000000e2d80000,0x00000000e3c00000)
 ParOldGen       total 69120K, used 17833K [0x00000000a2e00000, 0x00000000a7180000, 0x00000000e0f80000)
  object space 69120K, 25% used [0x00000000a2e00000,0x00000000a3f6a468,0x00000000a7180000)
 Metaspace       used 21473K, capacity 21765K, committed 22064K, reserved 1069056K
  class space    used 2000K, capacity 2058K, committed 2176K, reserved 1048576K
Event: 21,479 GC heap after
Heap after GC invocations=8 (full 1):
 PSYoungGen      total 45568K, used 384K [0x00000000e0f80000, 0x00000000e5080000, 0x0000000100000000)
  eden space 30720K, 0% used [0x00000000e0f80000,0x00000000e0f80000,0x00000000e2d80000)
  from space 14848K, 2% used [0x00000000e2d80000,0x00000000e2de0000,0x00000000e3c00000)
  to   space 14848K, 0% used [0x00000000e4200000,0x00000000e4200000,0x00000000e5080000)
 ParOldGen       total 69120K, used 17841K [0x00000000a2e00000, 0x00000000a7180000, 0x00000000e0f80000)
  object space 69120K, 25% used [0x00000000a2e00000,0x00000000a3f6c468,0x00000000a7180000)
 Metaspace       used 21473K, capacity 21765K, committed 22064K, reserved 1069056K
  class space    used 2000K, capacity 2058K, committed 2176K, reserved 1048576K
}
Event: 28,554 GC heap before
{Heap before GC invocations=9 (full 1):
 PSYoungGen      total 45568K, used 31104K [0x00000000e0f80000, 0x00000000e5080000, 0x0000000100000000)
  eden space 30720K, 100% used [0x00000000e0f80000,0x00000000e2d80000,0x00000000e2d80000)
  from space 14848K, 2% used [0x00000000e2d80000,0x00000000e2de0000,0x00000000e3c00000)
  to   space 14848K, 0% used [0x00000000e4200000,0x00000000e4200000,0x00000000e5080000)
 ParOldGen       total 69120K, used 17841K [0x00000000a2e00000, 0x00000000a7180000, 0x00000000e0f80000)
  object space 69120K, 25% used [0x00000000a2e00000,0x00000000a3f6c468,0x00000000a7180000)
 Metaspace       used 21511K, capacity 21765K, committed 22064K, reserved 1069056K
  class space    used 2000K, capacity 2058K, committed 2176K, reserved 1048576K
Event: 28,557 GC heap after
Heap after GC invocations=9 (full 1):
 PSYoungGen      total 48640K, used 288K [0x00000000e0f80000, 0x00000000e4e80000, 0x0000000100000000)
  eden space 35840K, 0% used [0x00000000e0f80000,0x00000000e0f80000,0x00000000e3280000)
  from space 12800K, 2% used [0x00000000e4200000,0x00000000e4248000,0x00000000e4e80000)
  to   space 14336K, 0% used [0x00000000e3280000,0x00000000e3280000,0x00000000e4080000)
 ParOldGen       total 69120K, used 17849K [0x00000000a2e00000, 0x00000000a7180000, 0x00000000e0f80000)
  object space 69120K, 25% used [0x00000000a2e00000,0x00000000a3f6e468,0x00000000a7180000)
 Metaspace       used 21511K, capacity 21765K, committed 22064K, reserved 1069056K
  class space    used 2000K, capacity 2058K, committed 2176K, reserved 1048576K
}

