# JRE version: OpenJDK Runtime Environment (8.0_91-b14) (build 1.8.0_91-8u91-b14-3ubuntu1~16.04.1-b14)
# Java VM: OpenJDK 64-Bit Server VM (25.91-b14 mixed mode linux-amd64 compressed oops)
Heap:
 PSYoungGen      total 70656K, used 25200K [0x00000000edc00000, 0x00000000f4400000, 0x0000000100000000)
  eden space 59392K, 42% used [0x00000000edc00000,0x00000000ef464328,0x00000000f1600000)
  from space 11264K, 1% used [0x00000000f1600000,0x00000000f1638000,0x00000000f2100000)
  to   space 11776K, 0% used [0x00000000f3880000,0x00000000f3880000,0x00000000f4400000)
 ParOldGen       total 49664K, used 18005K [0x00000000c9400000, 0x00000000cc480000, 0x00000000edc00000)
  object space 49664K, 36% used [0x00000000c9400000,0x00000000ca595660,0x00000000cc480000)
 Metaspace       used 21411K, capacity 21603K, committed 22016K, reserved 1069056K
  class space    used 1957K, capacity 2023K, committed 2048K, reserved 1048576K
GC Heap History (10 events):
Event: 7,647 GC heap before
{Heap before GC invocations=4 (full 0):
 PSYoungGen      total 16896K, used 16120K [0x00000000edc00000, 0x00000000efd00000, 0x0000000100000000)
  eden space 14848K, 94% used [0x00000000edc00000,0x00000000ee9c1a58,0x00000000eea80000)
  from space 2048K, 99% used [0x00000000eea80000,0x00000000eec7c880,0x00000000eec80000)
  to   space 2048K, 0% used [0x00000000efb00000,0x00000000efb00000,0x00000000efd00000)
 ParOldGen       total 38400K, used 7142K [0x00000000c9400000, 0x00000000cb980000, 0x00000000edc00000)
  object space 38400K, 18% used [0x00000000c9400000,0x00000000c9af98a8,0x00000000cb980000)
 Metaspace       used 19701K, capacity 19905K, committed 20224K, reserved 1067008K
  class space    used 1879K, capacity 1954K, committed 2048K, reserved 1048576K
Event: 7,677 GC heap after
Heap after GC invocations=4 (full 0):
 PSYoungGen      total 31744K, used 2034K [0x00000000edc00000, 0x00000000efd00000, 0x0000000100000000)
  eden space 29696K, 0% used [0x00000000edc00000,0x00000000edc00000,0x00000000ef900000)
  from space 2048K, 99% used [0x00000000efb00000,0x00000000efcfc840,0x00000000efd00000)
  to   space 2048K, 0% used [0x00000000ef900000,0x00000000ef900000,0x00000000efb00000)
 ParOldGen       total 38400K, used 11530K [0x00000000c9400000, 0x00000000cb980000, 0x00000000edc00000)
  object space 38400K, 30% used [0x00000000c9400000,0x00000000c9f429d0,0x00000000cb980000)
 Metaspace       used 19701K, capacity 19905K, committed 20224K, reserved 1067008K
  class space    used 1879K, capacity 1954K, committed 2048K, reserved 1048576K
}
Event: 9,679 GC heap before
{Heap before GC invocations=5 (full 0):
 PSYoungGen      total 31744K, used 31490K [0x00000000edc00000, 0x00000000efd00000, 0x0000000100000000)
  eden space 29696K, 99% used [0x00000000edc00000,0x00000000ef8c41e8,0x00000000ef900000)
  from space 2048K, 99% used [0x00000000efb00000,0x00000000efcfc840,0x00000000efd00000)
  to   space 2048K, 0% used [0x00000000ef900000,0x00000000ef900000,0x00000000efb00000)
 ParOldGen       total 38400K, used 11530K [0x00000000c9400000, 0x00000000cb980000, 0x00000000edc00000)
  object space 38400K, 30% used [0x00000000c9400000,0x00000000c9f429d0,0x00000000cb980000)
 Metaspace       used 20619K, capacity 20807K, committed 20992K, reserved 1069056K
  class space    used 1947K, capacity 2019K, committed 2048K, reserved 1048576K
Event: 9,720 GC heap after
Heap after GC invocations=5 (full 0):
 PSYoungGen      total 31744K, used 2032K [0x00000000edc00000, 0x00000000f2c00000, 0x0000000100000000)
  eden space 29696K, 0% used [0x00000000edc00000,0x00000000edc00000,0x00000000ef900000)
  from space 2048K, 99% used [0x00000000ef900000,0x00000000efafc040,0x00000000efb00000)
  to   space 11264K, 0% used [0x00000000f2100000,0x00000000f2100000,0x00000000f2c00000)
 ParOldGen       total 38400K, used 19654K [0x00000000c9400000, 0x00000000cb980000, 0x00000000edc00000)
  object space 38400K, 51% used [0x00000000c9400000,0x00000000ca731930,0x00000000cb980000)
 Metaspace       used 20619K, capacity 20807K, committed 20992K, reserved 1069056K
  class space    used 1947K, capacity 2019K, committed 2048K, reserved 1048576K
}
Event: 10,735 GC heap before
{Heap before GC invocations=6 (full 0):
 PSYoungGen      total 31744K, used 9264K [0x00000000edc00000, 0x00000000f2c00000, 0x0000000100000000)
  eden space 29696K, 24% used [0x00000000edc00000,0x00000000ee3101e8,0x00000000ef900000)
  from space 2048K, 99% used [0x00000000ef900000,0x00000000efafc040,0x00000000efb00000)
  to   space 11264K, 0% used [0x00000000f2100000,0x00000000f2100000,0x00000000f2c00000)
 ParOldGen       total 38400K, used 19654K [0x00000000c9400000, 0x00000000cb980000, 0x00000000edc00000)
  object space 38400K, 51% used [0x00000000c9400000,0x00000000ca731930,0x00000000cb980000)
 Metaspace       used 20846K, capacity 21027K, committed 21248K, reserved 1069056K
  class space    used 1950K, capacity 2023K, committed 2048K, reserved 1048576K
Event: 10,780 GC heap after
Heap after GC invocations=6 (full 0):
 PSYoungGen      total 70656K, used 2128K [0x00000000edc00000, 0x00000000f2c00000, 0x0000000100000000)
  eden space 59392K, 0% used [0x00000000edc00000,0x00000000edc00000,0x00000000f1600000)
  from space 11264K, 18% used [0x00000000f2100000,0x00000000f2314040,0x00000000f2c00000)
  to   space 11264K, 0% used [0x00000000f1600000,0x00000000f1600000,0x00000000f2100000)
 ParOldGen       total 38400K, used 19654K [0x00000000c9400000, 0x00000000cb980000, 0x00000000edc00000)
  object space 38400K, 51% used [0x00000000c9400000,0x00000000ca731930,0x00000000cb980000)
 Metaspace       used 20846K, capacity 21027K, committed 21248K, reserved 1069056K
  class space    used 1950K, capacity 2023K, committed 2048K, reserved 1048576K
}
Event: 10,780 GC heap before
{Heap before GC invocations=7 (full 1):
 PSYoungGen      total 70656K, used 2128K [0x00000000edc00000, 0x00000000f2c00000, 0x0000000100000000)
  eden space 59392K, 0% used [0x00000000edc00000,0x00000000edc00000,0x00000000f1600000)
  from space 11264K, 18% used [0x00000000f2100000,0x00000000f2314040,0x00000000f2c00000)
  to   space 11264K, 0% used [0x00000000f1600000,0x00000000f1600000,0x00000000f2100000)
 ParOldGen       total 38400K, used 19654K [0x00000000c9400000, 0x00000000cb980000, 0x00000000edc00000)
  object space 38400K, 51% used [0x00000000c9400000,0x00000000ca731930,0x00000000cb980000)
 Metaspace       used 20846K, capacity 21027K, committed 21248K, reserved 1069056K
  class space    used 1950K, capacity 2023K, committed 2048K, reserved 1048576K
Event: 11,051 GC heap after
Heap after GC invocations=7 (full 1):
 PSYoungGen      total 70656K, used 0K [0x00000000edc00000, 0x00000000f2c00000, 0x0000000100000000)
  eden space 59392K, 0% used [0x00000000edc00000,0x00000000edc00000,0x00000000f1600000)
  from space 11264K, 0% used [0x00000000f2100000,0x00000000f2100000,0x00000000f2c00000)
  to   space 11264K, 0% used [0x00000000f1600000,0x00000000f1600000,0x00000000f2100000)
 ParOldGen       total 49664K, used 17997K [0x00000000c9400000, 0x00000000cc480000, 0x00000000edc00000)
  object space 49664K, 36% used [0x00000000c9400000,0x00000000ca593660,0x00000000cc480000)
 Metaspace       used 20846K, capacity 21027K, committed 21248K, reserved 1069056K
  class space    used 1950K, capacity 2023K, committed 2048K, reserved 1048576K
}
Event: 27,985 GC heap before
{Heap before GC invocations=8 (full 1):
 PSYoungGen      total 70656K, used 59392K [0x00000000edc00000, 0x00000000f2c00000, 0x0000000100000000)
  eden space 59392K, 100% used [0x00000000edc00000,0x00000000f1600000,0x00000000f1600000)
  from space 11264K, 0% used [0x00000000f2100000,0x00000000f2100000,0x00000000f2c00000)
  to   space 11264K, 0% used [0x00000000f1600000,0x00000000f1600000,0x00000000f2100000)
 ParOldGen       total 49664K, used 17997K [0x00000000c9400000, 0x00000000cc480000, 0x00000000edc00000)
  object space 49664K, 36% used [0x00000000c9400000,0x00000000ca593660,0x00000000cc480000)
 Metaspace       used 21369K, capacity 21603K, committed 22016K, reserved 1069056K
  class space    used 1953K, capacity 2023K, committed 2048K, reserved 1048576K
Event: 27,990 GC heap after
Heap after GC invocations=8 (full 1):
 PSYoungGen      total 70656K, used 224K [0x00000000edc00000, 0x00000000f4400000, 0x0000000100000000)
  eden space 59392K, 0% used [0x00000000edc00000,0x00000000edc00000,0x00000000f1600000)
  from space 11264K, 1% used [0x00000000f1600000,0x00000000f1638000,0x00000000f2100000)
  to   space 11776K, 0% used [0x00000000f3880000,0x00000000f3880000,0x00000000f4400000)
 ParOldGen       total 49664K, used 18005K [0x00000000c9400000, 0x00000000cc480000, 0x00000000edc00000)
  object space 49664K, 36% used [0x00000000c9400000,0x00000000ca595660,0x00000000cc480000)
 Metaspace       used 21369K, capacity 21603K, committed 22016K, reserved 1069056K
  class space    used 1953K, capacity 2023K, committed 2048K, reserved 1048576K
}

