# JRE version: OpenJDK Runtime Environment (8.0_91-b14) (build 1.8.0_91-8u91-b14-3ubuntu1~16.04.1-b14)
# Java VM: OpenJDK 64-Bit Server VM (25.91-b14 mixed mode linux-amd64 compressed oops)
Heap:
 PSYoungGen      total 39936K, used 4744K [0x00000000edc00000, 0x00000000f0d00000, 0x0000000100000000)
  eden space 29696K, 15% used [0x00000000edc00000,0x00000000ee0a2320,0x00000000ef900000)
  from space 10240K, 0% used [0x00000000f0300000,0x00000000f0300000,0x00000000f0d00000)
  to   space 10240K, 0% used [0x00000000ef900000,0x00000000ef900000,0x00000000f0300000)
 ParOldGen       total 46080K, used 16472K [0x00000000c9400000, 0x00000000cc100000, 0x00000000edc00000)
  object space 46080K, 35% used [0x00000000c9400000,0x00000000ca416120,0x00000000cc100000)
 Metaspace       used 20870K, capacity 21139K, committed 21504K, reserved 1069056K
  class space    used 1949K, capacity 2023K, committed 2048K, reserved 1048576K
GC Heap History (10 events):
Event: 5,943 GC heap before
{Heap before GC invocations=3 (full 0):
 PSYoungGen      total 16896K, used 16880K [0x00000000edc00000, 0x00000000eee80000, 0x0000000100000000)
  eden space 14848K, 100% used [0x00000000edc00000,0x00000000eea80000,0x00000000eea80000)
  from space 2048K, 99% used [0x00000000eec80000,0x00000000eee7c030,0x00000000eee80000)
  to   space 2048K, 0% used [0x00000000eea80000,0x00000000eea80000,0x00000000eec80000)
 ParOldGen       total 38400K, used 3096K [0x00000000c9400000, 0x00000000cb980000, 0x00000000edc00000)
  object space 38400K, 8% used [0x00000000c9400000,0x00000000c9706058,0x00000000cb980000)
 Metaspace       used 17923K, capacity 18117K, committed 18432K, reserved 1067008K
  class space    used 1705K, capacity 1792K, committed 1792K, reserved 1048576K
Event: 5,967 GC heap after
Heap after GC invocations=3 (full 0):
 PSYoungGen      total 16896K, used 2034K [0x00000000edc00000, 0x00000000eee80000, 0x0000000100000000)
  eden space 14848K, 0% used [0x00000000edc00000,0x00000000edc00000,0x00000000eea80000)
  from space 2048K, 99% used [0x00000000eea80000,0x00000000eec7c880,0x00000000eec80000)
  to   space 2048K, 0% used [0x00000000eec80000,0x00000000eec80000,0x00000000eee80000)
 ParOldGen       total 38400K, used 7257K [0x00000000c9400000, 0x00000000cb980000, 0x00000000edc00000)
  object space 38400K, 18% used [0x00000000c9400000,0x00000000c9b167e8,0x00000000cb980000)
 Metaspace       used 17923K, capacity 18117K, committed 18432K, reserved 1067008K
  class space    used 1705K, capacity 1792K, committed 1792K, reserved 1048576K
}
Event: 7,903 GC heap before
{Heap before GC invocations=4 (full 0):
 PSYoungGen      total 16896K, used 16835K [0x00000000edc00000, 0x00000000eee80000, 0x0000000100000000)
  eden space 14848K, 99% used [0x00000000edc00000,0x00000000eea74410,0x00000000eea80000)
  from space 2048K, 99% used [0x00000000eea80000,0x00000000eec7c880,0x00000000eec80000)
  to   space 2048K, 0% used [0x00000000eec80000,0x00000000eec80000,0x00000000eee80000)
 ParOldGen       total 38400K, used 7257K [0x00000000c9400000, 0x00000000cb980000, 0x00000000edc00000)
  object space 38400K, 18% used [0x00000000c9400000,0x00000000c9b167e8,0x00000000cb980000)
 Metaspace       used 20117K, capacity 20305K, committed 20736K, reserved 1069056K
  class space    used 1917K, capacity 1986K, committed 2048K, reserved 1048576K
Event: 7,930 GC heap after
Heap after GC invocations=4 (full 0):
 PSYoungGen      total 16896K, used 2018K [0x00000000edc00000, 0x00000000efd00000, 0x0000000100000000)
  eden space 14848K, 0% used [0x00000000edc00000,0x00000000edc00000,0x00000000eea80000)
  from space 2048K, 98% used [0x00000000eec80000,0x00000000eee78850,0x00000000eee80000)
  to   space 2048K, 0% used [0x00000000eea80000,0x00000000eea80000,0x00000000eec80000)
 ParOldGen       total 38400K, used 15420K [0x00000000c9400000, 0x00000000cb980000, 0x00000000edc00000)
  object space 38400K, 40% used [0x00000000c9400000,0x00000000ca30f190,0x00000000cb980000)
 Metaspace       used 20117K, capacity 20305K, committed 20736K, reserved 1069056K
  class space    used 1917K, capacity 1986K, committed 2048K, reserved 1048576K
}
Event: 9,349 GC heap before
{Heap before GC invocations=5 (full 0):
 PSYoungGen      total 16896K, used 16697K [0x00000000edc00000, 0x00000000efd00000, 0x0000000100000000)
  eden space 14848K, 98% used [0x00000000edc00000,0x00000000eea55ca0,0x00000000eea80000)
  from space 2048K, 98% used [0x00000000eec80000,0x00000000eee78850,0x00000000eee80000)
  to   space 2048K, 0% used [0x00000000eea80000,0x00000000eea80000,0x00000000eec80000)
 ParOldGen       total 38400K, used 15420K [0x00000000c9400000, 0x00000000cb980000, 0x00000000edc00000)
  object space 38400K, 40% used [0x00000000c9400000,0x00000000ca30f190,0x00000000cb980000)
 Metaspace       used 20512K, capacity 20733K, committed 20992K, reserved 1069056K
  class space    used 1939K, capacity 2020K, committed 2048K, reserved 1048576K
Event: 9,377 GC heap after
Heap after GC invocations=5 (full 0):
 PSYoungGen      total 16896K, used 2018K [0x00000000edc00000, 0x00000000f0d00000, 0x0000000100000000)
  eden space 14848K, 0% used [0x00000000edc00000,0x00000000edc00000,0x00000000eea80000)
  from space 2048K, 98% used [0x00000000eea80000,0x00000000eec78850,0x00000000eec80000)
  to   space 10240K, 0% used [0x00000000f0300000,0x00000000f0300000,0x00000000f0d00000)
 ParOldGen       total 38400K, used 18436K [0x00000000c9400000, 0x00000000cb980000, 0x00000000edc00000)
  object space 38400K, 48% used [0x00000000c9400000,0x00000000ca6012a8,0x00000000cb980000)
 Metaspace       used 20512K, capacity 20733K, committed 20992K, reserved 1069056K
  class space    used 1939K, capacity 2020K, committed 2048K, reserved 1048576K
}
Event: 11,263 GC heap before
{Heap before GC invocations=6 (full 0):
 PSYoungGen      total 16896K, used 13524K [0x00000000edc00000, 0x00000000f0d00000, 0x0000000100000000)
  eden space 14848K, 77% used [0x00000000edc00000,0x00000000ee73c958,0x00000000eea80000)
  from space 2048K, 98% used [0x00000000eea80000,0x00000000eec78850,0x00000000eec80000)
  to   space 10240K, 0% used [0x00000000f0300000,0x00000000f0300000,0x00000000f0d00000)
 ParOldGen       total 38400K, used 18436K [0x00000000c9400000, 0x00000000cb980000, 0x00000000edc00000)
  object space 38400K, 48% used [0x00000000c9400000,0x00000000ca6012a8,0x00000000cb980000)
 Metaspace       used 20808K, capacity 21011K, committed 21248K, reserved 1069056K
  class space    used 1947K, capacity 2023K, committed 2048K, reserved 1048576K
Event: 11,288 GC heap after
Heap after GC invocations=6 (full 0):
 PSYoungGen      total 39936K, used 4000K [0x00000000edc00000, 0x00000000f0d00000, 0x0000000100000000)
  eden space 29696K, 0% used [0x00000000edc00000,0x00000000edc00000,0x00000000ef900000)
  from space 10240K, 39% used [0x00000000f0300000,0x00000000f06e8100,0x00000000f0d00000)
  to   space 10240K, 0% used [0x00000000ef900000,0x00000000ef900000,0x00000000f0300000)
 ParOldGen       total 38400K, used 18436K [0x00000000c9400000, 0x00000000cb980000, 0x00000000edc00000)
  object space 38400K, 48% used [0x00000000c9400000,0x00000000ca6012a8,0x00000000cb980000)
 Metaspace       used 20808K, capacity 21011K, committed 21248K, reserved 1069056K
  class space    used 1947K, capacity 2023K, committed 2048K, reserved 1048576K
}
Event: 11,288 GC heap before
{Heap before GC invocations=7 (full 1):
 PSYoungGen      total 39936K, used 4000K [0x00000000edc00000, 0x00000000f0d00000, 0x0000000100000000)
  eden space 29696K, 0% used [0x00000000edc00000,0x00000000edc00000,0x00000000ef900000)
  from space 10240K, 39% used [0x00000000f0300000,0x00000000f06e8100,0x00000000f0d00000)
  to   space 10240K, 0% used [0x00000000ef900000,0x00000000ef900000,0x00000000f0300000)
 ParOldGen       total 38400K, used 18436K [0x00000000c9400000, 0x00000000cb980000, 0x00000000edc00000)
  object space 38400K, 48% used [0x00000000c9400000,0x00000000ca6012a8,0x00000000cb980000)
 Metaspace       used 20808K, capacity 21011K, committed 21248K, reserved 1069056K
  class space    used 1947K, capacity 2023K, committed 2048K, reserved 1048576K
Event: 11,417 GC heap after
Heap after GC invocations=7 (full 1):
 PSYoungGen      total 39936K, used 0K [0x00000000edc00000, 0x00000000f0d00000, 0x0000000100000000)
  eden space 29696K, 0% used [0x00000000edc00000,0x00000000edc00000,0x00000000ef900000)
  from space 10240K, 0% used [0x00000000f0300000,0x00000000f0300000,0x00000000f0d00000)
  to   space 10240K, 0% used [0x00000000ef900000,0x00000000ef900000,0x00000000f0300000)
 ParOldGen       total 46080K, used 16472K [0x00000000c9400000, 0x00000000cc100000, 0x00000000edc00000)
  object space 46080K, 35% used [0x00000000c9400000,0x00000000ca416120,0x00000000cc100000)
 Metaspace       used 20808K, capacity 21011K, committed 21248K, reserved 1069056K
  class space    used 1947K, capacity 2023K, committed 2048K, reserved 1048576K
}

