# JRE version: Java(TM) SE Runtime Environment (8.0_92-b14) (build 1.8.0_92-b14)
# Java VM: Java HotSpot(TM) 64-Bit Server VM (25.92-b14 mixed mode linux-amd64 compressed oops)
Heap:
 PSYoungGen      total 61952K, used 56893K [0x00000000e0f80000, 0x00000000e5400000, 0x0000000100000000)
  eden space 57856K, 98% used [0x00000000e0f80000,0x00000000e46e76f8,0x00000000e4800000)
  from space 4096K, 3% used [0x00000000e5000000,0x00000000e5028000,0x00000000e5400000)
  to   space 6144K, 0% used [0x00000000e4800000,0x00000000e4800000,0x00000000e4e00000)
 ParOldGen       total 70144K, used 18144K [0x00000000a2e00000, 0x00000000a7280000, 0x00000000e0f80000)
  object space 70144K, 25% used [0x00000000a2e00000,0x00000000a3fb8070,0x00000000a7280000)
 Metaspace       used 21471K, capacity 21795K, committed 22064K, reserved 1069056K
  class space    used 2006K, capacity 2089K, committed 2176K, reserved 1048576K
GC Heap History (10 events):
Event: 325,751 GC heap before
{Heap before GC invocations=21 (full 1):
 PSYoungGen      total 66560K, used 66208K [0x00000000e0f80000, 0x00000000e6000000, 0x0000000100000000)
  eden space 66048K, 100% used [0x00000000e0f80000,0x00000000e5000000,0x00000000e5000000)
  from space 512K, 31% used [0x00000000e5200000,0x00000000e5228000,0x00000000e5280000)
  to   space 8192K, 0% used [0x00000000e5800000,0x00000000e5800000,0x00000000e6000000)
 ParOldGen       total 70144K, used 18024K [0x00000000a2e00000, 0x00000000a7280000, 0x00000000e0f80000)
  object space 70144K, 25% used [0x00000000a2e00000,0x00000000a3f9a070,0x00000000a7280000)
 Metaspace       used 21460K, capacity 21731K, committed 22064K, reserved 1069056K
  class space    used 2004K, capacity 2089K, committed 2176K, reserved 1048576K
Event: 325,753 GC heap after
Heap after GC invocations=21 (full 1):
 PSYoungGen      total 69120K, used 256K [0x00000000e0f80000, 0x00000000e5d00000, 0x0000000100000000)
  eden space 64000K, 0% used [0x00000000e0f80000,0x00000000e0f80000,0x00000000e4e00000)
  from space 5120K, 5% used [0x00000000e5800000,0x00000000e5840000,0x00000000e5d00000)
  to   space 7680K, 0% used [0x00000000e4e00000,0x00000000e4e00000,0x00000000e5580000)
 ParOldGen       total 70144K, used 18064K [0x00000000a2e00000, 0x00000000a7280000, 0x00000000e0f80000)
  object space 70144K, 25% used [0x00000000a2e00000,0x00000000a3fa4070,0x00000000a7280000)
 Metaspace       used 21460K, capacity 21731K, committed 22064K, reserved 1069056K
  class space    used 2004K, capacity 2089K, committed 2176K, reserved 1048576K
}
Event: 345,065 GC heap before
{Heap before GC invocations=22 (full 1):
 PSYoungGen      total 69120K, used 64256K [0x00000000e0f80000, 0x00000000e5d00000, 0x0000000100000000)
  eden space 64000K, 100% used [0x00000000e0f80000,0x00000000e4e00000,0x00000000e4e00000)
  from space 5120K, 5% used [0x00000000e5800000,0x00000000e5840000,0x00000000e5d00000)
  to   space 7680K, 0% used [0x00000000e4e00000,0x00000000e4e00000,0x00000000e5580000)
 ParOldGen       total 70144K, used 18064K [0x00000000a2e00000, 0x00000000a7280000, 0x00000000e0f80000)
  object space 70144K, 25% used [0x00000000a2e00000,0x00000000a3fa4070,0x00000000a7280000)
 Metaspace       used 21460K, capacity 21731K, committed 22064K, reserved 1069056K
  class space    used 2004K, capacity 2089K, committed 2176K, reserved 1048576K
Event: 345,068 GC heap after
Heap after GC invocations=22 (full 1):
 PSYoungGen      total 62976K, used 96K [0x00000000e0f80000, 0x00000000e5a80000, 0x0000000100000000)
  eden space 62464K, 0% used [0x00000000e0f80000,0x00000000e0f80000,0x00000000e4c80000)
  from space 512K, 18% used [0x00000000e4e00000,0x00000000e4e18000,0x00000000e4e80000)
  to   space 7168K, 0% used [0x00000000e5380000,0x00000000e5380000,0x00000000e5a80000)
 ParOldGen       total 70144K, used 18072K [0x00000000a2e00000, 0x00000000a7280000, 0x00000000e0f80000)
  object space 70144K, 25% used [0x00000000a2e00000,0x00000000a3fa6070,0x00000000a7280000)
 Metaspace       used 21460K, capacity 21731K, committed 22064K, reserved 1069056K
  class space    used 2004K, capacity 2089K, committed 2176K, reserved 1048576K
}
Event: 363,677 GC heap before
{Heap before GC invocations=23 (full 1):
 PSYoungGen      total 62976K, used 62560K [0x00000000e0f80000, 0x00000000e5a80000, 0x0000000100000000)
  eden space 62464K, 100% used [0x00000000e0f80000,0x00000000e4c80000,0x00000000e4c80000)
  from space 512K, 18% used [0x00000000e4e00000,0x00000000e4e18000,0x00000000e4e80000)
  to   space 7168K, 0% used [0x00000000e5380000,0x00000000e5380000,0x00000000e5a80000)
 ParOldGen       total 70144K, used 18072K [0x00000000a2e00000, 0x00000000a7280000, 0x00000000e0f80000)
  object space 70144K, 25% used [0x00000000a2e00000,0x00000000a3fa6070,0x00000000a7280000)
 Metaspace       used 21460K, capacity 21731K, committed 22064K, reserved 1069056K
  class space    used 2004K, capacity 2089K, committed 2176K, reserved 1048576K
Event: 363,679 GC heap after
Heap after GC invocations=23 (full 1):
 PSYoungGen      total 65536K, used 160K [0x00000000e0f80000, 0x00000000e5800000, 0x0000000100000000)
  eden space 60928K, 0% used [0x00000000e0f80000,0x00000000e0f80000,0x00000000e4b00000)
  from space 4608K, 3% used [0x00000000e5380000,0x00000000e53a8000,0x00000000e5800000)
  to   space 6656K, 0% used [0x00000000e4b00000,0x00000000e4b00000,0x00000000e5180000)
 ParOldGen       total 70144K, used 18112K [0x00000000a2e00000, 0x00000000a7280000, 0x00000000e0f80000)
  object space 70144K, 25% used [0x00000000a2e00000,0x00000000a3fb0070,0x00000000a7280000)
 Metaspace       used 21460K, capacity 21731K, committed 22064K, reserved 1069056K
  class space    used 2004K, capacity 2089K, committed 2176K, reserved 1048576K
}
Event: 382,133 GC heap before
{Heap before GC invocations=24 (full 1):
 PSYoungGen      total 65536K, used 61088K [0x00000000e0f80000, 0x00000000e5800000, 0x0000000100000000)
  eden space 60928K, 100% used [0x00000000e0f80000,0x00000000e4b00000,0x00000000e4b00000)
  from space 4608K, 3% used [0x00000000e5380000,0x00000000e53a8000,0x00000000e5800000)
  to   space 6656K, 0% used [0x00000000e4b00000,0x00000000e4b00000,0x00000000e5180000)
 ParOldGen       total 70144K, used 18112K [0x00000000a2e00000, 0x00000000a7280000, 0x00000000e0f80000)
  object space 70144K, 25% used [0x00000000a2e00000,0x00000000a3fb0070,0x00000000a7280000)
 Metaspace       used 21460K, capacity 21731K, committed 22064K, reserved 1069056K
  class space    used 2004K, capacity 2089K, committed 2176K, reserved 1048576K
Event: 382,135 GC heap after
Heap after GC invocations=24 (full 1):
 PSYoungGen      total 59904K, used 160K [0x00000000e0f80000, 0x00000000e5680000, 0x0000000100000000)
  eden space 59392K, 0% used [0x00000000e0f80000,0x00000000e0f80000,0x00000000e4980000)
  from space 512K, 31% used [0x00000000e4b00000,0x00000000e4b28000,0x00000000e4b80000)
  to   space 6656K, 0% used [0x00000000e5000000,0x00000000e5000000,0x00000000e5680000)
 ParOldGen       total 70144K, used 18136K [0x00000000a2e00000, 0x00000000a7280000, 0x00000000e0f80000)
  object space 70144K, 25% used [0x00000000a2e00000,0x00000000a3fb6070,0x00000000a7280000)
 Metaspace       used 21460K, capacity 21731K, committed 22064K, reserved 1069056K
  class space    used 2004K, capacity 2089K, committed 2176K, reserved 1048576K
}
Event: 399,913 GC heap before
{Heap before GC invocations=25 (full 1):
 PSYoungGen      total 59904K, used 59552K [0x00000000e0f80000, 0x00000000e5680000, 0x0000000100000000)
  eden space 59392K, 100% used [0x00000000e0f80000,0x00000000e4980000,0x00000000e4980000)
  from space 512K, 31% used [0x00000000e4b00000,0x00000000e4b28000,0x00000000e4b80000)
  to   space 6656K, 0% used [0x00000000e5000000,0x00000000e5000000,0x00000000e5680000)
 ParOldGen       total 70144K, used 18136K [0x00000000a2e00000, 0x00000000a7280000, 0x00000000e0f80000)
  object space 70144K, 25% used [0x00000000a2e00000,0x00000000a3fb6070,0x00000000a7280000)
 Metaspace       used 21460K, capacity 21731K, committed 22064K, reserved 1069056K
  class space    used 2004K, capacity 2089K, committed 2176K, reserved 1048576K
Event: 399,916 GC heap after
Heap after GC invocations=25 (full 1):
 PSYoungGen      total 61952K, used 160K [0x00000000e0f80000, 0x00000000e5400000, 0x0000000100000000)
  eden space 57856K, 0% used [0x00000000e0f80000,0x00000000e0f80000,0x00000000e4800000)
  from space 4096K, 3% used [0x00000000e5000000,0x00000000e5028000,0x00000000e5400000)
  to   space 6144K, 0% used [0x00000000e4800000,0x00000000e4800000,0x00000000e4e00000)
 ParOldGen       total 70144K, used 18144K [0x00000000a2e00000, 0x00000000a7280000, 0x00000000e0f80000)
  object space 70144K, 25% used [0x00000000a2e00000,0x00000000a3fb8070,0x00000000a7280000)
 Metaspace       used 21460K, capacity 21731K, committed 22064K, reserved 1069056K
  class space    used 2004K, capacity 2089K, committed 2176K, reserved 1048576K
}

