# JRE version: OpenJDK Runtime Environment (8.0_91-b14) (build 1.8.0_91-8u91-b14-3ubuntu1~16.04.1-b14)
# Java VM: OpenJDK 64-Bit Server VM (25.91-b14 mixed mode linux-amd64 compressed oops)
Heap:
 PSYoungGen      total 70656K, used 34395K [0x00000000edc00000, 0x00000000f2b00000, 0x0000000100000000)
  eden space 63488K, 47% used [0x00000000edc00000,0x00000000ef97eba8,0x00000000f1a00000)
  from space 7168K, 58% used [0x00000000f2400000,0x00000000f2818100,0x00000000f2b00000)
  to   space 8704K, 0% used [0x00000000f1a00000,0x00000000f1a00000,0x00000000f2280000)
 ParOldGen       total 45568K, used 14111K [0x00000000c9400000, 0x00000000cc080000, 0x00000000edc00000)
  object space 45568K, 30% used [0x00000000c9400000,0x00000000ca1c7c90,0x00000000cc080000)
 Metaspace       used 21713K, capacity 21929K, committed 22272K, reserved 1069056K
  class space    used 1964K, capacity 2024K, committed 2048K, reserved 1048576K
GC Heap History (10 events):
Event: 17,810 GC heap before
{Heap before GC invocations=7 (full 1):
 PSYoungGen      total 31744K, used 29696K [0x00000000edc00000, 0x00000000f2a00000, 0x0000000100000000)
  eden space 29696K, 100% used [0x00000000edc00000,0x00000000ef900000,0x00000000ef900000)
  from space 2048K, 0% used [0x00000000ef900000,0x00000000ef900000,0x00000000efb00000)
  to   space 10240K, 0% used [0x00000000f2000000,0x00000000f2000000,0x00000000f2a00000)
 ParOldGen       total 45568K, used 14079K [0x00000000c9400000, 0x00000000cc080000, 0x00000000edc00000)
  object space 45568K, 30% used [0x00000000c9400000,0x00000000ca1bfc90,0x00000000cc080000)
 Metaspace       used 21370K, capacity 21603K, committed 22016K, reserved 1069056K
  class space    used 1960K, capacity 2023K, committed 2048K, reserved 1048576K
Event: 17,828 GC heap after
Heap after GC invocations=7 (full 1):
 PSYoungGen      total 41984K, used 128K [0x00000000edc00000, 0x00000000f2080000, 0x0000000100000000)
  eden space 41472K, 0% used [0x00000000edc00000,0x00000000edc00000,0x00000000f0480000)
  from space 512K, 25% used [0x00000000f2000000,0x00000000f2020000,0x00000000f2080000)
  to   space 10752K, 0% used [0x00000000f0b80000,0x00000000f0b80000,0x00000000f1600000)
 ParOldGen       total 45568K, used 14087K [0x00000000c9400000, 0x00000000cc080000, 0x00000000edc00000)
  object space 45568K, 30% used [0x00000000c9400000,0x00000000ca1c1c90,0x00000000cc080000)
 Metaspace       used 21370K, capacity 21603K, committed 22016K, reserved 1069056K
  class space    used 1960K, capacity 2023K, committed 2048K, reserved 1048576K
}
Event: 23,489 GC heap before
{Heap before GC invocations=8 (full 1):
 PSYoungGen      total 41984K, used 41600K [0x00000000edc00000, 0x00000000f2080000, 0x0000000100000000)
  eden space 41472K, 100% used [0x00000000edc00000,0x00000000f0480000,0x00000000f0480000)
  from space 512K, 25% used [0x00000000f2000000,0x00000000f2020000,0x00000000f2080000)
  to   space 10752K, 0% used [0x00000000f0b80000,0x00000000f0b80000,0x00000000f1600000)
 ParOldGen       total 45568K, used 14087K [0x00000000c9400000, 0x00000000cc080000, 0x00000000edc00000)
  object space 45568K, 30% used [0x00000000c9400000,0x00000000ca1c1c90,0x00000000cc080000)
 Metaspace       used 21495K, capacity 21673K, committed 22016K, reserved 1069056K
  class space    used 1962K, capacity 2024K, committed 2048K, reserved 1048576K
Event: 23,506 GC heap after
Heap after GC invocations=8 (full 1):
 PSYoungGen      total 59392K, used 4720K [0x00000000edc00000, 0x00000000f2680000, 0x0000000100000000)
  eden space 48640K, 0% used [0x00000000edc00000,0x00000000edc00000,0x00000000f0b80000)
  from space 10752K, 43% used [0x00000000f0b80000,0x00000000f101c150,0x00000000f1600000)
  to   space 10240K, 0% used [0x00000000f1c80000,0x00000000f1c80000,0x00000000f2680000)
 ParOldGen       total 45568K, used 14095K [0x00000000c9400000, 0x00000000cc080000, 0x00000000edc00000)
  object space 45568K, 30% used [0x00000000c9400000,0x00000000ca1c3c90,0x00000000cc080000)
 Metaspace       used 21495K, capacity 21673K, committed 22016K, reserved 1069056K
  class space    used 1962K, capacity 2024K, committed 2048K, reserved 1048576K
}
Event: 31,782 GC heap before
{Heap before GC invocations=9 (full 1):
 PSYoungGen      total 59392K, used 53360K [0x00000000edc00000, 0x00000000f2680000, 0x0000000100000000)
  eden space 48640K, 100% used [0x00000000edc00000,0x00000000f0b80000,0x00000000f0b80000)
  from space 10752K, 43% used [0x00000000f0b80000,0x00000000f101c150,0x00000000f1600000)
  to   space 10240K, 0% used [0x00000000f1c80000,0x00000000f1c80000,0x00000000f2680000)
 ParOldGen       total 45568K, used 14095K [0x00000000c9400000, 0x00000000cc080000, 0x00000000edc00000)
  object space 45568K, 30% used [0x00000000c9400000,0x00000000ca1c3c90,0x00000000cc080000)
 Metaspace       used 21536K, capacity 21737K, committed 22016K, reserved 1069056K
  class space    used 1962K, capacity 2024K, committed 2048K, reserved 1048576K
Event: 31,792 GC heap after
Heap after GC invocations=9 (full 1):
 PSYoungGen      total 66560K, used 4368K [0x00000000edc00000, 0x00000000f2c80000, 0x0000000100000000)
  eden space 56320K, 0% used [0x00000000edc00000,0x00000000edc00000,0x00000000f1300000)
  from space 10240K, 42% used [0x00000000f1c80000,0x00000000f20c4130,0x00000000f2680000)
  to   space 9728K, 0% used [0x00000000f1300000,0x00000000f1300000,0x00000000f1c80000)
 ParOldGen       total 45568K, used 14103K [0x00000000c9400000, 0x00000000cc080000, 0x00000000edc00000)
  object space 45568K, 30% used [0x00000000c9400000,0x00000000ca1c5c90,0x00000000cc080000)
 Metaspace       used 21536K, capacity 21737K, committed 22016K, reserved 1069056K
  class space    used 1962K, capacity 2024K, committed 2048K, reserved 1048576K
}
Event: 44,389 GC heap before
{Heap before GC invocations=10 (full 1):
 PSYoungGen      total 66560K, used 60688K [0x00000000edc00000, 0x00000000f2c80000, 0x0000000100000000)
  eden space 56320K, 100% used [0x00000000edc00000,0x00000000f1300000,0x00000000f1300000)
  from space 10240K, 42% used [0x00000000f1c80000,0x00000000f20c4130,0x00000000f2680000)
  to   space 9728K, 0% used [0x00000000f1300000,0x00000000f1300000,0x00000000f1c80000)
 ParOldGen       total 45568K, used 14103K [0x00000000c9400000, 0x00000000cc080000, 0x00000000edc00000)
  object space 45568K, 30% used [0x00000000c9400000,0x00000000ca1c5c90,0x00000000cc080000)
 Metaspace       used 21690K, capacity 21929K, committed 22272K, reserved 1069056K
  class space    used 1962K, capacity 2024K, committed 2048K, reserved 1048576K
Event: 44,399 GC heap after
Heap after GC invocations=10 (full 1):
 PSYoungGen      total 66048K, used 4224K [0x00000000edc00000, 0x00000000f2d00000, 0x0000000100000000)
  eden space 56320K, 0% used [0x00000000edc00000,0x00000000edc00000,0x00000000f1300000)
  from space 9728K, 43% used [0x00000000f1300000,0x00000000f1720100,0x00000000f1c80000)
  to   space 9216K, 0% used [0x00000000f2400000,0x00000000f2400000,0x00000000f2d00000)
 ParOldGen       total 45568K, used 14111K [0x00000000c9400000, 0x00000000cc080000, 0x00000000edc00000)
  object space 45568K, 30% used [0x00000000c9400000,0x00000000ca1c7c90,0x00000000cc080000)
 Metaspace       used 21690K, capacity 21929K, committed 22272K, reserved 1069056K
  class space    used 1962K, capacity 2024K, committed 2048K, reserved 1048576K
}
Event: 58,694 GC heap before
{Heap before GC invocations=11 (full 1):
 PSYoungGen      total 66048K, used 60544K [0x00000000edc00000, 0x00000000f2d00000, 0x0000000100000000)
  eden space 56320K, 100% used [0x00000000edc00000,0x00000000f1300000,0x00000000f1300000)
  from space 9728K, 43% used [0x00000000f1300000,0x00000000f1720100,0x00000000f1c80000)
  to   space 9216K, 0% used [0x00000000f2400000,0x00000000f2400000,0x00000000f2d00000)
 ParOldGen       total 45568K, used 14111K [0x00000000c9400000, 0x00000000cc080000, 0x00000000edc00000)
  object space 45568K, 30% used [0x00000000c9400000,0x00000000ca1c7c90,0x00000000cc080000)
 Metaspace       used 21691K, capacity 21929K, committed 22272K, reserved 1069056K
  class space    used 1962K, capacity 2024K, committed 2048K, reserved 1048576K
Event: 58,707 GC heap after
Heap after GC invocations=11 (full 1):
 PSYoungGen      total 70656K, used 4192K [0x00000000edc00000, 0x00000000f2b00000, 0x0000000100000000)
  eden space 63488K, 0% used [0x00000000edc00000,0x00000000edc00000,0x00000000f1a00000)
  from space 7168K, 58% used [0x00000000f2400000,0x00000000f2818100,0x00000000f2b00000)
  to   space 8704K, 0% used [0x00000000f1a00000,0x00000000f1a00000,0x00000000f2280000)
 ParOldGen       total 45568K, used 14111K [0x00000000c9400000, 0x00000000cc080000, 0x00000000edc00000)
  object space 45568K, 30% used [0x00000000c9400000,0x00000000ca1c7c90,0x00000000cc080000)
 Metaspace       used 21691K, capacity 21929K, committed 22272K, reserved 1069056K
  class space    used 1962K, capacity 2024K, committed 2048K, reserved 1048576K
}

