# JRE version: OpenJDK Runtime Environment (8.0_91-b14) (build 1.8.0_91-8u91-b14-3ubuntu1~16.04.1-b14)
# Java VM: OpenJDK 64-Bit Server VM (25.91-b14 mixed mode linux-amd64 compressed oops)
Heap:
 PSYoungGen      total 59392K, used 44469K [0x00000000edc00000, 0x00000000f2780000, 0x0000000100000000)
  eden space 49152K, 90% used [0x00000000edc00000,0x00000000f0735620,0x00000000f0c00000)
  from space 10240K, 2% used [0x00000000f0c00000,0x00000000f0c38000,0x00000000f1600000)
  to   space 10240K, 0% used [0x00000000f1d80000,0x00000000f1d80000,0x00000000f2780000)
 ParOldGen       total 45056K, used 14757K [0x00000000c9400000, 0x00000000cc000000, 0x00000000edc00000)
  object space 45056K, 32% used [0x00000000c9400000,0x00000000ca269580,0x00000000cc000000)
 Metaspace       used 21414K, capacity 21609K, committed 22016K, reserved 1069056K
  class space    used 1956K, capacity 2024K, committed 2048K, reserved 1048576K
GC Heap History (10 events):
Event: 6,468 GC heap before
{Heap before GC invocations=4 (full 0):
 PSYoungGen      total 16896K, used 16880K [0x00000000edc00000, 0x00000000efd00000, 0x0000000100000000)
  eden space 14848K, 100% used [0x00000000edc00000,0x00000000eea80000,0x00000000eea80000)
  from space 2048K, 99% used [0x00000000eea80000,0x00000000eec7c050,0x00000000eec80000)
  to   space 2048K, 0% used [0x00000000efb00000,0x00000000efb00000,0x00000000efd00000)
 ParOldGen       total 38400K, used 7201K [0x00000000c9400000, 0x00000000cb980000, 0x00000000edc00000)
  object space 38400K, 18% used [0x00000000c9400000,0x00000000c9b086e0,0x00000000cb980000)
 Metaspace       used 20078K, capacity 20257K, committed 20480K, reserved 1067008K
  class space    used 1916K, capacity 1986K, committed 2048K, reserved 1048576K
Event: 6,497 GC heap after
Heap after GC invocations=4 (full 0):
 PSYoungGen      total 31744K, used 2034K [0x00000000edc00000, 0x00000000efd00000, 0x0000000100000000)
  eden space 29696K, 0% used [0x00000000edc00000,0x00000000edc00000,0x00000000ef900000)
  from space 2048K, 99% used [0x00000000efb00000,0x00000000efcfc880,0x00000000efd00000)
  to   space 2048K, 0% used [0x00000000ef900000,0x00000000ef900000,0x00000000efb00000)
 ParOldGen       total 38400K, used 14159K [0x00000000c9400000, 0x00000000cb980000, 0x00000000edc00000)
  object space 38400K, 36% used [0x00000000c9400000,0x00000000ca1d3ee0,0x00000000cb980000)
 Metaspace       used 20078K, capacity 20257K, committed 20480K, reserved 1067008K
  class space    used 1916K, capacity 1986K, committed 2048K, reserved 1048576K
}
Event: 8,913 GC heap before
{Heap before GC invocations=5 (full 0):
 PSYoungGen      total 31744K, used 21032K [0x00000000edc00000, 0x00000000efd00000, 0x0000000100000000)
  eden space 29696K, 63% used [0x00000000edc00000,0x00000000eee8dad0,0x00000000ef900000)
  from space 2048K, 99% used [0x00000000efb00000,0x00000000efcfc880,0x00000000efd00000)
  to   space 2048K, 0% used [0x00000000ef900000,0x00000000ef900000,0x00000000efb00000)
 ParOldGen       total 38400K, used 14159K [0x00000000c9400000, 0x00000000cb980000, 0x00000000edc00000)
  object space 38400K, 36% used [0x00000000c9400000,0x00000000ca1d3ee0,0x00000000cb980000)
 Metaspace       used 20846K, capacity 21027K, committed 21248K, reserved 1069056K
  class space    used 1950K, capacity 2023K, committed 2048K, reserved 1048576K
Event: 8,937 GC heap after
Heap after GC invocations=5 (full 0):
 PSYoungGen      total 31744K, used 2016K [0x00000000edc00000, 0x00000000f2900000, 0x0000000100000000)
  eden space 29696K, 0% used [0x00000000edc00000,0x00000000edc00000,0x00000000ef900000)
  from space 2048K, 98% used [0x00000000ef900000,0x00000000efaf80d0,0x00000000efb00000)
  to   space 9728K, 0% used [0x00000000f1f80000,0x00000000f1f80000,0x00000000f2900000)
 ParOldGen       total 38400K, used 16909K [0x00000000c9400000, 0x00000000cb980000, 0x00000000edc00000)
  object space 38400K, 44% used [0x00000000c9400000,0x00000000ca483408,0x00000000cb980000)
 Metaspace       used 20846K, capacity 21027K, committed 21248K, reserved 1069056K
  class space    used 1950K, capacity 2023K, committed 2048K, reserved 1048576K
}
Event: 8,937 GC heap before
{Heap before GC invocations=6 (full 1):
 PSYoungGen      total 31744K, used 2016K [0x00000000edc00000, 0x00000000f2900000, 0x0000000100000000)
  eden space 29696K, 0% used [0x00000000edc00000,0x00000000edc00000,0x00000000ef900000)
  from space 2048K, 98% used [0x00000000ef900000,0x00000000efaf80d0,0x00000000efb00000)
  to   space 9728K, 0% used [0x00000000f1f80000,0x00000000f1f80000,0x00000000f2900000)
 ParOldGen       total 38400K, used 16909K [0x00000000c9400000, 0x00000000cb980000, 0x00000000edc00000)
  object space 38400K, 44% used [0x00000000c9400000,0x00000000ca483408,0x00000000cb980000)
 Metaspace       used 20846K, capacity 21027K, committed 21248K, reserved 1069056K
  class space    used 1950K, capacity 2023K, committed 2048K, reserved 1048576K
Event: 9,061 GC heap after
Heap after GC invocations=6 (full 1):
 PSYoungGen      total 31744K, used 0K [0x00000000edc00000, 0x00000000f2900000, 0x0000000100000000)
  eden space 29696K, 0% used [0x00000000edc00000,0x00000000edc00000,0x00000000ef900000)
  from space 2048K, 0% used [0x00000000ef900000,0x00000000ef900000,0x00000000efb00000)
  to   space 9728K, 0% used [0x00000000f1f80000,0x00000000f1f80000,0x00000000f2900000)
 ParOldGen       total 45056K, used 14741K [0x00000000c9400000, 0x00000000cc000000, 0x00000000edc00000)
  object space 45056K, 32% used [0x00000000c9400000,0x00000000ca265580,0x00000000cc000000)
 Metaspace       used 20846K, capacity 21027K, committed 21248K, reserved 1069056K
  class space    used 1950K, capacity 2023K, committed 2048K, reserved 1048576K
}
Event: 17,119 GC heap before
{Heap before GC invocations=7 (full 1):
 PSYoungGen      total 31744K, used 29696K [0x00000000edc00000, 0x00000000f2900000, 0x0000000100000000)
  eden space 29696K, 100% used [0x00000000edc00000,0x00000000ef900000,0x00000000ef900000)
  from space 2048K, 0% used [0x00000000ef900000,0x00000000ef900000,0x00000000efb00000)
  to   space 9728K, 0% used [0x00000000f1f80000,0x00000000f1f80000,0x00000000f2900000)
 ParOldGen       total 45056K, used 14741K [0x00000000c9400000, 0x00000000cc000000, 0x00000000edc00000)
  object space 45056K, 32% used [0x00000000c9400000,0x00000000ca265580,0x00000000cc000000)
 Metaspace       used 21219K, capacity 21411K, committed 21760K, reserved 1069056K
  class space    used 1950K, capacity 2023K, committed 2048K, reserved 1048576K
Event: 17,125 GC heap after
Heap after GC invocations=7 (full 1):
 PSYoungGen      total 42496K, used 64K [0x00000000edc00000, 0x00000000f2000000, 0x0000000100000000)
  eden space 41984K, 0% used [0x00000000edc00000,0x00000000edc00000,0x00000000f0500000)
  from space 512K, 12% used [0x00000000f1f80000,0x00000000f1f90000,0x00000000f2000000)
  to   space 10240K, 0% used [0x00000000f0c00000,0x00000000f0c00000,0x00000000f1600000)
 ParOldGen       total 45056K, used 14749K [0x00000000c9400000, 0x00000000cc000000, 0x00000000edc00000)
  object space 45056K, 32% used [0x00000000c9400000,0x00000000ca267580,0x00000000cc000000)
 Metaspace       used 21219K, capacity 21411K, committed 21760K, reserved 1069056K
  class space    used 1950K, capacity 2023K, committed 2048K, reserved 1048576K
}
Event: 28,225 GC heap before
{Heap before GC invocations=8 (full 1):
 PSYoungGen      total 42496K, used 42048K [0x00000000edc00000, 0x00000000f2000000, 0x0000000100000000)
  eden space 41984K, 100% used [0x00000000edc00000,0x00000000f0500000,0x00000000f0500000)
  from space 512K, 12% used [0x00000000f1f80000,0x00000000f1f90000,0x00000000f2000000)
  to   space 10240K, 0% used [0x00000000f0c00000,0x00000000f0c00000,0x00000000f1600000)
 ParOldGen       total 45056K, used 14749K [0x00000000c9400000, 0x00000000cc000000, 0x00000000edc00000)
  object space 45056K, 32% used [0x00000000c9400000,0x00000000ca267580,0x00000000cc000000)
 Metaspace       used 21361K, capacity 21539K, committed 21760K, reserved 1069056K
  class space    used 1953K, capacity 2023K, committed 2048K, reserved 1048576K
Event: 28,230 GC heap after
Heap after GC invocations=8 (full 1):
 PSYoungGen      total 59392K, used 224K [0x00000000edc00000, 0x00000000f2780000, 0x0000000100000000)
  eden space 49152K, 0% used [0x00000000edc00000,0x00000000edc00000,0x00000000f0c00000)
  from space 10240K, 2% used [0x00000000f0c00000,0x00000000f0c38000,0x00000000f1600000)
  to   space 10240K, 0% used [0x00000000f1d80000,0x00000000f1d80000,0x00000000f2780000)
 ParOldGen       total 45056K, used 14757K [0x00000000c9400000, 0x00000000cc000000, 0x00000000edc00000)
  object space 45056K, 32% used [0x00000000c9400000,0x00000000ca269580,0x00000000cc000000)
 Metaspace       used 21361K, capacity 21539K, committed 21760K, reserved 1069056K
  class space    used 1953K, capacity 2023K, committed 2048K, reserved 1048576K
}

