# JRE version: OpenJDK Runtime Environment (8.0_91-b14) (build 1.8.0_91-8u91-b14-3ubuntu1~16.04.1-b14)
# Java VM: OpenJDK 64-Bit Server VM (25.91-b14 mixed mode linux-amd64 compressed oops)
Heap:
 PSYoungGen      total 42496K, used 8028K [0x00000000edc00000, 0x00000000f2000000, 0x0000000100000000)
  eden space 41984K, 18% used [0x00000000edc00000,0x00000000ee3c7328,0x00000000f0500000)
  from space 512K, 12% used [0x00000000f1f80000,0x00000000f1f90000,0x00000000f2000000)
  to   space 10240K, 0% used [0x00000000f0c00000,0x00000000f0c00000,0x00000000f1600000)
 ParOldGen       total 44544K, used 13614K [0x00000000c9400000, 0x00000000cbf80000, 0x00000000edc00000)
  object space 44544K, 30% used [0x00000000c9400000,0x00000000ca14ba98,0x00000000cbf80000)
 Metaspace       used 21320K, capacity 21539K, committed 21760K, reserved 1069056K
  class space    used 1956K, capacity 2023K, committed 2048K, reserved 1048576K
GC Heap History (10 events):
Event: 4,511 GC heap before
{Heap before GC invocations=3 (full 0):
 PSYoungGen      total 16896K, used 16866K [0x00000000edc00000, 0x00000000efd00000, 0x0000000100000000)
  eden space 14848K, 100% used [0x00000000edc00000,0x00000000eea80000,0x00000000eea80000)
  from space 2048K, 98% used [0x00000000eec80000,0x00000000eee78830,0x00000000eee80000)
  to   space 2048K, 0% used [0x00000000eea80000,0x00000000eea80000,0x00000000eec80000)
 ParOldGen       total 38400K, used 2867K [0x00000000c9400000, 0x00000000cb980000, 0x00000000edc00000)
  object space 38400K, 7% used [0x00000000c9400000,0x00000000c96ccc98,0x00000000cb980000)
 Metaspace       used 17880K, capacity 18069K, committed 18432K, reserved 1067008K
  class space    used 1705K, capacity 1792K, committed 1792K, reserved 1048576K
Event: 4,536 GC heap after
Heap after GC invocations=3 (full 0):
 PSYoungGen      total 16896K, used 2018K [0x00000000edc00000, 0x00000000efd00000, 0x0000000100000000)
  eden space 14848K, 0% used [0x00000000edc00000,0x00000000edc00000,0x00000000eea80000)
  from space 2048K, 98% used [0x00000000eea80000,0x00000000eec78870,0x00000000eec80000)
  to   space 2048K, 0% used [0x00000000efb00000,0x00000000efb00000,0x00000000efd00000)
 ParOldGen       total 38400K, used 7119K [0x00000000c9400000, 0x00000000cb980000, 0x00000000edc00000)
  object space 38400K, 18% used [0x00000000c9400000,0x00000000c9af3e30,0x00000000cb980000)
 Metaspace       used 17880K, capacity 18069K, committed 18432K, reserved 1067008K
  class space    used 1705K, capacity 1792K, committed 1792K, reserved 1048576K
}
Event: 6,353 GC heap before
{Heap before GC invocations=4 (full 0):
 PSYoungGen      total 16896K, used 16864K [0x00000000edc00000, 0x00000000efd00000, 0x0000000100000000)
  eden space 14848K, 99% used [0x00000000edc00000,0x00000000eea7f8e0,0x00000000eea80000)
  from space 2048K, 98% used [0x00000000eea80000,0x00000000eec78870,0x00000000eec80000)
  to   space 2048K, 0% used [0x00000000efb00000,0x00000000efb00000,0x00000000efd00000)
 ParOldGen       total 38400K, used 7119K [0x00000000c9400000, 0x00000000cb980000, 0x00000000edc00000)
  object space 38400K, 18% used [0x00000000c9400000,0x00000000c9af3e30,0x00000000cb980000)
 Metaspace       used 20062K, capacity 20257K, committed 20480K, reserved 1067008K
  class space    used 1918K, capacity 1986K, committed 2048K, reserved 1048576K
Event: 6,380 GC heap after
Heap after GC invocations=4 (full 0):
 PSYoungGen      total 31744K, used 2018K [0x00000000edc00000, 0x00000000efd00000, 0x0000000100000000)
  eden space 29696K, 0% used [0x00000000edc00000,0x00000000edc00000,0x00000000ef900000)
  from space 2048K, 98% used [0x00000000efb00000,0x00000000efcf88a0,0x00000000efd00000)
  to   space 2048K, 0% used [0x00000000ef900000,0x00000000ef900000,0x00000000efb00000)
 ParOldGen       total 38400K, used 14224K [0x00000000c9400000, 0x00000000cb980000, 0x00000000edc00000)
  object space 38400K, 37% used [0x00000000c9400000,0x00000000ca1e4140,0x00000000cb980000)
 Metaspace       used 20062K, capacity 20257K, committed 20480K, reserved 1067008K
  class space    used 1918K, capacity 1986K, committed 2048K, reserved 1048576K
}
Event: 8,922 GC heap before
{Heap before GC invocations=5 (full 0):
 PSYoungGen      total 31744K, used 19390K [0x00000000edc00000, 0x00000000efd00000, 0x0000000100000000)
  eden space 29696K, 58% used [0x00000000edc00000,0x00000000eecf70e8,0x00000000ef900000)
  from space 2048K, 98% used [0x00000000efb00000,0x00000000efcf88a0,0x00000000efd00000)
  to   space 2048K, 0% used [0x00000000ef900000,0x00000000ef900000,0x00000000efb00000)
 ParOldGen       total 38400K, used 14224K [0x00000000c9400000, 0x00000000cb980000, 0x00000000edc00000)
  object space 38400K, 37% used [0x00000000c9400000,0x00000000ca1e4140,0x00000000cb980000)
 Metaspace       used 20829K, capacity 21027K, committed 21248K, reserved 1069056K
  class space    used 1952K, capacity 2023K, committed 2048K, reserved 1048576K
Event: 8,944 GC heap after
Heap after GC invocations=5 (full 0):
 PSYoungGen      total 31744K, used 2018K [0x00000000edc00000, 0x00000000f2900000, 0x0000000100000000)
  eden space 29696K, 0% used [0x00000000edc00000,0x00000000edc00000,0x00000000ef900000)
  from space 2048K, 98% used [0x00000000ef900000,0x00000000efaf8910,0x00000000efb00000)
  to   space 9728K, 0% used [0x00000000f1f80000,0x00000000f1f80000,0x00000000f2900000)
 ParOldGen       total 38400K, used 16543K [0x00000000c9400000, 0x00000000cb980000, 0x00000000edc00000)
  object space 38400K, 43% used [0x00000000c9400000,0x00000000ca427ff8,0x00000000cb980000)
 Metaspace       used 20829K, capacity 21027K, committed 21248K, reserved 1069056K
  class space    used 1952K, capacity 2023K, committed 2048K, reserved 1048576K
}
Event: 8,944 GC heap before
{Heap before GC invocations=6 (full 1):
 PSYoungGen      total 31744K, used 2018K [0x00000000edc00000, 0x00000000f2900000, 0x0000000100000000)
  eden space 29696K, 0% used [0x00000000edc00000,0x00000000edc00000,0x00000000ef900000)
  from space 2048K, 98% used [0x00000000ef900000,0x00000000efaf8910,0x00000000efb00000)
  to   space 9728K, 0% used [0x00000000f1f80000,0x00000000f1f80000,0x00000000f2900000)
 ParOldGen       total 38400K, used 16543K [0x00000000c9400000, 0x00000000cb980000, 0x00000000edc00000)
  object space 38400K, 43% used [0x00000000c9400000,0x00000000ca427ff8,0x00000000cb980000)
 Metaspace       used 20829K, capacity 21027K, committed 21248K, reserved 1069056K
  class space    used 1952K, capacity 2023K, committed 2048K, reserved 1048576K
Event: 9,063 GC heap after
Heap after GC invocations=6 (full 1):
 PSYoungGen      total 31744K, used 0K [0x00000000edc00000, 0x00000000f2900000, 0x0000000100000000)
  eden space 29696K, 0% used [0x00000000edc00000,0x00000000edc00000,0x00000000ef900000)
  from space 2048K, 0% used [0x00000000ef900000,0x00000000ef900000,0x00000000efb00000)
  to   space 9728K, 0% used [0x00000000f1f80000,0x00000000f1f80000,0x00000000f2900000)
 ParOldGen       total 44544K, used 13606K [0x00000000c9400000, 0x00000000cbf80000, 0x00000000edc00000)
  object space 44544K, 30% used [0x00000000c9400000,0x00000000ca149a98,0x00000000cbf80000)
 Metaspace       used 20829K, capacity 21027K, committed 21248K, reserved 1069056K
  class space    used 1952K, capacity 2023K, committed 2048K, reserved 1048576K
}
Event: 20,423 GC heap before
{Heap before GC invocations=7 (full 1):
 PSYoungGen      total 31744K, used 29696K [0x00000000edc00000, 0x00000000f2900000, 0x0000000100000000)
  eden space 29696K, 100% used [0x00000000edc00000,0x00000000ef900000,0x00000000ef900000)
  from space 2048K, 0% used [0x00000000ef900000,0x00000000ef900000,0x00000000efb00000)
  to   space 9728K, 0% used [0x00000000f1f80000,0x00000000f1f80000,0x00000000f2900000)
 ParOldGen       total 44544K, used 13606K [0x00000000c9400000, 0x00000000cbf80000, 0x00000000edc00000)
  object space 44544K, 30% used [0x00000000c9400000,0x00000000ca149a98,0x00000000cbf80000)
 Metaspace       used 21310K, capacity 21539K, committed 21760K, reserved 1069056K
  class space    used 1954K, capacity 2023K, committed 2048K, reserved 1048576K
Event: 20,427 GC heap after
Heap after GC invocations=7 (full 1):
 PSYoungGen      total 42496K, used 64K [0x00000000edc00000, 0x00000000f2000000, 0x0000000100000000)
  eden space 41984K, 0% used [0x00000000edc00000,0x00000000edc00000,0x00000000f0500000)
  from space 512K, 12% used [0x00000000f1f80000,0x00000000f1f90000,0x00000000f2000000)
  to   space 10240K, 0% used [0x00000000f0c00000,0x00000000f0c00000,0x00000000f1600000)
 ParOldGen       total 44544K, used 13614K [0x00000000c9400000, 0x00000000cbf80000, 0x00000000edc00000)
  object space 44544K, 30% used [0x00000000c9400000,0x00000000ca14ba98,0x00000000cbf80000)
 Metaspace       used 21310K, capacity 21539K, committed 21760K, reserved 1069056K
  class space    used 1954K, capacity 2023K, committed 2048K, reserved 1048576K
}

