# JRE version: Java(TM) SE Runtime Environment (8.0_92-b14) (build 1.8.0_92-b14)
# Java VM: Java HotSpot(TM) 64-Bit Server VM (25.92-b14 mixed mode linux-amd64 compressed oops)
Heap:
 PSYoungGen      total 19456K, used 7412K [0x00000000e0f80000, 0x00000000e5300000, 0x0000000100000000)
  eden space 18944K, 38% used [0x00000000e0f80000,0x00000000e1695068,0x00000000e2200000)
  from space 512K, 31% used [0x00000000e2200000,0x00000000e2228000,0x00000000e2280000)
  to   space 25088K, 0% used [0x00000000e3a80000,0x00000000e3a80000,0x00000000e5300000)
 ParOldGen       total 74240K, used 41089K [0x00000000a2e00000, 0x00000000a7680000, 0x00000000e0f80000)
  object space 74240K, 55% used [0x00000000a2e00000,0x00000000a5620550,0x00000000a7680000)
 Metaspace       used 21220K, capacity 21503K, committed 21888K, reserved 1069056K
  class space    used 1962K, capacity 2057K, committed 2176K, reserved 1048576K
GC Heap History (10 events):
Event: 49,823 GC heap before
{Heap before GC invocations=19 (full 1):
 PSYoungGen      total 27136K, used 26656K [0x00000000e0f80000, 0x00000000e5400000, 0x0000000100000000)
  eden space 18944K, 100% used [0x00000000e0f80000,0x00000000e2200000,0x00000000e2200000)
  from space 8192K, 94% used [0x00000000e2200000,0x00000000e29881d0,0x00000000e2a00000)
  to   space 25600K, 0% used [0x00000000e3b00000,0x00000000e3b00000,0x00000000e5400000)
 ParOldGen       total 49664K, used 35037K [0x00000000a2e00000, 0x00000000a5e80000, 0x00000000e0f80000)
  object space 49664K, 70% used [0x00000000a2e00000,0x00000000a5037720,0x00000000a5e80000)
 Metaspace       used 21202K, capacity 21503K, committed 21888K, reserved 1069056K
  class space    used 1960K, capacity 2057K, committed 2176K, reserved 1048576K
Event: 49,828 GC heap after
Heap after GC invocations=19 (full 1):
 PSYoungGen      total 44544K, used 1216K [0x00000000e0f80000, 0x00000000e5400000, 0x0000000100000000)
  eden space 18944K, 0% used [0x00000000e0f80000,0x00000000e0f80000,0x00000000e2200000)
  from space 25600K, 4% used [0x00000000e3b00000,0x00000000e3c30040,0x00000000e5400000)
  to   space 25600K, 0% used [0x00000000e2200000,0x00000000e2200000,0x00000000e3b00000)
 ParOldGen       total 49664K, used 41486K [0x00000000a2e00000, 0x00000000a5e80000, 0x00000000e0f80000)
  object space 49664K, 83% used [0x00000000a2e00000,0x00000000a56838b0,0x00000000a5e80000)
 Metaspace       used 21202K, capacity 21503K, committed 21888K, reserved 1069056K
  class space    used 1960K, capacity 2057K, committed 2176K, reserved 1048576K
}
Event: 49,828 GC heap before
{Heap before GC invocations=20 (full 2):
 PSYoungGen      total 44544K, used 1216K [0x00000000e0f80000, 0x00000000e5400000, 0x0000000100000000)
  eden space 18944K, 0% used [0x00000000e0f80000,0x00000000e0f80000,0x00000000e2200000)
  from space 25600K, 4% used [0x00000000e3b00000,0x00000000e3c30040,0x00000000e5400000)
  to   space 25600K, 0% used [0x00000000e2200000,0x00000000e2200000,0x00000000e3b00000)
 ParOldGen       total 49664K, used 41486K [0x00000000a2e00000, 0x00000000a5e80000, 0x00000000e0f80000)
  object space 49664K, 83% used [0x00000000a2e00000,0x00000000a56838b0,0x00000000a5e80000)
 Metaspace       used 21202K, capacity 21503K, committed 21888K, reserved 1069056K
  class space    used 1960K, capacity 2057K, committed 2176K, reserved 1048576K
Event: 49,870 GC heap after
Heap after GC invocations=20 (full 2):
 PSYoungGen      total 44544K, used 0K [0x00000000e0f80000, 0x00000000e5400000, 0x0000000100000000)
  eden space 18944K, 0% used [0x00000000e0f80000,0x00000000e0f80000,0x00000000e2200000)
  from space 25600K, 0% used [0x00000000e3b00000,0x00000000e3b00000,0x00000000e5400000)
  to   space 25600K, 0% used [0x00000000e2200000,0x00000000e2200000,0x00000000e3b00000)
 ParOldGen       total 74240K, used 40753K [0x00000000a2e00000, 0x00000000a7680000, 0x00000000e0f80000)
  object space 74240K, 54% used [0x00000000a2e00000,0x00000000a55cc540,0x00000000a7680000)
 Metaspace       used 21202K, capacity 21503K, committed 21888K, reserved 1069056K
  class space    used 1960K, capacity 2057K, committed 2176K, reserved 1048576K
}
Event: 56,978 GC heap before
{Heap before GC invocations=21 (full 2):
 PSYoungGen      total 44544K, used 18944K [0x00000000e0f80000, 0x00000000e5400000, 0x0000000100000000)
  eden space 18944K, 100% used [0x00000000e0f80000,0x00000000e2200000,0x00000000e2200000)
  from space 25600K, 0% used [0x00000000e3b00000,0x00000000e3b00000,0x00000000e5400000)
  to   space 25600K, 0% used [0x00000000e2200000,0x00000000e2200000,0x00000000e3b00000)
 ParOldGen       total 74240K, used 40753K [0x00000000a2e00000, 0x00000000a7680000, 0x00000000e0f80000)
  object space 74240K, 54% used [0x00000000a2e00000,0x00000000a55cc540,0x00000000a7680000)
 Metaspace       used 21208K, capacity 21503K, committed 21888K, reserved 1069056K
  class space    used 1960K, capacity 2057K, committed 2176K, reserved 1048576K
Event: 56,980 GC heap after
Heap after GC invocations=21 (full 2):
 PSYoungGen      total 44544K, used 480K [0x00000000e0f80000, 0x00000000e5400000, 0x0000000100000000)
  eden space 18944K, 0% used [0x00000000e0f80000,0x00000000e0f80000,0x00000000e2200000)
  from space 25600K, 1% used [0x00000000e2200000,0x00000000e2278010,0x00000000e3b00000)
  to   space 25600K, 0% used [0x00000000e3b00000,0x00000000e3b00000,0x00000000e5400000)
 ParOldGen       total 74240K, used 40753K [0x00000000a2e00000, 0x00000000a7680000, 0x00000000e0f80000)
  object space 74240K, 54% used [0x00000000a2e00000,0x00000000a55cc540,0x00000000a7680000)
 Metaspace       used 21208K, capacity 21503K, committed 21888K, reserved 1069056K
  class space    used 1960K, capacity 2057K, committed 2176K, reserved 1048576K
}
Event: 64,546 GC heap before
{Heap before GC invocations=22 (full 2):
 PSYoungGen      total 44544K, used 19424K [0x00000000e0f80000, 0x00000000e5400000, 0x0000000100000000)
  eden space 18944K, 100% used [0x00000000e0f80000,0x00000000e2200000,0x00000000e2200000)
  from space 25600K, 1% used [0x00000000e2200000,0x00000000e2278010,0x00000000e3b00000)
  to   space 25600K, 0% used [0x00000000e3b00000,0x00000000e3b00000,0x00000000e5400000)
 ParOldGen       total 74240K, used 40753K [0x00000000a2e00000, 0x00000000a7680000, 0x00000000e0f80000)
  object space 74240K, 54% used [0x00000000a2e00000,0x00000000a55cc540,0x00000000a7680000)
 Metaspace       used 21208K, capacity 21503K, committed 21888K, reserved 1069056K
  class space    used 1960K, capacity 2057K, committed 2176K, reserved 1048576K
Event: 64,548 GC heap after
Heap after GC invocations=22 (full 2):
 PSYoungGen      total 44544K, used 192K [0x00000000e0f80000, 0x00000000e5400000, 0x0000000100000000)
  eden space 18944K, 0% used [0x00000000e0f80000,0x00000000e0f80000,0x00000000e2200000)
  from space 25600K, 0% used [0x00000000e3b00000,0x00000000e3b30000,0x00000000e5400000)
  to   space 25600K, 0% used [0x00000000e2200000,0x00000000e2200000,0x00000000e3b00000)
 ParOldGen       total 74240K, used 41065K [0x00000000a2e00000, 0x00000000a7680000, 0x00000000e0f80000)
  object space 74240K, 55% used [0x00000000a2e00000,0x00000000a561a550,0x00000000a7680000)
 Metaspace       used 21208K, capacity 21503K, committed 21888K, reserved 1069056K
  class space    used 1960K, capacity 2057K, committed 2176K, reserved 1048576K
}
Event: 72,321 GC heap before
{Heap before GC invocations=23 (full 2):
 PSYoungGen      total 44544K, used 19136K [0x00000000e0f80000, 0x00000000e5400000, 0x0000000100000000)
  eden space 18944K, 100% used [0x00000000e0f80000,0x00000000e2200000,0x00000000e2200000)
  from space 25600K, 0% used [0x00000000e3b00000,0x00000000e3b30000,0x00000000e5400000)
  to   space 25600K, 0% used [0x00000000e2200000,0x00000000e2200000,0x00000000e3b00000)
 ParOldGen       total 74240K, used 41065K [0x00000000a2e00000, 0x00000000a7680000, 0x00000000e0f80000)
  object space 74240K, 55% used [0x00000000a2e00000,0x00000000a561a550,0x00000000a7680000)
 Metaspace       used 21208K, capacity 21503K, committed 21888K, reserved 1069056K
  class space    used 1960K, capacity 2057K, committed 2176K, reserved 1048576K
Event: 72,323 GC heap after
Heap after GC invocations=23 (full 2):
 PSYoungGen      total 19456K, used 160K [0x00000000e0f80000, 0x00000000e5300000, 0x0000000100000000)
  eden space 18944K, 0% used [0x00000000e0f80000,0x00000000e0f80000,0x00000000e2200000)
  from space 512K, 31% used [0x00000000e2200000,0x00000000e2228000,0x00000000e2280000)
  to   space 25088K, 0% used [0x00000000e3a80000,0x00000000e3a80000,0x00000000e5300000)
 ParOldGen       total 74240K, used 41089K [0x00000000a2e00000, 0x00000000a7680000, 0x00000000e0f80000)
  object space 74240K, 55% used [0x00000000a2e00000,0x00000000a5620550,0x00000000a7680000)
 Metaspace       used 21208K, capacity 21503K, committed 21888K, reserved 1069056K
  class space    used 1960K, capacity 2057K, committed 2176K, reserved 1048576K
}

