# JRE version: Java(TM) SE Runtime Environment (8.0_92-b14) (build 1.8.0_92-b14)
# Java VM: Java HotSpot(TM) 64-Bit Server VM (25.92-b14 mixed mode linux-amd64 compressed oops)
Heap:
 PSYoungGen      total 157696K, used 53985K [0x00000000e0f80000, 0x00000000ec380000, 0x0000000100000000)
  eden space 140800K, 38% used [0x00000000e0f80000,0x00000000e4418528,0x00000000e9900000)
  from space 16896K, 0% used [0x00000000ea900000,0x00000000ea920000,0x00000000eb980000)
  to   space 16384K, 0% used [0x00000000e9900000,0x00000000e9900000,0x00000000ea900000)
 ParOldGen       total 59392K, used 16349K [0x00000000a2e00000, 0x00000000a6800000, 0x00000000e0f80000)
  object space 59392K, 27% used [0x00000000a2e00000,0x00000000a3df7708,0x00000000a6800000)
 Metaspace       used 21266K, capacity 21525K, committed 21808K, reserved 1069056K
  class space    used 1987K, capacity 2060K, committed 2176K, reserved 1048576K
GC Heap History (10 events):
Event: 4,021 GC heap before
{Heap before GC invocations=3 (full 0):
 PSYoungGen      total 52736K, used 45872K [0x00000000e0f80000, 0x00000000e4680000, 0x0000000100000000)
  eden space 49152K, 86% used [0x00000000e0f80000,0x00000000e38cc468,0x00000000e3f80000)
  from space 3584K, 99% used [0x00000000e4300000,0x00000000e467fcb8,0x00000000e4680000)
  to   space 3584K, 0% used [0x00000000e3f80000,0x00000000e3f80000,0x00000000e4300000)
 ParOldGen       total 64512K, used 4662K [0x00000000a2e00000, 0x00000000a6d00000, 0x00000000e0f80000)
  object space 64512K, 7% used [0x00000000a2e00000,0x00000000a328d9d8,0x00000000a6d00000)
 Metaspace       used 20747K, capacity 21007K, committed 21296K, reserved 1069056K
  class space    used 1982K, capacity 2059K, committed 2176K, reserved 1048576K
Event: 4,218 GC heap after
Heap after GC invocations=3 (full 0):
 PSYoungGen      total 52736K, used 3566K [0x00000000e0f80000, 0x00000000e7680000, 0x0000000100000000)
  eden space 49152K, 0% used [0x00000000e0f80000,0x00000000e0f80000,0x00000000e3f80000)
  from space 3584K, 99% used [0x00000000e3f80000,0x00000000e42fbbf0,0x00000000e4300000)
  to   space 3584K, 0% used [0x00000000e7300000,0x00000000e7300000,0x00000000e7680000)
 ParOldGen       total 64512K, used 15374K [0x00000000a2e00000, 0x00000000a6d00000, 0x00000000e0f80000)
  object space 64512K, 23% used [0x00000000a2e00000,0x00000000a3d03a28,0x00000000a6d00000)
 Metaspace       used 20747K, capacity 21007K, committed 21296K, reserved 1069056K
  class space    used 1982K, capacity 2059K, committed 2176K, reserved 1048576K
}
Event: 4,218 GC heap before
{Heap before GC invocations=4 (full 1):
 PSYoungGen      total 52736K, used 3566K [0x00000000e0f80000, 0x00000000e7680000, 0x0000000100000000)
  eden space 49152K, 0% used [0x00000000e0f80000,0x00000000e0f80000,0x00000000e3f80000)
  from space 3584K, 99% used [0x00000000e3f80000,0x00000000e42fbbf0,0x00000000e4300000)
  to   space 3584K, 0% used [0x00000000e7300000,0x00000000e7300000,0x00000000e7680000)
 ParOldGen       total 64512K, used 15374K [0x00000000a2e00000, 0x00000000a6d00000, 0x00000000e0f80000)
  object space 64512K, 23% used [0x00000000a2e00000,0x00000000a3d03a28,0x00000000a6d00000)
 Metaspace       used 20747K, capacity 21007K, committed 21296K, reserved 1069056K
  class space    used 1982K, capacity 2059K, committed 2176K, reserved 1048576K
Event: 4,268 GC heap after
Heap after GC invocations=4 (full 1):
 PSYoungGen      total 52736K, used 0K [0x00000000e0f80000, 0x00000000e7680000, 0x0000000100000000)
  eden space 49152K, 0% used [0x00000000e0f80000,0x00000000e0f80000,0x00000000e3f80000)
  from space 3584K, 0% used [0x00000000e3f80000,0x00000000e3f80000,0x00000000e4300000)
  to   space 3584K, 0% used [0x00000000e7300000,0x00000000e7300000,0x00000000e7680000)
 ParOldGen       total 59392K, used 16325K [0x00000000a2e00000, 0x00000000a6800000, 0x00000000e0f80000)
  object space 59392K, 27% used [0x00000000a2e00000,0x00000000a3df1708,0x00000000a6800000)
 Metaspace       used 20747K, capacity 21007K, committed 21296K, reserved 1069056K
  class space    used 1982K, capacity 2059K, committed 2176K, reserved 1048576K
}
Event: 19,094 GC heap before
{Heap before GC invocations=5 (full 1):
 PSYoungGen      total 52736K, used 49152K [0x00000000e0f80000, 0x00000000e7680000, 0x0000000100000000)
  eden space 49152K, 100% used [0x00000000e0f80000,0x00000000e3f80000,0x00000000e3f80000)
  from space 3584K, 0% used [0x00000000e3f80000,0x00000000e3f80000,0x00000000e4300000)
  to   space 3584K, 0% used [0x00000000e7300000,0x00000000e7300000,0x00000000e7680000)
 ParOldGen       total 59392K, used 16325K [0x00000000a2e00000, 0x00000000a6800000, 0x00000000e0f80000)
  object space 59392K, 27% used [0x00000000a2e00000,0x00000000a3df1708,0x00000000a6800000)
 Metaspace       used 21216K, capacity 21461K, committed 21808K, reserved 1069056K
  class space    used 1985K, capacity 2060K, committed 2176K, reserved 1048576K
Event: 19,100 GC heap after
Heap after GC invocations=5 (full 1):
 PSYoungGen      total 84992K, used 224K [0x00000000e0f80000, 0x00000000e7380000, 0x0000000100000000)
  eden space 84480K, 0% used [0x00000000e0f80000,0x00000000e0f80000,0x00000000e6200000)
  from space 512K, 43% used [0x00000000e7300000,0x00000000e7338000,0x00000000e7380000)
  to   space 3584K, 0% used [0x00000000e6c80000,0x00000000e6c80000,0x00000000e7000000)
 ParOldGen       total 59392K, used 16333K [0x00000000a2e00000, 0x00000000a6800000, 0x00000000e0f80000)
  object space 59392K, 27% used [0x00000000a2e00000,0x00000000a3df3708,0x00000000a6800000)
 Metaspace       used 21216K, capacity 21461K, committed 21808K, reserved 1069056K
  class space    used 1985K, capacity 2060K, committed 2176K, reserved 1048576K
}
Event: 50,056 GC heap before
{Heap before GC invocations=6 (full 1):
 PSYoungGen      total 84992K, used 84704K [0x00000000e0f80000, 0x00000000e7380000, 0x0000000100000000)
  eden space 84480K, 100% used [0x00000000e0f80000,0x00000000e6200000,0x00000000e6200000)
  from space 512K, 43% used [0x00000000e7300000,0x00000000e7338000,0x00000000e7380000)
  to   space 3584K, 0% used [0x00000000e6c80000,0x00000000e6c80000,0x00000000e7000000)
 ParOldGen       total 59392K, used 16333K [0x00000000a2e00000, 0x00000000a6800000, 0x00000000e0f80000)
  object space 59392K, 27% used [0x00000000a2e00000,0x00000000a3df3708,0x00000000a6800000)
 Metaspace       used 21221K, capacity 21461K, committed 21808K, reserved 1069056K
  class space    used 1985K, capacity 2060K, committed 2176K, reserved 1048576K
Event: 50,059 GC heap after
Heap after GC invocations=6 (full 1):
 PSYoungGen      total 98816K, used 288K [0x00000000e0f80000, 0x00000000eb980000, 0x0000000100000000)
  eden space 95232K, 0% used [0x00000000e0f80000,0x00000000e0f80000,0x00000000e6c80000)
  from space 3584K, 8% used [0x00000000e6c80000,0x00000000e6cc8000,0x00000000e7000000)
  to   space 16896K, 0% used [0x00000000ea900000,0x00000000ea900000,0x00000000eb980000)
 ParOldGen       total 59392K, used 16341K [0x00000000a2e00000, 0x00000000a6800000, 0x00000000e0f80000)
  object space 59392K, 27% used [0x00000000a2e00000,0x00000000a3df5708,0x00000000a6800000)
 Metaspace       used 21221K, capacity 21461K, committed 21808K, reserved 1069056K
  class space    used 1985K, capacity 2060K, committed 2176K, reserved 1048576K
}
Event: 81,732 GC heap before
{Heap before GC invocations=7 (full 1):
 PSYoungGen      total 98816K, used 95520K [0x00000000e0f80000, 0x00000000eb980000, 0x0000000100000000)
  eden space 95232K, 100% used [0x00000000e0f80000,0x00000000e6c80000,0x00000000e6c80000)
  from space 3584K, 8% used [0x00000000e6c80000,0x00000000e6cc8000,0x00000000e7000000)
  to   space 16896K, 0% used [0x00000000ea900000,0x00000000ea900000,0x00000000eb980000)
 ParOldGen       total 59392K, used 16341K [0x00000000a2e00000, 0x00000000a6800000, 0x00000000e0f80000)
  object space 59392K, 27% used [0x00000000a2e00000,0x00000000a3df5708,0x00000000a6800000)
 Metaspace       used 21221K, capacity 21461K, committed 21808K, reserved 1069056K
  class space    used 1985K, capacity 2060K, committed 2176K, reserved 1048576K
Event: 81,735 GC heap after
Heap after GC invocations=7 (full 1):
 PSYoungGen      total 157696K, used 128K [0x00000000e0f80000, 0x00000000ec380000, 0x0000000100000000)
  eden space 140800K, 0% used [0x00000000e0f80000,0x00000000e0f80000,0x00000000e9900000)
  from space 16896K, 0% used [0x00000000ea900000,0x00000000ea920000,0x00000000eb980000)
  to   space 16384K, 0% used [0x00000000e9900000,0x00000000e9900000,0x00000000ea900000)
 ParOldGen       total 59392K, used 16349K [0x00000000a2e00000, 0x00000000a6800000, 0x00000000e0f80000)
  object space 59392K, 27% used [0x00000000a2e00000,0x00000000a3df7708,0x00000000a6800000)
 Metaspace       used 21221K, capacity 21461K, committed 21808K, reserved 1069056K
  class space    used 1985K, capacity 2060K, committed 2176K, reserved 1048576K
}

