# JRE version: OpenJDK Runtime Environment (8.0_91-b14) (build 1.8.0_91-8u91-b14-3ubuntu1~16.04.1-b14)
# Java VM: OpenJDK 64-Bit Server VM (25.91-b14 mixed mode linux-amd64 compressed oops)
Heap:
 PSYoungGen      total 31744K, used 23487K [0x00000000edc00000, 0x00000000f1a00000, 0x0000000100000000)
  eden space 29696K, 72% used [0x00000000edc00000,0x00000000ef0f3d10,0x00000000ef900000)
  from space 2048K, 99% used [0x00000000ef900000,0x00000000efafc050,0x00000000efb00000)
  to   space 2048K, 0% used [0x00000000f1800000,0x00000000f1800000,0x00000000f1a00000)
 ParOldGen       total 38400K, used 7983K [0x00000000c9400000, 0x00000000cb980000, 0x00000000edc00000)
  object space 38400K, 20% used [0x00000000c9400000,0x00000000c9bcbf00,0x00000000cb980000)
 Metaspace       used 19950K, capacity 20161K, committed 20480K, reserved 1067008K
  class space    used 1889K, capacity 1954K, committed 2048K, reserved 1048576K
GC Heap History (6 events):
Event: 1,916 GC heap before
{Heap before GC invocations=1 (full 0):
 PSYoungGen      total 16896K, used 14848K [0x00000000edc00000, 0x00000000eee80000, 0x0000000100000000)
  eden space 14848K, 100% used [0x00000000edc00000,0x00000000eea80000,0x00000000eea80000)
  from space 2048K, 0% used [0x00000000eec80000,0x00000000eec80000,0x00000000eee80000)
  to   space 2048K, 0% used [0x00000000eea80000,0x00000000eea80000,0x00000000eec80000)
 ParOldGen       total 38400K, used 0K [0x00000000c9400000, 0x00000000cb980000, 0x00000000edc00000)
  object space 38400K, 0% used [0x00000000c9400000,0x00000000c9400000,0x00000000cb980000)
 Metaspace       used 11762K, capacity 11958K, committed 12032K, reserved 1060864K
  class space    used 1205K, capacity 1276K, committed 1280K, reserved 1048576K
Event: 1,942 GC heap after
Heap after GC invocations=1 (full 0):
 PSYoungGen      total 16896K, used 2018K [0x00000000edc00000, 0x00000000efd00000, 0x0000000100000000)
  eden space 14848K, 0% used [0x00000000edc00000,0x00000000edc00000,0x00000000eea80000)
  from space 2048K, 98% used [0x00000000eea80000,0x00000000eec78850,0x00000000eec80000)
  to   space 2048K, 0% used [0x00000000efb00000,0x00000000efb00000,0x00000000efd00000)
 ParOldGen       total 38400K, used 1001K [0x00000000c9400000, 0x00000000cb980000, 0x00000000edc00000)
  object space 38400K, 2% used [0x00000000c9400000,0x00000000c94fa6b8,0x00000000cb980000)
 Metaspace       used 11762K, capacity 11958K, committed 12032K, reserved 1060864K
  class space    used 1205K, capacity 1276K, committed 1280K, reserved 1048576K
}
Event: 3,111 GC heap before
{Heap before GC invocations=2 (full 0):
 PSYoungGen      total 16896K, used 16866K [0x00000000edc00000, 0x00000000efd00000, 0x0000000100000000)
  eden space 14848K, 100% used [0x00000000edc00000,0x00000000eea80000,0x00000000eea80000)
  from space 2048K, 98% used [0x00000000eea80000,0x00000000eec78850,0x00000000eec80000)
  to   space 2048K, 0% used [0x00000000efb00000,0x00000000efb00000,0x00000000efd00000)
 ParOldGen       total 38400K, used 1001K [0x00000000c9400000, 0x00000000cb980000, 0x00000000edc00000)
  object space 38400K, 2% used [0x00000000c9400000,0x00000000c94fa6b8,0x00000000cb980000)
 Metaspace       used 16470K, capacity 16687K, committed 17024K, reserved 1064960K
  class space    used 1563K, capacity 1631K, committed 1664K, reserved 1048576K
Event: 3,131 GC heap after
Heap after GC invocations=2 (full 0):
 PSYoungGen      total 31744K, used 2018K [0x00000000edc00000, 0x00000000efd00000, 0x0000000100000000)
  eden space 29696K, 0% used [0x00000000edc00000,0x00000000edc00000,0x00000000ef900000)
  from space 2048K, 98% used [0x00000000efb00000,0x00000000efcf8850,0x00000000efd00000)
  to   space 2048K, 0% used [0x00000000ef900000,0x00000000ef900000,0x00000000efb00000)
 ParOldGen       total 38400K, used 2915K [0x00000000c9400000, 0x00000000cb980000, 0x00000000edc00000)
  object space 38400K, 7% used [0x00000000c9400000,0x00000000c96d8fc8,0x00000000cb980000)
 Metaspace       used 16470K, capacity 16687K, committed 17024K, reserved 1064960K
  class space    used 1563K, capacity 1631K, committed 1664K, reserved 1048576K
}
Event: 5,631 GC heap before
{Heap before GC invocations=3 (full 0):
 PSYoungGen      total 31744K, used 31714K [0x00000000edc00000, 0x00000000efd00000, 0x0000000100000000)
  eden space 29696K, 100% used [0x00000000edc00000,0x00000000ef900000,0x00000000ef900000)
  from space 2048K, 98% used [0x00000000efb00000,0x00000000efcf8850,0x00000000efd00000)
  to   space 2048K, 0% used [0x00000000ef900000,0x00000000ef900000,0x00000000efb00000)
 ParOldGen       total 38400K, used 2915K [0x00000000c9400000, 0x00000000cb980000, 0x00000000edc00000)
  object space 38400K, 7% used [0x00000000c9400000,0x00000000c96d8fc8,0x00000000cb980000)
 Metaspace       used 19684K, capacity 19905K, committed 20224K, reserved 1067008K
  class space    used 1881K, capacity 1954K, committed 2048K, reserved 1048576K
Event: 5,687 GC heap after
Heap after GC invocations=3 (full 0):
 PSYoungGen      total 31744K, used 2032K [0x00000000edc00000, 0x00000000f1a00000, 0x0000000100000000)
  eden space 29696K, 0% used [0x00000000edc00000,0x00000000edc00000,0x00000000ef900000)
  from space 2048K, 99% used [0x00000000ef900000,0x00000000efafc050,0x00000000efb00000)
  to   space 2048K, 0% used [0x00000000f1800000,0x00000000f1800000,0x00000000f1a00000)
 ParOldGen       total 38400K, used 7983K [0x00000000c9400000, 0x00000000cb980000, 0x00000000edc00000)
  object space 38400K, 20% used [0x00000000c9400000,0x00000000c9bcbf00,0x00000000cb980000)
 Metaspace       used 19684K, capacity 19905K, committed 20224K, reserved 1067008K
  class space    used 1881K, capacity 1954K, committed 2048K, reserved 1048576K
}

