# JRE version: Java(TM) SE Runtime Environment (8.0_92-b14) (build 1.8.0_92-b14)
# Java VM: Java HotSpot(TM) 64-Bit Server VM (25.92-b14 mixed mode linux-amd64 compressed oops)
Heap:
 PSYoungGen      total 48128K, used 28315K [0x00000000e0f80000, 0x00000000e5580000, 0x0000000100000000)
  eden space 35840K, 60% used [0x00000000e0f80000,0x00000000e24aebb8,0x00000000e3280000)
  from space 12288K, 53% used [0x00000000e3e00000,0x00000000e4478190,0x00000000e4a00000)
  to   space 11776K, 0% used [0x00000000e3280000,0x00000000e3280000,0x00000000e3e00000)
 ParOldGen       total 59392K, used 13484K [0x00000000a2e00000, 0x00000000a6800000, 0x00000000e0f80000)
  object space 59392K, 22% used [0x00000000a2e00000,0x00000000a3b2b200,0x00000000a6800000)
 Metaspace       used 21297K, capacity 21617K, committed 22064K, reserved 1069056K
  class space    used 2004K, capacity 2092K, committed 2176K, reserved 1048576K
GC Heap History (10 events):
Event: 4,635 GC heap before
{Heap before GC invocations=3 (full 0):
 PSYoungGen      total 28160K, used 28143K [0x00000000e0f80000, 0x00000000e2e80000, 0x0000000100000000)
  eden space 24576K, 100% used [0x00000000e0f80000,0x00000000e2780000,0x00000000e2780000)
  from space 3584K, 99% used [0x00000000e2b00000,0x00000000e2e7bcc8,0x00000000e2e80000)
  to   space 3584K, 0% used [0x00000000e2780000,0x00000000e2780000,0x00000000e2b00000)
 ParOldGen       total 64512K, used 4865K [0x00000000a2e00000, 0x00000000a6d00000, 0x00000000e0f80000)
  object space 64512K, 7% used [0x00000000a2e00000,0x00000000a32c07b0,0x00000000a6d00000)
 Metaspace       used 20544K, capacity 20783K, committed 21120K, reserved 1069056K
  class space    used 1989K, capacity 2055K, committed 2176K, reserved 1048576K
Event: 4,647 GC heap after
Heap after GC invocations=3 (full 0):
 PSYoungGen      total 28160K, used 3580K [0x00000000e0f80000, 0x00000000e2e80000, 0x0000000100000000)
  eden space 24576K, 0% used [0x00000000e0f80000,0x00000000e0f80000,0x00000000e2780000)
  from space 3584K, 99% used [0x00000000e2780000,0x00000000e2aff3f0,0x00000000e2b00000)
  to   space 3584K, 0% used [0x00000000e2b00000,0x00000000e2b00000,0x00000000e2e80000)
 ParOldGen       total 64512K, used 11935K [0x00000000a2e00000, 0x00000000a6d00000, 0x00000000e0f80000)
  object space 64512K, 18% used [0x00000000a2e00000,0x00000000a39a7e00,0x00000000a6d00000)
 Metaspace       used 20544K, capacity 20783K, committed 21120K, reserved 1069056K
  class space    used 1989K, capacity 2055K, committed 2176K, reserved 1048576K
}
Event: 5,626 GC heap before
{Heap before GC invocations=4 (full 0):
 PSYoungGen      total 28160K, used 10032K [0x00000000e0f80000, 0x00000000e2e80000, 0x0000000100000000)
  eden space 24576K, 26% used [0x00000000e0f80000,0x00000000e15ccd18,0x00000000e2780000)
  from space 3584K, 99% used [0x00000000e2780000,0x00000000e2aff3f0,0x00000000e2b00000)
  to   space 3584K, 0% used [0x00000000e2b00000,0x00000000e2b00000,0x00000000e2e80000)
 ParOldGen       total 64512K, used 11935K [0x00000000a2e00000, 0x00000000a6d00000, 0x00000000e0f80000)
  object space 64512K, 18% used [0x00000000a2e00000,0x00000000a39a7e00,0x00000000a6d00000)
 Metaspace       used 20790K, capacity 21003K, committed 21296K, reserved 1069056K
  class space    used 1992K, capacity 2059K, committed 2176K, reserved 1048576K
Event: 5,630 GC heap after
Heap after GC invocations=4 (full 0):
 PSYoungGen      total 28160K, used 3567K [0x00000000e0f80000, 0x00000000e2e80000, 0x0000000100000000)
  eden space 24576K, 0% used [0x00000000e0f80000,0x00000000e0f80000,0x00000000e2780000)
  from space 3584K, 99% used [0x00000000e2b00000,0x00000000e2e7bc10,0x00000000e2e80000)
  to   space 3584K, 0% used [0x00000000e2780000,0x00000000e2780000,0x00000000e2b00000)
 ParOldGen       total 64512K, used 12023K [0x00000000a2e00000, 0x00000000a6d00000, 0x00000000e0f80000)
  object space 64512K, 18% used [0x00000000a2e00000,0x00000000a39bde00,0x00000000a6d00000)
 Metaspace       used 20790K, capacity 21003K, committed 21296K, reserved 1069056K
  class space    used 1992K, capacity 2059K, committed 2176K, reserved 1048576K
}
Event: 5,630 GC heap before
{Heap before GC invocations=5 (full 1):
 PSYoungGen      total 28160K, used 3567K [0x00000000e0f80000, 0x00000000e2e80000, 0x0000000100000000)
  eden space 24576K, 0% used [0x00000000e0f80000,0x00000000e0f80000,0x00000000e2780000)
  from space 3584K, 99% used [0x00000000e2b00000,0x00000000e2e7bc10,0x00000000e2e80000)
  to   space 3584K, 0% used [0x00000000e2780000,0x00000000e2780000,0x00000000e2b00000)
 ParOldGen       total 64512K, used 12023K [0x00000000a2e00000, 0x00000000a6d00000, 0x00000000e0f80000)
  object space 64512K, 18% used [0x00000000a2e00000,0x00000000a39bde00,0x00000000a6d00000)
 Metaspace       used 20790K, capacity 21003K, committed 21296K, reserved 1069056K
  class space    used 1992K, capacity 2059K, committed 2176K, reserved 1048576K
Event: 5,675 GC heap after
Heap after GC invocations=5 (full 1):
 PSYoungGen      total 28160K, used 0K [0x00000000e0f80000, 0x00000000e2e80000, 0x0000000100000000)
  eden space 24576K, 0% used [0x00000000e0f80000,0x00000000e0f80000,0x00000000e2780000)
  from space 3584K, 0% used [0x00000000e2b00000,0x00000000e2b00000,0x00000000e2e80000)
  to   space 3584K, 0% used [0x00000000e2780000,0x00000000e2780000,0x00000000e2b00000)
 ParOldGen       total 59392K, used 12708K [0x00000000a2e00000, 0x00000000a6800000, 0x00000000e0f80000)
  object space 59392K, 21% used [0x00000000a2e00000,0x00000000a3a691d0,0x00000000a6800000)
 Metaspace       used 20790K, capacity 21003K, committed 21296K, reserved 1069056K
  class space    used 1992K, capacity 2059K, committed 2176K, reserved 1048576K
}
Event: 7,931 GC heap before
{Heap before GC invocations=6 (full 1):
 PSYoungGen      total 28160K, used 24576K [0x00000000e0f80000, 0x00000000e2e80000, 0x0000000100000000)
  eden space 24576K, 100% used [0x00000000e0f80000,0x00000000e2780000,0x00000000e2780000)
  from space 3584K, 0% used [0x00000000e2b00000,0x00000000e2b00000,0x00000000e2e80000)
  to   space 3584K, 0% used [0x00000000e2780000,0x00000000e2780000,0x00000000e2b00000)
 ParOldGen       total 59392K, used 12708K [0x00000000a2e00000, 0x00000000a6800000, 0x00000000e0f80000)
  object space 59392K, 21% used [0x00000000a2e00000,0x00000000a3a691d0,0x00000000a6800000)
 Metaspace       used 21032K, capacity 21265K, committed 21552K, reserved 1069056K
  class space    used 1996K, capacity 2060K, committed 2176K, reserved 1048576K
Event: 7,934 GC heap after
Heap after GC invocations=6 (full 1):
 PSYoungGen      total 28160K, used 3392K [0x00000000e0f80000, 0x00000000e4a00000, 0x0000000100000000)
  eden space 24576K, 0% used [0x00000000e0f80000,0x00000000e0f80000,0x00000000e2780000)
  from space 3584K, 94% used [0x00000000e2780000,0x00000000e2ad00c0,0x00000000e2b00000)
  to   space 12288K, 0% used [0x00000000e3e00000,0x00000000e3e00000,0x00000000e4a00000)
 ParOldGen       total 59392K, used 13484K [0x00000000a2e00000, 0x00000000a6800000, 0x00000000e0f80000)
  object space 59392K, 22% used [0x00000000a2e00000,0x00000000a3b2b200,0x00000000a6800000)
 Metaspace       used 21032K, capacity 21265K, committed 21552K, reserved 1069056K
  class space    used 1996K, capacity 2060K, committed 2176K, reserved 1048576K
}
Event: 8,196 GC heap before
{Heap before GC invocations=7 (full 1):
 PSYoungGen      total 28160K, used 27913K [0x00000000e0f80000, 0x00000000e4a00000, 0x0000000100000000)
  eden space 24576K, 99% used [0x00000000e0f80000,0x00000000e27723b0,0x00000000e2780000)
  from space 3584K, 94% used [0x00000000e2780000,0x00000000e2ad00c0,0x00000000e2b00000)
  to   space 12288K, 0% used [0x00000000e3e00000,0x00000000e3e00000,0x00000000e4a00000)
 ParOldGen       total 59392K, used 13484K [0x00000000a2e00000, 0x00000000a6800000, 0x00000000e0f80000)
  object space 59392K, 22% used [0x00000000a2e00000,0x00000000a3b2b200,0x00000000a6800000)
 Metaspace       used 21047K, capacity 21329K, committed 21808K, reserved 1069056K
  class space    used 1996K, capacity 2060K, committed 2176K, reserved 1048576K
Event: 8,459 GC heap after
Heap after GC invocations=7 (full 1):
 PSYoungGen      total 48128K, used 6624K [0x00000000e0f80000, 0x00000000e5580000, 0x0000000100000000)
  eden space 35840K, 0% used [0x00000000e0f80000,0x00000000e0f80000,0x00000000e3280000)
  from space 12288K, 53% used [0x00000000e3e00000,0x00000000e4478190,0x00000000e4a00000)
  to   space 11776K, 0% used [0x00000000e3280000,0x00000000e3280000,0x00000000e3e00000)
 ParOldGen       total 59392K, used 13484K [0x00000000a2e00000, 0x00000000a6800000, 0x00000000e0f80000)
  object space 59392K, 22% used [0x00000000a2e00000,0x00000000a3b2b200,0x00000000a6800000)
 Metaspace       used 21047K, capacity 21329K, committed 21808K, reserved 1069056K
  class space    used 1996K, capacity 2060K, committed 2176K, reserved 1048576K
}

