# JRE version: Java(TM) SE Runtime Environment (8.0_92-b14) (build 1.8.0_92-b14)
# Java VM: Java HotSpot(TM) 64-Bit Server VM (25.92-b14 mixed mode linux-amd64 compressed oops)
Heap:
 PSYoungGen      total 39936K, used 23672K [0x00000000e0f80000, 0x00000000e4680000, 0x0000000100000000)
  eden space 36352K, 55% used [0x00000000e0f80000,0x00000000e2326138,0x00000000e3300000)
  from space 3584K, 99% used [0x00000000e4300000,0x00000000e46780d0,0x00000000e4680000)
  to   space 3584K, 0% used [0x00000000e3f80000,0x00000000e3f80000,0x00000000e4300000)
 ParOldGen       total 58368K, used 16943K [0x00000000a2e00000, 0x00000000a6700000, 0x00000000e0f80000)
  object space 58368K, 29% used [0x00000000a2e00000,0x00000000a3e8bf48,0x00000000a6700000)
 Metaspace       used 21396K, capacity 21621K, committed 22064K, reserved 1069056K
  class space    used 2051K, capacity 2120K, committed 2176K, reserved 1048576K
GC Heap History (10 events):
Event: 0,604 GC heap before
{Heap before GC invocations=1 (full 0):
 PSYoungGen      total 28160K, used 24183K [0x00000000e0f80000, 0x00000000e2e80000, 0x0000000100000000)
  eden space 24576K, 98% used [0x00000000e0f80000,0x00000000e271de30,0x00000000e2780000)
  from space 3584K, 0% used [0x00000000e2b00000,0x00000000e2b00000,0x00000000e2e80000)
  to   space 3584K, 0% used [0x00000000e2780000,0x00000000e2780000,0x00000000e2b00000)
 ParOldGen       total 64512K, used 0K [0x00000000a2e00000, 0x00000000a6d00000, 0x00000000e0f80000)
  object space 64512K, 0% used [0x00000000a2e00000,0x00000000a2e00000,0x00000000a6d00000)
 Metaspace       used 13457K, capacity 13732K, committed 13952K, reserved 1060864K
  class space    used 1467K, capacity 1545K, committed 1664K, reserved 1048576K
Event: 0,610 GC heap after
Heap after GC invocations=1 (full 0):
 PSYoungGen      total 28160K, used 3572K [0x00000000e0f80000, 0x00000000e4680000, 0x0000000100000000)
  eden space 24576K, 0% used [0x00000000e0f80000,0x00000000e0f80000,0x00000000e2780000)
  from space 3584K, 99% used [0x00000000e2780000,0x00000000e2afd0c0,0x00000000e2b00000)
  to   space 3584K, 0% used [0x00000000e4300000,0x00000000e4300000,0x00000000e4680000)
 ParOldGen       total 64512K, used 788K [0x00000000a2e00000, 0x00000000a6d00000, 0x00000000e0f80000)
  object space 64512K, 1% used [0x00000000a2e00000,0x00000000a2ec53f8,0x00000000a6d00000)
 Metaspace       used 13457K, capacity 13732K, committed 13952K, reserved 1060864K
  class space    used 1467K, capacity 1545K, committed 1664K, reserved 1048576K
}
Event: 1,775 GC heap before
{Heap before GC invocations=2 (full 0):
 PSYoungGen      total 28160K, used 28091K [0x00000000e0f80000, 0x00000000e4680000, 0x0000000100000000)
  eden space 24576K, 99% used [0x00000000e0f80000,0x00000000e2771d28,0x00000000e2780000)
  from space 3584K, 99% used [0x00000000e2780000,0x00000000e2afd0c0,0x00000000e2b00000)
  to   space 3584K, 0% used [0x00000000e4300000,0x00000000e4300000,0x00000000e4680000)
 ParOldGen       total 64512K, used 788K [0x00000000a2e00000, 0x00000000a6d00000, 0x00000000e0f80000)
  object space 64512K, 1% used [0x00000000a2e00000,0x00000000a2ec53f8,0x00000000a6d00000)
 Metaspace       used 19797K, capacity 20029K, committed 20224K, reserved 1067008K
  class space    used 1935K, capacity 2020K, committed 2048K, reserved 1048576K
Event: 1,787 GC heap after
Heap after GC invocations=2 (full 0):
 PSYoungGen      total 28160K, used 3569K [0x00000000e0f80000, 0x00000000e4680000, 0x0000000100000000)
  eden space 24576K, 0% used [0x00000000e0f80000,0x00000000e0f80000,0x00000000e2780000)
  from space 3584K, 99% used [0x00000000e4300000,0x00000000e467c7a0,0x00000000e4680000)
  to   space 3584K, 0% used [0x00000000e2780000,0x00000000e2780000,0x00000000e2b00000)
 ParOldGen       total 64512K, used 8208K [0x00000000a2e00000, 0x00000000a6d00000, 0x00000000e0f80000)
  object space 64512K, 12% used [0x00000000a2e00000,0x00000000a36041c8,0x00000000a6d00000)
 Metaspace       used 19797K, capacity 20029K, committed 20224K, reserved 1067008K
  class space    used 1935K, capacity 2020K, committed 2048K, reserved 1048576K
}
Event: 1,938 GC heap before
{Heap before GC invocations=3 (full 0):
 PSYoungGen      total 28160K, used 10123K [0x00000000e0f80000, 0x00000000e4680000, 0x0000000100000000)
  eden space 24576K, 26% used [0x00000000e0f80000,0x00000000e15e66e0,0x00000000e2780000)
  from space 3584K, 99% used [0x00000000e4300000,0x00000000e467c7a0,0x00000000e4680000)
  to   space 3584K, 0% used [0x00000000e2780000,0x00000000e2780000,0x00000000e2b00000)
 ParOldGen       total 64512K, used 8208K [0x00000000a2e00000, 0x00000000a6d00000, 0x00000000e0f80000)
  object space 64512K, 12% used [0x00000000a2e00000,0x00000000a36041c8,0x00000000a6d00000)
 Metaspace       used 20814K, capacity 21021K, committed 21296K, reserved 1069056K
  class space    used 2037K, capacity 2116K, committed 2176K, reserved 1048576K
Event: 1,943 GC heap after
Heap after GC invocations=3 (full 0):
 PSYoungGen      total 28160K, used 3573K [0x00000000e0f80000, 0x00000000e4680000, 0x0000000100000000)
  eden space 24576K, 0% used [0x00000000e0f80000,0x00000000e0f80000,0x00000000e2780000)
  from space 3584K, 99% used [0x00000000e2780000,0x00000000e2afd5a8,0x00000000e2b00000)
  to   space 3584K, 0% used [0x00000000e4300000,0x00000000e4300000,0x00000000e4680000)
 ParOldGen       total 64512K, used 11049K [0x00000000a2e00000, 0x00000000a6d00000, 0x00000000e0f80000)
  object space 64512K, 17% used [0x00000000a2e00000,0x00000000a38ca468,0x00000000a6d00000)
 Metaspace       used 20814K, capacity 21021K, committed 21296K, reserved 1069056K
  class space    used 2037K, capacity 2116K, committed 2176K, reserved 1048576K
}
Event: 1,943 GC heap before
{Heap before GC invocations=4 (full 1):
 PSYoungGen      total 28160K, used 3573K [0x00000000e0f80000, 0x00000000e4680000, 0x0000000100000000)
  eden space 24576K, 0% used [0x00000000e0f80000,0x00000000e0f80000,0x00000000e2780000)
  from space 3584K, 99% used [0x00000000e2780000,0x00000000e2afd5a8,0x00000000e2b00000)
  to   space 3584K, 0% used [0x00000000e4300000,0x00000000e4300000,0x00000000e4680000)
 ParOldGen       total 64512K, used 11049K [0x00000000a2e00000, 0x00000000a6d00000, 0x00000000e0f80000)
  object space 64512K, 17% used [0x00000000a2e00000,0x00000000a38ca468,0x00000000a6d00000)
 Metaspace       used 20814K, capacity 21021K, committed 21296K, reserved 1069056K
  class space    used 2037K, capacity 2116K, committed 2176K, reserved 1048576K
Event: 1,980 GC heap after
Heap after GC invocations=4 (full 1):
 PSYoungGen      total 28160K, used 0K [0x00000000e0f80000, 0x00000000e4680000, 0x0000000100000000)
  eden space 24576K, 0% used [0x00000000e0f80000,0x00000000e0f80000,0x00000000e2780000)
  from space 3584K, 0% used [0x00000000e2780000,0x00000000e2780000,0x00000000e2b00000)
  to   space 3584K, 0% used [0x00000000e4300000,0x00000000e4300000,0x00000000e4680000)
 ParOldGen       total 58368K, used 12503K [0x00000000a2e00000, 0x00000000a6700000, 0x00000000e0f80000)
  object space 58368K, 21% used [0x00000000a2e00000,0x00000000a3a35df8,0x00000000a6700000)
 Metaspace       used 20814K, capacity 21021K, committed 21296K, reserved 1069056K
  class space    used 2037K, capacity 2116K, committed 2176K, reserved 1048576K
}
Event: 2,215 GC heap before
{Heap before GC invocations=5 (full 1):
 PSYoungGen      total 28160K, used 24513K [0x00000000e0f80000, 0x00000000e4680000, 0x0000000100000000)
  eden space 24576K, 99% used [0x00000000e0f80000,0x00000000e27704e8,0x00000000e2780000)
  from space 3584K, 0% used [0x00000000e2780000,0x00000000e2780000,0x00000000e2b00000)
  to   space 3584K, 0% used [0x00000000e4300000,0x00000000e4300000,0x00000000e4680000)
 ParOldGen       total 58368K, used 12759K [0x00000000a2e00000, 0x00000000a6700000, 0x00000000e0f80000)
  object space 58368K, 21% used [0x00000000a2e00000,0x00000000a3a75e08,0x00000000a6700000)
 Metaspace       used 21055K, capacity 21341K, committed 21808K, reserved 1069056K
  class space    used 2047K, capacity 2116K, committed 2176K, reserved 1048576K
Event: 2,219 GC heap after
Heap after GC invocations=5 (full 1):
 PSYoungGen      total 39936K, used 3552K [0x00000000e0f80000, 0x00000000e4680000, 0x0000000100000000)
  eden space 36352K, 0% used [0x00000000e0f80000,0x00000000e0f80000,0x00000000e3300000)
  from space 3584K, 99% used [0x00000000e4300000,0x00000000e46780d0,0x00000000e4680000)
  to   space 3584K, 0% used [0x00000000e3f80000,0x00000000e3f80000,0x00000000e4300000)
 ParOldGen       total 58368K, used 16943K [0x00000000a2e00000, 0x00000000a6700000, 0x00000000e0f80000)
  object space 58368K, 29% used [0x00000000a2e00000,0x00000000a3e8bf48,0x00000000a6700000)
 Metaspace       used 21055K, capacity 21341K, committed 21808K, reserved 1069056K
  class space    used 2047K, capacity 2116K, committed 2176K, reserved 1048576K
}

