# JRE version: OpenJDK Runtime Environment (8.0_91-b14) (build 1.8.0_91-8u91-b14-3ubuntu1~16.04.1-b14)
# Java VM: OpenJDK 64-Bit Server VM (25.91-b14 mixed mode linux-amd64 compressed oops)
Heap:
 PSYoungGen      total 121344K, used 54376K [0x00000000edc00000, 0x00000000f7200000, 0x0000000100000000)
  eden space 101376K, 40% used [0x00000000edc00000,0x00000000f0432088,0x00000000f3f00000)
  from space 19968K, 66% used [0x00000000f3f00000,0x00000000f4be8330,0x00000000f5280000)
  to   space 20480K, 0% used [0x00000000f5e00000,0x00000000f5e00000,0x00000000f7200000)
 ParOldGen       total 45568K, used 21517K [0x00000000c9400000, 0x00000000cc080000, 0x00000000edc00000)
  object space 45568K, 47% used [0x00000000c9400000,0x00000000ca903638,0x00000000cc080000)
 Metaspace       used 21720K, capacity 21929K, committed 22272K, reserved 1069056K
  class space    used 1962K, capacity 2024K, committed 2048K, reserved 1048576K
GC Heap History (10 events):
Event: 65,657 GC heap before
{Heap before GC invocations=12 (full 1):
 PSYoungGen      total 91648K, used 89504K [0x00000000edc00000, 0x00000000f4780000, 0x0000000100000000)
  eden space 76288K, 100% used [0x00000000edc00000,0x00000000f2680000,0x00000000f2680000)
  from space 15360K, 86% used [0x00000000f3780000,0x00000000f4468330,0x00000000f4680000)
  to   space 16896K, 0% used [0x00000000f2680000,0x00000000f2680000,0x00000000f3700000)
 ParOldGen       total 45568K, used 21517K [0x00000000c9400000, 0x00000000cc080000, 0x00000000edc00000)
  object space 45568K, 47% used [0x00000000c9400000,0x00000000ca903638,0x00000000cc080000)
 Metaspace       used 21617K, capacity 21865K, committed 22272K, reserved 1069056K
  class space    used 1957K, capacity 2024K, committed 2048K, reserved 1048576K
Event: 65,676 GC heap after
Heap after GC invocations=12 (full 1):
 PSYoungGen      total 93184K, used 13216K [0x00000000edc00000, 0x00000000f5880000, 0x0000000100000000)
  eden space 76288K, 0% used [0x00000000edc00000,0x00000000edc00000,0x00000000f2680000)
  from space 16896K, 78% used [0x00000000f2680000,0x00000000f3368330,0x00000000f3700000)
  to   space 17920K, 0% used [0x00000000f4700000,0x00000000f4700000,0x00000000f5880000)
 ParOldGen       total 45568K, used 21517K [0x00000000c9400000, 0x00000000cc080000, 0x00000000edc00000)
  object space 45568K, 47% used [0x00000000c9400000,0x00000000ca903638,0x00000000cc080000)
 Metaspace       used 21617K, capacity 21865K, committed 22272K, reserved 1069056K
  class space    used 1957K, capacity 2024K, committed 2048K, reserved 1048576K
}
Event: 85,193 GC heap before
{Heap before GC invocations=13 (full 1):
 PSYoungGen      total 93184K, used 89504K [0x00000000edc00000, 0x00000000f5880000, 0x0000000100000000)
  eden space 76288K, 100% used [0x00000000edc00000,0x00000000f2680000,0x00000000f2680000)
  from space 16896K, 78% used [0x00000000f2680000,0x00000000f3368330,0x00000000f3700000)
  to   space 17920K, 0% used [0x00000000f4700000,0x00000000f4700000,0x00000000f5880000)
 ParOldGen       total 45568K, used 21517K [0x00000000c9400000, 0x00000000cc080000, 0x00000000edc00000)
  object space 45568K, 47% used [0x00000000c9400000,0x00000000ca903638,0x00000000cc080000)
 Metaspace       used 21618K, capacity 21865K, committed 22272K, reserved 1069056K
  class space    used 1957K, capacity 2024K, committed 2048K, reserved 1048576K
Event: 85,225 GC heap after
Heap after GC invocations=13 (full 1):
 PSYoungGen      total 107520K, used 13184K [0x00000000edc00000, 0x00000000f5880000, 0x0000000100000000)
  eden space 89600K, 0% used [0x00000000edc00000,0x00000000edc00000,0x00000000f3380000)
  from space 17920K, 73% used [0x00000000f4700000,0x00000000f53e0330,0x00000000f5880000)
  to   space 18944K, 0% used [0x00000000f3380000,0x00000000f3380000,0x00000000f4600000)
 ParOldGen       total 45568K, used 21517K [0x00000000c9400000, 0x00000000cc080000, 0x00000000edc00000)
  object space 45568K, 47% used [0x00000000c9400000,0x00000000ca903638,0x00000000cc080000)
 Metaspace       used 21618K, capacity 21865K, committed 22272K, reserved 1069056K
  class space    used 1957K, capacity 2024K, committed 2048K, reserved 1048576K
}
Event: 108,279 GC heap before
{Heap before GC invocations=14 (full 1):
 PSYoungGen      total 107520K, used 102784K [0x00000000edc00000, 0x00000000f5880000, 0x0000000100000000)
  eden space 89600K, 100% used [0x00000000edc00000,0x00000000f3380000,0x00000000f3380000)
  from space 17920K, 73% used [0x00000000f4700000,0x00000000f53e0330,0x00000000f5880000)
  to   space 18944K, 0% used [0x00000000f3380000,0x00000000f3380000,0x00000000f4600000)
 ParOldGen       total 45568K, used 21517K [0x00000000c9400000, 0x00000000cc080000, 0x00000000edc00000)
  object space 45568K, 47% used [0x00000000c9400000,0x00000000ca903638,0x00000000cc080000)
 Metaspace       used 21618K, capacity 21865K, committed 22272K, reserved 1069056K
  class space    used 1957K, capacity 2024K, committed 2048K, reserved 1048576K
Event: 108,297 GC heap after
Heap after GC invocations=14 (full 1):
 PSYoungGen      total 108544K, used 13216K [0x00000000edc00000, 0x00000000f6600000, 0x0000000100000000)
  eden space 89600K, 0% used [0x00000000edc00000,0x00000000edc00000,0x00000000f3380000)
  from space 18944K, 69% used [0x00000000f3380000,0x00000000f4068330,0x00000000f4600000)
  to   space 19456K, 0% used [0x00000000f5300000,0x00000000f5300000,0x00000000f6600000)
 ParOldGen       total 45568K, used 21517K [0x00000000c9400000, 0x00000000cc080000, 0x00000000edc00000)
  object space 45568K, 47% used [0x00000000c9400000,0x00000000ca903638,0x00000000cc080000)
 Metaspace       used 21618K, capacity 21865K, committed 22272K, reserved 1069056K
  class space    used 1957K, capacity 2024K, committed 2048K, reserved 1048576K
}
Event: 131,560 GC heap before
{Heap before GC invocations=15 (full 1):
 PSYoungGen      total 108544K, used 102816K [0x00000000edc00000, 0x00000000f6600000, 0x0000000100000000)
  eden space 89600K, 100% used [0x00000000edc00000,0x00000000f3380000,0x00000000f3380000)
  from space 18944K, 69% used [0x00000000f3380000,0x00000000f4068330,0x00000000f4600000)
  to   space 19456K, 0% used [0x00000000f5300000,0x00000000f5300000,0x00000000f6600000)
 ParOldGen       total 45568K, used 21517K [0x00000000c9400000, 0x00000000cc080000, 0x00000000edc00000)
  object space 45568K, 47% used [0x00000000c9400000,0x00000000ca903638,0x00000000cc080000)
 Metaspace       used 21619K, capacity 21865K, committed 22272K, reserved 1069056K
  class space    used 1958K, capacity 2024K, committed 2048K, reserved 1048576K
Event: 131,601 GC heap after
Heap after GC invocations=15 (full 1):
 PSYoungGen      total 120832K, used 13216K [0x00000000edc00000, 0x00000000f6600000, 0x0000000100000000)
  eden space 101376K, 0% used [0x00000000edc00000,0x00000000edc00000,0x00000000f3f00000)
  from space 19456K, 67% used [0x00000000f5300000,0x00000000f5fe8330,0x00000000f6600000)
  to   space 19968K, 0% used [0x00000000f3f00000,0x00000000f3f00000,0x00000000f5280000)
 ParOldGen       total 45568K, used 21517K [0x00000000c9400000, 0x00000000cc080000, 0x00000000edc00000)
  object space 45568K, 47% used [0x00000000c9400000,0x00000000ca903638,0x00000000cc080000)
 Metaspace       used 21619K, capacity 21865K, committed 22272K, reserved 1069056K
  class space    used 1958K, capacity 2024K, committed 2048K, reserved 1048576K
}
Event: 157,502 GC heap before
{Heap before GC invocations=16 (full 1):
 PSYoungGen      total 120832K, used 114592K [0x00000000edc00000, 0x00000000f6600000, 0x0000000100000000)
  eden space 101376K, 100% used [0x00000000edc00000,0x00000000f3f00000,0x00000000f3f00000)
  from space 19456K, 67% used [0x00000000f5300000,0x00000000f5fe8330,0x00000000f6600000)
  to   space 19968K, 0% used [0x00000000f3f00000,0x00000000f3f00000,0x00000000f5280000)
 ParOldGen       total 45568K, used 21517K [0x00000000c9400000, 0x00000000cc080000, 0x00000000edc00000)
  object space 45568K, 47% used [0x00000000c9400000,0x00000000ca903638,0x00000000cc080000)
 Metaspace       used 21619K, capacity 21865K, committed 22272K, reserved 1069056K
  class space    used 1958K, capacity 2024K, committed 2048K, reserved 1048576K
Event: 157,520 GC heap after
Heap after GC invocations=16 (full 1):
 PSYoungGen      total 121344K, used 13216K [0x00000000edc00000, 0x00000000f7200000, 0x0000000100000000)
  eden space 101376K, 0% used [0x00000000edc00000,0x00000000edc00000,0x00000000f3f00000)
  from space 19968K, 66% used [0x00000000f3f00000,0x00000000f4be8330,0x00000000f5280000)
  to   space 20480K, 0% used [0x00000000f5e00000,0x00000000f5e00000,0x00000000f7200000)
 ParOldGen       total 45568K, used 21517K [0x00000000c9400000, 0x00000000cc080000, 0x00000000edc00000)
  object space 45568K, 47% used [0x00000000c9400000,0x00000000ca903638,0x00000000cc080000)
 Metaspace       used 21619K, capacity 21865K, committed 22272K, reserved 1069056K
  class space    used 1958K, capacity 2024K, committed 2048K, reserved 1048576K
}

