# JRE version: OpenJDK Runtime Environment (8.0_91-b14) (build 1.8.0_91-8u91-b14-3ubuntu1~16.04.1-b14)
# Java VM: OpenJDK 64-Bit Server VM (25.91-b14 mixed mode linux-amd64 compressed oops)
Heap:
 PSYoungGen      total 58880K, used 42514K [0x00000000edc00000, 0x00000000f2a80000, 0x0000000100000000)
  eden space 47616K, 88% used [0x00000000edc00000,0x00000000f054cbc8,0x00000000f0a80000)
  from space 11264K, 1% used [0x00000000f0a80000,0x00000000f0ab8000,0x00000000f1580000)
  to   space 11264K, 0% used [0x00000000f1f80000,0x00000000f1f80000,0x00000000f2a80000)
 ParOldGen       total 45056K, used 13892K [0x00000000c9400000, 0x00000000cc000000, 0x00000000edc00000)
  object space 45056K, 30% used [0x00000000c9400000,0x00000000ca191378,0x00000000cc000000)
 Metaspace       used 21389K, capacity 21603K, committed 22016K, reserved 1069056K
  class space    used 1958K, capacity 2023K, committed 2048K, reserved 1048576K
GC Heap History (10 events):
Event: 6,267 GC heap before
{Heap before GC invocations=4 (full 0):
 PSYoungGen      total 16896K, used 16819K [0x00000000edc00000, 0x00000000efd00000, 0x0000000100000000)
  eden space 14848K, 99% used [0x00000000edc00000,0x00000000eea74d88,0x00000000eea80000)
  from space 2048K, 98% used [0x00000000eea80000,0x00000000eec78060,0x00000000eec80000)
  to   space 2048K, 0% used [0x00000000efb00000,0x00000000efb00000,0x00000000efd00000)
 ParOldGen       total 38400K, used 7178K [0x00000000c9400000, 0x00000000cb980000, 0x00000000edc00000)
  object space 38400K, 18% used [0x00000000c9400000,0x00000000c9b02958,0x00000000cb980000)
 Metaspace       used 20046K, capacity 20257K, committed 20480K, reserved 1067008K
  class space    used 1916K, capacity 1986K, committed 2048K, reserved 1048576K
Event: 6,300 GC heap after
Heap after GC invocations=4 (full 0):
 PSYoungGen      total 31744K, used 2034K [0x00000000edc00000, 0x00000000efd00000, 0x0000000100000000)
  eden space 29696K, 0% used [0x00000000edc00000,0x00000000edc00000,0x00000000ef900000)
  from space 2048K, 99% used [0x00000000efb00000,0x00000000efcfc860,0x00000000efd00000)
  to   space 2048K, 0% used [0x00000000ef900000,0x00000000ef900000,0x00000000efb00000)
 ParOldGen       total 38400K, used 15240K [0x00000000c9400000, 0x00000000cb980000, 0x00000000edc00000)
  object space 38400K, 39% used [0x00000000c9400000,0x00000000ca2e21d8,0x00000000cb980000)
 Metaspace       used 20046K, capacity 20257K, committed 20480K, reserved 1067008K
  class space    used 1916K, capacity 1986K, committed 2048K, reserved 1048576K
}
Event: 8,932 GC heap before
{Heap before GC invocations=5 (full 0):
 PSYoungGen      total 31744K, used 20058K [0x00000000edc00000, 0x00000000efd00000, 0x0000000100000000)
  eden space 29696K, 60% used [0x00000000edc00000,0x00000000eed9a250,0x00000000ef900000)
  from space 2048K, 99% used [0x00000000efb00000,0x00000000efcfc860,0x00000000efd00000)
  to   space 2048K, 0% used [0x00000000ef900000,0x00000000ef900000,0x00000000efb00000)
 ParOldGen       total 38400K, used 15240K [0x00000000c9400000, 0x00000000cb980000, 0x00000000edc00000)
  object space 38400K, 39% used [0x00000000c9400000,0x00000000ca2e21d8,0x00000000cb980000)
 Metaspace       used 20804K, capacity 21027K, committed 21248K, reserved 1069056K
  class space    used 1950K, capacity 2023K, committed 2048K, reserved 1048576K
Event: 8,967 GC heap after
Heap after GC invocations=5 (full 0):
 PSYoungGen      total 31744K, used 2032K [0x00000000edc00000, 0x00000000f2a00000, 0x0000000100000000)
  eden space 29696K, 0% used [0x00000000edc00000,0x00000000edc00000,0x00000000ef900000)
  from space 2048K, 99% used [0x00000000ef900000,0x00000000efafc060,0x00000000efb00000)
  to   space 10240K, 0% used [0x00000000f2000000,0x00000000f2000000,0x00000000f2a00000)
 ParOldGen       total 38400K, used 17666K [0x00000000c9400000, 0x00000000cb980000, 0x00000000edc00000)
  object space 38400K, 46% used [0x00000000c9400000,0x00000000ca540a18,0x00000000cb980000)
 Metaspace       used 20804K, capacity 21027K, committed 21248K, reserved 1069056K
  class space    used 1950K, capacity 2023K, committed 2048K, reserved 1048576K
}
Event: 8,967 GC heap before
{Heap before GC invocations=6 (full 1):
 PSYoungGen      total 31744K, used 2032K [0x00000000edc00000, 0x00000000f2a00000, 0x0000000100000000)
  eden space 29696K, 0% used [0x00000000edc00000,0x00000000edc00000,0x00000000ef900000)
  from space 2048K, 99% used [0x00000000ef900000,0x00000000efafc060,0x00000000efb00000)
  to   space 10240K, 0% used [0x00000000f2000000,0x00000000f2000000,0x00000000f2a00000)
 ParOldGen       total 38400K, used 17666K [0x00000000c9400000, 0x00000000cb980000, 0x00000000edc00000)
  object space 38400K, 46% used [0x00000000c9400000,0x00000000ca540a18,0x00000000cb980000)
 Metaspace       used 20804K, capacity 21027K, committed 21248K, reserved 1069056K
  class space    used 1950K, capacity 2023K, committed 2048K, reserved 1048576K
Event: 9,095 GC heap after
Heap after GC invocations=6 (full 1):
 PSYoungGen      total 31744K, used 0K [0x00000000edc00000, 0x00000000f2a00000, 0x0000000100000000)
  eden space 29696K, 0% used [0x00000000edc00000,0x00000000edc00000,0x00000000ef900000)
  from space 2048K, 0% used [0x00000000ef900000,0x00000000ef900000,0x00000000efb00000)
  to   space 10240K, 0% used [0x00000000f2000000,0x00000000f2000000,0x00000000f2a00000)
 ParOldGen       total 45056K, used 13876K [0x00000000c9400000, 0x00000000cc000000, 0x00000000edc00000)
  object space 45056K, 30% used [0x00000000c9400000,0x00000000ca18d378,0x00000000cc000000)
 Metaspace       used 20804K, capacity 21027K, committed 21248K, reserved 1069056K
  class space    used 1950K, capacity 2023K, committed 2048K, reserved 1048576K
}
Event: 20,873 GC heap before
{Heap before GC invocations=7 (full 1):
 PSYoungGen      total 31744K, used 29696K [0x00000000edc00000, 0x00000000f2a00000, 0x0000000100000000)
  eden space 29696K, 100% used [0x00000000edc00000,0x00000000ef900000,0x00000000ef900000)
  from space 2048K, 0% used [0x00000000ef900000,0x00000000ef900000,0x00000000efb00000)
  to   space 10240K, 0% used [0x00000000f2000000,0x00000000f2000000,0x00000000f2a00000)
 ParOldGen       total 45056K, used 13876K [0x00000000c9400000, 0x00000000cc000000, 0x00000000edc00000)
  object space 45056K, 30% used [0x00000000c9400000,0x00000000ca18d378,0x00000000cc000000)
 Metaspace       used 21243K, capacity 21475K, committed 21760K, reserved 1069056K
  class space    used 1950K, capacity 2023K, committed 2048K, reserved 1048576K
Event: 20,881 GC heap after
Heap after GC invocations=7 (full 1):
 PSYoungGen      total 43008K, used 64K [0x00000000edc00000, 0x00000000f2080000, 0x0000000100000000)
  eden space 42496K, 0% used [0x00000000edc00000,0x00000000edc00000,0x00000000f0580000)
  from space 512K, 12% used [0x00000000f2000000,0x00000000f2010000,0x00000000f2080000)
  to   space 11264K, 0% used [0x00000000f0a80000,0x00000000f0a80000,0x00000000f1580000)
 ParOldGen       total 45056K, used 13884K [0x00000000c9400000, 0x00000000cc000000, 0x00000000edc00000)
  object space 45056K, 30% used [0x00000000c9400000,0x00000000ca18f378,0x00000000cc000000)
 Metaspace       used 21243K, capacity 21475K, committed 21760K, reserved 1069056K
  class space    used 1950K, capacity 2023K, committed 2048K, reserved 1048576K
}
Event: 38,194 GC heap before
{Heap before GC invocations=8 (full 1):
 PSYoungGen      total 43008K, used 42560K [0x00000000edc00000, 0x00000000f2080000, 0x0000000100000000)
  eden space 42496K, 100% used [0x00000000edc00000,0x00000000f0580000,0x00000000f0580000)
  from space 512K, 12% used [0x00000000f2000000,0x00000000f2010000,0x00000000f2080000)
  to   space 11264K, 0% used [0x00000000f0a80000,0x00000000f0a80000,0x00000000f1580000)
 ParOldGen       total 45056K, used 13884K [0x00000000c9400000, 0x00000000cc000000, 0x00000000edc00000)
  object space 45056K, 30% used [0x00000000c9400000,0x00000000ca18f378,0x00000000cc000000)
 Metaspace       used 21341K, capacity 21539K, committed 21760K, reserved 1069056K
  class space    used 1955K, capacity 2023K, committed 2048K, reserved 1048576K
Event: 38,200 GC heap after
Heap after GC invocations=8 (full 1):
 PSYoungGen      total 58880K, used 224K [0x00000000edc00000, 0x00000000f2a80000, 0x0000000100000000)
  eden space 47616K, 0% used [0x00000000edc00000,0x00000000edc00000,0x00000000f0a80000)
  from space 11264K, 1% used [0x00000000f0a80000,0x00000000f0ab8000,0x00000000f1580000)
  to   space 11264K, 0% used [0x00000000f1f80000,0x00000000f1f80000,0x00000000f2a80000)
 ParOldGen       total 45056K, used 13892K [0x00000000c9400000, 0x00000000cc000000, 0x00000000edc00000)
  object space 45056K, 30% used [0x00000000c9400000,0x00000000ca191378,0x00000000cc000000)
 Metaspace       used 21341K, capacity 21539K, committed 21760K, reserved 1069056K
  class space    used 1955K, capacity 2023K, committed 2048K, reserved 1048576K
}

