# JRE version: OpenJDK Runtime Environment (8.0_91-b14) (build 1.8.0_91-8u91-b14-3ubuntu1~16.04.1-b14)
# Java VM: OpenJDK 64-Bit Server VM (25.91-b14 mixed mode linux-amd64 compressed oops)
Heap:
 PSYoungGen      total 69120K, used 36715K [0x00000000edc00000, 0x00000000f2e80000, 0x0000000100000000)
  eden space 57856K, 63% used [0x00000000edc00000,0x00000000effa2f08,0x00000000f1480000)
  from space 11264K, 1% used [0x00000000f1f00000,0x00000000f1f38000,0x00000000f2a00000)
  to   space 10752K, 0% used [0x00000000f1480000,0x00000000f1480000,0x00000000f1f00000)
 ParOldGen       total 46080K, used 14678K [0x00000000c9400000, 0x00000000cc100000, 0x00000000edc00000)
  object space 46080K, 31% used [0x00000000c9400000,0x00000000ca255b78,0x00000000cc100000)
 Metaspace       used 21409K, capacity 21603K, committed 22016K, reserved 1069056K
  class space    used 1959K, capacity 2023K, committed 2048K, reserved 1048576K
GC Heap History (10 events):
Event: 9,099 GC heap before
{Heap before GC invocations=5 (full 0):
 PSYoungGen      total 31744K, used 20419K [0x00000000edc00000, 0x00000000efd00000, 0x0000000100000000)
  eden space 29696K, 61% used [0x00000000edc00000,0x00000000eedf8c58,0x00000000ef900000)
  from space 2048K, 98% used [0x00000000efb00000,0x00000000efcf8050,0x00000000efd00000)
  to   space 2048K, 0% used [0x00000000ef900000,0x00000000ef900000,0x00000000efb00000)
 ParOldGen       total 38400K, used 15017K [0x00000000c9400000, 0x00000000cb980000, 0x00000000edc00000)
  object space 38400K, 39% used [0x00000000c9400000,0x00000000ca2aa770,0x00000000cb980000)
 Metaspace       used 20849K, capacity 21027K, committed 21248K, reserved 1069056K
  class space    used 1954K, capacity 2023K, committed 2048K, reserved 1048576K
Event: 9,126 GC heap after
Heap after GC invocations=5 (full 0):
 PSYoungGen      total 31744K, used 2016K [0x00000000edc00000, 0x00000000f2a00000, 0x0000000100000000)
  eden space 29696K, 0% used [0x00000000edc00000,0x00000000edc00000,0x00000000ef900000)
  from space 2048K, 98% used [0x00000000ef900000,0x00000000efaf8020,0x00000000efb00000)
  to   space 10240K, 0% used [0x00000000f2000000,0x00000000f2000000,0x00000000f2a00000)
 ParOldGen       total 38400K, used 17118K [0x00000000c9400000, 0x00000000cb980000, 0x00000000edc00000)
  object space 38400K, 44% used [0x00000000c9400000,0x00000000ca4b7878,0x00000000cb980000)
 Metaspace       used 20849K, capacity 21027K, committed 21248K, reserved 1069056K
  class space    used 1954K, capacity 2023K, committed 2048K, reserved 1048576K
}
Event: 9,126 GC heap before
{Heap before GC invocations=6 (full 1):
 PSYoungGen      total 31744K, used 2016K [0x00000000edc00000, 0x00000000f2a00000, 0x0000000100000000)
  eden space 29696K, 0% used [0x00000000edc00000,0x00000000edc00000,0x00000000ef900000)
  from space 2048K, 98% used [0x00000000ef900000,0x00000000efaf8020,0x00000000efb00000)
  to   space 10240K, 0% used [0x00000000f2000000,0x00000000f2000000,0x00000000f2a00000)
 ParOldGen       total 38400K, used 17118K [0x00000000c9400000, 0x00000000cb980000, 0x00000000edc00000)
  object space 38400K, 44% used [0x00000000c9400000,0x00000000ca4b7878,0x00000000cb980000)
 Metaspace       used 20849K, capacity 21027K, committed 21248K, reserved 1069056K
  class space    used 1954K, capacity 2023K, committed 2048K, reserved 1048576K
Event: 9,253 GC heap after
Heap after GC invocations=6 (full 1):
 PSYoungGen      total 31744K, used 0K [0x00000000edc00000, 0x00000000f2a00000, 0x0000000100000000)
  eden space 29696K, 0% used [0x00000000edc00000,0x00000000edc00000,0x00000000ef900000)
  from space 2048K, 0% used [0x00000000ef900000,0x00000000ef900000,0x00000000efb00000)
  to   space 10240K, 0% used [0x00000000f2000000,0x00000000f2000000,0x00000000f2a00000)
 ParOldGen       total 46080K, used 14662K [0x00000000c9400000, 0x00000000cc100000, 0x00000000edc00000)
  object space 46080K, 31% used [0x00000000c9400000,0x00000000ca251b78,0x00000000cc100000)
 Metaspace       used 20849K, capacity 21027K, committed 21248K, reserved 1069056K
  class space    used 1954K, capacity 2023K, committed 2048K, reserved 1048576K
}
Event: 21,713 GC heap before
{Heap before GC invocations=7 (full 1):
 PSYoungGen      total 31744K, used 29696K [0x00000000edc00000, 0x00000000f2a00000, 0x0000000100000000)
  eden space 29696K, 100% used [0x00000000edc00000,0x00000000ef900000,0x00000000ef900000)
  from space 2048K, 0% used [0x00000000ef900000,0x00000000ef900000,0x00000000efb00000)
  to   space 10240K, 0% used [0x00000000f2000000,0x00000000f2000000,0x00000000f2a00000)
 ParOldGen       total 46080K, used 14662K [0x00000000c9400000, 0x00000000cc100000, 0x00000000edc00000)
  object space 46080K, 31% used [0x00000000c9400000,0x00000000ca251b78,0x00000000cc100000)
 Metaspace       used 21364K, capacity 21539K, committed 21760K, reserved 1069056K
  class space    used 1956K, capacity 2023K, committed 2048K, reserved 1048576K
Event: 21,722 GC heap after
Heap after GC invocations=7 (full 1):
 PSYoungGen      total 43008K, used 224K [0x00000000edc00000, 0x00000000f2080000, 0x0000000100000000)
  eden space 42496K, 0% used [0x00000000edc00000,0x00000000edc00000,0x00000000f0580000)
  from space 512K, 43% used [0x00000000f2000000,0x00000000f2038000,0x00000000f2080000)
  to   space 10752K, 0% used [0x00000000f0b80000,0x00000000f0b80000,0x00000000f1600000)
 ParOldGen       total 46080K, used 14670K [0x00000000c9400000, 0x00000000cc100000, 0x00000000edc00000)
  object space 46080K, 31% used [0x00000000c9400000,0x00000000ca253b78,0x00000000cc100000)
 Metaspace       used 21364K, capacity 21539K, committed 21760K, reserved 1069056K
  class space    used 1956K, capacity 2023K, committed 2048K, reserved 1048576K
}
Event: 39,704 GC heap before
{Heap before GC invocations=8 (full 1):
 PSYoungGen      total 43008K, used 42720K [0x00000000edc00000, 0x00000000f2080000, 0x0000000100000000)
  eden space 42496K, 100% used [0x00000000edc00000,0x00000000f0580000,0x00000000f0580000)
  from space 512K, 43% used [0x00000000f2000000,0x00000000f2038000,0x00000000f2080000)
  to   space 10752K, 0% used [0x00000000f0b80000,0x00000000f0b80000,0x00000000f1600000)
 ParOldGen       total 46080K, used 14670K [0x00000000c9400000, 0x00000000cc100000, 0x00000000edc00000)
  object space 46080K, 31% used [0x00000000c9400000,0x00000000ca253b78,0x00000000cc100000)
 Metaspace       used 21369K, capacity 21539K, committed 21760K, reserved 1069056K
  class space    used 1956K, capacity 2023K, committed 2048K, reserved 1048576K
Event: 39,710 GC heap after
Heap after GC invocations=8 (full 1):
 PSYoungGen      total 59392K, used 224K [0x00000000edc00000, 0x00000000f2a00000, 0x0000000100000000)
  eden space 48640K, 0% used [0x00000000edc00000,0x00000000edc00000,0x00000000f0b80000)
  from space 10752K, 2% used [0x00000000f0b80000,0x00000000f0bb8000,0x00000000f1600000)
  to   space 11264K, 0% used [0x00000000f1f00000,0x00000000f1f00000,0x00000000f2a00000)
 ParOldGen       total 46080K, used 14678K [0x00000000c9400000, 0x00000000cc100000, 0x00000000edc00000)
  object space 46080K, 31% used [0x00000000c9400000,0x00000000ca255b78,0x00000000cc100000)
 Metaspace       used 21369K, capacity 21539K, committed 21760K, reserved 1069056K
  class space    used 1956K, capacity 2023K, committed 2048K, reserved 1048576K
}
Event: 60,389 GC heap before
{Heap before GC invocations=9 (full 1):
 PSYoungGen      total 59392K, used 48864K [0x00000000edc00000, 0x00000000f2a00000, 0x0000000100000000)
  eden space 48640K, 100% used [0x00000000edc00000,0x00000000f0b80000,0x00000000f0b80000)
  from space 10752K, 2% used [0x00000000f0b80000,0x00000000f0bb8000,0x00000000f1600000)
  to   space 11264K, 0% used [0x00000000f1f00000,0x00000000f1f00000,0x00000000f2a00000)
 ParOldGen       total 46080K, used 14678K [0x00000000c9400000, 0x00000000cc100000, 0x00000000edc00000)
  object space 46080K, 31% used [0x00000000c9400000,0x00000000ca255b78,0x00000000cc100000)
 Metaspace       used 21377K, capacity 21603K, committed 22016K, reserved 1069056K
  class space    used 1956K, capacity 2023K, committed 2048K, reserved 1048576K
Event: 60,396 GC heap after
Heap after GC invocations=9 (full 1):
 PSYoungGen      total 69120K, used 224K [0x00000000edc00000, 0x00000000f2e80000, 0x0000000100000000)
  eden space 57856K, 0% used [0x00000000edc00000,0x00000000edc00000,0x00000000f1480000)
  from space 11264K, 1% used [0x00000000f1f00000,0x00000000f1f38000,0x00000000f2a00000)
  to   space 10752K, 0% used [0x00000000f1480000,0x00000000f1480000,0x00000000f1f00000)
 ParOldGen       total 46080K, used 14678K [0x00000000c9400000, 0x00000000cc100000, 0x00000000edc00000)
  object space 46080K, 31% used [0x00000000c9400000,0x00000000ca255b78,0x00000000cc100000)
 Metaspace       used 21377K, capacity 21603K, committed 22016K, reserved 1069056K
  class space    used 1956K, capacity 2023K, committed 2048K, reserved 1048576K
}

