# JRE version: Java(TM) SE Runtime Environment (8.0_92-b14) (build 1.8.0_92-b14)
# Java VM: Java HotSpot(TM) 64-Bit Server VM (25.92-b14 mixed mode linux-amd64 compressed oops)
Heap:
 PSYoungGen      total 28160K, used 26820K [0x00000000e0f80000, 0x00000000e2e80000, 0x0000000100000000)
  eden space 24576K, 94% used [0x00000000e0f80000,0x00000000e2637ec8,0x00000000e2780000)
  from space 3584K, 99% used [0x00000000e2780000,0x00000000e2af92a0,0x00000000e2b00000)
  to   space 3584K, 0% used [0x00000000e2b00000,0x00000000e2b00000,0x00000000e2e80000)
 ParOldGen       total 64512K, used 14202K [0x00000000a2e00000, 0x00000000a6d00000, 0x00000000e0f80000)
  object space 64512K, 22% used [0x00000000a2e00000,0x00000000a3bdebb0,0x00000000a6d00000)
 Metaspace       used 20716K, capacity 20981K, committed 21296K, reserved 1069056K
  class space    used 1960K, capacity 2056K, committed 2176K, reserved 1048576K
GC Heap History (6 events):
Event: 0,619 GC heap before
{Heap before GC invocations=1 (full 0):
 PSYoungGen      total 28160K, used 24398K [0x00000000e0f80000, 0x00000000e2e80000, 0x0000000100000000)
  eden space 24576K, 99% used [0x00000000e0f80000,0x00000000e2753878,0x00000000e2780000)
  from space 3584K, 0% used [0x00000000e2b00000,0x00000000e2b00000,0x00000000e2e80000)
  to   space 3584K, 0% used [0x00000000e2780000,0x00000000e2780000,0x00000000e2b00000)
 ParOldGen       total 64512K, used 0K [0x00000000a2e00000, 0x00000000a6d00000, 0x00000000e0f80000)
  object space 64512K, 0% used [0x00000000a2e00000,0x00000000a2e00000,0x00000000a6d00000)
 Metaspace       used 13463K, capacity 13732K, committed 13952K, reserved 1060864K
  class space    used 1467K, capacity 1545K, committed 1664K, reserved 1048576K
Event: 0,625 GC heap after
Heap after GC invocations=1 (full 0):
 PSYoungGen      total 28160K, used 3570K [0x00000000e0f80000, 0x00000000e2e80000, 0x0000000100000000)
  eden space 24576K, 0% used [0x00000000e0f80000,0x00000000e0f80000,0x00000000e2780000)
  from space 3584K, 99% used [0x00000000e2780000,0x00000000e2afc9e8,0x00000000e2b00000)
  to   space 3584K, 0% used [0x00000000e2b00000,0x00000000e2b00000,0x00000000e2e80000)
 ParOldGen       total 64512K, used 678K [0x00000000a2e00000, 0x00000000a6d00000, 0x00000000e0f80000)
  object space 64512K, 1% used [0x00000000a2e00000,0x00000000a2ea9a80,0x00000000a6d00000)
 Metaspace       used 13463K, capacity 13732K, committed 13952K, reserved 1060864K
  class space    used 1467K, capacity 1545K, committed 1664K, reserved 1048576K
}
Event: 1,952 GC heap before
{Heap before GC invocations=2 (full 0):
 PSYoungGen      total 28160K, used 28077K [0x00000000e0f80000, 0x00000000e2e80000, 0x0000000100000000)
  eden space 24576K, 99% used [0x00000000e0f80000,0x00000000e276ecf0,0x00000000e2780000)
  from space 3584K, 99% used [0x00000000e2780000,0x00000000e2afc9e8,0x00000000e2b00000)
  to   space 3584K, 0% used [0x00000000e2b00000,0x00000000e2b00000,0x00000000e2e80000)
 ParOldGen       total 64512K, used 678K [0x00000000a2e00000, 0x00000000a6d00000, 0x00000000e0f80000)
  object space 64512K, 1% used [0x00000000a2e00000,0x00000000a2ea9a80,0x00000000a6d00000)
 Metaspace       used 19790K, capacity 20029K, committed 20224K, reserved 1067008K
  class space    used 1935K, capacity 2020K, committed 2048K, reserved 1048576K
Event: 1,963 GC heap after
Heap after GC invocations=2 (full 0):
 PSYoungGen      total 28160K, used 3556K [0x00000000e0f80000, 0x00000000e2e80000, 0x0000000100000000)
  eden space 24576K, 0% used [0x00000000e0f80000,0x00000000e0f80000,0x00000000e2780000)
  from space 3584K, 99% used [0x00000000e2b00000,0x00000000e2e792b0,0x00000000e2e80000)
  to   space 3584K, 0% used [0x00000000e2780000,0x00000000e2780000,0x00000000e2b00000)
 ParOldGen       total 64512K, used 8096K [0x00000000a2e00000, 0x00000000a6d00000, 0x00000000e0f80000)
  object space 64512K, 12% used [0x00000000a2e00000,0x00000000a35e8210,0x00000000a6d00000)
 Metaspace       used 19790K, capacity 20029K, committed 20224K, reserved 1067008K
  class space    used 1935K, capacity 2020K, committed 2048K, reserved 1048576K
}
Event: 2,520 GC heap before
{Heap before GC invocations=3 (full 0):
 PSYoungGen      total 28160K, used 28132K [0x00000000e0f80000, 0x00000000e2e80000, 0x0000000100000000)
  eden space 24576K, 100% used [0x00000000e0f80000,0x00000000e2780000,0x00000000e2780000)
  from space 3584K, 99% used [0x00000000e2b00000,0x00000000e2e792b0,0x00000000e2e80000)
  to   space 3584K, 0% used [0x00000000e2780000,0x00000000e2780000,0x00000000e2b00000)
 ParOldGen       total 64512K, used 8096K [0x00000000a2e00000, 0x00000000a6d00000, 0x00000000e0f80000)
  object space 64512K, 12% used [0x00000000a2e00000,0x00000000a35e8210,0x00000000a6d00000)
 Metaspace       used 20232K, capacity 20527K, committed 20864K, reserved 1069056K
  class space    used 1955K, capacity 2055K, committed 2176K, reserved 1048576K
Event: 2,527 GC heap after
Heap after GC invocations=3 (full 0):
 PSYoungGen      total 28160K, used 3556K [0x00000000e0f80000, 0x00000000e2e80000, 0x0000000100000000)
  eden space 24576K, 0% used [0x00000000e0f80000,0x00000000e0f80000,0x00000000e2780000)
  from space 3584K, 99% used [0x00000000e2780000,0x00000000e2af92a0,0x00000000e2b00000)
  to   space 3584K, 0% used [0x00000000e2b00000,0x00000000e2b00000,0x00000000e2e80000)
 ParOldGen       total 64512K, used 14202K [0x00000000a2e00000, 0x00000000a6d00000, 0x00000000e0f80000)
  object space 64512K, 22% used [0x00000000a2e00000,0x00000000a3bdebb0,0x00000000a6d00000)
 Metaspace       used 20232K, capacity 20527K, committed 20864K, reserved 1069056K
  class space    used 1955K, capacity 2055K, committed 2176K, reserved 1048576K
}

