# JRE version: Java(TM) SE Runtime Environment (8.0_92-b14) (build 1.8.0_92-b14)
# Java VM: Java HotSpot(TM) 64-Bit Server VM (25.92-b14 mixed mode linux-amd64 compressed oops)
Heap:
 PSYoungGen      total 58368K, used 23948K [0x00000000e0f80000, 0x00000000e5800000, 0x0000000100000000)
  eden space 57856K, 40% used [0x00000000e0f80000,0x00000000e267b338,0x00000000e4800000)
  from space 512K, 81% used [0x00000000e4980000,0x00000000e49e8000,0x00000000e4a00000)
  to   space 8192K, 0% used [0x00000000e5000000,0x00000000e5000000,0x00000000e5800000)
 ParOldGen       total 64512K, used 17737K [0x00000000a2e00000, 0x00000000a6d00000, 0x00000000e0f80000)
  object space 64512K, 27% used [0x00000000a2e00000,0x00000000a3f52548,0x00000000a6d00000)
 Metaspace       used 21499K, capacity 21783K, committed 22064K, reserved 1069056K
  class space    used 2003K, capacity 2089K, committed 2176K, reserved 1048576K
GC Heap History (10 events):
Event: 221,625 GC heap before
{Heap before GC invocations=16 (full 1):
 PSYoungGen      total 74240K, used 66240K [0x00000000e0f80000, 0x00000000e6500000, 0x0000000100000000)
  eden space 66048K, 100% used [0x00000000e0f80000,0x00000000e5000000,0x00000000e5000000)
  from space 8192K, 2% used [0x00000000e5d00000,0x00000000e5d30000,0x00000000e6500000)
  to   space 10752K, 0% used [0x00000000e5000000,0x00000000e5000000,0x00000000e5a80000)
 ParOldGen       total 64512K, used 17721K [0x00000000a2e00000, 0x00000000a6d00000, 0x00000000e0f80000)
  object space 64512K, 27% used [0x00000000a2e00000,0x00000000a3f4e548,0x00000000a6d00000)
 Metaspace       used 21386K, capacity 21687K, committed 22064K, reserved 1069056K
  class space    used 1996K, capacity 2057K, committed 2176K, reserved 1048576K
Event: 221,627 GC heap after
Heap after GC invocations=16 (full 1):
 PSYoungGen      total 64512K, used 256K [0x00000000e0f80000, 0x00000000e6200000, 0x0000000100000000)
  eden space 64000K, 0% used [0x00000000e0f80000,0x00000000e0f80000,0x00000000e4e00000)
  from space 512K, 50% used [0x00000000e5000000,0x00000000e5040000,0x00000000e5080000)
  to   space 10240K, 0% used [0x00000000e5800000,0x00000000e5800000,0x00000000e6200000)
 ParOldGen       total 64512K, used 17729K [0x00000000a2e00000, 0x00000000a6d00000, 0x00000000e0f80000)
  object space 64512K, 27% used [0x00000000a2e00000,0x00000000a3f50548,0x00000000a6d00000)
 Metaspace       used 21386K, capacity 21687K, committed 22064K, reserved 1069056K
  class space    used 1996K, capacity 2057K, committed 2176K, reserved 1048576K
}
Event: 240,888 GC heap before
{Heap before GC invocations=17 (full 1):
 PSYoungGen      total 64512K, used 64256K [0x00000000e0f80000, 0x00000000e6200000, 0x0000000100000000)
  eden space 64000K, 100% used [0x00000000e0f80000,0x00000000e4e00000,0x00000000e4e00000)
  from space 512K, 50% used [0x00000000e5000000,0x00000000e5040000,0x00000000e5080000)
  to   space 10240K, 0% used [0x00000000e5800000,0x00000000e5800000,0x00000000e6200000)
 ParOldGen       total 64512K, used 17729K [0x00000000a2e00000, 0x00000000a6d00000, 0x00000000e0f80000)
  object space 64512K, 27% used [0x00000000a2e00000,0x00000000a3f50548,0x00000000a6d00000)
 Metaspace       used 21386K, capacity 21687K, committed 22064K, reserved 1069056K
  class space    used 1996K, capacity 2057K, committed 2176K, reserved 1048576K
Event: 240,890 GC heap after
Heap after GC invocations=17 (full 1):
 PSYoungGen      total 70144K, used 192K [0x00000000e0f80000, 0x00000000e5f80000, 0x0000000100000000)
  eden space 62464K, 0% used [0x00000000e0f80000,0x00000000e0f80000,0x00000000e4c80000)
  from space 7680K, 2% used [0x00000000e5800000,0x00000000e5830000,0x00000000e5f80000)
  to   space 9728K, 0% used [0x00000000e4c80000,0x00000000e4c80000,0x00000000e5600000)
 ParOldGen       total 64512K, used 17729K [0x00000000a2e00000, 0x00000000a6d00000, 0x00000000e0f80000)
  object space 64512K, 27% used [0x00000000a2e00000,0x00000000a3f50548,0x00000000a6d00000)
 Metaspace       used 21386K, capacity 21687K, committed 22064K, reserved 1069056K
  class space    used 1996K, capacity 2057K, committed 2176K, reserved 1048576K
}
Event: 259,458 GC heap before
{Heap before GC invocations=18 (full 1):
 PSYoungGen      total 70144K, used 62656K [0x00000000e0f80000, 0x00000000e5f80000, 0x0000000100000000)
  eden space 62464K, 100% used [0x00000000e0f80000,0x00000000e4c80000,0x00000000e4c80000)
  from space 7680K, 2% used [0x00000000e5800000,0x00000000e5830000,0x00000000e5f80000)
  to   space 9728K, 0% used [0x00000000e4c80000,0x00000000e4c80000,0x00000000e5600000)
 ParOldGen       total 64512K, used 17729K [0x00000000a2e00000, 0x00000000a6d00000, 0x00000000e0f80000)
  object space 64512K, 27% used [0x00000000a2e00000,0x00000000a3f50548,0x00000000a6d00000)
 Metaspace       used 21387K, capacity 21687K, committed 22064K, reserved 1069056K
  class space    used 1996K, capacity 2057K, committed 2176K, reserved 1048576K
Event: 259,460 GC heap after
Heap after GC invocations=18 (full 1):
 PSYoungGen      total 61440K, used 224K [0x00000000e0f80000, 0x00000000e5d00000, 0x0000000100000000)
  eden space 60928K, 0% used [0x00000000e0f80000,0x00000000e0f80000,0x00000000e4b00000)
  from space 512K, 43% used [0x00000000e4c80000,0x00000000e4cb8000,0x00000000e4d00000)
  to   space 9216K, 0% used [0x00000000e5400000,0x00000000e5400000,0x00000000e5d00000)
 ParOldGen       total 64512K, used 17729K [0x00000000a2e00000, 0x00000000a6d00000, 0x00000000e0f80000)
  object space 64512K, 27% used [0x00000000a2e00000,0x00000000a3f50548,0x00000000a6d00000)
 Metaspace       used 21387K, capacity 21687K, committed 22064K, reserved 1069056K
  class space    used 1996K, capacity 2057K, committed 2176K, reserved 1048576K
}
Event: 277,642 GC heap before
{Heap before GC invocations=19 (full 1):
 PSYoungGen      total 61440K, used 61152K [0x00000000e0f80000, 0x00000000e5d00000, 0x0000000100000000)
  eden space 60928K, 100% used [0x00000000e0f80000,0x00000000e4b00000,0x00000000e4b00000)
  from space 512K, 43% used [0x00000000e4c80000,0x00000000e4cb8000,0x00000000e4d00000)
  to   space 9216K, 0% used [0x00000000e5400000,0x00000000e5400000,0x00000000e5d00000)
 ParOldGen       total 64512K, used 17729K [0x00000000a2e00000, 0x00000000a6d00000, 0x00000000e0f80000)
  object space 64512K, 27% used [0x00000000a2e00000,0x00000000a3f50548,0x00000000a6d00000)
 Metaspace       used 21387K, capacity 21687K, committed 22064K, reserved 1069056K
  class space    used 1996K, capacity 2057K, committed 2176K, reserved 1048576K
Event: 277,644 GC heap after
Heap after GC invocations=19 (full 1):
 PSYoungGen      total 66048K, used 192K [0x00000000e0f80000, 0x00000000e5a80000, 0x0000000100000000)
  eden space 59392K, 0% used [0x00000000e0f80000,0x00000000e0f80000,0x00000000e4980000)
  from space 6656K, 2% used [0x00000000e5400000,0x00000000e5430000,0x00000000e5a80000)
  to   space 8704K, 0% used [0x00000000e4980000,0x00000000e4980000,0x00000000e5200000)
 ParOldGen       total 64512K, used 17729K [0x00000000a2e00000, 0x00000000a6d00000, 0x00000000e0f80000)
  object space 64512K, 27% used [0x00000000a2e00000,0x00000000a3f50548,0x00000000a6d00000)
 Metaspace       used 21387K, capacity 21687K, committed 22064K, reserved 1069056K
  class space    used 1996K, capacity 2057K, committed 2176K, reserved 1048576K
}
Event: 292,210 GC heap before
{Heap before GC invocations=20 (full 1):
 PSYoungGen      total 66048K, used 59584K [0x00000000e0f80000, 0x00000000e5a80000, 0x0000000100000000)
  eden space 59392K, 100% used [0x00000000e0f80000,0x00000000e4980000,0x00000000e4980000)
  from space 6656K, 2% used [0x00000000e5400000,0x00000000e5430000,0x00000000e5a80000)
  to   space 8704K, 0% used [0x00000000e4980000,0x00000000e4980000,0x00000000e5200000)
 ParOldGen       total 64512K, used 17729K [0x00000000a2e00000, 0x00000000a6d00000, 0x00000000e0f80000)
  object space 64512K, 27% used [0x00000000a2e00000,0x00000000a3f50548,0x00000000a6d00000)
 Metaspace       used 21490K, capacity 21751K, committed 22064K, reserved 1069056K
  class space    used 2000K, capacity 2057K, committed 2176K, reserved 1048576K
Event: 292,212 GC heap after
Heap after GC invocations=20 (full 1):
 PSYoungGen      total 58368K, used 416K [0x00000000e0f80000, 0x00000000e5800000, 0x0000000100000000)
  eden space 57856K, 0% used [0x00000000e0f80000,0x00000000e0f80000,0x00000000e4800000)
  from space 512K, 81% used [0x00000000e4980000,0x00000000e49e8000,0x00000000e4a00000)
  to   space 8192K, 0% used [0x00000000e5000000,0x00000000e5000000,0x00000000e5800000)
 ParOldGen       total 64512K, used 17737K [0x00000000a2e00000, 0x00000000a6d00000, 0x00000000e0f80000)
  object space 64512K, 27% used [0x00000000a2e00000,0x00000000a3f52548,0x00000000a6d00000)
 Metaspace       used 21490K, capacity 21751K, committed 22064K, reserved 1069056K
  class space    used 2000K, capacity 2057K, committed 2176K, reserved 1048576K
}

