# JRE version: OpenJDK Runtime Environment (8.0_91-b14) (build 1.8.0_91-8u91-b14-3ubuntu1~16.04.1-b14)
# Java VM: OpenJDK 64-Bit Server VM (25.91-b14 mixed mode linux-amd64 compressed oops)
Heap:
 PSYoungGen      total 31744K, used 24223K [0x00000000edc00000, 0x00000000f2a00000, 0x0000000100000000)
  eden space 29696K, 81% used [0x00000000edc00000,0x00000000ef3a7f58,0x00000000ef900000)
  from space 2048K, 0% used [0x00000000ef900000,0x00000000ef900000,0x00000000efb00000)
  to   space 10240K, 0% used [0x00000000f2000000,0x00000000f2000000,0x00000000f2a00000)
 ParOldGen       total 44032K, used 13032K [0x00000000c9400000, 0x00000000cbf00000, 0x00000000edc00000)
  object space 44032K, 29% used [0x00000000c9400000,0x00000000ca0ba0a0,0x00000000cbf00000)
 Metaspace       used 21270K, capacity 21475K, committed 21760K, reserved 1069056K
  class space    used 1955K, capacity 2023K, committed 2048K, reserved 1048576K
GC Heap History (10 events):
Event: 3,297 GC heap before
{Heap before GC invocations=2 (full 0):
 PSYoungGen      total 16896K, used 16866K [0x00000000edc00000, 0x00000000eee80000, 0x0000000100000000)
  eden space 14848K, 100% used [0x00000000edc00000,0x00000000eea80000,0x00000000eea80000)
  from space 2048K, 98% used [0x00000000eea80000,0x00000000eec78850,0x00000000eec80000)
  to   space 2048K, 0% used [0x00000000eec80000,0x00000000eec80000,0x00000000eee80000)
 ParOldGen       total 38400K, used 956K [0x00000000c9400000, 0x00000000cb980000, 0x00000000edc00000)
  object space 38400K, 2% used [0x00000000c9400000,0x00000000c94ef030,0x00000000cb980000)
 Metaspace       used 16507K, capacity 16687K, committed 17024K, reserved 1064960K
  class space    used 1564K, capacity 1631K, committed 1664K, reserved 1048576K
Event: 3,314 GC heap after
Heap after GC invocations=2 (full 0):
 PSYoungGen      total 16896K, used 2018K [0x00000000edc00000, 0x00000000efd00000, 0x0000000100000000)
  eden space 14848K, 0% used [0x00000000edc00000,0x00000000edc00000,0x00000000eea80000)
  from space 2048K, 98% used [0x00000000eec80000,0x00000000eee78850,0x00000000eee80000)
  to   space 2048K, 0% used [0x00000000eea80000,0x00000000eea80000,0x00000000eec80000)
 ParOldGen       total 38400K, used 2919K [0x00000000c9400000, 0x00000000cb980000, 0x00000000edc00000)
  object space 38400K, 7% used [0x00000000c9400000,0x00000000c96d9d28,0x00000000cb980000)
 Metaspace       used 16507K, capacity 16687K, committed 17024K, reserved 1064960K
  class space    used 1564K, capacity 1631K, committed 1664K, reserved 1048576K
}
Event: 4,674 GC heap before
{Heap before GC invocations=3 (full 0):
 PSYoungGen      total 16896K, used 16866K [0x00000000edc00000, 0x00000000efd00000, 0x0000000100000000)
  eden space 14848K, 100% used [0x00000000edc00000,0x00000000eea80000,0x00000000eea80000)
  from space 2048K, 98% used [0x00000000eec80000,0x00000000eee78850,0x00000000eee80000)
  to   space 2048K, 0% used [0x00000000eea80000,0x00000000eea80000,0x00000000eec80000)
 ParOldGen       total 38400K, used 2919K [0x00000000c9400000, 0x00000000cb980000, 0x00000000edc00000)
  object space 38400K, 7% used [0x00000000c9400000,0x00000000c96d9d28,0x00000000cb980000)
 Metaspace       used 17918K, capacity 18133K, committed 18432K, reserved 1067008K
  class space    used 1705K, capacity 1792K, committed 1792K, reserved 1048576K
Event: 4,699 GC heap after
Heap after GC invocations=3 (full 0):
 PSYoungGen      total 16896K, used 2032K [0x00000000edc00000, 0x00000000efd00000, 0x0000000100000000)
  eden space 14848K, 0% used [0x00000000edc00000,0x00000000edc00000,0x00000000eea80000)
  from space 2048K, 99% used [0x00000000eea80000,0x00000000eec7c070,0x00000000eec80000)
  to   space 2048K, 0% used [0x00000000efb00000,0x00000000efb00000,0x00000000efd00000)
 ParOldGen       total 38400K, used 7257K [0x00000000c9400000, 0x00000000cb980000, 0x00000000edc00000)
  object space 38400K, 18% used [0x00000000c9400000,0x00000000c9b165c8,0x00000000cb980000)
 Metaspace       used 17918K, capacity 18133K, committed 18432K, reserved 1067008K
  class space    used 1705K, capacity 1792K, committed 1792K, reserved 1048576K
}
Event: 6,779 GC heap before
{Heap before GC invocations=4 (full 0):
 PSYoungGen      total 16896K, used 16880K [0x00000000edc00000, 0x00000000efd00000, 0x0000000100000000)
  eden space 14848K, 100% used [0x00000000edc00000,0x00000000eea80000,0x00000000eea80000)
  from space 2048K, 99% used [0x00000000eea80000,0x00000000eec7c070,0x00000000eec80000)
  to   space 2048K, 0% used [0x00000000efb00000,0x00000000efb00000,0x00000000efd00000)
 ParOldGen       total 38400K, used 7257K [0x00000000c9400000, 0x00000000cb980000, 0x00000000edc00000)
  object space 38400K, 18% used [0x00000000c9400000,0x00000000c9b165c8,0x00000000cb980000)
 Metaspace       used 20086K, capacity 20257K, committed 20480K, reserved 1067008K
  class space    used 1918K, capacity 1986K, committed 2048K, reserved 1048576K
Event: 6,807 GC heap after
Heap after GC invocations=4 (full 0):
 PSYoungGen      total 31744K, used 2034K [0x00000000edc00000, 0x00000000efd00000, 0x0000000100000000)
  eden space 29696K, 0% used [0x00000000edc00000,0x00000000edc00000,0x00000000ef900000)
  from space 2048K, 99% used [0x00000000efb00000,0x00000000efcfc870,0x00000000efd00000)
  to   space 2048K, 0% used [0x00000000ef900000,0x00000000ef900000,0x00000000efb00000)
 ParOldGen       total 38400K, used 14584K [0x00000000c9400000, 0x00000000cb980000, 0x00000000edc00000)
  object space 38400K, 37% used [0x00000000c9400000,0x00000000ca23e060,0x00000000cb980000)
 Metaspace       used 20086K, capacity 20257K, committed 20480K, reserved 1067008K
  class space    used 1918K, capacity 1986K, committed 2048K, reserved 1048576K
}
Event: 9,493 GC heap before
{Heap before GC invocations=5 (full 0):
 PSYoungGen      total 31744K, used 19493K [0x00000000edc00000, 0x00000000efd00000, 0x0000000100000000)
  eden space 29696K, 58% used [0x00000000edc00000,0x00000000eed0ced8,0x00000000ef900000)
  from space 2048K, 99% used [0x00000000efb00000,0x00000000efcfc870,0x00000000efd00000)
  to   space 2048K, 0% used [0x00000000ef900000,0x00000000ef900000,0x00000000efb00000)
 ParOldGen       total 38400K, used 14584K [0x00000000c9400000, 0x00000000cb980000, 0x00000000edc00000)
  object space 38400K, 37% used [0x00000000c9400000,0x00000000ca23e060,0x00000000cb980000)
 Metaspace       used 20824K, capacity 21027K, committed 21248K, reserved 1069056K
  class space    used 1953K, capacity 2023K, committed 2048K, reserved 1048576K
Event: 9,510 GC heap after
Heap after GC invocations=5 (full 0):
 PSYoungGen      total 31744K, used 2034K [0x00000000edc00000, 0x00000000f2a00000, 0x0000000100000000)
  eden space 29696K, 0% used [0x00000000edc00000,0x00000000edc00000,0x00000000ef900000)
  from space 2048K, 99% used [0x00000000ef900000,0x00000000efafc870,0x00000000efb00000)
  to   space 10240K, 0% used [0x00000000f2000000,0x00000000f2000000,0x00000000f2a00000)
 ParOldGen       total 38400K, used 15912K [0x00000000c9400000, 0x00000000cb980000, 0x00000000edc00000)
  object space 38400K, 41% used [0x00000000c9400000,0x00000000ca38a158,0x00000000cb980000)
 Metaspace       used 20824K, capacity 21027K, committed 21248K, reserved 1069056K
  class space    used 1953K, capacity 2023K, committed 2048K, reserved 1048576K
}
Event: 9,510 GC heap before
{Heap before GC invocations=6 (full 1):
 PSYoungGen      total 31744K, used 2034K [0x00000000edc00000, 0x00000000f2a00000, 0x0000000100000000)
  eden space 29696K, 0% used [0x00000000edc00000,0x00000000edc00000,0x00000000ef900000)
  from space 2048K, 99% used [0x00000000ef900000,0x00000000efafc870,0x00000000efb00000)
  to   space 10240K, 0% used [0x00000000f2000000,0x00000000f2000000,0x00000000f2a00000)
 ParOldGen       total 38400K, used 15912K [0x00000000c9400000, 0x00000000cb980000, 0x00000000edc00000)
  object space 38400K, 41% used [0x00000000c9400000,0x00000000ca38a158,0x00000000cb980000)
 Metaspace       used 20824K, capacity 21027K, committed 21248K, reserved 1069056K
  class space    used 1953K, capacity 2023K, committed 2048K, reserved 1048576K
Event: 9,631 GC heap after
Heap after GC invocations=6 (full 1):
 PSYoungGen      total 31744K, used 0K [0x00000000edc00000, 0x00000000f2a00000, 0x0000000100000000)
  eden space 29696K, 0% used [0x00000000edc00000,0x00000000edc00000,0x00000000ef900000)
  from space 2048K, 0% used [0x00000000ef900000,0x00000000ef900000,0x00000000efb00000)
  to   space 10240K, 0% used [0x00000000f2000000,0x00000000f2000000,0x00000000f2a00000)
 ParOldGen       total 44032K, used 13032K [0x00000000c9400000, 0x00000000cbf00000, 0x00000000edc00000)
  object space 44032K, 29% used [0x00000000c9400000,0x00000000ca0ba0a0,0x00000000cbf00000)
 Metaspace       used 20824K, capacity 21027K, committed 21248K, reserved 1069056K
  class space    used 1953K, capacity 2023K, committed 2048K, reserved 1048576K
}

