# JRE version: OpenJDK Runtime Environment (8.0_91-b14) (build 1.8.0_91-8u91-b14-3ubuntu1~16.04.1-b14)
# Java VM: OpenJDK 64-Bit Server VM (25.91-b14 mixed mode linux-amd64 compressed oops)
Heap:
 PSYoungGen      total 43008K, used 15559K [0x00000000edc00000, 0x00000000f2180000, 0x0000000100000000)
  eden space 42496K, 36% used [0x00000000edc00000,0x00000000eeb11f08,0x00000000f0580000)
  from space 512K, 25% used [0x00000000f2100000,0x00000000f2120000,0x00000000f2180000)
  to   space 11776K, 0% used [0x00000000f0a80000,0x00000000f0a80000,0x00000000f1600000)
 ParOldGen       total 49664K, used 18219K [0x00000000c9400000, 0x00000000cc480000, 0x00000000edc00000)
  object space 49664K, 36% used [0x00000000c9400000,0x00000000ca5cad20,0x00000000cc480000)
 Metaspace       used 21363K, capacity 21539K, committed 21760K, reserved 1069056K
  class space    used 1959K, capacity 2023K, committed 2048K, reserved 1048576K
GC Heap History (10 events):
Event: 5,442 GC heap before
{Heap before GC invocations=3 (full 0):
 PSYoungGen      total 16896K, used 16866K [0x00000000edc00000, 0x00000000eee80000, 0x0000000100000000)
  eden space 14848K, 100% used [0x00000000edc00000,0x00000000eea80000,0x00000000eea80000)
  from space 2048K, 98% used [0x00000000eec80000,0x00000000eee78850,0x00000000eee80000)
  to   space 2048K, 0% used [0x00000000eea80000,0x00000000eea80000,0x00000000eec80000)
 ParOldGen       total 38400K, used 3180K [0x00000000c9400000, 0x00000000cb980000, 0x00000000edc00000)
  object space 38400K, 8% used [0x00000000c9400000,0x00000000c971b018,0x00000000cb980000)
 Metaspace       used 17896K, capacity 18069K, committed 18432K, reserved 1067008K
  class space    used 1705K, capacity 1792K, committed 1792K, reserved 1048576K
Event: 5,473 GC heap after
Heap after GC invocations=3 (full 0):
 PSYoungGen      total 16896K, used 2032K [0x00000000edc00000, 0x00000000efd00000, 0x0000000100000000)
  eden space 14848K, 0% used [0x00000000edc00000,0x00000000edc00000,0x00000000eea80000)
  from space 2048K, 99% used [0x00000000eea80000,0x00000000eec7c050,0x00000000eec80000)
  to   space 2048K, 0% used [0x00000000efb00000,0x00000000efb00000,0x00000000efd00000)
 ParOldGen       total 38400K, used 7351K [0x00000000c9400000, 0x00000000cb980000, 0x00000000edc00000)
  object space 38400K, 19% used [0x00000000c9400000,0x00000000c9b2dfd8,0x00000000cb980000)
 Metaspace       used 17896K, capacity 18069K, committed 18432K, reserved 1067008K
  class space    used 1705K, capacity 1792K, committed 1792K, reserved 1048576K
}
Event: 7,313 GC heap before
{Heap before GC invocations=4 (full 0):
 PSYoungGen      total 16896K, used 16880K [0x00000000edc00000, 0x00000000efd00000, 0x0000000100000000)
  eden space 14848K, 100% used [0x00000000edc00000,0x00000000eea80000,0x00000000eea80000)
  from space 2048K, 99% used [0x00000000eea80000,0x00000000eec7c050,0x00000000eec80000)
  to   space 2048K, 0% used [0x00000000efb00000,0x00000000efb00000,0x00000000efd00000)
 ParOldGen       total 38400K, used 7351K [0x00000000c9400000, 0x00000000cb980000, 0x00000000edc00000)
  object space 38400K, 19% used [0x00000000c9400000,0x00000000c9b2dfd8,0x00000000cb980000)
 Metaspace       used 20168K, capacity 20385K, committed 20736K, reserved 1069056K
  class space    used 1930K, capacity 1986K, committed 2048K, reserved 1048576K
Event: 7,354 GC heap after
Heap after GC invocations=4 (full 0):
 PSYoungGen      total 31744K, used 2016K [0x00000000edc00000, 0x00000000efd00000, 0x0000000100000000)
  eden space 29696K, 0% used [0x00000000edc00000,0x00000000edc00000,0x00000000ef900000)
  from space 2048K, 98% used [0x00000000efb00000,0x00000000efcf82f8,0x00000000efd00000)
  to   space 2048K, 0% used [0x00000000ef900000,0x00000000ef900000,0x00000000efb00000)
 ParOldGen       total 38400K, used 15391K [0x00000000c9400000, 0x00000000cb980000, 0x00000000edc00000)
  object space 38400K, 40% used [0x00000000c9400000,0x00000000ca307e78,0x00000000cb980000)
 Metaspace       used 20168K, capacity 20385K, committed 20736K, reserved 1069056K
  class space    used 1930K, capacity 1986K, committed 2048K, reserved 1048576K
}
Event: 9,796 GC heap before
{Heap before GC invocations=5 (full 0):
 PSYoungGen      total 31744K, used 30384K [0x00000000edc00000, 0x00000000efd00000, 0x0000000100000000)
  eden space 29696K, 95% used [0x00000000edc00000,0x00000000ef7b4080,0x00000000ef900000)
  from space 2048K, 98% used [0x00000000efb00000,0x00000000efcf82f8,0x00000000efd00000)
  to   space 2048K, 0% used [0x00000000ef900000,0x00000000ef900000,0x00000000efb00000)
 ParOldGen       total 38400K, used 15391K [0x00000000c9400000, 0x00000000cb980000, 0x00000000edc00000)
  object space 38400K, 40% used [0x00000000c9400000,0x00000000ca307e78,0x00000000cb980000)
 Metaspace       used 20862K, capacity 21027K, committed 21248K, reserved 1069056K
  class space    used 1953K, capacity 2023K, committed 2048K, reserved 1048576K
Event: 9,834 GC heap after
Heap after GC invocations=5 (full 0):
 PSYoungGen      total 31744K, used 2034K [0x00000000edc00000, 0x00000000f2c00000, 0x0000000100000000)
  eden space 29696K, 0% used [0x00000000edc00000,0x00000000edc00000,0x00000000ef900000)
  from space 2048K, 99% used [0x00000000ef900000,0x00000000efafc880,0x00000000efb00000)
  to   space 11264K, 0% used [0x00000000f2100000,0x00000000f2100000,0x00000000f2c00000)
 ParOldGen       total 38400K, used 20793K [0x00000000c9400000, 0x00000000cb980000, 0x00000000edc00000)
  object space 38400K, 54% used [0x00000000c9400000,0x00000000ca84e4b8,0x00000000cb980000)
 Metaspace       used 20862K, capacity 21027K, committed 21248K, reserved 1069056K
  class space    used 1953K, capacity 2023K, committed 2048K, reserved 1048576K
}
Event: 9,834 GC heap before
{Heap before GC invocations=6 (full 1):
 PSYoungGen      total 31744K, used 2034K [0x00000000edc00000, 0x00000000f2c00000, 0x0000000100000000)
  eden space 29696K, 0% used [0x00000000edc00000,0x00000000edc00000,0x00000000ef900000)
  from space 2048K, 99% used [0x00000000ef900000,0x00000000efafc880,0x00000000efb00000)
  to   space 11264K, 0% used [0x00000000f2100000,0x00000000f2100000,0x00000000f2c00000)
 ParOldGen       total 38400K, used 20793K [0x00000000c9400000, 0x00000000cb980000, 0x00000000edc00000)
  object space 38400K, 54% used [0x00000000c9400000,0x00000000ca84e4b8,0x00000000cb980000)
 Metaspace       used 20862K, capacity 21027K, committed 21248K, reserved 1069056K
  class space    used 1953K, capacity 2023K, committed 2048K, reserved 1048576K
Event: 10,002 GC heap after
Heap after GC invocations=6 (full 1):
 PSYoungGen      total 31744K, used 0K [0x00000000edc00000, 0x00000000f2c00000, 0x0000000100000000)
  eden space 29696K, 0% used [0x00000000edc00000,0x00000000edc00000,0x00000000ef900000)
  from space 2048K, 0% used [0x00000000ef900000,0x00000000ef900000,0x00000000efb00000)
  to   space 11264K, 0% used [0x00000000f2100000,0x00000000f2100000,0x00000000f2c00000)
 ParOldGen       total 49664K, used 18211K [0x00000000c9400000, 0x00000000cc480000, 0x00000000edc00000)
  object space 49664K, 36% used [0x00000000c9400000,0x00000000ca5c8d20,0x00000000cc480000)
 Metaspace       used 20862K, capacity 21027K, committed 21248K, reserved 1069056K
  class space    used 1953K, capacity 2023K, committed 2048K, reserved 1048576K
}
Event: 16,957 GC heap before
{Heap before GC invocations=7 (full 1):
 PSYoungGen      total 31744K, used 29696K [0x00000000edc00000, 0x00000000f2c00000, 0x0000000100000000)
  eden space 29696K, 100% used [0x00000000edc00000,0x00000000ef900000,0x00000000ef900000)
  from space 2048K, 0% used [0x00000000ef900000,0x00000000ef900000,0x00000000efb00000)
  to   space 11264K, 0% used [0x00000000f2100000,0x00000000f2100000,0x00000000f2c00000)
 ParOldGen       total 49664K, used 18211K [0x00000000c9400000, 0x00000000cc480000, 0x00000000edc00000)
  object space 49664K, 36% used [0x00000000c9400000,0x00000000ca5c8d20,0x00000000cc480000)
 Metaspace       used 21247K, capacity 21411K, committed 21760K, reserved 1069056K
  class space    used 1955K, capacity 2023K, committed 2048K, reserved 1048576K
Event: 16,967 GC heap after
Heap after GC invocations=7 (full 1):
 PSYoungGen      total 43008K, used 128K [0x00000000edc00000, 0x00000000f2180000, 0x0000000100000000)
  eden space 42496K, 0% used [0x00000000edc00000,0x00000000edc00000,0x00000000f0580000)
  from space 512K, 25% used [0x00000000f2100000,0x00000000f2120000,0x00000000f2180000)
  to   space 11776K, 0% used [0x00000000f0a80000,0x00000000f0a80000,0x00000000f1600000)
 ParOldGen       total 49664K, used 18219K [0x00000000c9400000, 0x00000000cc480000, 0x00000000edc00000)
  object space 49664K, 36% used [0x00000000c9400000,0x00000000ca5cad20,0x00000000cc480000)
 Metaspace       used 21247K, capacity 21411K, committed 21760K, reserved 1069056K
  class space    used 1955K, capacity 2023K, committed 2048K, reserved 1048576K
}

