# JRE version: Java(TM) SE Runtime Environment (8.0_92-b14) (build 1.8.0_92-b14)
# Java VM: Java HotSpot(TM) 64-Bit Server VM (25.92-b14 mixed mode linux-amd64 compressed oops)
Heap:
 PSYoungGen      total 52736K, used 26472K [0x00000000e0f80000, 0x00000000e7680000, 0x0000000100000000)
  eden space 49152K, 53% used [0x00000000e0f80000,0x00000000e295a1b8,0x00000000e3f80000)
  from space 3584K, 0% used [0x00000000e3f80000,0x00000000e3f80000,0x00000000e4300000)
  to   space 3584K, 0% used [0x00000000e7300000,0x00000000e7300000,0x00000000e7680000)
 ParOldGen       total 70144K, used 17810K [0x00000000a2e00000, 0x00000000a7280000, 0x00000000e0f80000)
  object space 70144K, 25% used [0x00000000a2e00000,0x00000000a3f64940,0x00000000a7280000)
 Metaspace       used 21184K, capacity 21445K, committed 21808K, reserved 1069056K
  class space    used 2003K, capacity 2058K, committed 2176K, reserved 1048576K
GC Heap History (8 events):
Event: 0,591 GC heap before
{Heap before GC invocations=1 (full 0):
 PSYoungGen      total 28160K, used 24546K [0x00000000e0f80000, 0x00000000e2e80000, 0x0000000100000000)
  eden space 24576K, 99% used [0x00000000e0f80000,0x00000000e2778a00,0x00000000e2780000)
  from space 3584K, 0% used [0x00000000e2b00000,0x00000000e2b00000,0x00000000e2e80000)
  to   space 3584K, 0% used [0x00000000e2780000,0x00000000e2780000,0x00000000e2b00000)
 ParOldGen       total 64512K, used 0K [0x00000000a2e00000, 0x00000000a6d00000, 0x00000000e0f80000)
  object space 64512K, 0% used [0x00000000a2e00000,0x00000000a2e00000,0x00000000a6d00000)
 Metaspace       used 13458K, capacity 13732K, committed 13952K, reserved 1060864K
  class space    used 1468K, capacity 1545K, committed 1664K, reserved 1048576K
Event: 0,598 GC heap after
Heap after GC invocations=1 (full 0):
 PSYoungGen      total 28160K, used 3553K [0x00000000e0f80000, 0x00000000e4680000, 0x0000000100000000)
  eden space 24576K, 0% used [0x00000000e0f80000,0x00000000e0f80000,0x00000000e2780000)
  from space 3584K, 99% used [0x00000000e2780000,0x00000000e2af8638,0x00000000e2b00000)
  to   space 3584K, 0% used [0x00000000e4300000,0x00000000e4300000,0x00000000e4680000)
 ParOldGen       total 64512K, used 631K [0x00000000a2e00000, 0x00000000a6d00000, 0x00000000e0f80000)
  object space 64512K, 0% used [0x00000000a2e00000,0x00000000a2e9de98,0x00000000a6d00000)
 Metaspace       used 13458K, capacity 13732K, committed 13952K, reserved 1060864K
  class space    used 1468K, capacity 1545K, committed 1664K, reserved 1048576K
}
Event: 1,771 GC heap before
{Heap before GC invocations=2 (full 0):
 PSYoungGen      total 28160K, used 28129K [0x00000000e0f80000, 0x00000000e4680000, 0x0000000100000000)
  eden space 24576K, 100% used [0x00000000e0f80000,0x00000000e2780000,0x00000000e2780000)
  from space 3584K, 99% used [0x00000000e2780000,0x00000000e2af8638,0x00000000e2b00000)
  to   space 3584K, 0% used [0x00000000e4300000,0x00000000e4300000,0x00000000e4680000)
 ParOldGen       total 64512K, used 631K [0x00000000a2e00000, 0x00000000a6d00000, 0x00000000e0f80000)
  object space 64512K, 0% used [0x00000000a2e00000,0x00000000a2e9de98,0x00000000a6d00000)
 Metaspace       used 19781K, capacity 20029K, committed 20224K, reserved 1067008K
  class space    used 1937K, capacity 2020K, committed 2048K, reserved 1048576K
Event: 1,783 GC heap after
Heap after GC invocations=2 (full 0):
 PSYoungGen      total 52736K, used 3570K [0x00000000e0f80000, 0x00000000e4680000, 0x0000000100000000)
  eden space 49152K, 0% used [0x00000000e0f80000,0x00000000e0f80000,0x00000000e3f80000)
  from space 3584K, 99% used [0x00000000e4300000,0x00000000e467ca70,0x00000000e4680000)
  to   space 3584K, 0% used [0x00000000e3f80000,0x00000000e3f80000,0x00000000e4300000)
 ParOldGen       total 64512K, used 7812K [0x00000000a2e00000, 0x00000000a6d00000, 0x00000000e0f80000)
  object space 64512K, 12% used [0x00000000a2e00000,0x00000000a35a1208,0x00000000a6d00000)
 Metaspace       used 19781K, capacity 20029K, committed 20224K, reserved 1067008K
  class space    used 1937K, capacity 2020K, committed 2048K, reserved 1048576K
}
Event: 2,600 GC heap before
{Heap before GC invocations=3 (full 0):
 PSYoungGen      total 52736K, used 48193K [0x00000000e0f80000, 0x00000000e4680000, 0x0000000100000000)
  eden space 49152K, 90% used [0x00000000e0f80000,0x00000000e3b13bf0,0x00000000e3f80000)
  from space 3584K, 99% used [0x00000000e4300000,0x00000000e467ca70,0x00000000e4680000)
  to   space 3584K, 0% used [0x00000000e3f80000,0x00000000e3f80000,0x00000000e4300000)
 ParOldGen       total 64512K, used 7812K [0x00000000a2e00000, 0x00000000a6d00000, 0x00000000e0f80000)
  object space 64512K, 12% used [0x00000000a2e00000,0x00000000a35a1208,0x00000000a6d00000)
 Metaspace       used 20742K, capacity 20969K, committed 21296K, reserved 1069056K
  class space    used 1998K, capacity 2054K, committed 2176K, reserved 1048576K
Event: 2,611 GC heap after
Heap after GC invocations=3 (full 0):
 PSYoungGen      total 52736K, used 3572K [0x00000000e0f80000, 0x00000000e7680000, 0x0000000100000000)
  eden space 49152K, 0% used [0x00000000e0f80000,0x00000000e0f80000,0x00000000e3f80000)
  from space 3584K, 99% used [0x00000000e3f80000,0x00000000e42fd2a0,0x00000000e4300000)
  to   space 3584K, 0% used [0x00000000e7300000,0x00000000e7300000,0x00000000e7680000)
 ParOldGen       total 64512K, used 15242K [0x00000000a2e00000, 0x00000000a6d00000, 0x00000000e0f80000)
  object space 64512K, 23% used [0x00000000a2e00000,0x00000000a3ce2810,0x00000000a6d00000)
 Metaspace       used 20742K, capacity 20969K, committed 21296K, reserved 1069056K
  class space    used 1998K, capacity 2054K, committed 2176K, reserved 1048576K
}
Event: 2,611 GC heap before
{Heap before GC invocations=4 (full 1):
 PSYoungGen      total 52736K, used 3572K [0x00000000e0f80000, 0x00000000e7680000, 0x0000000100000000)
  eden space 49152K, 0% used [0x00000000e0f80000,0x00000000e0f80000,0x00000000e3f80000)
  from space 3584K, 99% used [0x00000000e3f80000,0x00000000e42fd2a0,0x00000000e4300000)
  to   space 3584K, 0% used [0x00000000e7300000,0x00000000e7300000,0x00000000e7680000)
 ParOldGen       total 64512K, used 15242K [0x00000000a2e00000, 0x00000000a6d00000, 0x00000000e0f80000)
  object space 64512K, 23% used [0x00000000a2e00000,0x00000000a3ce2810,0x00000000a6d00000)
 Metaspace       used 20742K, capacity 20969K, committed 21296K, reserved 1069056K
  class space    used 1998K, capacity 2054K, committed 2176K, reserved 1048576K
Event: 2,673 GC heap after
Heap after GC invocations=4 (full 1):
 PSYoungGen      total 52736K, used 0K [0x00000000e0f80000, 0x00000000e7680000, 0x0000000100000000)
  eden space 49152K, 0% used [0x00000000e0f80000,0x00000000e0f80000,0x00000000e3f80000)
  from space 3584K, 0% used [0x00000000e3f80000,0x00000000e3f80000,0x00000000e4300000)
  to   space 3584K, 0% used [0x00000000e7300000,0x00000000e7300000,0x00000000e7680000)
 ParOldGen       total 70144K, used 17810K [0x00000000a2e00000, 0x00000000a7280000, 0x00000000e0f80000)
  object space 70144K, 25% used [0x00000000a2e00000,0x00000000a3f64940,0x00000000a7280000)
 Metaspace       used 20742K, capacity 20969K, committed 21296K, reserved 1069056K
  class space    used 1998K, capacity 2054K, committed 2176K, reserved 1048576K
}

