# JRE version: Java(TM) SE Runtime Environment (8.0_92-b14) (build 1.8.0_92-b14)
# Java VM: Java HotSpot(TM) 64-Bit Server VM (25.92-b14 mixed mode linux-amd64 compressed oops)
Heap:
 PSYoungGen      total 24576K, used 13816K [0x00000000e0f80000, 0x00000000e3900000, 0x0000000100000000)
  eden space 24064K, 56% used [0x00000000e0f80000,0x00000000e1cd6128,0x00000000e2700000)
  from space 512K, 31% used [0x00000000e3800000,0x00000000e3828000,0x00000000e3880000)
  to   space 512K, 0% used [0x00000000e3880000,0x00000000e3880000,0x00000000e3900000)
 ParOldGen       total 60416K, used 17150K [0x00000000a2e00000, 0x00000000a6900000, 0x00000000e0f80000)
  object space 60416K, 28% used [0x00000000a2e00000,0x00000000a3ebfad8,0x00000000a6900000)
 Metaspace       used 20996K, capacity 21303K, committed 21808K, reserved 1069056K
  class space    used 1970K, capacity 2057K, committed 2176K, reserved 1048576K
GC Heap History (10 events):
Event: 61246,344 GC heap before
{Heap before GC invocations=7332 (full 1):
 PSYoungGen      total 24576K, used 24128K [0x00000000e0f80000, 0x00000000e3900000, 0x0000000100000000)
  eden space 24064K, 100% used [0x00000000e0f80000,0x00000000e2700000,0x00000000e2700000)
  from space 512K, 12% used [0x00000000e3880000,0x00000000e3890000,0x00000000e3900000)
  to   space 512K, 0% used [0x00000000e3800000,0x00000000e3800000,0x00000000e3880000)
 ParOldGen       total 60416K, used 17150K [0x00000000a2e00000, 0x00000000a6900000, 0x00000000e0f80000)
  object space 60416K, 28% used [0x00000000a2e00000,0x00000000a3ebfad8,0x00000000a6900000)
 Metaspace       used 20980K, capacity 21303K, committed 21808K, reserved 1069056K
  class space    used 1968K, capacity 2057K, committed 2176K, reserved 1048576K
Event: 61246,346 GC heap after
Heap after GC invocations=7332 (full 1):
 PSYoungGen      total 24576K, used 128K [0x00000000e0f80000, 0x00000000e3900000, 0x0000000100000000)
  eden space 24064K, 0% used [0x00000000e0f80000,0x00000000e0f80000,0x00000000e2700000)
  from space 512K, 25% used [0x00000000e3800000,0x00000000e3820000,0x00000000e3880000)
  to   space 512K, 0% used [0x00000000e3880000,0x00000000e3880000,0x00000000e3900000)
 ParOldGen       total 60416K, used 17150K [0x00000000a2e00000, 0x00000000a6900000, 0x00000000e0f80000)
  object space 60416K, 28% used [0x00000000a2e00000,0x00000000a3ebfad8,0x00000000a6900000)
 Metaspace       used 20980K, capacity 21303K, committed 21808K, reserved 1069056K
  class space    used 1968K, capacity 2057K, committed 2176K, reserved 1048576K
}
Event: 61258,365 GC heap before
{Heap before GC invocations=7333 (full 1):
 PSYoungGen      total 24576K, used 24192K [0x00000000e0f80000, 0x00000000e3900000, 0x0000000100000000)
  eden space 24064K, 100% used [0x00000000e0f80000,0x00000000e2700000,0x00000000e2700000)
  from space 512K, 25% used [0x00000000e3800000,0x00000000e3820000,0x00000000e3880000)
  to   space 512K, 0% used [0x00000000e3880000,0x00000000e3880000,0x00000000e3900000)
 ParOldGen       total 60416K, used 17150K [0x00000000a2e00000, 0x00000000a6900000, 0x00000000e0f80000)
  object space 60416K, 28% used [0x00000000a2e00000,0x00000000a3ebfad8,0x00000000a6900000)
 Metaspace       used 20980K, capacity 21303K, committed 21808K, reserved 1069056K
  class space    used 1968K, capacity 2057K, committed 2176K, reserved 1048576K
Event: 61258,366 GC heap after
Heap after GC invocations=7333 (full 1):
 PSYoungGen      total 24576K, used 128K [0x00000000e0f80000, 0x00000000e3900000, 0x0000000100000000)
  eden space 24064K, 0% used [0x00000000e0f80000,0x00000000e0f80000,0x00000000e2700000)
  from space 512K, 25% used [0x00000000e3880000,0x00000000e38a0000,0x00000000e3900000)
  to   space 512K, 0% used [0x00000000e3800000,0x00000000e3800000,0x00000000e3880000)
 ParOldGen       total 60416K, used 17150K [0x00000000a2e00000, 0x00000000a6900000, 0x00000000e0f80000)
  object space 60416K, 28% used [0x00000000a2e00000,0x00000000a3ebfad8,0x00000000a6900000)
 Metaspace       used 20980K, capacity 21303K, committed 21808K, reserved 1069056K
  class space    used 1968K, capacity 2057K, committed 2176K, reserved 1048576K
}
Event: 61270,261 GC heap before
{Heap before GC invocations=7334 (full 1):
 PSYoungGen      total 24576K, used 24192K [0x00000000e0f80000, 0x00000000e3900000, 0x0000000100000000)
  eden space 24064K, 100% used [0x00000000e0f80000,0x00000000e2700000,0x00000000e2700000)
  from space 512K, 25% used [0x00000000e3880000,0x00000000e38a0000,0x00000000e3900000)
  to   space 512K, 0% used [0x00000000e3800000,0x00000000e3800000,0x00000000e3880000)
 ParOldGen       total 60416K, used 17150K [0x00000000a2e00000, 0x00000000a6900000, 0x00000000e0f80000)
  object space 60416K, 28% used [0x00000000a2e00000,0x00000000a3ebfad8,0x00000000a6900000)
 Metaspace       used 20980K, capacity 21303K, committed 21808K, reserved 1069056K
  class space    used 1968K, capacity 2057K, committed 2176K, reserved 1048576K
Event: 61270,263 GC heap after
Heap after GC invocations=7334 (full 1):
 PSYoungGen      total 24576K, used 128K [0x00000000e0f80000, 0x00000000e3900000, 0x0000000100000000)
  eden space 24064K, 0% used [0x00000000e0f80000,0x00000000e0f80000,0x00000000e2700000)
  from space 512K, 25% used [0x00000000e3800000,0x00000000e3820000,0x00000000e3880000)
  to   space 512K, 0% used [0x00000000e3880000,0x00000000e3880000,0x00000000e3900000)
 ParOldGen       total 60416K, used 17150K [0x00000000a2e00000, 0x00000000a6900000, 0x00000000e0f80000)
  object space 60416K, 28% used [0x00000000a2e00000,0x00000000a3ebfad8,0x00000000a6900000)
 Metaspace       used 20980K, capacity 21303K, committed 21808K, reserved 1069056K
  class space    used 1968K, capacity 2057K, committed 2176K, reserved 1048576K
}
Event: 61282,011 GC heap before
{Heap before GC invocations=7335 (full 1):
 PSYoungGen      total 24576K, used 24192K [0x00000000e0f80000, 0x00000000e3900000, 0x0000000100000000)
  eden space 24064K, 100% used [0x00000000e0f80000,0x00000000e2700000,0x00000000e2700000)
  from space 512K, 25% used [0x00000000e3800000,0x00000000e3820000,0x00000000e3880000)
  to   space 512K, 0% used [0x00000000e3880000,0x00000000e3880000,0x00000000e3900000)
 ParOldGen       total 60416K, used 17150K [0x00000000a2e00000, 0x00000000a6900000, 0x00000000e0f80000)
  object space 60416K, 28% used [0x00000000a2e00000,0x00000000a3ebfad8,0x00000000a6900000)
 Metaspace       used 20980K, capacity 21303K, committed 21808K, reserved 1069056K
  class space    used 1968K, capacity 2057K, committed 2176K, reserved 1048576K
Event: 61282,013 GC heap after
Heap after GC invocations=7335 (full 1):
 PSYoungGen      total 24576K, used 160K [0x00000000e0f80000, 0x00000000e3900000, 0x0000000100000000)
  eden space 24064K, 0% used [0x00000000e0f80000,0x00000000e0f80000,0x00000000e2700000)
  from space 512K, 31% used [0x00000000e3880000,0x00000000e38a8000,0x00000000e3900000)
  to   space 512K, 0% used [0x00000000e3800000,0x00000000e3800000,0x00000000e3880000)
 ParOldGen       total 60416K, used 17150K [0x00000000a2e00000, 0x00000000a6900000, 0x00000000e0f80000)
  object space 60416K, 28% used [0x00000000a2e00000,0x00000000a3ebfad8,0x00000000a6900000)
 Metaspace       used 20980K, capacity 21303K, committed 21808K, reserved 1069056K
  class space    used 1968K, capacity 2057K, committed 2176K, reserved 1048576K
}
Event: 61289,344 GC heap before
{Heap before GC invocations=7336 (full 1):
 PSYoungGen      total 24576K, used 24224K [0x00000000e0f80000, 0x00000000e3900000, 0x0000000100000000)
  eden space 24064K, 100% used [0x00000000e0f80000,0x00000000e2700000,0x00000000e2700000)
  from space 512K, 31% used [0x00000000e3880000,0x00000000e38a8000,0x00000000e3900000)
  to   space 512K, 0% used [0x00000000e3800000,0x00000000e3800000,0x00000000e3880000)
 ParOldGen       total 60416K, used 17150K [0x00000000a2e00000, 0x00000000a6900000, 0x00000000e0f80000)
  object space 60416K, 28% used [0x00000000a2e00000,0x00000000a3ebfad8,0x00000000a6900000)
 Metaspace       used 20980K, capacity 21303K, committed 21808K, reserved 1069056K
  class space    used 1968K, capacity 2057K, committed 2176K, reserved 1048576K
Event: 61289,346 GC heap after
Heap after GC invocations=7336 (full 1):
 PSYoungGen      total 24576K, used 160K [0x00000000e0f80000, 0x00000000e3900000, 0x0000000100000000)
  eden space 24064K, 0% used [0x00000000e0f80000,0x00000000e0f80000,0x00000000e2700000)
  from space 512K, 31% used [0x00000000e3800000,0x00000000e3828000,0x00000000e3880000)
  to   space 512K, 0% used [0x00000000e3880000,0x00000000e3880000,0x00000000e3900000)
 ParOldGen       total 60416K, used 17150K [0x00000000a2e00000, 0x00000000a6900000, 0x00000000e0f80000)
  object space 60416K, 28% used [0x00000000a2e00000,0x00000000a3ebfad8,0x00000000a6900000)
 Metaspace       used 20980K, capacity 21303K, committed 21808K, reserved 1069056K
  class space    used 1968K, capacity 2057K, committed 2176K, reserved 1048576K
}

