# JRE version: Java(TM) SE Runtime Environment (8.0_92-b14) (build 1.8.0_92-b14)
# Java VM: Java HotSpot(TM) 64-Bit Server VM (25.92-b14 mixed mode linux-amd64 compressed oops)
Heap:
 PSYoungGen      total 66048K, used 19571K [0x00000000e0f80000, 0x00000000e5980000, 0x0000000100000000)
  eden space 60416K, 32% used [0x00000000e0f80000,0x00000000e2264dd0,0x00000000e4a80000)
  from space 5632K, 3% used [0x00000000e5400000,0x00000000e5438000,0x00000000e5980000)
  to   space 7680K, 0% used [0x00000000e4a80000,0x00000000e4a80000,0x00000000e5200000)
 ParOldGen       total 63488K, used 19038K [0x00000000a2e00000, 0x00000000a6c00000, 0x00000000e0f80000)
  object space 63488K, 29% used [0x00000000a2e00000,0x00000000a4097b90,0x00000000a6c00000)
 Metaspace       used 21501K, capacity 21797K, committed 22064K, reserved 1069056K
  class space    used 2004K, capacity 2090K, committed 2176K, reserved 1048576K
GC Heap History (10 events):
Event: 290,441 GC heap before
{Heap before GC invocations=19 (full 1):
 PSYoungGen      total 71168K, used 70976K [0x00000000e0f80000, 0x00000000e6680000, 0x0000000100000000)
  eden space 69632K, 100% used [0x00000000e0f80000,0x00000000e5380000,0x00000000e5380000)
  from space 1536K, 87% used [0x00000000e5580000,0x00000000e56d0040,0x00000000e5700000)
  to   space 9728K, 0% used [0x00000000e5d00000,0x00000000e5d00000,0x00000000e6680000)
 ParOldGen       total 63488K, used 17766K [0x00000000a2e00000, 0x00000000a6c00000, 0x00000000e0f80000)
  object space 63488K, 27% used [0x00000000a2e00000,0x00000000a3f59b50,0x00000000a6c00000)
 Metaspace       used 21488K, capacity 21797K, committed 22064K, reserved 1069056K
  class space    used 2002K, capacity 2090K, committed 2176K, reserved 1048576K
Event: 290,444 GC heap after
Heap after GC invocations=19 (full 1):
 PSYoungGen      total 74240K, used 1376K [0x00000000e0f80000, 0x00000000e6380000, 0x0000000100000000)
  eden space 67584K, 0% used [0x00000000e0f80000,0x00000000e0f80000,0x00000000e5180000)
  from space 6656K, 20% used [0x00000000e5d00000,0x00000000e5e58040,0x00000000e6380000)
  to   space 9216K, 0% used [0x00000000e5180000,0x00000000e5180000,0x00000000e5a80000)
 ParOldGen       total 63488K, used 17766K [0x00000000a2e00000, 0x00000000a6c00000, 0x00000000e0f80000)
  object space 63488K, 27% used [0x00000000a2e00000,0x00000000a3f59b50,0x00000000a6c00000)
 Metaspace       used 21488K, capacity 21797K, committed 22064K, reserved 1069056K
  class space    used 2002K, capacity 2090K, committed 2176K, reserved 1048576K
}
Event: 310,790 GC heap before
{Heap before GC invocations=20 (full 1):
 PSYoungGen      total 74240K, used 68960K [0x00000000e0f80000, 0x00000000e6380000, 0x0000000100000000)
  eden space 67584K, 100% used [0x00000000e0f80000,0x00000000e5180000,0x00000000e5180000)
  from space 6656K, 20% used [0x00000000e5d00000,0x00000000e5e58040,0x00000000e6380000)
  to   space 9216K, 0% used [0x00000000e5180000,0x00000000e5180000,0x00000000e5a80000)
 ParOldGen       total 63488K, used 17766K [0x00000000a2e00000, 0x00000000a6c00000, 0x00000000e0f80000)
  object space 63488K, 27% used [0x00000000a2e00000,0x00000000a3f59b50,0x00000000a6c00000)
 Metaspace       used 21488K, capacity 21797K, committed 22064K, reserved 1069056K
  class space    used 2002K, capacity 2090K, committed 2176K, reserved 1048576K
Event: 310,792 GC heap after
Heap after GC invocations=20 (full 1):
 PSYoungGen      total 67072K, used 1344K [0x00000000e0f80000, 0x00000000e6080000, 0x0000000100000000)
  eden space 65536K, 0% used [0x00000000e0f80000,0x00000000e0f80000,0x00000000e4f80000)
  from space 1536K, 87% used [0x00000000e5180000,0x00000000e52d0040,0x00000000e5300000)
  to   space 8704K, 0% used [0x00000000e5800000,0x00000000e5800000,0x00000000e6080000)
 ParOldGen       total 63488K, used 17766K [0x00000000a2e00000, 0x00000000a6c00000, 0x00000000e0f80000)
  object space 63488K, 27% used [0x00000000a2e00000,0x00000000a3f59b50,0x00000000a6c00000)
 Metaspace       used 21488K, capacity 21797K, committed 22064K, reserved 1069056K
  class space    used 2002K, capacity 2090K, committed 2176K, reserved 1048576K
}
Event: 330,792 GC heap before
{Heap before GC invocations=21 (full 1):
 PSYoungGen      total 67072K, used 66880K [0x00000000e0f80000, 0x00000000e6080000, 0x0000000100000000)
  eden space 65536K, 100% used [0x00000000e0f80000,0x00000000e4f80000,0x00000000e4f80000)
  from space 1536K, 87% used [0x00000000e5180000,0x00000000e52d0040,0x00000000e5300000)
  to   space 8704K, 0% used [0x00000000e5800000,0x00000000e5800000,0x00000000e6080000)
 ParOldGen       total 63488K, used 17766K [0x00000000a2e00000, 0x00000000a6c00000, 0x00000000e0f80000)
  object space 63488K, 27% used [0x00000000a2e00000,0x00000000a3f59b50,0x00000000a6c00000)
 Metaspace       used 21488K, capacity 21797K, committed 22064K, reserved 1069056K
  class space    used 2002K, capacity 2090K, committed 2176K, reserved 1048576K
Event: 330,795 GC heap after
Heap after GC invocations=21 (full 1):
 PSYoungGen      total 70144K, used 320K [0x00000000e0f80000, 0x00000000e5e80000, 0x0000000100000000)
  eden space 63488K, 0% used [0x00000000e0f80000,0x00000000e0f80000,0x00000000e4d80000)
  from space 6656K, 4% used [0x00000000e5800000,0x00000000e5850000,0x00000000e5e80000)
  to   space 8704K, 0% used [0x00000000e4d80000,0x00000000e4d80000,0x00000000e5600000)
 ParOldGen       total 63488K, used 18854K [0x00000000a2e00000, 0x00000000a6c00000, 0x00000000e0f80000)
  object space 63488K, 29% used [0x00000000a2e00000,0x00000000a4069b90,0x00000000a6c00000)
 Metaspace       used 21488K, capacity 21797K, committed 22064K, reserved 1069056K
  class space    used 2002K, capacity 2090K, committed 2176K, reserved 1048576K
}
Event: 350,010 GC heap before
{Heap before GC invocations=22 (full 1):
 PSYoungGen      total 70144K, used 63808K [0x00000000e0f80000, 0x00000000e5e80000, 0x0000000100000000)
  eden space 63488K, 100% used [0x00000000e0f80000,0x00000000e4d80000,0x00000000e4d80000)
  from space 6656K, 4% used [0x00000000e5800000,0x00000000e5850000,0x00000000e5e80000)
  to   space 8704K, 0% used [0x00000000e4d80000,0x00000000e4d80000,0x00000000e5600000)
 ParOldGen       total 63488K, used 18854K [0x00000000a2e00000, 0x00000000a6c00000, 0x00000000e0f80000)
  object space 63488K, 29% used [0x00000000a2e00000,0x00000000a4069b90,0x00000000a6c00000)
 Metaspace       used 21488K, capacity 21797K, committed 22064K, reserved 1069056K
  class space    used 2002K, capacity 2090K, committed 2176K, reserved 1048576K
Event: 350,012 GC heap after
Heap after GC invocations=22 (full 1):
 PSYoungGen      total 62464K, used 192K [0x00000000e0f80000, 0x00000000e5c00000, 0x0000000100000000)
  eden space 61952K, 0% used [0x00000000e0f80000,0x00000000e0f80000,0x00000000e4c00000)
  from space 512K, 37% used [0x00000000e4d80000,0x00000000e4db0000,0x00000000e4e00000)
  to   space 8192K, 0% used [0x00000000e5400000,0x00000000e5400000,0x00000000e5c00000)
 ParOldGen       total 63488K, used 19006K [0x00000000a2e00000, 0x00000000a6c00000, 0x00000000e0f80000)
  object space 63488K, 29% used [0x00000000a2e00000,0x00000000a408fb90,0x00000000a6c00000)
 Metaspace       used 21488K, capacity 21797K, committed 22064K, reserved 1069056K
  class space    used 2002K, capacity 2090K, committed 2176K, reserved 1048576K
}
Event: 368,858 GC heap before
{Heap before GC invocations=23 (full 1):
 PSYoungGen      total 62464K, used 62144K [0x00000000e0f80000, 0x00000000e5c00000, 0x0000000100000000)
  eden space 61952K, 100% used [0x00000000e0f80000,0x00000000e4c00000,0x00000000e4c00000)
  from space 512K, 37% used [0x00000000e4d80000,0x00000000e4db0000,0x00000000e4e00000)
  to   space 8192K, 0% used [0x00000000e5400000,0x00000000e5400000,0x00000000e5c00000)
 ParOldGen       total 63488K, used 19006K [0x00000000a2e00000, 0x00000000a6c00000, 0x00000000e0f80000)
  object space 63488K, 29% used [0x00000000a2e00000,0x00000000a408fb90,0x00000000a6c00000)
 Metaspace       used 21488K, capacity 21797K, committed 22064K, reserved 1069056K
  class space    used 2002K, capacity 2090K, committed 2176K, reserved 1048576K
Event: 368,861 GC heap after
Heap after GC invocations=23 (full 1):
 PSYoungGen      total 66048K, used 224K [0x00000000e0f80000, 0x00000000e5980000, 0x0000000100000000)
  eden space 60416K, 0% used [0x00000000e0f80000,0x00000000e0f80000,0x00000000e4a80000)
  from space 5632K, 3% used [0x00000000e5400000,0x00000000e5438000,0x00000000e5980000)
  to   space 7680K, 0% used [0x00000000e4a80000,0x00000000e4a80000,0x00000000e5200000)
 ParOldGen       total 63488K, used 19038K [0x00000000a2e00000, 0x00000000a6c00000, 0x00000000e0f80000)
  object space 63488K, 29% used [0x00000000a2e00000,0x00000000a4097b90,0x00000000a6c00000)
 Metaspace       used 21488K, capacity 21797K, committed 22064K, reserved 1069056K
  class space    used 2002K, capacity 2090K, committed 2176K, reserved 1048576K
}

