# JRE version: Java(TM) SE Runtime Environment (8.0_92-b14) (build 1.8.0_92-b14)
# Java VM: Java HotSpot(TM) 64-Bit Server VM (25.92-b14 mixed mode linux-amd64 compressed oops)
Heap:
 PSYoungGen      total 84992K, used 21069K [0x00000000e0f80000, 0x00000000e7500000, 0x0000000100000000)
  eden space 72192K, 23% used [0x00000000e0f80000,0x00000000e1fc36a0,0x00000000e5600000)
  from space 12800K, 34% used [0x00000000e6880000,0x00000000e6cd0150,0x00000000e7500000)
  to   space 15872K, 0% used [0x00000000e5600000,0x00000000e5600000,0x00000000e6580000)
 ParOldGen       total 70144K, used 29878K [0x00000000a2e00000, 0x00000000a7280000, 0x00000000e0f80000)
  object space 70144K, 42% used [0x00000000a2e00000,0x00000000a4b2d9a0,0x00000000a7280000)
 Metaspace       used 21160K, capacity 21435K, committed 21808K, reserved 1069056K
  class space    used 1969K, capacity 2057K, committed 2176K, reserved 1048576K
GC Heap History (10 events):
Event: 6,153 GC heap before
{Heap before GC invocations=3 (full 0):
 PSYoungGen      total 52736K, used 52708K [0x00000000e0f80000, 0x00000000e4680000, 0x0000000100000000)
  eden space 49152K, 100% used [0x00000000e0f80000,0x00000000e3f80000,0x00000000e3f80000)
  from space 3584K, 99% used [0x00000000e4300000,0x00000000e46792b0,0x00000000e4680000)
  to   space 3584K, 0% used [0x00000000e3f80000,0x00000000e3f80000,0x00000000e4300000)
 ParOldGen       total 64512K, used 8332K [0x00000000a2e00000, 0x00000000a6d00000, 0x00000000e0f80000)
  object space 64512K, 12% used [0x00000000a2e00000,0x00000000a3623090,0x00000000a6d00000)
 Metaspace       used 20643K, capacity 20919K, committed 21296K, reserved 1069056K
  class space    used 1966K, capacity 2057K, committed 2176K, reserved 1048576K
Event: 6,163 GC heap after
Heap after GC invocations=3 (full 0):
 PSYoungGen      total 52736K, used 3556K [0x00000000e0f80000, 0x00000000e4680000, 0x0000000100000000)
  eden space 49152K, 0% used [0x00000000e0f80000,0x00000000e0f80000,0x00000000e3f80000)
  from space 3584K, 99% used [0x00000000e3f80000,0x00000000e42f92a0,0x00000000e4300000)
  to   space 3584K, 0% used [0x00000000e4300000,0x00000000e4300000,0x00000000e4680000)
 ParOldGen       total 64512K, used 17604K [0x00000000a2e00000, 0x00000000a6d00000, 0x00000000e0f80000)
  object space 64512K, 27% used [0x00000000a2e00000,0x00000000a3f313e0,0x00000000a6d00000)
 Metaspace       used 20643K, capacity 20919K, committed 21296K, reserved 1069056K
  class space    used 1966K, capacity 2057K, committed 2176K, reserved 1048576K
}
Event: 7,252 GC heap before
{Heap before GC invocations=4 (full 0):
 PSYoungGen      total 52736K, used 19439K [0x00000000e0f80000, 0x00000000e4680000, 0x0000000100000000)
  eden space 49152K, 32% used [0x00000000e0f80000,0x00000000e1f02c98,0x00000000e3f80000)
  from space 3584K, 99% used [0x00000000e3f80000,0x00000000e42f92a0,0x00000000e4300000)
  to   space 3584K, 0% used [0x00000000e4300000,0x00000000e4300000,0x00000000e4680000)
 ParOldGen       total 64512K, used 17604K [0x00000000a2e00000, 0x00000000a6d00000, 0x00000000e0f80000)
  object space 64512K, 27% used [0x00000000a2e00000,0x00000000a3f313e0,0x00000000a6d00000)
 Metaspace       used 20737K, capacity 20987K, committed 21296K, reserved 1069056K
  class space    used 1966K, capacity 2057K, committed 2176K, reserved 1048576K
Event: 7,259 GC heap after
Heap after GC invocations=4 (full 0):
 PSYoungGen      total 52736K, used 3556K [0x00000000e0f80000, 0x00000000e4680000, 0x0000000100000000)
  eden space 49152K, 0% used [0x00000000e0f80000,0x00000000e0f80000,0x00000000e3f80000)
  from space 3584K, 99% used [0x00000000e4300000,0x00000000e46792c0,0x00000000e4680000)
  to   space 3584K, 0% used [0x00000000e3f80000,0x00000000e3f80000,0x00000000e4300000)
 ParOldGen       total 64512K, used 20637K [0x00000000a2e00000, 0x00000000a6d00000, 0x00000000e0f80000)
  object space 64512K, 31% used [0x00000000a2e00000,0x00000000a42276f0,0x00000000a6d00000)
 Metaspace       used 20737K, capacity 20987K, committed 21296K, reserved 1069056K
  class space    used 1966K, capacity 2057K, committed 2176K, reserved 1048576K
}
Event: 7,259 GC heap before
{Heap before GC invocations=5 (full 1):
 PSYoungGen      total 52736K, used 3556K [0x00000000e0f80000, 0x00000000e4680000, 0x0000000100000000)
  eden space 49152K, 0% used [0x00000000e0f80000,0x00000000e0f80000,0x00000000e3f80000)
  from space 3584K, 99% used [0x00000000e4300000,0x00000000e46792c0,0x00000000e4680000)
  to   space 3584K, 0% used [0x00000000e3f80000,0x00000000e3f80000,0x00000000e4300000)
 ParOldGen       total 64512K, used 20637K [0x00000000a2e00000, 0x00000000a6d00000, 0x00000000e0f80000)
  object space 64512K, 31% used [0x00000000a2e00000,0x00000000a42276f0,0x00000000a6d00000)
 Metaspace       used 20737K, capacity 20987K, committed 21296K, reserved 1069056K
  class space    used 1966K, capacity 2057K, committed 2176K, reserved 1048576K
Event: 7,301 GC heap after
Heap after GC invocations=5 (full 1):
 PSYoungGen      total 52736K, used 0K [0x00000000e0f80000, 0x00000000e4680000, 0x0000000100000000)
  eden space 49152K, 0% used [0x00000000e0f80000,0x00000000e0f80000,0x00000000e3f80000)
  from space 3584K, 0% used [0x00000000e4300000,0x00000000e4300000,0x00000000e4680000)
  to   space 3584K, 0% used [0x00000000e3f80000,0x00000000e3f80000,0x00000000e4300000)
 ParOldGen       total 70144K, used 22796K [0x00000000a2e00000, 0x00000000a7280000, 0x00000000e0f80000)
  object space 70144K, 32% used [0x00000000a2e00000,0x00000000a4443120,0x00000000a7280000)
 Metaspace       used 20737K, capacity 20987K, committed 21296K, reserved 1069056K
  class space    used 1966K, capacity 2057K, committed 2176K, reserved 1048576K
}
Event: 10,856 GC heap before
{Heap before GC invocations=6 (full 1):
 PSYoungGen      total 52736K, used 49152K [0x00000000e0f80000, 0x00000000e4680000, 0x0000000100000000)
  eden space 49152K, 100% used [0x00000000e0f80000,0x00000000e3f80000,0x00000000e3f80000)
  from space 3584K, 0% used [0x00000000e4300000,0x00000000e4300000,0x00000000e4680000)
  to   space 3584K, 0% used [0x00000000e3f80000,0x00000000e3f80000,0x00000000e4300000)
 ParOldGen       total 70144K, used 22796K [0x00000000a2e00000, 0x00000000a7280000, 0x00000000e0f80000)
  object space 70144K, 32% used [0x00000000a2e00000,0x00000000a4443120,0x00000000a7280000)
 Metaspace       used 20967K, capacity 21243K, committed 21552K, reserved 1069056K
  class space    used 1967K, capacity 2057K, committed 2176K, reserved 1048576K
Event: 10,863 GC heap after
Heap after GC invocations=6 (full 1):
 PSYoungGen      total 52736K, used 3568K [0x00000000e0f80000, 0x00000000e7800000, 0x0000000100000000)
  eden space 49152K, 0% used [0x00000000e0f80000,0x00000000e0f80000,0x00000000e3f80000)
  from space 3584K, 99% used [0x00000000e3f80000,0x00000000e42fc110,0x00000000e4300000)
  to   space 15872K, 0% used [0x00000000e6880000,0x00000000e6880000,0x00000000e7800000)
 ParOldGen       total 70144K, used 29870K [0x00000000a2e00000, 0x00000000a7280000, 0x00000000e0f80000)
  object space 70144K, 42% used [0x00000000a2e00000,0x00000000a4b2b9a0,0x00000000a7280000)
 Metaspace       used 20967K, capacity 21243K, committed 21552K, reserved 1069056K
  class space    used 1967K, capacity 2057K, committed 2176K, reserved 1048576K
}
Event: 28,113 GC heap before
{Heap before GC invocations=7 (full 1):
 PSYoungGen      total 52736K, used 52720K [0x00000000e0f80000, 0x00000000e7800000, 0x0000000100000000)
  eden space 49152K, 100% used [0x00000000e0f80000,0x00000000e3f80000,0x00000000e3f80000)
  from space 3584K, 99% used [0x00000000e3f80000,0x00000000e42fc110,0x00000000e4300000)
  to   space 15872K, 0% used [0x00000000e6880000,0x00000000e6880000,0x00000000e7800000)
 ParOldGen       total 70144K, used 29870K [0x00000000a2e00000, 0x00000000a7280000, 0x00000000e0f80000)
  object space 70144K, 42% used [0x00000000a2e00000,0x00000000a4b2b9a0,0x00000000a7280000)
 Metaspace       used 21146K, capacity 21435K, committed 21808K, reserved 1069056K
  class space    used 1967K, capacity 2057K, committed 2176K, reserved 1048576K
Event: 28,121 GC heap after
Heap after GC invocations=7 (full 1):
 PSYoungGen      total 84992K, used 4416K [0x00000000e0f80000, 0x00000000e7500000, 0x0000000100000000)
  eden space 72192K, 0% used [0x00000000e0f80000,0x00000000e0f80000,0x00000000e5600000)
  from space 12800K, 34% used [0x00000000e6880000,0x00000000e6cd0150,0x00000000e7500000)
  to   space 15872K, 0% used [0x00000000e5600000,0x00000000e5600000,0x00000000e6580000)
 ParOldGen       total 70144K, used 29878K [0x00000000a2e00000, 0x00000000a7280000, 0x00000000e0f80000)
  object space 70144K, 42% used [0x00000000a2e00000,0x00000000a4b2d9a0,0x00000000a7280000)
 Metaspace       used 21146K, capacity 21435K, committed 21808K, reserved 1069056K
  class space    used 1967K, capacity 2057K, committed 2176K, reserved 1048576K
}

