# JRE version: Java(TM) SE Runtime Environment (8.0_92-b14) (build 1.8.0_92-b14)
# Java VM: Java HotSpot(TM) 64-Bit Server VM (25.92-b14 mixed mode linux-amd64 compressed oops)
Heap:
 PSYoungGen      total 52736K, used 10018K [0x00000000e0f80000, 0x00000000e4680000, 0x0000000100000000)
  eden space 49152K, 13% used [0x00000000e0f80000,0x00000000e15cbf88,0x00000000e3f80000)
  from space 3584K, 99% used [0x00000000e4300000,0x00000000e467ca90,0x00000000e4680000)
  to   space 3584K, 0% used [0x00000000e3f80000,0x00000000e3f80000,0x00000000e4300000)
 ParOldGen       total 64512K, used 15241K [0x00000000a2e00000, 0x00000000a6d00000, 0x00000000e0f80000)
  object space 64512K, 23% used [0x00000000a2e00000,0x00000000a3ce2590,0x00000000a6d00000)
 Metaspace       used 20627K, capacity 20917K, committed 21296K, reserved 1069056K
  class space    used 1958K, capacity 2056K, committed 2176K, reserved 1048576K
GC Heap History (8 events):
Event: 0,746 GC heap before
{Heap before GC invocations=1 (full 0):
 PSYoungGen      total 28160K, used 24530K [0x00000000e0f80000, 0x00000000e2e80000, 0x0000000100000000)
  eden space 24576K, 99% used [0x00000000e0f80000,0x00000000e2774a58,0x00000000e2780000)
  from space 3584K, 0% used [0x00000000e2b00000,0x00000000e2b00000,0x00000000e2e80000)
  to   space 3584K, 0% used [0x00000000e2780000,0x00000000e2780000,0x00000000e2b00000)
 ParOldGen       total 64512K, used 0K [0x00000000a2e00000, 0x00000000a6d00000, 0x00000000e0f80000)
  object space 64512K, 0% used [0x00000000a2e00000,0x00000000a2e00000,0x00000000a6d00000)
 Metaspace       used 13453K, capacity 13732K, committed 13952K, reserved 1060864K
  class space    used 1467K, capacity 1545K, committed 1664K, reserved 1048576K
Event: 0,753 GC heap after
Heap after GC invocations=1 (full 0):
 PSYoungGen      total 28160K, used 3565K [0x00000000e0f80000, 0x00000000e2e80000, 0x0000000100000000)
  eden space 24576K, 0% used [0x00000000e0f80000,0x00000000e0f80000,0x00000000e2780000)
  from space 3584K, 99% used [0x00000000e2780000,0x00000000e2afb5d0,0x00000000e2b00000)
  to   space 3584K, 0% used [0x00000000e2b00000,0x00000000e2b00000,0x00000000e2e80000)
 ParOldGen       total 64512K, used 780K [0x00000000a2e00000, 0x00000000a6d00000, 0x00000000e0f80000)
  object space 64512K, 1% used [0x00000000a2e00000,0x00000000a2ec30c0,0x00000000a6d00000)
 Metaspace       used 13453K, capacity 13732K, committed 13952K, reserved 1060864K
  class space    used 1467K, capacity 1545K, committed 1664K, reserved 1048576K
}
Event: 2,048 GC heap before
{Heap before GC invocations=2 (full 0):
 PSYoungGen      total 28160K, used 28115K [0x00000000e0f80000, 0x00000000e2e80000, 0x0000000100000000)
  eden space 24576K, 99% used [0x00000000e0f80000,0x00000000e2779928,0x00000000e2780000)
  from space 3584K, 99% used [0x00000000e2780000,0x00000000e2afb5d0,0x00000000e2b00000)
  to   space 3584K, 0% used [0x00000000e2b00000,0x00000000e2b00000,0x00000000e2e80000)
 ParOldGen       total 64512K, used 780K [0x00000000a2e00000, 0x00000000a6d00000, 0x00000000e0f80000)
  object space 64512K, 1% used [0x00000000a2e00000,0x00000000a2ec30c0,0x00000000a6d00000)
 Metaspace       used 19791K, capacity 20029K, committed 20224K, reserved 1067008K
  class space    used 1934K, capacity 2020K, committed 2048K, reserved 1048576K
Event: 2,066 GC heap after
Heap after GC invocations=2 (full 0):
 PSYoungGen      total 28160K, used 3572K [0x00000000e0f80000, 0x00000000e4680000, 0x0000000100000000)
  eden space 24576K, 0% used [0x00000000e0f80000,0x00000000e0f80000,0x00000000e2780000)
  from space 3584K, 99% used [0x00000000e2b00000,0x00000000e2e7d2c0,0x00000000e2e80000)
  to   space 3584K, 0% used [0x00000000e2780000,0x00000000e2780000,0x00000000e2b00000)
 ParOldGen       total 64512K, used 7936K [0x00000000a2e00000, 0x00000000a6d00000, 0x00000000e0f80000)
  object space 64512K, 12% used [0x00000000a2e00000,0x00000000a35c0280,0x00000000a6d00000)
 Metaspace       used 19791K, capacity 20029K, committed 20224K, reserved 1067008K
  class space    used 1934K, capacity 2020K, committed 2048K, reserved 1048576K
}
Event: 2,463 GC heap before
{Heap before GC invocations=3 (full 0):
 PSYoungGen      total 28160K, used 27947K [0x00000000e0f80000, 0x00000000e4680000, 0x0000000100000000)
  eden space 24576K, 99% used [0x00000000e0f80000,0x00000000e274dc38,0x00000000e2780000)
  from space 3584K, 99% used [0x00000000e2b00000,0x00000000e2e7d2c0,0x00000000e2e80000)
  to   space 3584K, 0% used [0x00000000e2780000,0x00000000e2780000,0x00000000e2b00000)
 ParOldGen       total 64512K, used 7936K [0x00000000a2e00000, 0x00000000a6d00000, 0x00000000e0f80000)
  object space 64512K, 12% used [0x00000000a2e00000,0x00000000a35c0280,0x00000000a6d00000)
 Metaspace       used 20197K, capacity 20451K, committed 20864K, reserved 1069056K
  class space    used 1954K, capacity 2053K, committed 2176K, reserved 1048576K
Event: 2,470 GC heap after
Heap after GC invocations=3 (full 0):
 PSYoungGen      total 28160K, used 3572K [0x00000000e0f80000, 0x00000000e4680000, 0x0000000100000000)
  eden space 24576K, 0% used [0x00000000e0f80000,0x00000000e0f80000,0x00000000e2780000)
  from space 3584K, 99% used [0x00000000e2780000,0x00000000e2afd2c0,0x00000000e2b00000)
  to   space 3584K, 0% used [0x00000000e4300000,0x00000000e4300000,0x00000000e4680000)
 ParOldGen       total 64512K, used 13865K [0x00000000a2e00000, 0x00000000a6d00000, 0x00000000e0f80000)
  object space 64512K, 21% used [0x00000000a2e00000,0x00000000a3b8a540,0x00000000a6d00000)
 Metaspace       used 20197K, capacity 20451K, committed 20864K, reserved 1069056K
  class space    used 1954K, capacity 2053K, committed 2176K, reserved 1048576K
}
Event: 8,243 GC heap before
{Heap before GC invocations=4 (full 0):
 PSYoungGen      total 28160K, used 28148K [0x00000000e0f80000, 0x00000000e4680000, 0x0000000100000000)
  eden space 24576K, 100% used [0x00000000e0f80000,0x00000000e2780000,0x00000000e2780000)
  from space 3584K, 99% used [0x00000000e2780000,0x00000000e2afd2c0,0x00000000e2b00000)
  to   space 3584K, 0% used [0x00000000e4300000,0x00000000e4300000,0x00000000e4680000)
 ParOldGen       total 64512K, used 13865K [0x00000000a2e00000, 0x00000000a6d00000, 0x00000000e0f80000)
  object space 64512K, 21% used [0x00000000a2e00000,0x00000000a3b8a540,0x00000000a6d00000)
 Metaspace       used 20553K, capacity 20853K, committed 21296K, reserved 1069056K
  class space    used 1956K, capacity 2056K, committed 2176K, reserved 1048576K
Event: 8,252 GC heap after
Heap after GC invocations=4 (full 0):
 PSYoungGen      total 52736K, used 3570K [0x00000000e0f80000, 0x00000000e4680000, 0x0000000100000000)
  eden space 49152K, 0% used [0x00000000e0f80000,0x00000000e0f80000,0x00000000e3f80000)
  from space 3584K, 99% used [0x00000000e4300000,0x00000000e467ca90,0x00000000e4680000)
  to   space 3584K, 0% used [0x00000000e3f80000,0x00000000e3f80000,0x00000000e4300000)
 ParOldGen       total 64512K, used 15241K [0x00000000a2e00000, 0x00000000a6d00000, 0x00000000e0f80000)
  object space 64512K, 23% used [0x00000000a2e00000,0x00000000a3ce2590,0x00000000a6d00000)
 Metaspace       used 20553K, capacity 20853K, committed 21296K, reserved 1069056K
  class space    used 1956K, capacity 2056K, committed 2176K, reserved 1048576K
}

