# JRE version: Java(TM) SE Runtime Environment (8.0_92-b14) (build 1.8.0_92-b14)
# Java VM: Java HotSpot(TM) 64-Bit Server VM (25.92-b14 mixed mode linux-amd64 compressed oops)
Heap:
 PSYoungGen      total 28160K, used 6610K [0x00000000e0f80000, 0x00000000e4680000, 0x0000000100000000)
  eden space 24576K, 26% used [0x00000000e0f80000,0x00000000e15f4860,0x00000000e2780000)
  from space 3584K, 0% used [0x00000000e4300000,0x00000000e4300000,0x00000000e4680000)
  to   space 3584K, 0% used [0x00000000e2780000,0x00000000e2780000,0x00000000e2b00000)
 ParOldGen       total 66048K, used 17534K [0x00000000a2e00000, 0x00000000a6e80000, 0x00000000e0f80000)
  object space 66048K, 26% used [0x00000000a2e00000,0x00000000a3f1f928,0x00000000a6e80000)
 Metaspace       used 20860K, capacity 21131K, committed 21552K, reserved 1069056K
  class space    used 1985K, capacity 2059K, committed 2176K, reserved 1048576K
GC Heap History (10 events):
Event: 0,671 GC heap before
{Heap before GC invocations=1 (full 0):
 PSYoungGen      total 28160K, used 24154K [0x00000000e0f80000, 0x00000000e2e80000, 0x0000000100000000)
  eden space 24576K, 98% used [0x00000000e0f80000,0x00000000e2716818,0x00000000e2780000)
  from space 3584K, 0% used [0x00000000e2b00000,0x00000000e2b00000,0x00000000e2e80000)
  to   space 3584K, 0% used [0x00000000e2780000,0x00000000e2780000,0x00000000e2b00000)
 ParOldGen       total 64512K, used 0K [0x00000000a2e00000, 0x00000000a6d00000, 0x00000000e0f80000)
  object space 64512K, 0% used [0x00000000a2e00000,0x00000000a2e00000,0x00000000a6d00000)
 Metaspace       used 13439K, capacity 13732K, committed 13952K, reserved 1060864K
  class space    used 1462K, capacity 1545K, committed 1664K, reserved 1048576K
Event: 0,677 GC heap after
Heap after GC invocations=1 (full 0):
 PSYoungGen      total 28160K, used 3567K [0x00000000e0f80000, 0x00000000e2e80000, 0x0000000100000000)
  eden space 24576K, 0% used [0x00000000e0f80000,0x00000000e0f80000,0x00000000e2780000)
  from space 3584K, 99% used [0x00000000e2780000,0x00000000e2afbd68,0x00000000e2b00000)
  to   space 3584K, 0% used [0x00000000e2b00000,0x00000000e2b00000,0x00000000e2e80000)
 ParOldGen       total 64512K, used 873K [0x00000000a2e00000, 0x00000000a6d00000, 0x00000000e0f80000)
  object space 64512K, 1% used [0x00000000a2e00000,0x00000000a2eda730,0x00000000a6d00000)
 Metaspace       used 13439K, capacity 13732K, committed 13952K, reserved 1060864K
  class space    used 1462K, capacity 1545K, committed 1664K, reserved 1048576K
}
Event: 1,537 GC heap before
{Heap before GC invocations=2 (full 0):
 PSYoungGen      total 28160K, used 28143K [0x00000000e0f80000, 0x00000000e2e80000, 0x0000000100000000)
  eden space 24576K, 100% used [0x00000000e0f80000,0x00000000e2780000,0x00000000e2780000)
  from space 3584K, 99% used [0x00000000e2780000,0x00000000e2afbd68,0x00000000e2b00000)
  to   space 3584K, 0% used [0x00000000e2b00000,0x00000000e2b00000,0x00000000e2e80000)
 ParOldGen       total 64512K, used 873K [0x00000000a2e00000, 0x00000000a6d00000, 0x00000000e0f80000)
  object space 64512K, 1% used [0x00000000a2e00000,0x00000000a2eda730,0x00000000a6d00000)
 Metaspace       used 18049K, capacity 18301K, committed 18560K, reserved 1067008K
  class space    used 1763K, capacity 1828K, committed 1920K, reserved 1048576K
Event: 1,548 GC heap after
Heap after GC invocations=2 (full 0):
 PSYoungGen      total 28160K, used 3567K [0x00000000e0f80000, 0x00000000e4680000, 0x0000000100000000)
  eden space 24576K, 0% used [0x00000000e0f80000,0x00000000e0f80000,0x00000000e2780000)
  from space 3584K, 99% used [0x00000000e2b00000,0x00000000e2e7bcc8,0x00000000e2e80000)
  to   space 3584K, 0% used [0x00000000e2780000,0x00000000e2780000,0x00000000e2b00000)
 ParOldGen       total 64512K, used 5125K [0x00000000a2e00000, 0x00000000a6d00000, 0x00000000e0f80000)
  object space 64512K, 7% used [0x00000000a2e00000,0x00000000a3301650,0x00000000a6d00000)
 Metaspace       used 18049K, capacity 18301K, committed 18560K, reserved 1067008K
  class space    used 1763K, capacity 1828K, committed 1920K, reserved 1048576K
}
Event: 2,476 GC heap before
{Heap before GC invocations=3 (full 0):
 PSYoungGen      total 28160K, used 27994K [0x00000000e0f80000, 0x00000000e4680000, 0x0000000100000000)
  eden space 24576K, 99% used [0x00000000e0f80000,0x00000000e275af08,0x00000000e2780000)
  from space 3584K, 99% used [0x00000000e2b00000,0x00000000e2e7bcc8,0x00000000e2e80000)
  to   space 3584K, 0% used [0x00000000e2780000,0x00000000e2780000,0x00000000e2b00000)
 ParOldGen       total 64512K, used 5125K [0x00000000a2e00000, 0x00000000a6d00000, 0x00000000e0f80000)
  object space 64512K, 7% used [0x00000000a2e00000,0x00000000a3301650,0x00000000a6d00000)
 Metaspace       used 20375K, capacity 20655K, committed 21120K, reserved 1069056K
  class space    used 1975K, capacity 2055K, committed 2176K, reserved 1048576K
Event: 2,486 GC heap after
Heap after GC invocations=3 (full 0):
 PSYoungGen      total 28160K, used 3567K [0x00000000e0f80000, 0x00000000e4680000, 0x0000000100000000)
  eden space 24576K, 0% used [0x00000000e0f80000,0x00000000e0f80000,0x00000000e2780000)
  from space 3584K, 99% used [0x00000000e2780000,0x00000000e2afbc10,0x00000000e2b00000)
  to   space 3584K, 0% used [0x00000000e4300000,0x00000000e4300000,0x00000000e4680000)
 ParOldGen       total 64512K, used 13332K [0x00000000a2e00000, 0x00000000a6d00000, 0x00000000e0f80000)
  object space 64512K, 20% used [0x00000000a2e00000,0x00000000a3b050c8,0x00000000a6d00000)
 Metaspace       used 20375K, capacity 20655K, committed 21120K, reserved 1069056K
  class space    used 1975K, capacity 2055K, committed 2176K, reserved 1048576K
}
Event: 3,668 GC heap before
{Heap before GC invocations=4 (full 0):
 PSYoungGen      total 28160K, used 18734K [0x00000000e0f80000, 0x00000000e4680000, 0x0000000100000000)
  eden space 24576K, 61% used [0x00000000e0f80000,0x00000000e1e4fc08,0x00000000e2780000)
  from space 3584K, 99% used [0x00000000e2780000,0x00000000e2afbc10,0x00000000e2b00000)
  to   space 3584K, 0% used [0x00000000e4300000,0x00000000e4300000,0x00000000e4680000)
 ParOldGen       total 64512K, used 13332K [0x00000000a2e00000, 0x00000000a6d00000, 0x00000000e0f80000)
  object space 64512K, 20% used [0x00000000a2e00000,0x00000000a3b050c8,0x00000000a6d00000)
 Metaspace       used 20734K, capacity 21003K, committed 21296K, reserved 1069056K
  class space    used 1981K, capacity 2059K, committed 2176K, reserved 1048576K
Event: 3,676 GC heap after
Heap after GC invocations=4 (full 0):
 PSYoungGen      total 28160K, used 3580K [0x00000000e0f80000, 0x00000000e4680000, 0x0000000100000000)
  eden space 24576K, 0% used [0x00000000e0f80000,0x00000000e0f80000,0x00000000e2780000)
  from space 3584K, 99% used [0x00000000e4300000,0x00000000e467f3f0,0x00000000e4680000)
  to   space 3584K, 0% used [0x00000000e2780000,0x00000000e2780000,0x00000000e2b00000)
 ParOldGen       total 64512K, used 16437K [0x00000000a2e00000, 0x00000000a6d00000, 0x00000000e0f80000)
  object space 64512K, 25% used [0x00000000a2e00000,0x00000000a3e0d448,0x00000000a6d00000)
 Metaspace       used 20734K, capacity 21003K, committed 21296K, reserved 1069056K
  class space    used 1981K, capacity 2059K, committed 2176K, reserved 1048576K
}
Event: 3,676 GC heap before
{Heap before GC invocations=5 (full 1):
 PSYoungGen      total 28160K, used 3580K [0x00000000e0f80000, 0x00000000e4680000, 0x0000000100000000)
  eden space 24576K, 0% used [0x00000000e0f80000,0x00000000e0f80000,0x00000000e2780000)
  from space 3584K, 99% used [0x00000000e4300000,0x00000000e467f3f0,0x00000000e4680000)
  to   space 3584K, 0% used [0x00000000e2780000,0x00000000e2780000,0x00000000e2b00000)
 ParOldGen       total 64512K, used 16437K [0x00000000a2e00000, 0x00000000a6d00000, 0x00000000e0f80000)
  object space 64512K, 25% used [0x00000000a2e00000,0x00000000a3e0d448,0x00000000a6d00000)
 Metaspace       used 20734K, capacity 21003K, committed 21296K, reserved 1069056K
  class space    used 1981K, capacity 2059K, committed 2176K, reserved 1048576K
Event: 3,725 GC heap after
Heap after GC invocations=5 (full 1):
 PSYoungGen      total 28160K, used 0K [0x00000000e0f80000, 0x00000000e4680000, 0x0000000100000000)
  eden space 24576K, 0% used [0x00000000e0f80000,0x00000000e0f80000,0x00000000e2780000)
  from space 3584K, 0% used [0x00000000e4300000,0x00000000e4300000,0x00000000e4680000)
  to   space 3584K, 0% used [0x00000000e2780000,0x00000000e2780000,0x00000000e2b00000)
 ParOldGen       total 66048K, used 17534K [0x00000000a2e00000, 0x00000000a6e80000, 0x00000000e0f80000)
  object space 66048K, 26% used [0x00000000a2e00000,0x00000000a3f1f928,0x00000000a6e80000)
 Metaspace       used 20734K, capacity 21003K, committed 21296K, reserved 1069056K
  class space    used 1981K, capacity 2059K, committed 2176K, reserved 1048576K
}

