# JRE version: OpenJDK Runtime Environment (8.0_91-b14) (build 1.8.0_91-8u91-b14-3ubuntu1~16.04.1-b14)
# Java VM: OpenJDK 64-Bit Server VM (25.91-b14 mixed mode linux-amd64 compressed oops)
Heap:
 PSYoungGen      total 70144K, used 49660K [0x00000000edc00000, 0x00000000f2b00000, 0x0000000100000000)
  eden space 59392K, 83% used [0x00000000edc00000,0x00000000f0c7f3b8,0x00000000f1600000)
  from space 10752K, 0% used [0x00000000f2080000,0x00000000f2080000,0x00000000f2b00000)
  to   space 10752K, 0% used [0x00000000f1600000,0x00000000f1600000,0x00000000f2080000)
 ParOldGen       total 47104K, used 17470K [0x00000000c9400000, 0x00000000cc200000, 0x00000000edc00000)
  object space 47104K, 37% used [0x00000000c9400000,0x00000000ca50f978,0x00000000cc200000)
 Metaspace       used 21260K, capacity 21475K, committed 21760K, reserved 1069056K
  class space    used 1950K, capacity 2023K, committed 2048K, reserved 1048576K
GC Heap History (10 events):
Event: 4,369 GC heap before
{Heap before GC invocations=3 (full 0):
 PSYoungGen      total 16896K, used 16882K [0x00000000edc00000, 0x00000000eee80000, 0x0000000100000000)
  eden space 14848K, 100% used [0x00000000edc00000,0x00000000eea80000,0x00000000eea80000)
  from space 2048K, 99% used [0x00000000eec80000,0x00000000eee7c840,0x00000000eee80000)
  to   space 2048K, 0% used [0x00000000eea80000,0x00000000eea80000,0x00000000eec80000)
 ParOldGen       total 38400K, used 3103K [0x00000000c9400000, 0x00000000cb980000, 0x00000000edc00000)
  object space 38400K, 8% used [0x00000000c9400000,0x00000000c9707c78,0x00000000cb980000)
 Metaspace       used 17850K, capacity 18069K, committed 18432K, reserved 1067008K
  class space    used 1700K, capacity 1792K, committed 1792K, reserved 1048576K
Event: 4,394 GC heap after
Heap after GC invocations=3 (full 0):
 PSYoungGen      total 16896K, used 2018K [0x00000000edc00000, 0x00000000efd00000, 0x0000000100000000)
  eden space 14848K, 0% used [0x00000000edc00000,0x00000000edc00000,0x00000000eea80000)
  from space 2048K, 98% used [0x00000000eea80000,0x00000000eec78870,0x00000000eec80000)
  to   space 2048K, 0% used [0x00000000efb00000,0x00000000efb00000,0x00000000efd00000)
 ParOldGen       total 38400K, used 7392K [0x00000000c9400000, 0x00000000cb980000, 0x00000000edc00000)
  object space 38400K, 19% used [0x00000000c9400000,0x00000000c9b382e0,0x00000000cb980000)
 Metaspace       used 17850K, capacity 18069K, committed 18432K, reserved 1067008K
  class space    used 1700K, capacity 1792K, committed 1792K, reserved 1048576K
}
Event: 6,143 GC heap before
{Heap before GC invocations=4 (full 0):
 PSYoungGen      total 16896K, used 16866K [0x00000000edc00000, 0x00000000efd00000, 0x0000000100000000)
  eden space 14848K, 100% used [0x00000000edc00000,0x00000000eea80000,0x00000000eea80000)
  from space 2048K, 98% used [0x00000000eea80000,0x00000000eec78870,0x00000000eec80000)
  to   space 2048K, 0% used [0x00000000efb00000,0x00000000efb00000,0x00000000efd00000)
 ParOldGen       total 38400K, used 7392K [0x00000000c9400000, 0x00000000cb980000, 0x00000000edc00000)
  object space 38400K, 19% used [0x00000000c9400000,0x00000000c9b382e0,0x00000000cb980000)
 Metaspace       used 20080K, capacity 20257K, committed 20480K, reserved 1067008K
  class space    used 1916K, capacity 1986K, committed 2048K, reserved 1048576K
Event: 6,176 GC heap after
Heap after GC invocations=4 (full 0):
 PSYoungGen      total 31744K, used 2018K [0x00000000edc00000, 0x00000000efd00000, 0x0000000100000000)
  eden space 29696K, 0% used [0x00000000edc00000,0x00000000edc00000,0x00000000ef900000)
  from space 2048K, 98% used [0x00000000efb00000,0x00000000efcf8870,0x00000000efd00000)
  to   space 2048K, 0% used [0x00000000ef900000,0x00000000ef900000,0x00000000efb00000)
 ParOldGen       total 38400K, used 15712K [0x00000000c9400000, 0x00000000cb980000, 0x00000000edc00000)
  object space 38400K, 40% used [0x00000000c9400000,0x00000000ca358260,0x00000000cb980000)
 Metaspace       used 20080K, capacity 20257K, committed 20480K, reserved 1067008K
  class space    used 1916K, capacity 1986K, committed 2048K, reserved 1048576K
}
Event: 10,500 GC heap before
{Heap before GC invocations=5 (full 0):
 PSYoungGen      total 31744K, used 31714K [0x00000000edc00000, 0x00000000efd00000, 0x0000000100000000)
  eden space 29696K, 100% used [0x00000000edc00000,0x00000000ef900000,0x00000000ef900000)
  from space 2048K, 98% used [0x00000000efb00000,0x00000000efcf8870,0x00000000efd00000)
  to   space 2048K, 0% used [0x00000000ef900000,0x00000000ef900000,0x00000000efb00000)
 ParOldGen       total 38400K, used 15712K [0x00000000c9400000, 0x00000000cb980000, 0x00000000edc00000)
  object space 38400K, 40% used [0x00000000c9400000,0x00000000ca358260,0x00000000cb980000)
 Metaspace       used 20791K, capacity 21027K, committed 21248K, reserved 1069056K
  class space    used 1939K, capacity 2023K, committed 2048K, reserved 1048576K
Event: 10,528 GC heap after
Heap after GC invocations=5 (full 0):
 PSYoungGen      total 31744K, used 2018K [0x00000000edc00000, 0x00000000f2b00000, 0x0000000100000000)
  eden space 29696K, 0% used [0x00000000edc00000,0x00000000edc00000,0x00000000ef900000)
  from space 2048K, 98% used [0x00000000ef900000,0x00000000efaf8880,0x00000000efb00000)
  to   space 10752K, 0% used [0x00000000f2080000,0x00000000f2080000,0x00000000f2b00000)
 ParOldGen       total 38400K, used 20308K [0x00000000c9400000, 0x00000000cb980000, 0x00000000edc00000)
  object space 38400K, 52% used [0x00000000c9400000,0x00000000ca7d50e8,0x00000000cb980000)
 Metaspace       used 20791K, capacity 21027K, committed 21248K, reserved 1069056K
  class space    used 1939K, capacity 2023K, committed 2048K, reserved 1048576K
}
Event: 11,355 GC heap before
{Heap before GC invocations=6 (full 0):
 PSYoungGen      total 31744K, used 5909K [0x00000000edc00000, 0x00000000f2b00000, 0x0000000100000000)
  eden space 29696K, 13% used [0x00000000edc00000,0x00000000edfccf50,0x00000000ef900000)
  from space 2048K, 98% used [0x00000000ef900000,0x00000000efaf8880,0x00000000efb00000)
  to   space 10752K, 0% used [0x00000000f2080000,0x00000000f2080000,0x00000000f2b00000)
 ParOldGen       total 38400K, used 20308K [0x00000000c9400000, 0x00000000cb980000, 0x00000000edc00000)
  object space 38400K, 52% used [0x00000000c9400000,0x00000000ca7d50e8,0x00000000cb980000)
 Metaspace       used 20849K, capacity 21027K, committed 21248K, reserved 1069056K
  class space    used 1939K, capacity 2023K, committed 2048K, reserved 1048576K
Event: 11,373 GC heap after
Heap after GC invocations=6 (full 0):
 PSYoungGen      total 70144K, used 2066K [0x00000000edc00000, 0x00000000f2b00000, 0x0000000100000000)
  eden space 59392K, 0% used [0x00000000edc00000,0x00000000edc00000,0x00000000f1600000)
  from space 10752K, 19% used [0x00000000f2080000,0x00000000f2284870,0x00000000f2b00000)
  to   space 10752K, 0% used [0x00000000f1600000,0x00000000f1600000,0x00000000f2080000)
 ParOldGen       total 38400K, used 20308K [0x00000000c9400000, 0x00000000cb980000, 0x00000000edc00000)
  object space 38400K, 52% used [0x00000000c9400000,0x00000000ca7d50e8,0x00000000cb980000)
 Metaspace       used 20849K, capacity 21027K, committed 21248K, reserved 1069056K
  class space    used 1939K, capacity 2023K, committed 2048K, reserved 1048576K
}
Event: 11,373 GC heap before
{Heap before GC invocations=7 (full 1):
 PSYoungGen      total 70144K, used 2066K [0x00000000edc00000, 0x00000000f2b00000, 0x0000000100000000)
  eden space 59392K, 0% used [0x00000000edc00000,0x00000000edc00000,0x00000000f1600000)
  from space 10752K, 19% used [0x00000000f2080000,0x00000000f2284870,0x00000000f2b00000)
  to   space 10752K, 0% used [0x00000000f1600000,0x00000000f1600000,0x00000000f2080000)
 ParOldGen       total 38400K, used 20308K [0x00000000c9400000, 0x00000000cb980000, 0x00000000edc00000)
  object space 38400K, 52% used [0x00000000c9400000,0x00000000ca7d50e8,0x00000000cb980000)
 Metaspace       used 20849K, capacity 21027K, committed 21248K, reserved 1069056K
  class space    used 1939K, capacity 2023K, committed 2048K, reserved 1048576K
Event: 11,501 GC heap after
Heap after GC invocations=7 (full 1):
 PSYoungGen      total 70144K, used 0K [0x00000000edc00000, 0x00000000f2b00000, 0x0000000100000000)
  eden space 59392K, 0% used [0x00000000edc00000,0x00000000edc00000,0x00000000f1600000)
  from space 10752K, 0% used [0x00000000f2080000,0x00000000f2080000,0x00000000f2b00000)
  to   space 10752K, 0% used [0x00000000f1600000,0x00000000f1600000,0x00000000f2080000)
 ParOldGen       total 47104K, used 17470K [0x00000000c9400000, 0x00000000cc200000, 0x00000000edc00000)
  object space 47104K, 37% used [0x00000000c9400000,0x00000000ca50f978,0x00000000cc200000)
 Metaspace       used 20849K, capacity 21027K, committed 21248K, reserved 1069056K
  class space    used 1939K, capacity 2023K, committed 2048K, reserved 1048576K
}

